Log file open, 06/11/15 21:12:26
LogInit:Display: Running engine for game: CanadianRacing
LogInit: Version: 4.7.3-2479750+++depot+UE4-Releases+4.7
LogInit: API Version: 2455222
LogInit: Compiled (64-bit): Mar 15 2015 23:20:45
LogInit: Compiled with Visual C++: 18.00.21005.01
LogInit: Build Configuration: Development
LogInit: Branch Name: ++depot+UE4-Releases+4.7
LogInit: Command line: 
LogInit: Base directory: C:/Program Files/Epic Games/4.7/Engine/Binaries/Win64/
LogInit: Rocket: 1
[2015.06.12-04.12.26:334][  0]LogTaskGraph: Started task graph with 3 named threads and 6 total threads.
[2015.06.12-04.12.26:400][  0]LogOnline:Display: STEAM: Loading Steam SDK 1.30
[2015.06.12-04.12.26:400][  0]LogOnline:Warning: STEAM: Steam API disabled!
[2015.06.12-04.12.26:400][  0]LogOnline:Display: STEAM: OnlineSubsystemSteam::Shutdown()
[2015.06.12-04.12.26:400][  0]LogOnline:Warning: Unable to create OnlineSubsystem module Steam
[2015.06.12-04.12.26:400][  0]LogOnline:Warning: Unable to load default OnlineSubsystem module Steam, using NULL interface
[2015.06.12-04.12.26:434][  0]LogInit: WinSock: version 1.1 (2.2), MaxSocks=32767, MaxUdp=65467
[2015.06.12-04.12.26:448][  0]LogVoice:Warning: Failed to initialize voice interface
[2015.06.12-04.12.26:460][  0]LogInit: Presizing for 0 objects not considered by GC, pre-allocating 0 bytes.
[2015.06.12-04.12.26:470][  0]LogInit: Object subsystem initialized
[2015.06.12-04.12.26:471][  0]LogConsoleResponse:Warning: Skipping Unknown console variable: 'TranslucentSortAxis = (X=0.000000,Y=-1.000000,Z=0.000000)'
[2015.06.12-04.12.26:471][  0]LogConsoleResponse:Warning:   Found in ini file 'D:/CRX [06-11-15] - Copy/CanadianRacing/Saved/Config/Windows/Engine.ini', in section '[/Script/Engine.RendererSettings]'
[2015.06.12-04.12.26:471][  0]LogConsoleResponse:Warning: Skipping Unknown console variable: 'UIScaleRule = ShortestSide'
[2015.06.12-04.12.26:471][  0]LogConsoleResponse:Warning:   Found in ini file 'D:/CRX [06-11-15] - Copy/CanadianRacing/Saved/Config/Windows/Engine.ini', in section '[/Script/Engine.RendererSettings]'
[2015.06.12-04.12.26:471][  0]LogConsoleResponse:Warning: Skipping Unknown console variable: 'UIScaleCurve = (EditorCurveData=(Keys=),ExternalCurve=None)'
[2015.06.12-04.12.26:471][  0]LogConsoleResponse:Warning:   Found in ini file 'D:/CRX [06-11-15] - Copy/CanadianRacing/Saved/Config/Windows/Engine.ini', in section '[/Script/Engine.RendererSettings]'
[2015.06.12-04.12.26:472][  0]LogInit: Selected Device Profile: [Windows]
[2015.06.12-04.12.26:472][  0]LogInit: Applying CVar settings loaded from the selected device profile: [Windows]
[2015.06.12-04.12.26:478][  0]LogInit: Computer: AI911LAB296P14
[2015.06.12-04.12.26:478][  0]LogInit: User: 124781
[2015.06.12-04.12.26:478][  0]LogInit: CPU Page size=4096, Cores=4
[2015.06.12-04.12.26:478][  0]LogInit: High frequency timer resolution =3.215371 MHz
[2015.06.12-04.12.26:479][  0]LogMemory: Memory total: Physical=7.9GB (8GB approx) Virtual=8192.0GB
[2015.06.12-04.12.26:479][  0]LogMemory: Platform Memory Stats for Windows
[2015.06.12-04.12.26:479][  0]LogMemory: Process Physical Memory: 50.60 MB used, 50.60 MB peak
[2015.06.12-04.12.26:479][  0]LogMemory: Process Virtual Memory: 31.40 MB used, 31.41 MB peak
[2015.06.12-04.12.26:479][  0]LogMemory: Physical Memory: 3149.57 MB used, 8115.89 MB total
[2015.06.12-04.12.26:479][  0]LogMemory: Virtual Memory: 292.61 MB used, 8388608.00 MB total
[2015.06.12-04.12.26:501][  0]LogD3D11RHI: Found D3D11 adapter 0: NVIDIA Quadro 3000M (Feature Level 11_0)
[2015.06.12-04.12.26:501][  0]LogD3D11RHI: Adapter has 1998MB of dedicated video memory, 0MB of dedicated system memory, and 3801MB of shared system memory, 1 output[s]
[2015.06.12-04.12.26:501][  0]LogD3D11RHI: Chosen D3D11 Adapter Id = 0
[2015.06.12-04.12.26:505][  0]LogRHI: Texture pool is 1361 MB (70% of 1945 MB)
[2015.06.12-04.12.26:511][  0]LogD3D11RHI: Async texture creation enabled
[2015.06.12-04.12.26:564][  0]LogTextLocalizationManager: The requested culture ('en_US') has no localization data; parent culture's ('en') localization data will be used.
[2015.06.12-04.12.26:622][  0]LogTextLocalizationManager:Warning: Loading localization resources contain conflicting entries for (Namespace:UICommands, Key:Save_ToolTip):
Resource: (C:/Program Files/Epic Games/4.7/Engine/Content/Localization/Editor/en/Editor.locres) Hash: (-29098895) String: (Saves the current level to disk)
Resource: (C:/Program Files/Epic Games/4.7/Engine/Content/Localization/Engine/en/Engine.locres) Hash: (-1280300587) String: (Save selected data to vlog file)
[2015.06.12-04.12.26:622][  0]LogTextLocalizationManager:Warning: Loading localization resources contain conflicting entries for (Namespace:ContentBrowser, Key:ImportAssetToolTip):
Resource: (C:/Program Files/Epic Games/4.7/Engine/Content/Localization/Editor/en/Editor.locres) Hash: (-630476809) String: (Import to {0}...)
Resource: (C:/Program Files/Epic Games/4.7/Engine/Content/Localization/Editor/en/Editor.locres) Hash: (1271782899) String: (Imports an asset from file to this folder.)
[2015.06.12-04.12.26:707][  0]LogContentStreaming: Texture pool size is 0.000000MB
[2015.06.12-04.12.29:010][  0]LogTargetPlatformManager:Display: Building Assets For Windows
[2015.06.12-04.12.29:516][  0]LogTargetPlatformManager:Display: Building Assets For Windows
[2015.06.12-04.12.29:578][  0]LogDerivedDataCache:Display: Max Cache Size: 512 MB
[2015.06.12-04.12.29:616][  0]LogDerivedDataCache: Loaded boot cache 0.04s 39MB C:/Users/124781/AppData/Local/UnrealEngine/4.7/DerivedDataCache/Boot.ddc.
[2015.06.12-04.12.29:616][  0]LogDerivedDataCache:Display: Loaded Boot cache: C:/Users/124781/AppData/Local/UnrealEngine/4.7/DerivedDataCache/Boot.ddc
[2015.06.12-04.12.29:616][  0]LogDerivedDataCache: FDerivedDataBackendGraph:  Pak pak cache file D:/CRX [06-11-15] - Copy/CanadianRacing/DerivedDataCache/DDC.ddp not found, will not use a pak cache.
[2015.06.12-04.12.29:616][  0]LogDerivedDataCache: Unable to find inner node Pak for hierarchical cache Hierarchy.
[2015.06.12-04.12.29:737][  0]LogDerivedDataCache:Display: Pak cache opened for reading ../../../Engine/DerivedDataCache/Compressed.ddp.
[2015.06.12-04.12.29:749][  0]LogDerivedDataCache: Using Local data cache path C:/Users/124781/AppData/Local/UnrealEngine/Common/DerivedDataCache: Writable
[2015.06.12-04.12.30:060][  0]LogMeshUtilities: No automatic mesh reduction module available
[2015.06.12-04.12.30:060][  0]LogMeshUtilities: No automatic mesh merging module available
[2015.06.12-04.12.30:460][  0]LogSlate:Warning: Failed to load font data from '../../../Engine/Content/Slate/Fonts/Roboto-Italic.ttf'
[2015.06.12-04.12.31:220][  0]UdpMessaging: Initializing bridge on interface 0.0.0.0:0 to multicast group 230.0.0.1:6666.
[2015.06.12-04.12.31:437][  0]SourceControl: Info Source control is disabled
[2015.06.12-04.12.31:438][  0]SourceControl: Info Source control is disabled
[2015.06.12-04.12.31:438][  0]SourceControl: Info Source control is disabled
[2015.06.12-04.12.31:438][  0]LogSourceControl: RunCommandInternalRaw: 'git version'
[2015.06.12-04.12.31:438][  0]LogSourceControl: RunCommandInternalRaw: ExecProcess ReturnCode=2 OutResults=''
[2015.06.12-04.12.31:447][  0]SourceControl: Info Source control is disabled
[2015.06.12-04.12.31:628][  0]LogObj: 24238 objects as part of root set at end of initial load.
[2015.06.12-04.12.31:628][  0]LogUObjectAllocator: 5352296 out of 0 bytes used by permanent object pool.
[2015.06.12-04.12.31:709][  0]LogEngine: Initializing Engine...
[2015.06.12-04.12.33:880][  0]LogInit: XAudio2 using 'Speakers (High Definition Audio Device)' : 2 channels at 44.1 kHz using 16 bits per sample (channel mask 0x3)
[2015.06.12-04.12.33:897][  0]LogInit: FAudioDevice initialized.
[2015.06.12-04.12.33:935][  0]LogAIModule: Creating AISystem for world NewWorld
[2015.06.12-04.12.33:955][  0]LogDerivedDataCache: Saved boot cache 0.02s 39MB C:/Users/124781/AppData/Local/UnrealEngine/4.7/DerivedDataCache/Boot.ddc.
[2015.06.12-04.12.33:960][  0]LogInit: Texture streaming: Enabled
[2015.06.12-04.12.34:052][  0]LogAnalytics: Creating configured Analytics provider AnalyticsET
[2015.06.12-04.12.34:052][  0]LogAnalytics: ET APIKey = Rocket.Release. APIServer = http://et2.epicgames.com/ET2/. AppVersion = 4.7.3-2479750+++depot+UE4-Releases+4.7
[2015.06.12-04.12.34:052][  0]LogAnalytics: ET APIKey = Rocket.Release. DataRouterUploadURL = https://datarouter-public-service-gamedev.ol.epicgames.net/datarouter/api/v1/public/data. AppVersion = 4.7.3-2479750+++depot+UE4-Releases+4.7
[2015.06.12-04.12.34:052][  0]LogAnalytics: SetUserId 8bd27e534dc3adb20b9806aa8dd98976|a2029361749f45969b968123526efb2c|cc3525af-3e4e-4070-b03f-8efa41501de0
[2015.06.12-04.12.34:052][  0]LogAnalytics: AnalyticsET::StartSession [Rocket.Release]
[2015.06.12-04.12.34:072][  0]LogInit: Transaction tracking system initialized
[2015.06.12-04.12.34:240][  0]BlueprintLog: New page: Editor Load
[2015.06.12-04.12.34:274][  0]LogAssetRegistry: FAssetRegistry took 0.0103 seconds to start up
[2015.06.12-04.12.34:274][  0]LogDirectoryWatcher:Warning: Failed to begin reading directory changes for ../../../Engine/Plugins/Experimental/CharacterAI/Content/. Error: 0
[2015.06.12-04.12.34:817][  0]LogTargetPlatformManager:Display: Building Assets For Windows
[2015.06.12-04.12.35:170][  0]LogTargetPlatformManager:Display: Building Assets For Windows
[2015.06.12-04.12.35:419][  0]LogSlate:Warning: Failed to load font data from '../../../Engine/Content/Editor/Slate/Fonts/Roboto-Regular.ttf'
[2015.06.12-04.12.35:420][  0]LogSlate:Warning: Failed to load font data from '../../../Engine/Content/Editor/Slate/Fonts/Roboto-Bold.ttf'
[2015.06.12-04.12.35:424][  0]LogConsoleResponse:Display: 
[2015.06.12-04.12.35:553][  0]LogCook:Display: Done creating registry. It took  0.00s.
[2015.06.12-04.12.35:695][  0]SourceControl: Info Source control is disabled
[2015.06.12-04.12.35:695][  0]Cmd: MAP LOAD FILE="D:/CRX [06-11-15] - Copy/CanadianRacing/Content/Levels/example_map.umap" TEMPLATE=0 SHOWPROGRESS=1 FEATURELEVEL=3
[2015.06.12-04.12.35:695][  0]LightingResults: New page: Lighting Build
[2015.06.12-04.12.35:707][  0]MapCheck: New page: Map Check
[2015.06.12-04.12.35:707][  0]LightingResults: New page: Lighting Build
[2015.06.12-04.12.35:714][  0]LogParticles: Destroying 0 GPU particle simulations for FXSystem 0x0000000013B46520
[2015.06.12-04.12.37:105][  0]LogBlueprint:Warning: [compiler] Warning InputAction Event references unknown Action 'OpenInGameMenu' for  InputAction OpenInGameMenu 
[2015.06.12-04.12.37:111][  0]LogBlueprint:Warning: [compiler] Warning [0012.58] Compile of MyPlayerController successful, but with 1 Warning(s) [in 21 ms]
[2015.06.12-04.12.37:112][  0]LogBlueprint:Warning: [compiler] Warning [0012.58] Compile of MyPlayerController successful, but with 2 Warning(s) [in 0 ms]
[2015.06.12-04.12.37:112][  0]LogBlueprint:Warning: [compiler] Warning [0012.58] Compile of MyPlayerController successful, but with 3 Warning(s) [in 0 ms]
[2015.06.12-04.12.37:112][  0]LogBlueprint:Warning: [compiler] Warning [0012.58] Compile of MyPlayerController successful, but with 4 Warning(s) [in 0 ms]
[2015.06.12-04.12.38:668][  0]LogBlueprint:Warning: [compiler] Warning InputAction Event references unknown Action 'OpenInGameMenu' for  InputAction OpenInGameMenu 
[2015.06.12-04.12.38:674][  0]LogBlueprint:Warning: [compiler] Warning [0014.15] Compile of MyPlayerController successful, but with 1 Warning(s) [in 22 ms]
[2015.06.12-04.12.38:675][  0]LogBlueprint:Warning: [compiler] Warning [0014.15] Compile of MyPlayerController successful, but with 2 Warning(s) [in 0 ms]
[2015.06.12-04.12.40:594][  0]LogEditorServer: Finished looking for orphan Actors (0.000 secs)
[2015.06.12-04.12.40:679][  0]LogAIModule: Creating AISystem for world example_map
[2015.06.12-04.12.40:680][  0]Cmd: MAP CHECKDEP
[2015.06.12-04.12.40:680][  0]MapCheck: New page: example_map - Jun 11, 2015, 2:12:40 PM
[2015.06.12-04.12.40:784][  0]MapCheck: Info Map check complete: 0 Error(s), 0 Warning(s), took 103.859ms to complete.
[2015.06.12-04.12.40:784][  0]LogFileHelpers: Loading map 'example_map' took 5.090
[2015.06.12-04.12.40:931][  0]LogCollectionManager: Loaded 0 collections in 0.001331 seconds
[2015.06.12-04.12.40:944][  0]LogContentBrowser: Native class hierarchy populated in 0.0130 seconds. Added 1698 classes and 263 folders.
[2015.06.12-04.12.40:975][  0]LogContentBrowser: Native class hierarchy updated for 'SceneOutliner' in 0.0021 seconds. Added 1 classes and 2 folders.
[2015.06.12-04.12.41:025][  0]LogCrashTracker: Crashtracker disabled due to settings.
[2015.06.12-04.12.41:026][  0]LogSlate:Warning: Failed to load font data from 'Veranda'
[2015.06.12-04.12.41:032][  0]LogUObjectGlobals:Warning: Failed to find object 'Class None.'
[2015.06.12-04.12.41:057][  0]LogLoad: Full Startup: 16.53 seconds (BP compile: 1.93 seconds)
[2015.06.12-04.12.41:091][  0]LogContentBrowser:Verbose: The content browser source was changed by the sources view to '/Game/Blueprints'
[2015.06.12-04.12.41:286][  0]LogRenderer:Warning: Reallocating scene render targets to support 1616x808 (Frame:2).
[2015.06.12-04.12.41:380][  1]Cmd: UpdateLandscapeEditorData -warnings
[2015.06.12-04.12.41:381][  1]Cmd: UpdateLandscapeEditorData
[2015.06.12-04.12.42:320][  6]LogAssetRegistry: Asset discovery search completed in 8.0575 seconds
[2015.06.12-04.12.44:388][ 71]LogContentBrowser:Verbose: The content browser source was changed by the sources view to '/Game/Vehicles'
[2015.06.12-04.12.45:586][ 92]LogContentBrowser:Verbose: The content browser source was changed by the sources view to '/Game/Vehicles/CanoeKart'
[2015.06.12-04.13.10:632][790]LogActorComponent: UnregisterComponent: (/Engine/Transient.ProjectileMovementComponent_0) Not registered. Aborting.
[2015.06.12-04.13.10:632][790]LogActorComponent: UnregisterComponent: (/Engine/Transient.MovementComp) Not registered. Aborting.
[2015.06.12-04.13.10:633][790]LogActorComponent: UnregisterComponent: (/Engine/Transient.WheeledVehicleMovementComponent4W_0) Not registered. Aborting.
[2015.06.12-04.13.35:962][105]LogRenderer:Warning: Reallocating scene render targets to support 1616x1000 (Frame:180).
[2015.06.12-04.13.38:476][178]BlueprintLog: New page: Compile BP_CanoeKart
[2015.06.12-04.13.38:696][178]BlueprintEditorCompileResults: Info [0074.17] Compile of BP_CanoeKart successful! [in 219 ms]
[2015.06.12-04.15.02:298][401]LogAnimation:Warning: AnimBP ABP_Canoe_C is incompatible with skeleton SkelMesh_CanoeKart_Skeleton, removing AnimBP from actor.
[2015.06.12-04.15.02:301][401]LogActorComponent: UnregisterComponent: (/Engine/Transient.MovementComp) Not registered. Aborting.
[2015.06.12-04.15.02:301][401]LogActorComponent: UnregisterComponent: (/Engine/Transient.WheeledVehicleMovementComponent4W_1) Not registered. Aborting.
[2015.06.12-04.15.02:302][401]LogActorComponent: UnregisterComponent: (/Engine/Transient.WheeledVehicleMovementComponent4W_2) Not registered. Aborting.
[2015.06.12-04.15.20:640][197]LogContentBrowser: Native class hierarchy updated for 'PhAT' in 0.0068 seconds. Added 1 classes and 2 folders.
[2015.06.12-04.15.20:739][198]LogRenderer:Warning: Reallocating scene render targets to support 2040x1264 (Frame:1259).
[2015.06.12-04.15.43:032][898]LogActorComponent: UnregisterComponent: (/Engine/Transient.WheeledVehicleMovementComponent4W_3) Not registered. Aborting.
[2015.06.12-04.15.43:033][898]LogActorComponent: UnregisterComponent: (/Engine/Transient.WheeledVehicleMovementComponent4W_4) Not registered. Aborting.
[2015.06.12-04.15.43:034][898]LogActorComponent: UnregisterComponent: (/Engine/Transient.WheeledVehicleMovementComponent4W_5) Not registered. Aborting.
[2015.06.12-04.16.13:547][749]LogActorComponent: UnregisterComponent: (/Engine/Transient.WheeledVehicleMovementComponent4W_6) Not registered. Aborting.
[2015.06.12-04.16.13:548][749]LogActorComponent: UnregisterComponent: (/Engine/Transient.WheeledVehicleMovementComponent4W_7) Not registered. Aborting.
[2015.06.12-04.16.13:549][749]LogActorComponent: UnregisterComponent: (/Engine/Transient.WheeledVehicleMovementComponent4W_8) Not registered. Aborting.
[2015.06.12-04.16.31:794][314]BlueprintLog: New page: Compile BP_Canoe_test
[2015.06.12-04.16.31:944][314]LogBlueprint:Warning: [compiler] Warning Could not find a function named "Homing" in 'BP_Canoe_test_C'.
Make sure 'BP_Canoe_test_C' has been compiled for  Homing 
[2015.06.12-04.16.32:100][314]LogParticles: Destroying 0 GPU particle simulations for FXSystem 0x000000000CE90F40
[2015.06.12-04.16.32:136][314]LogBlueprint:Warning: [compiler] Warning [0247.62] Compile of BP_Canoe_test successful, but with 1 Warning(s) [in 342 ms]
[2015.06.12-04.16.32:137][314]BlueprintEditorCompileResults:Warning: Warning Could not find a function named "Homing" in 'BP_Canoe_test_C'.
Make sure 'BP_Canoe_test_C' has been compiled for  Homing 
[2015.06.12-04.16.32:137][314]BlueprintEditorCompileResults:Warning: Warning [0247.62] Compile of BP_Canoe_test successful, but with 1 Warning(s) [in 342 ms]
[2015.06.12-04.16.33:724][359]BlueprintLog: New page: Compile BP_Canoe_test
[2015.06.12-04.16.33:878][359]LogBlueprint:Warning: [compiler] Warning Could not find a function named "Homing" in 'BP_Canoe_test_C'.
Make sure 'BP_Canoe_test_C' has been compiled for  Homing 
[2015.06.12-04.16.34:016][359]LogBlueprint:Warning: [compiler] Warning [0249.50] Compile of BP_Canoe_test successful, but with 1 Warning(s) [in 291 ms]
[2015.06.12-04.16.34:016][359]BlueprintEditorCompileResults:Warning: Warning Could not find a function named "Homing" in 'BP_Canoe_test_C'.
Make sure 'BP_Canoe_test_C' has been compiled for  Homing 
[2015.06.12-04.16.34:016][359]BlueprintEditorCompileResults:Warning: Warning [0249.50] Compile of BP_Canoe_test successful, but with 1 Warning(s) [in 291 ms]
[2015.06.12-04.16.42:601][613]BlueprintLog: New page: Compile BP_Canoe_test
[2015.06.12-04.16.42:748][613]LogBlueprint:Warning: [compiler] Warning Could not find a function named "Homing" in 'BP_Canoe_test_C'.
Make sure 'BP_Canoe_test_C' has been compiled for  Homing 
[2015.06.12-04.16.42:921][613]LogBlueprint:Warning: [compiler] Warning [0258.41] Compile of BP_Canoe_test successful, but with 1 Warning(s) [in 319 ms]
[2015.06.12-04.16.42:922][613]BlueprintEditorCompileResults:Warning: Warning Could not find a function named "Homing" in 'BP_Canoe_test_C'.
Make sure 'BP_Canoe_test_C' has been compiled for  Homing 
[2015.06.12-04.16.42:922][613]BlueprintEditorCompileResults:Warning: Warning [0258.41] Compile of BP_Canoe_test successful, but with 1 Warning(s) [in 319 ms]
[2015.06.12-04.16.45:189][683]LogContentBrowser:Verbose: The content browser source was changed by the sources view to 'None'
[2015.06.12-04.16.45:190][683]LogContentBrowser:Verbose: The content browser source was changed by the sources view to '/Game/Vehicles/CanoeKart'
[2015.06.12-04.17.56:103][928]BlueprintLog: New page: Compile BP_Canoe_test
[2015.06.12-04.17.56:349][928]LogActorComponent: UnregisterComponent: (/Engine/Transient.MovementComp) Not registered. Aborting.
[2015.06.12-04.17.56:349][928]LogActorComponent: UnregisterComponent: (/Engine/Transient.WheeledVehicleMovementComponent4W_9) Not registered. Aborting.
[2015.06.12-04.17.56:350][928]LogActorComponent: UnregisterComponent: (/Engine/Transient.WheeledVehicleMovementComponent4W_10) Not registered. Aborting.
[2015.06.12-04.17.56:404][928]BlueprintEditorCompileResults: Info [0331.89] Compile of BP_Canoe_test successful! [in 300 ms]
[2015.06.12-04.18.03:545][ 79]LogActorComponent: UnregisterComponent: (/Engine/Transient.MovementComp) Not registered. Aborting.
[2015.06.12-04.18.03:546][ 79]LogActorComponent: UnregisterComponent: (/Engine/Transient.WheeledVehicleMovementComponent4W_11) Not registered. Aborting.
[2015.06.12-04.18.03:788][ 79]Cmd: OBJ SAVEPACKAGE PACKAGE="/Game/Levels/example_map" FILE="D:/CRX [06-11-15] - Copy/CanadianRacing/Content/Levels/example_map.umap" SILENT=true AUTOSAVING=false KEEPDIRTY=false
[2015.06.12-04.18.04:362][ 79]LogSavePackage: Save=529.690063ms
[2015.06.12-04.18.04:362][ 79]LogSavePackage: Moving 'D:/CRX [06-11-15] - Copy/CanadianRacing/Saved/example_map1B8DBFEF42A5C8F9F814A9B30CEAE360.tmp' to 'D:/CRX [06-11-15] - Copy/CanadianRacing/Content/Levels/example_map.umap'
[2015.06.12-04.18.04:378][ 79]LogFileHelpers: Saving map 'example_map' took 0.712
[2015.06.12-04.18.04:407][ 79]Cmd: OBJ SAVEPACKAGE PACKAGE="/Game/Vehicles/CanoeKart/BP_CanoeKart" FILE="D:/CRX [06-11-15] - Copy/CanadianRacing/Content/Vehicles/CanoeKart/BP_CanoeKart.uasset" SILENT=true
[2015.06.12-04.18.04:742][ 79]LogSavePackage: Save=330.861969ms
[2015.06.12-04.18.04:742][ 79]LogSavePackage: Moving 'D:/CRX [06-11-15] - Copy/CanadianRacing/Saved/BP_CanoeKartA78C9F724A51D1493F05CA97CBE66904.tmp' to 'D:/CRX [06-11-15] - Copy/CanadianRacing/Content/Vehicles/CanoeKart/BP_CanoeKart.uasset'
[2015.06.12-04.18.04:772][ 79]Cmd: OBJ SAVEPACKAGE PACKAGE="/Game/Vehicles/CanoeKart/BP_Canoe_test" FILE="D:/CRX [06-11-15] - Copy/CanadianRacing/Content/Vehicles/CanoeKart/BP_Canoe_test.uasset" SILENT=true
[2015.06.12-04.18.05:655][ 79]LogSavePackage: Save=881.592834ms
[2015.06.12-04.18.05:655][ 79]LogSavePackage: Moving 'D:/CRX [06-11-15] - Copy/CanadianRacing/Saved/BP_Canoe_test94F254BF462D97564DA5769F400FBF89.tmp' to 'D:/CRX [06-11-15] - Copy/CanadianRacing/Content/Vehicles/CanoeKart/BP_Canoe_test.uasset'
[2015.06.12-04.18.08:886][196]LogActorComponent: UnregisterComponent: (/Engine/Transient.MovementComp) Not registered. Aborting.
[2015.06.12-04.18.08:887][196]LogActorComponent: UnregisterComponent: (/Engine/Transient.WheeledVehicleMovementComponent4W_12) Not registered. Aborting.
[2015.06.12-04.18.11:783][312]LogSlate:Warning: Prevented a slow task dialog from being summoned while a context menu was open
[2015.06.12-04.18.23:143][638]BlueprintLog: New page: Pre-PIE auto-recompile
[2015.06.12-04.18.23:146][638]LogPlayLevel: [PIE] Compiling example_map before PIE...
[2015.06.12-04.18.23:235][638]LogPlayLevel: PIE:  Blueprint regeneration took 91 ms (1 blueprints)
[2015.06.12-04.18.23:235][638]PIE: New page: PIE session: example_map (Jun 11, 2015, 2:18:23 PM)
[2015.06.12-04.18.23:275][638]LogPlayLevel: PIE: StaticDuplicateObject took: (0.039033s)
[2015.06.12-04.18.23:275][638]LogPlayLevel: PIE: World Init took: (0.000717s)
[2015.06.12-04.18.23:276][638]LogPlayLevel: PIE: Created PIE world by copying editor world from /Game/Levels/example_map.example_map to /Game/Levels/UEDPIE_0_example_map.example_map (0.039980s)
[2015.06.12-04.18.23:326][638]LogWorld: Game class is 'BP_GameMode_C'
[2015.06.12-04.18.23:330][638]LogAIModule: Creating AISystem for world example_map
[2015.06.12-04.18.23:351][638]LogWorld: Bringing World /Game/Levels/UEDPIE_0_example_map.example_map up for play (max tick rate 0) at 2015.06.11-21.18.23
[2015.06.12-04.18.23:353][638]LogWorld: Bringing up level for play took: 0.021676
[2015.06.12-04.18.23:363][638]LogVoice:Warning: Failed to initialize voice interface
[2015.06.12-04.18.23:365][638]LogBlueprintUserMessages: FLIP CAR: F
[2015.06.12-04.18.23:365][638]LogBlueprintUserMessages: RESTART: R
[2015.06.12-04.18.23:365][638]LogBlueprintUserMessages: CONTROLS: WASD
[2015.06.12-04.18.23:367][638]PIE: Info Play in editor start time for /Game/Levels/UEDPIE_0_example_map -0.459
[2015.06.12-04.18.23:413][638]LogBlueprintUserMessages: 0
[2015.06.12-04.18.23:444][638]LogWindows:Error: Windows GetLastError: The operation completed successfully. (0)
[2015.06.12-04.18.23:444][638]LogCrashTracker: 


[2015.06.12-04.18.26:120][638]LogCrashTracker: 


[2015.06.12-04.18.26:121][638]LogWindows: === Critical error: ===
Assertion failed: false [File:D:\BuildFarm\buildmachine_++depot+UE4-Releases+4.7\Engine\Source\Runtime\UMG\Private\Components\Widget.cpp] [Line: 551] 



KERNELBASE.dll!UnknownFunction (0x000007fefda5940d) + 0 bytes [UnknownFile:0]
UE4Editor-Core.dll!FOutputDeviceWindowsError::Serialize() (0x000007feed048014) + 0 bytes [d:\buildfarm\buildmachine_++depot+ue4-releases+4.7\engine\source\runtime\core\private\windows\windowsplatformoutputdevices.cpp:95]
UE4Editor-Core.dll!FOutputDevice::Logf__VA() (0x000007feecec7818) + 159 bytes [d:\buildfarm\buildmachine_++depot+ue4-releases+4.7\engine\source\runtime\core\private\misc\outputdevice.cpp:144]
UE4Editor-Core.dll!FDebug::AssertFailed() (0x000007feecea8b17) + 62 bytes [d:\buildfarm\buildmachine_++depot+ue4-releases+4.7\engine\source\runtime\core\private\misc\outputdevice.cpp:224]
UE4Editor-UMG.dll!UWidget::ConvertSerializedVisibilityToRuntime() (0x000007feeca56d65) + 0 bytes [d:\buildfarm\buildmachine_++depot+ue4-releases+4.7\engine\source\runtime\umg\private\components\widget.cpp:541]
UE4Editor-UMG.dll!UWidget::ConvertVisibility() (0x000007feeca56e18) + 11 bytes [d:\buildfarm\buildmachine_++depot+ue4-releases+4.7\engine\source\runtime\umg\public\components\widget.h:368]
UE4Editor-UMG.dll!TMemberFunctionCaller<UWidget,EVisibility (__cdecl UWidget::*)(TAttribute<enum ESlateVisibility>)const __ptr64>::operator()<TAttribute<enum ESlateVisibility> const & __ptr64>() (0x000007feec9de9cf) + 0 bytes [d:\buildfarm\buildmachine_++depot+ue4-releases+4.7\engine\source\runtime\core\public\delegates\delegateinstanceinterface_variadics.h:162]
UE4Editor-UMG.dll!TBaseUObjectMethodDelegateInstance<1,UWidget,EVisibility __cdecl(void),TAttribute<enum ESlateVisibility> >::Execute() (0x000007feeca631ff) + 0 bytes [d:\buildfarm\buildmachine_++depot+ue4-releases+4.7\engine\source\runtime\core\public\delegates\delegateinstancesimpl_variadics.inl:682]
UE4Editor-SlateCore.dll!SWidget::SlatePrepass() (0x000007feeec10d51) + 45 bytes [d:\buildfarm\buildmachine_++depot+ue4-releases+4.7\engine\source\runtime\slatecore\private\widgets\swidget.cpp:377]
UE4Editor-SlateCore.dll!SWidget::SlatePrepass() (0x000007feeec10d73) + 10 bytes [d:\buildfarm\buildmachine_++depot+ue4-releases+4.7\engine\source\runtime\slatecore\private\widgets\swidget.cpp:380]
UE4Editor-SlateCore.dll!SWidget::SlatePrepass() (0x000007feeec10d73) + 10 bytes [d:\buildfarm\buildmachine_++depot+ue4-releases+4.7\engine\source\runtime\slatecore\private\widgets\swidget.cpp:380]
UE4Editor-SlateCore.dll!SWidget::SlatePrepass() (0x000007feeec10d73) + 10 bytes [d:\buildfarm\buildmachine_++depot+ue4-releases+4.7\engine\source\runtime\slatecore\private\widgets\swidget.cpp:380]
UE4Editor-SlateCore.dll!SWidget::SlatePrepass() (0x000007feeec10d73) + 10 bytes [d:\buildfarm\buildmachine_++depot+ue4-releases+4.7\engine\source\runtime\slatecore\private\widgets\swidget.cpp:380]
UE4Editor-SlateCore.dll!SWidget::SlatePrepass() (0x000007feeec10d73) + 10 bytes [d:\buildfarm\buildmachine_++depot+ue4-releases+4.7\engine\source\runtime\slatecore\private\widgets\swidget.cpp:380]
UE4Editor-SlateCore.dll!SWidget::SlatePrepass() (0x000007feeec10d73) + 10 bytes [d:\buildfarm\buildmachine_++depot+ue4-releases+4.7\engine\source\runtime\slatecore\private\widgets\swidget.cpp:380]
UE4Editor-SlateCore.dll!SWidget::SlatePrepass() (0x000007feeec10d73) + 10 bytes [d:\buildfarm\buildmachine_++depot+ue4-releases+4.7\engine\source\runtime\slatecore\private\widgets\swidget.cpp:380]
UE4Editor-SlateCore.dll!SWidget::SlatePrepass() (0x000007feeec10d73) + 10 bytes [d:\buildfarm\buildmachine_++depot+ue4-releases+4.7\engine\source\runtime\slatecore\private\widgets\swidget.cpp:380]
UE4Editor-SlateCore.dll!SWidget::SlatePrepass() (0x000007feeec10d73) + 10 bytes [d:\buildfarm\buildmachine_++depot+ue4-releases+4.7\engine\source\runtime\slatecore\private\widgets\swidget.cpp:380]
UE4Editor-SlateCore.dll!SWidget::SlatePrepass() (0x000007feeec10d73) + 10 bytes [d:\buildfarm\buildmachine_++depot+ue4-releases+4.7\engine\source\runtime\slatecore\private\widgets\swidget.cpp:380]
UE4Editor-SlateCore.dll!SWidget::SlatePrepass() (0x000007feeec10d73) + 10 bytes [d:\buildfarm\buildmachine_++depot+ue4-releases+4.7\engine\source\runtime\slatecore\private\widgets\swidget.cpp:380]
UE4Editor-SlateCore.dll!SWidget::SlatePrepass() (0x000007feeec10d73) + 10 bytes [d:\buildfarm\buildmachine_++depot+ue4-releases+4.7\engine\source\runtime\slatecore\private\widgets\swidget.cpp:380]
UE4Editor-SlateCore.dll!SWidget::SlatePrepass() (0x000007feeec10d73) + 10 bytes [d:\buildfarm\buildmachine_++depot+ue4-releases+4.7\engine\source\runtime\slatecore\private\widgets\swidget.cpp:380]
UE4Editor-SlateCore.dll!SWidget::SlatePrepass() (0x000007feeec10d73) + 10 bytes [d:\buildfarm\buildmachine_++depot+ue4-releases+4.7\engine\source\runtime\slatecore\private\widgets\swidget.cpp:380]
UE4Editor-SlateCore.dll!SWidget::SlatePrepass() (0x000007feeec10d73) + 10 bytes [d:\buildfarm\buildmachine_++depot+ue4-releases+4.7\engine\source\runtime\slatecore\private\widgets\swidget.cpp:380]
UE4Editor-SlateCore.dll!SWidget::SlatePrepass() (0x000007feeec10d73) + 10 bytes [d:\buildfarm\buildmachine_++depot+ue4-releases+4.7\engine\source\runtime\slatecore\private\widgets\swidget.cpp:380]
UE4Editor-SlateCore.dll!SWidget::SlatePrepass() (0x000007feeec10d73) + 10 bytes [d:\buildfarm\buildmachine_++depot+ue4-releases+4.7\engine\source\runtime\slatecore\private\widgets\swidget.cpp:380]
UE4Editor-SlateCore.dll!SWidget::SlatePrepass() (0x000007feeec10d73) + 10 bytes [d:\buildfarm\buildmachine_++depot+ue4-releases+4.7\engine\source\runtime\slatecore\private\widgets\swidget.cpp:380]
UE4Editor-SlateCore.dll!SWidget::SlatePrepass() (0x000007feeec10d73) + 10 bytes [d:\buildfarm\buildmachine_++depot+ue4-releases+4.7\engine\source\runtime\slatecore\private\widgets\swidget.cpp:380]
UE4Editor-SlateCore.dll!SWidget::SlatePrepass() (0x000007feeec10d73) + 10 bytes [d:\buildfarm\buildmachine_++depot+ue4-releases+4.7\engine\source\runtime\slatecore\private\widgets\swidget.cpp:380]
UE4Editor-SlateCore.dll!SWidget::SlatePrepass() (0x000007feeec10d73) + 10 bytes [d:\buildfarm\buildmachine_++depot+ue4-releases+4.7\engine\source\runtime\slatecore\private\widgets\swidget.cpp:380]
UE4Editor-SlateCore.dll!SWidget::SlatePrepass() (0x000007feeec10d73) + 10 bytes [d:\buildfarm\buildmachine_++depot+ue4-releases+4.7\engine\source\runtime\slatecore\private\widgets\swidget.cpp:380]
UE4Editor-SlateCore.dll!SWidget::SlatePrepass() (0x000007feeec10d73) + 10 bytes [d:\buildfarm\buildmachine_++depot+ue4-releases+4.7\engine\source\runtime\slatecore\private\widgets\swidget.cpp:380]
UE4Editor-SlateCore.dll!SWidget::SlatePrepass() (0x000007feeec10d73) + 10 bytes [d:\buildfarm\buildmachine_++depot+ue4-releases+4.7\engine\source\runtime\slatecore\private\widgets\swidget.cpp:380]
UE4Editor-SlateCore.dll!SWidget::SlatePrepass() (0x000007feeec10d73) + 10 bytes [d:\buildfarm\buildmachine_++depot+ue4-releases+4.7\engine\source\runtime\slatecore\private\widgets\swidget.cpp:380]
UE4Editor-SlateCore.dll!SWidget::SlatePrepass() (0x000007feeec10d73) + 10 bytes [d:\buildfarm\buildmachine_++depot+ue4-releases+4.7\engine\source\runtime\slatecore\private\widgets\swidget.cpp:380]
UE4Editor-SlateCore.dll!SWidget::SlatePrepass() (0x000007feeec10d73) + 10 bytes [d:\buildfarm\buildmachine_++depot+ue4-releases+4.7\engine\source\runtime\slatecore\private\widgets\swidget.cpp:380]
UE4Editor-SlateCore.dll!SWidget::SlatePrepass() (0x000007feeec10d73) + 10 bytes [d:\buildfarm\buildmachine_++depot+ue4-releases+4.7\engine\source\runtime\slatecore\private\widgets\swidget.cpp:380]
UE4Editor-SlateCore.dll!SWidget::SlatePrepass() (0x000007feeec10d73) + 10 bytes [d:\buildfarm\buildmachine_++depot+ue4-releases+4.7\engine\source\runtime\slatecore\private\widgets\swidget.cpp:380]
UE4Editor-SlateCore.dll!SWidget::SlatePrepass() (0x000007feeec10d73) + 10 bytes [d:\buildfarm\buildmachine_++depot+ue4-releases+4.7\engine\source\runtime\slatecore\private\widgets\swidget.cpp:380]
UE4Editor-SlateCore.dll!SWidget::SlatePrepass() (0x000007feeec10d73) + 10 bytes [d:\buildfarm\buildmachine_++depot+ue4-releases+4.7\engine\source\runtime\slatecore\private\widgets\swidget.cpp:380]
UE4Editor-SlateCore.dll!SWidget::SlatePrepass() (0x000007feeec10d73) + 10 bytes [d:\buildfarm\buildmachine_++depot+ue4-releases+4.7\engine\source\runtime\slatecore\private\widgets\swidget.cpp:380]
UE4Editor-SlateCore.dll!SWidget::SlatePrepass() (0x000007feeec10d73) + 10 bytes [d:\buildfarm\buildmachine_++depot+ue4-releases+4.7\engine\source\runtime\slatecore\private\widgets\swidget.cpp:380]
UE4Editor-SlateCore.dll!SWidget::SlatePrepass() (0x000007feeec10d73) + 10 bytes [d:\buildfarm\buildmachine_++depot+ue4-releases+4.7\engine\source\runtime\slatecore\private\widgets\swidget.cpp:380]
UE4Editor-SlateCore.dll!SWidget::SlatePrepass() (0x000007feeec10d73) + 10 bytes [d:\buildfarm\buildmachine_++depot+ue4-releases+4.7\engine\source\runtime\slatecore\private\widgets\swidget.cpp:380]
UE4Editor-SlateCore.dll!SWidget::SlatePrepass() (0x000007feeec10d73) + 10 bytes [d:\buildfarm\buildmachine_++depot+ue4-releases+4.7\engine\source\runtime\slatecore\private\widgets\swidget.cpp:380]
UE4Editor-SlateCore.dll!SWidget::SlatePrepass() (0x000007feeec10d73) + 10 bytes [d:\buildfarm\buildmachine_++depot+ue4-releases+4.7\engine\source\runtime\slatecore\private\widgets\swidget.cpp:380]
UE4Editor-Slate.dll!PrepassWindowAndChildren() (0x000007feed8d03a4) + 13 bytes [d:\buildfarm\buildmachine_++depot+ue4-releases+4.7\engine\source\runtime\slate\private\framework\application\slateapplication.cpp:984]
UE4Editor-Slate.dll!FSlateApplication::DrawPrepass() (0x000007feed891827) + 0 bytes [d:\buildfarm\buildmachine_++depot+ue4-releases+4.7\engine\source\runtime\slate\private\framework\application\slateapplication.cpp:1029]
UE4Editor-Slate.dll!FSlateApplication::PrivateDrawWindows() (0x000007feed8d27db) + 0 bytes [d:\buildfarm\buildmachine_++depot+ue4-releases+4.7\engine\source\runtime\slate\private\framework\application\slateapplication.cpp:1068]
UE4Editor-Slate.dll!FSlateApplication::Tick() (0x000007feed8f03ff) + 12 bytes [d:\buildfarm\buildmachine_++depot+ue4-releases+4.7\engine\source\runtime\slate\private\framework\application\slateapplication.cpp:1323]
UE4Editor.exe!FEngineLoop::Tick() (0x000000013f86036f) + 0 bytes [d:\buildfarm\buildmachine_++depot+ue4-releases+4.7\engine\source\runtime\launch\private\launchengineloop.cpp:2284]
UE4Editor.exe!GuardedMain() (0x000000013f85267c) + 0 bytes [d:\buildfarm\buildmachine_++depot+ue4-releases+4.7\engine\source\runtime\launch\private\launch.cpp:142]
UE4Editor.exe!GuardedMainWrapper() (0x000000013f8526ea) + 5 bytes [d:\buildfarm\buildmachine_++depot+ue4-releases+4.7\engine\source\runtime\launch\private\windows\launchwindows.cpp:126]
UE4Editor.exe!WinMain() (0x000000013f862219) + 17 bytes [d:\buildfarm\buildmachine_++depot+ue4-releases+4.7\engine\source\runtime\launch\private\windows\launchwindows.cpp:202]
UE4Editor.exe!__tmainCRTStartup() (0x000000013f863159) + 21 bytes [f:\dd\vctools\crt\crtw32\dllstuff\crtexe.c:618]
kernel32.dll!UnknownFunction (0x0000000077a459ed) + 0 bytes [UnknownFile:0]
ntdll.dll!UnknownFunction (0x0000000077b7c541) + 0 bytes [UnknownFile:0]
ntdll.dll!UnknownFunction (0x0000000077b7c541) + 0 bytes [UnknownFile:0]


[2015.06.12-04.18.26:219][638]LogExit: Executing StaticShutdownAfterError
[2015.06.12-04.18.26:225][638]LogWindows: FPlatformMisc::RequestExit(1)
[2015.06.12-04.18.26:225][638]Log file closed, 06/11/15 21:18:26
