Log file open, 06/11/15 20:37:36
LogInit:Display: Running engine for game: CanadianRacing
LogInit: Version: 4.7.3-2479750+++depot+UE4-Releases+4.7
LogInit: API Version: 2455222
LogInit: Compiled (64-bit): Mar 15 2015 23:20:45
LogInit: Compiled with Visual C++: 18.00.21005.01
LogInit: Build Configuration: Development
LogInit: Branch Name: ++depot+UE4-Releases+4.7
LogInit: Command line: 
LogInit: Base directory: C:/Program Files/Epic Games/4.7/Engine/Binaries/Win64/
LogInit: Rocket: 1
[2015.06.12-03.37.36:990][  0]LogTaskGraph: Started task graph with 3 named threads and 6 total threads.
[2015.06.12-03.37.37:066][  0]LogOnline:Display: STEAM: Loading Steam SDK 1.30
[2015.06.12-03.37.37:066][  0]LogOnline:Warning: STEAM: Steam API disabled!
[2015.06.12-03.37.37:066][  0]LogOnline:Display: STEAM: OnlineSubsystemSteam::Shutdown()
[2015.06.12-03.37.37:066][  0]LogOnline:Warning: Unable to create OnlineSubsystem module Steam
[2015.06.12-03.37.37:066][  0]LogOnline:Warning: Unable to load default OnlineSubsystem module Steam, using NULL interface
[2015.06.12-03.37.37:099][  0]LogInit: WinSock: version 1.1 (2.2), MaxSocks=32767, MaxUdp=65467
[2015.06.12-03.37.37:113][  0]LogVoice:Warning: Failed to initialize voice interface
[2015.06.12-03.37.37:125][  0]LogInit: Presizing for 0 objects not considered by GC, pre-allocating 0 bytes.
[2015.06.12-03.37.37:134][  0]LogInit: Object subsystem initialized
[2015.06.12-03.37.37:136][  0]LogConsoleResponse:Warning: Skipping Unknown console variable: 'TranslucentSortAxis = (X=0.000000,Y=-1.000000,Z=0.000000)'
[2015.06.12-03.37.37:136][  0]LogConsoleResponse:Warning:   Found in ini file 'D:/CRX [06-11-15] - Copy/CanadianRacing/Saved/Config/Windows/Engine.ini', in section '[/Script/Engine.RendererSettings]'
[2015.06.12-03.37.37:136][  0]LogConsoleResponse:Warning: Skipping Unknown console variable: 'UIScaleRule = ShortestSide'
[2015.06.12-03.37.37:136][  0]LogConsoleResponse:Warning:   Found in ini file 'D:/CRX [06-11-15] - Copy/CanadianRacing/Saved/Config/Windows/Engine.ini', in section '[/Script/Engine.RendererSettings]'
[2015.06.12-03.37.37:136][  0]LogConsoleResponse:Warning: Skipping Unknown console variable: 'UIScaleCurve = (EditorCurveData=(Keys=),ExternalCurve=None)'
[2015.06.12-03.37.37:136][  0]LogConsoleResponse:Warning:   Found in ini file 'D:/CRX [06-11-15] - Copy/CanadianRacing/Saved/Config/Windows/Engine.ini', in section '[/Script/Engine.RendererSettings]'
[2015.06.12-03.37.37:136][  0]LogInit: Selected Device Profile: [Windows]
[2015.06.12-03.37.37:136][  0]LogInit: Applying CVar settings loaded from the selected device profile: [Windows]
[2015.06.12-03.37.37:143][  0]LogInit: Computer: AI911LAB296P14
[2015.06.12-03.37.37:143][  0]LogInit: User: 124781
[2015.06.12-03.37.37:143][  0]LogInit: CPU Page size=4096, Cores=4
[2015.06.12-03.37.37:143][  0]LogInit: High frequency timer resolution =3.215371 MHz
[2015.06.12-03.37.37:143][  0]LogMemory: Memory total: Physical=7.9GB (8GB approx) Virtual=8192.0GB
[2015.06.12-03.37.37:143][  0]LogMemory: Platform Memory Stats for Windows
[2015.06.12-03.37.37:143][  0]LogMemory: Process Physical Memory: 50.52 MB used, 50.52 MB peak
[2015.06.12-03.37.37:143][  0]LogMemory: Process Virtual Memory: 27.38 MB used, 27.38 MB peak
[2015.06.12-03.37.37:143][  0]LogMemory: Physical Memory: 2992.46 MB used, 8115.89 MB total
[2015.06.12-03.37.37:143][  0]LogMemory: Virtual Memory: 288.61 MB used, 8388608.00 MB total
[2015.06.12-03.37.37:165][  0]LogD3D11RHI: Found D3D11 adapter 0: NVIDIA Quadro 3000M (Feature Level 11_0)
[2015.06.12-03.37.37:165][  0]LogD3D11RHI: Adapter has 1998MB of dedicated video memory, 0MB of dedicated system memory, and 3801MB of shared system memory, 1 output[s]
[2015.06.12-03.37.37:165][  0]LogD3D11RHI: Chosen D3D11 Adapter Id = 0
[2015.06.12-03.37.37:170][  0]LogRHI: Texture pool is 1361 MB (70% of 1945 MB)
[2015.06.12-03.37.37:176][  0]LogD3D11RHI: Async texture creation enabled
[2015.06.12-03.37.37:229][  0]LogTextLocalizationManager: The requested culture ('en_US') has no localization data; parent culture's ('en') localization data will be used.
[2015.06.12-03.37.37:287][  0]LogTextLocalizationManager:Warning: Loading localization resources contain conflicting entries for (Namespace:UICommands, Key:Save_ToolTip):
Resource: (C:/Program Files/Epic Games/4.7/Engine/Content/Localization/Editor/en/Editor.locres) Hash: (-29098895) String: (Saves the current level to disk)
Resource: (C:/Program Files/Epic Games/4.7/Engine/Content/Localization/Engine/en/Engine.locres) Hash: (-1280300587) String: (Save selected data to vlog file)
[2015.06.12-03.37.37:287][  0]LogTextLocalizationManager:Warning: Loading localization resources contain conflicting entries for (Namespace:ContentBrowser, Key:ImportAssetToolTip):
Resource: (C:/Program Files/Epic Games/4.7/Engine/Content/Localization/Editor/en/Editor.locres) Hash: (-630476809) String: (Import to {0}...)
Resource: (C:/Program Files/Epic Games/4.7/Engine/Content/Localization/Editor/en/Editor.locres) Hash: (1271782899) String: (Imports an asset from file to this folder.)
[2015.06.12-03.37.37:364][  0]LogContentStreaming: Texture pool size is 0.000000MB
[2015.06.12-03.37.39:678][  0]LogTargetPlatformManager:Display: Building Assets For Windows
[2015.06.12-03.37.40:185][  0]LogTargetPlatformManager:Display: Building Assets For Windows
[2015.06.12-03.37.40:247][  0]LogDerivedDataCache:Display: Max Cache Size: 512 MB
[2015.06.12-03.37.40:285][  0]LogDerivedDataCache: Loaded boot cache 0.04s 39MB C:/Users/124781/AppData/Local/UnrealEngine/4.7/DerivedDataCache/Boot.ddc.
[2015.06.12-03.37.40:285][  0]LogDerivedDataCache:Display: Loaded Boot cache: C:/Users/124781/AppData/Local/UnrealEngine/4.7/DerivedDataCache/Boot.ddc
[2015.06.12-03.37.40:285][  0]LogDerivedDataCache: FDerivedDataBackendGraph:  Pak pak cache file D:/CRX [06-11-15] - Copy/CanadianRacing/DerivedDataCache/DDC.ddp not found, will not use a pak cache.
[2015.06.12-03.37.40:285][  0]LogDerivedDataCache: Unable to find inner node Pak for hierarchical cache Hierarchy.
[2015.06.12-03.37.40:406][  0]LogDerivedDataCache:Display: Pak cache opened for reading ../../../Engine/DerivedDataCache/Compressed.ddp.
[2015.06.12-03.37.40:417][  0]LogDerivedDataCache: Using Local data cache path C:/Users/124781/AppData/Local/UnrealEngine/Common/DerivedDataCache: Writable
[2015.06.12-03.37.40:730][  0]LogMeshUtilities: No automatic mesh reduction module available
[2015.06.12-03.37.40:730][  0]LogMeshUtilities: No automatic mesh merging module available
[2015.06.12-03.37.41:139][  0]LogSlate:Warning: Failed to load font data from '../../../Engine/Content/Slate/Fonts/Roboto-Italic.ttf'
[2015.06.12-03.37.41:914][  0]UdpMessaging: Initializing bridge on interface 0.0.0.0:0 to multicast group 230.0.0.1:6666.
[2015.06.12-03.37.42:118][  0]SourceControl: Info Source control is disabled
[2015.06.12-03.37.42:118][  0]SourceControl: Info Source control is disabled
[2015.06.12-03.37.42:118][  0]SourceControl: Info Source control is disabled
[2015.06.12-03.37.42:118][  0]LogSourceControl: RunCommandInternalRaw: 'git version'
[2015.06.12-03.37.42:118][  0]LogSourceControl: RunCommandInternalRaw: ExecProcess ReturnCode=2 OutResults=''
[2015.06.12-03.37.42:127][  0]SourceControl: Info Source control is disabled
[2015.06.12-03.37.42:322][  0]LogObj: 24238 objects as part of root set at end of initial load.
[2015.06.12-03.37.42:322][  0]LogUObjectAllocator: 5352296 out of 0 bytes used by permanent object pool.
[2015.06.12-03.37.42:407][  0]LogEngine: Initializing Engine...
[2015.06.12-03.37.44:582][  0]LogInit: XAudio2 using 'Speakers (High Definition Audio Device)' : 2 channels at 44.1 kHz using 16 bits per sample (channel mask 0x3)
[2015.06.12-03.37.44:600][  0]LogInit: FAudioDevice initialized.
[2015.06.12-03.37.44:639][  0]LogAIModule: Creating AISystem for world NewWorld
[2015.06.12-03.37.44:659][  0]LogDerivedDataCache: Saved boot cache 0.02s 39MB C:/Users/124781/AppData/Local/UnrealEngine/4.7/DerivedDataCache/Boot.ddc.
[2015.06.12-03.37.44:665][  0]LogInit: Texture streaming: Enabled
[2015.06.12-03.37.44:758][  0]LogAnalytics: Creating configured Analytics provider AnalyticsET
[2015.06.12-03.37.44:758][  0]LogAnalytics: ET APIKey = Rocket.Release. APIServer = http://et2.epicgames.com/ET2/. AppVersion = 4.7.3-2479750+++depot+UE4-Releases+4.7
[2015.06.12-03.37.44:758][  0]LogAnalytics: ET APIKey = Rocket.Release. DataRouterUploadURL = https://datarouter-public-service-gamedev.ol.epicgames.net/datarouter/api/v1/public/data. AppVersion = 4.7.3-2479750+++depot+UE4-Releases+4.7
[2015.06.12-03.37.44:758][  0]LogAnalytics: SetUserId 8bd27e534dc3adb20b9806aa8dd98976|a2029361749f45969b968123526efb2c|cc3525af-3e4e-4070-b03f-8efa41501de0
[2015.06.12-03.37.44:758][  0]LogAnalytics: AnalyticsET::StartSession [Rocket.Release]
[2015.06.12-03.37.44:779][  0]LogInit: Transaction tracking system initialized
[2015.06.12-03.37.44:952][  0]BlueprintLog: New page: Editor Load
[2015.06.12-03.37.44:986][  0]LogAssetRegistry: FAssetRegistry took 0.0096 seconds to start up
[2015.06.12-03.37.44:986][  0]LogDirectoryWatcher:Warning: Failed to begin reading directory changes for ../../../Engine/Plugins/Experimental/CharacterAI/Content/. Error: 0
[2015.06.12-03.37.45:530][  0]LogTargetPlatformManager:Display: Building Assets For Windows
[2015.06.12-03.37.45:904][  0]LogTargetPlatformManager:Display: Building Assets For Windows
[2015.06.12-03.37.46:164][  0]LogSlate:Warning: Failed to load font data from '../../../Engine/Content/Editor/Slate/Fonts/Roboto-Regular.ttf'
[2015.06.12-03.37.46:164][  0]LogSlate:Warning: Failed to load font data from '../../../Engine/Content/Editor/Slate/Fonts/Roboto-Bold.ttf'
[2015.06.12-03.37.46:169][  0]LogConsoleResponse:Display: 
[2015.06.12-03.37.46:300][  0]LogCook:Display: Done creating registry. It took  0.00s.
[2015.06.12-03.37.46:448][  0]SourceControl: Info Source control is disabled
[2015.06.12-03.37.46:448][  0]Cmd: MAP LOAD FILE="D:/CRX [06-11-15] - Copy/CanadianRacing/Content/Levels/example_map.umap" TEMPLATE=0 SHOWPROGRESS=1 FEATURELEVEL=3
[2015.06.12-03.37.46:450][  0]LightingResults: New page: Lighting Build
[2015.06.12-03.37.46:463][  0]MapCheck: New page: Map Check
[2015.06.12-03.37.46:463][  0]LightingResults: New page: Lighting Build
[2015.06.12-03.37.46:470][  0]LogParticles: Destroying 0 GPU particle simulations for FXSystem 0x000000001104A520
[2015.06.12-03.37.47:179][  0]LogLinker:Warning: Can't find file '/Game/Vehicles/Lists/Enum_RaceState'
[2015.06.12-03.37.47:179][  0]LogLinker:Warning: Can't find file for asset '/Game/Vehicles/Lists/Enum_RaceState' while loading D:/CRX [06-11-15] - Copy/CanadianRacing/Content/UI/Game/UMG_Game.uasset.
[2015.06.12-03.37.47:179][  0]LoadErrors:Error: Error /Game/UI/Game/UMG_Game : Can't find file for asset. /Game/Vehicles/Lists/Enum_RaceState
[2015.06.12-03.37.47:181][  0]LogLinker:Warning: Can't find file '/Game/Vehicles/Lists/Enum_RaceState'
[2015.06.12-03.37.47:181][  0]LogLinker:Warning: Can't find file for asset '/Game/Vehicles/Lists/Enum_RaceState' while loading D:/CRX [06-11-15] - Copy/CanadianRacing/Content/UI/Game/UMG_Game.uasset.
[2015.06.12-03.37.47:181][  0]LoadErrors:Error: Error /Game/UI/Game/UMG_Game : Can't find file for asset. /Game/Vehicles/Lists/Enum_RaceState
[2015.06.12-03.37.47:248][  0]LogLinker:Warning: Can't find file '/Game/Vehicles/Lists/Enum_RaceState'
[2015.06.12-03.37.47:248][  0]LogLinker:Warning: Can't find file for asset '/Game/Vehicles/Lists/Enum_RaceState' while loading D:/CRX [06-11-15] - Copy/CanadianRacing/Content/UI/Menus/PauseMenu/UMG_Pause.uasset.
[2015.06.12-03.37.47:248][  0]LoadErrors:Error: Error /Game/UI/Menus/PauseMenu/UMG_Pause : Can't find file for asset. /Game/Vehicles/Lists/Enum_RaceState
[2015.06.12-03.37.47:248][  0]LogLinker:Warning: Can't find file '/Game/Vehicles/Lists/Enum_RaceState'
[2015.06.12-03.37.47:249][  0]LogLinker:Warning: Can't find file for asset '/Game/Vehicles/Lists/Enum_RaceState' while loading D:/CRX [06-11-15] - Copy/CanadianRacing/Content/UI/Menus/PauseMenu/UMG_Pause.uasset.
[2015.06.12-03.37.47:249][  0]LoadErrors:Error: Error /Game/UI/Menus/PauseMenu/UMG_Pause : Can't find file for asset. /Game/Vehicles/Lists/Enum_RaceState
[2015.06.12-03.37.47:252][  0]LogLinker:Warning: Can't find file '/Game/Vehicles/Lists/Enum_RaceState'
[2015.06.12-03.37.47:252][  0]LoadErrors: Info Failed to load /Game/Blueprints/BP_CanoeAI.BP_CanoeAI_C Referenced by K2Node_Select_5
[2015.06.12-03.37.47:252][  0]LogLinker:Warning: Can't find file for asset '/Game/Vehicles/Lists/Enum_RaceState' while loading D:/CRX [06-11-15] - Copy/CanadianRacing/Content/UI/Menus/PauseMenu/UMG_Pause.uasset.
[2015.06.12-03.37.47:253][  0]LoadErrors: Info Failed to load /Game/Blueprints/BP_CanoeAI.BP_CanoeAI_C Referenced by K2Node_Select_5
[2015.06.12-03.37.47:253][  0]LoadErrors:Error: Error /Game/UI/Menus/PauseMenu/UMG_Pause : Can't find file for asset. /Game/Vehicles/Lists/Enum_RaceState
[2015.06.12-03.37.47:253][  0]LogLinker:Warning: Can't find file '/Game/Vehicles/Lists/Enum_RaceState'
[2015.06.12-03.37.47:253][  0]LoadErrors: Info Failed to load /Game/Blueprints/BP_CanoeAI.BP_CanoeAI_C Referenced by K2Node_Select_5
[2015.06.12-03.37.47:253][  0]LogLinker:Warning: Can't find file for asset '/Game/Vehicles/Lists/Enum_RaceState' while loading D:/CRX [06-11-15] - Copy/CanadianRacing/Content/UI/Menus/PauseMenu/UMG_Pause.uasset.
[2015.06.12-03.37.47:253][  0]LoadErrors: Info Failed to load /Game/Blueprints/BP_CanoeAI.BP_CanoeAI_C Referenced by K2Node_Select_5
[2015.06.12-03.37.47:253][  0]LoadErrors:Error: Error /Game/UI/Menus/PauseMenu/UMG_Pause : Can't find file for asset. /Game/Vehicles/Lists/Enum_RaceState
[2015.06.12-03.37.47:254][  0]LogLinker:Warning: Can't find file '/Game/Vehicles/Lists/Enum_RaceState'
[2015.06.12-03.37.47:254][  0]LoadErrors: Info Failed to load /Game/Blueprints/BP_CanoeAI.BP_CanoeAI_C Referenced by EdGraphPin_3139
[2015.06.12-03.37.47:254][  0]LogLinker:Warning: Can't find file for asset '/Game/Vehicles/Lists/Enum_RaceState' while loading D:/CRX [06-11-15] - Copy/CanadianRacing/Content/UI/Menus/PauseMenu/UMG_Pause.uasset.
[2015.06.12-03.37.47:254][  0]LoadErrors: Info Failed to load /Game/Blueprints/BP_CanoeAI.BP_CanoeAI_C Referenced by EdGraphPin_3139
[2015.06.12-03.37.47:254][  0]LoadErrors:Error: Error /Game/UI/Menus/PauseMenu/UMG_Pause : Can't find file for asset. /Game/Vehicles/Lists/Enum_RaceState
[2015.06.12-03.37.47:254][  0]LogLinker:Warning: Can't find file '/Game/Vehicles/Lists/Enum_RaceState'
[2015.06.12-03.37.47:254][  0]LoadErrors: Info Failed to load /Game/Blueprints/BP_CanoeAI.BP_CanoeAI_C Referenced by EdGraphPin_54487
[2015.06.12-03.37.47:254][  0]LogLinker:Warning: Can't find file for asset '/Game/Vehicles/Lists/Enum_RaceState' while loading D:/CRX [06-11-15] - Copy/CanadianRacing/Content/UI/Menus/PauseMenu/UMG_Pause.uasset.
[2015.06.12-03.37.47:255][  0]LoadErrors: Info Failed to load /Game/Blueprints/BP_CanoeAI.BP_CanoeAI_C Referenced by EdGraphPin_54487
[2015.06.12-03.37.47:255][  0]LoadErrors:Error: Error /Game/UI/Menus/PauseMenu/UMG_Pause : Can't find file for asset. /Game/Vehicles/Lists/Enum_RaceState
[2015.06.12-03.37.47:255][  0]LogLinker:Warning: Can't find file '/Game/Vehicles/Lists/Enum_RaceState'
[2015.06.12-03.37.47:255][  0]LoadErrors: Info Failed to load /Game/Blueprints/BP_CanoeAI.BP_CanoeAI_C Referenced by EdGraphPin_54517
[2015.06.12-03.37.47:255][  0]LogLinker:Warning: Can't find file for asset '/Game/Vehicles/Lists/Enum_RaceState' while loading D:/CRX [06-11-15] - Copy/CanadianRacing/Content/UI/Menus/PauseMenu/UMG_Pause.uasset.
[2015.06.12-03.37.47:256][  0]LoadErrors: Info Failed to load /Game/Blueprints/BP_CanoeAI.BP_CanoeAI_C Referenced by EdGraphPin_54517
[2015.06.12-03.37.47:256][  0]LoadErrors:Error: Error /Game/UI/Menus/PauseMenu/UMG_Pause : Can't find file for asset. /Game/Vehicles/Lists/Enum_RaceState
[2015.06.12-03.37.47:256][  0]LogLinker:Warning: Can't find file '/Game/Vehicles/Lists/Enum_RaceState'
[2015.06.12-03.37.47:256][  0]LoadErrors: Info Failed to load /Game/Blueprints/BP_CanoeAI.BP_CanoeAI_C Referenced by EdGraphPin_3164
[2015.06.12-03.37.47:256][  0]LogLinker:Warning: Can't find file for asset '/Game/Vehicles/Lists/Enum_RaceState' while loading D:/CRX [06-11-15] - Copy/CanadianRacing/Content/UI/Menus/PauseMenu/UMG_Pause.uasset.
[2015.06.12-03.37.47:256][  0]LoadErrors: Info Failed to load /Game/Blueprints/BP_CanoeAI.BP_CanoeAI_C Referenced by EdGraphPin_3164
[2015.06.12-03.37.47:256][  0]LoadErrors:Error: Error /Game/UI/Menus/PauseMenu/UMG_Pause : Can't find file for asset. /Game/Vehicles/Lists/Enum_RaceState
[2015.06.12-03.37.47:257][  0]LogLinker:Warning: Can't find file '/Game/Vehicles/Lists/Enum_RaceState'
[2015.06.12-03.37.47:257][  0]LoadErrors: Info Failed to load /Game/Blueprints/BP_CanoeAI.BP_CanoeAI_C Referenced by EdGraphPin_3165
[2015.06.12-03.37.47:257][  0]LogLinker:Warning: Can't find file for asset '/Game/Vehicles/Lists/Enum_RaceState' while loading D:/CRX [06-11-15] - Copy/CanadianRacing/Content/UI/Menus/PauseMenu/UMG_Pause.uasset.
[2015.06.12-03.37.47:257][  0]LoadErrors: Info Failed to load /Game/Blueprints/BP_CanoeAI.BP_CanoeAI_C Referenced by EdGraphPin_3165
[2015.06.12-03.37.47:257][  0]LoadErrors:Error: Error /Game/UI/Menus/PauseMenu/UMG_Pause : Can't find file for asset. /Game/Vehicles/Lists/Enum_RaceState
[2015.06.12-03.37.48:398][  0]LogBlueprint:Warning: [compiler] Warning InputAction Event references unknown Action 'OpenInGameMenu' for  InputAction OpenInGameMenu 
[2015.06.12-03.37.48:404][  0]LogBlueprint:Warning: [compiler] Warning [0013.20] Compile of MyPlayerController successful, but with 1 Warning(s) [in 22 ms]
[2015.06.12-03.37.48:405][  0]LogBlueprint:Warning: [compiler] Warning [0013.20] Compile of MyPlayerController successful, but with 2 Warning(s) [in 0 ms]
[2015.06.12-03.37.48:405][  0]LogBlueprint:Warning: [compiler] Warning [0013.20] Compile of MyPlayerController successful, but with 3 Warning(s) [in 0 ms]
[2015.06.12-03.37.48:405][  0]LogBlueprint:Warning: [compiler] Warning [0013.20] Compile of MyPlayerController successful, but with 4 Warning(s) [in 0 ms]
[2015.06.12-03.37.48:989][  0]LogBlueprint:Warning: [compiler] Warning InputAction Event references unknown Action 'OpenInGameMenu' for  InputAction OpenInGameMenu 
[2015.06.12-03.37.48:996][  0]LogBlueprint:Warning: [compiler] Warning [0013.79] Compile of MyPlayerController successful, but with 1 Warning(s) [in 22 ms]
[2015.06.12-03.37.48:996][  0]LogBlueprint:Warning: [compiler] Warning [0013.79] Compile of MyPlayerController successful, but with 2 Warning(s) [in 0 ms]
[2015.06.12-03.37.49:966][  0]LogLinker:Warning: Can't find file '/Game/Vehicles/BP_Vehicle'
[2015.06.12-03.37.49:967][  0]LogLinker:Warning: Can't find file for asset '/Game/Vehicles/BP_Vehicle' while loading D:/CRX [06-11-15] - Copy/CanadianRacing/Content/Blueprints/BP_PenguinMissilePickup.uasset.
[2015.06.12-03.37.49:967][  0]LoadErrors:Error: Error /Game/Blueprints/BP_PenguinMissilePickup : Can't find file for asset. /Game/Vehicles/BP_Vehicle
[2015.06.12-03.37.49:971][  0]LogLinker:Warning: Can't find file '/Game/Vehicles/BP_Vehicle'
[2015.06.12-03.37.49:971][  0]LogLinker:Warning: Can't find file for asset '/Game/Vehicles/BP_Vehicle' while loading D:/CRX [06-11-15] - Copy/CanadianRacing/Content/Blueprints/BP_PenguinMissilePickup.uasset.
[2015.06.12-03.37.49:971][  0]LoadErrors:Error: Error /Game/Blueprints/BP_PenguinMissilePickup : Can't find file for asset. /Game/Vehicles/BP_Vehicle
[2015.06.12-03.37.49:972][  0]LogLinker:Warning: Can't find file '/Game/Vehicles/BP_Vehicle'
[2015.06.12-03.37.49:972][  0]LogLinker:Warning: Can't find file for asset '/Game/Vehicles/BP_Vehicle' while loading D:/CRX [06-11-15] - Copy/CanadianRacing/Content/Blueprints/BP_PenguinCDReducPickup.uasset.
[2015.06.12-03.37.49:973][  0]LoadErrors:Error: Error /Game/Blueprints/BP_PenguinCDReducPickup : Can't find file for asset. /Game/Vehicles/BP_Vehicle
[2015.06.12-03.37.49:973][  0]LogLinker:Warning: Can't find file '/Game/Vehicles/BP_Vehicle'
[2015.06.12-03.37.49:973][  0]LogLinker:Warning: Can't find file for asset '/Game/Vehicles/BP_Vehicle' while loading D:/CRX [06-11-15] - Copy/CanadianRacing/Content/Blueprints/BP_PenguinCDReducPickup.uasset.
[2015.06.12-03.37.49:973][  0]LoadErrors:Error: Error /Game/Blueprints/BP_PenguinCDReducPickup : Can't find file for asset. /Game/Vehicles/BP_Vehicle
[2015.06.12-03.37.49:973][  0]LogLinker:Warning: Can't find file '/Game/Vehicles/BP_Vehicle'
[2015.06.12-03.37.49:973][  0]LogLinker:Warning: Can't find file for asset '/Game/Vehicles/BP_Vehicle' while loading D:/CRX [06-11-15] - Copy/CanadianRacing/Content/Blueprints/BP_PenguinCDReducPickup.uasset.
[2015.06.12-03.37.49:973][  0]LoadErrors:Error: Error /Game/Blueprints/BP_PenguinCDReducPickup : Can't find file for asset. /Game/Vehicles/BP_Vehicle
[2015.06.12-03.37.49:979][  0]LogLinker:Warning: Can't find file '/Game/Vehicles/BP_Vehicle'
[2015.06.12-03.37.49:979][  0]LoadErrors: Info Failed to load /Game/Vehicles/BP_Vehicle.BP_Vehicle_C Referenced by K2Node_DynamicCast_656
[2015.06.12-03.37.49:979][  0]LogLinker:Warning: Can't find file for asset '/Game/Vehicles/BP_Vehicle' while loading D:/CRX [06-11-15] - Copy/CanadianRacing/Content/Blueprints/BP_PenguinCDReducPickup.uasset.
[2015.06.12-03.37.49:980][  0]LoadErrors: Info Failed to load /Game/Vehicles/BP_Vehicle.BP_Vehicle_C Referenced by K2Node_DynamicCast_656
[2015.06.12-03.37.49:980][  0]LoadErrors:Error: Error /Game/Blueprints/BP_PenguinCDReducPickup : Can't find file for asset. /Game/Vehicles/BP_Vehicle
[2015.06.12-03.37.49:980][  0]LogLinker:Warning: Can't find file '/Game/Vehicles/BP_Vehicle'
[2015.06.12-03.37.49:980][  0]LoadErrors: Info Failed to load /Game/Vehicles/BP_Vehicle.BP_Vehicle_C Referenced by EdGraphPin_41172
[2015.06.12-03.37.49:981][  0]LogLinker:Warning: Can't find file for asset '/Game/Vehicles/BP_Vehicle' while loading D:/CRX [06-11-15] - Copy/CanadianRacing/Content/Blueprints/BP_PenguinCDReducPickup.uasset.
[2015.06.12-03.37.49:981][  0]LoadErrors: Info Failed to load /Game/Vehicles/BP_Vehicle.BP_Vehicle_C Referenced by EdGraphPin_41172
[2015.06.12-03.37.49:981][  0]LoadErrors:Error: Error /Game/Blueprints/BP_PenguinCDReducPickup : Can't find file for asset. /Game/Vehicles/BP_Vehicle
[2015.06.12-03.37.49:981][  0]LogLinker:Warning: Can't find file '/Game/Vehicles/BP_Vehicle'
[2015.06.12-03.37.49:981][  0]LoadErrors: Info Failed to load /Game/Vehicles/BP_Vehicle.BP_Vehicle_C Referenced by K2Node_CallFunction_4459
[2015.06.12-03.37.49:981][  0]LogLinker:Warning: Can't find file for asset '/Game/Vehicles/BP_Vehicle' while loading D:/CRX [06-11-15] - Copy/CanadianRacing/Content/Blueprints/BP_PenguinCDReducPickup.uasset.
[2015.06.12-03.37.49:981][  0]LoadErrors: Info Failed to load /Game/Vehicles/BP_Vehicle.BP_Vehicle_C Referenced by K2Node_CallFunction_4459
[2015.06.12-03.37.49:981][  0]LoadErrors:Error: Error /Game/Blueprints/BP_PenguinCDReducPickup : Can't find file for asset. /Game/Vehicles/BP_Vehicle
[2015.06.12-03.37.49:982][  0]LogLinker:Warning: Can't find file '/Game/Vehicles/BP_Vehicle'
[2015.06.12-03.37.49:982][  0]LoadErrors: Info Failed to load /Game/Vehicles/BP_Vehicle.BP_Vehicle_C Referenced by EdGraphPin_41188
[2015.06.12-03.37.49:982][  0]LogLinker:Warning: Can't find file for asset '/Game/Vehicles/BP_Vehicle' while loading D:/CRX [06-11-15] - Copy/CanadianRacing/Content/Blueprints/BP_PenguinCDReducPickup.uasset.
[2015.06.12-03.37.49:982][  0]LoadErrors: Info Failed to load /Game/Vehicles/BP_Vehicle.BP_Vehicle_C Referenced by EdGraphPin_41188
[2015.06.12-03.37.49:982][  0]LoadErrors:Error: Error /Game/Blueprints/BP_PenguinCDReducPickup : Can't find file for asset. /Game/Vehicles/BP_Vehicle
[2015.06.12-03.37.50:020][  0]LogBlueprint:Warning: [compiler] Warning Could not find a function named "IncrementPenguinAmmo" in 'BP_PenguinMissilePickup'.
Make sure 'BP_PenguinMissilePickup' has been compiled for  Increment Penguin Ammo 
[2015.06.12-03.37.50:024][  0]LogBlueprint:Error: [compiler] Error ' Target ' must have a connection.
[2015.06.12-03.37.50:032][  0]LogBlueprint:Warning: [compiler] Warning [0014.83] Compile of BP_PenguinMissilePickup failed. 1 Fatal Issue(s) 1 Warning(s) [in 26 ms]
[2015.06.12-03.37.50:032][  0]LogBlueprint:Warning: [compiler] Warning [0014.83] Compile of BP_PenguinMissilePickup failed. 1 Fatal Issue(s) 2 Warning(s) [in 0 ms]
[2015.06.12-03.37.50:032][  0]LogBlueprint:Warning: [compiler] Warning [0014.83] Compile of BP_PenguinMissilePickup failed. 1 Fatal Issue(s) 3 Warning(s) [in 0 ms]
[2015.06.12-03.37.50:032][  0]LogBlueprint:Warning: [compiler] Warning [0014.83] Compile of BP_PenguinMissilePickup failed. 1 Fatal Issue(s) 4 Warning(s) [in 0 ms]
[2015.06.12-03.37.50:032][  0]LogLinker:Warning: Can't find file '/Game/Vehicles/BP_Vehicle'
[2015.06.12-03.37.50:033][  0]LogLinker:Warning: Can't find file for asset '/Game/Vehicles/BP_Vehicle' while loading D:/CRX [06-11-15] - Copy/CanadianRacing/Content/Blueprints/BP_PenguinCDReducPickup.uasset.
[2015.06.12-03.37.50:033][  0]LoadErrors:Error: Error /Game/Blueprints/BP_PenguinCDReducPickup : Can't find file for asset. /Game/Vehicles/BP_Vehicle
[2015.06.12-03.37.50:040][  0]LogLinker:Warning: Can't find file '/Game/Vehicles/BP_Vehicle'
[2015.06.12-03.37.50:040][  0]LogLinker:Warning: Can't find file for asset '/Game/Vehicles/BP_Vehicle' while loading D:/CRX [06-11-15] - Copy/CanadianRacing/Content/Blueprints/BP_PenguinCDReducPickup.uasset.
[2015.06.12-03.37.50:040][  0]LoadErrors:Error: Error /Game/Blueprints/BP_PenguinCDReducPickup : Can't find file for asset. /Game/Vehicles/BP_Vehicle
[2015.06.12-03.37.50:042][  0]LogLinker:Warning: Can't find file '/Game/Vehicles/BP_Vehicle'
[2015.06.12-03.37.50:042][  0]LogLinker:Warning: Can't find file for asset '/Game/Vehicles/BP_Vehicle' while loading D:/CRX [06-11-15] - Copy/CanadianRacing/Content/Levels/example_map.umap.
[2015.06.12-03.37.50:042][  0]LoadErrors:Error: Error /Game/Levels/example_map : Can't find file for asset. /Game/Vehicles/BP_Vehicle
[2015.06.12-03.37.50:043][  0]LogLinker:Warning: Can't find file '/Game/Vehicles/BP_Vehicle'
[2015.06.12-03.37.50:043][  0]LogLinker:Warning: Can't find file for asset '/Game/Vehicles/BP_Vehicle' while loading D:/CRX [06-11-15] - Copy/CanadianRacing/Content/Levels/example_map.umap.
[2015.06.12-03.37.50:043][  0]LoadErrors:Error: Error /Game/Levels/example_map : Can't find file for asset. /Game/Vehicles/BP_Vehicle
[2015.06.12-03.37.50:043][  0]LogLinker:Warning: Can't find file '/Game/Vehicles/BP_Vehicle'
[2015.06.12-03.37.50:043][  0]LogLinker:Warning: Can't find file for asset '/Game/Vehicles/BP_Vehicle' while loading D:/CRX [06-11-15] - Copy/CanadianRacing/Content/Levels/example_map.umap.
[2015.06.12-03.37.50:043][  0]LoadErrors:Error: Error /Game/Levels/example_map : Can't find file for asset. /Game/Vehicles/BP_Vehicle
[2015.06.12-03.37.50:050][  0]LogLinker:Warning: Can't find file '/Game/Vehicles/BP_Vehicle'
[2015.06.12-03.37.50:050][  0]LoadErrors: Info Failed to load /Game/Vehicles/BP_Vehicle.BP_Vehicle_C Referenced by K2Node_DynamicCast_656
[2015.06.12-03.37.50:050][  0]LogLinker:Warning: Can't find file for asset '/Game/Vehicles/BP_Vehicle' while loading D:/CRX [06-11-15] - Copy/CanadianRacing/Content/Levels/example_map.umap.
[2015.06.12-03.37.50:050][  0]LoadErrors: Info Failed to load /Game/Vehicles/BP_Vehicle.BP_Vehicle_C Referenced by K2Node_DynamicCast_656
[2015.06.12-03.37.50:050][  0]LoadErrors:Error: Error /Game/Levels/example_map : Can't find file for asset. /Game/Vehicles/BP_Vehicle
[2015.06.12-03.37.50:051][  0]LogLinker:Warning: Can't find file '/Game/Vehicles/BP_Vehicle'
[2015.06.12-03.37.50:051][  0]LoadErrors: Info Failed to load /Game/Vehicles/BP_Vehicle.BP_Vehicle_C Referenced by EdGraphPin_41199
[2015.06.12-03.37.50:051][  0]LogLinker:Warning: Can't find file for asset '/Game/Vehicles/BP_Vehicle' while loading D:/CRX [06-11-15] - Copy/CanadianRacing/Content/Levels/example_map.umap.
[2015.06.12-03.37.50:051][  0]LoadErrors: Info Failed to load /Game/Vehicles/BP_Vehicle.BP_Vehicle_C Referenced by EdGraphPin_41199
[2015.06.12-03.37.50:051][  0]LoadErrors:Error: Error /Game/Levels/example_map : Can't find file for asset. /Game/Vehicles/BP_Vehicle
[2015.06.12-03.37.50:051][  0]LogLinker:Warning: Can't find file '/Game/Vehicles/BP_Vehicle'
[2015.06.12-03.37.50:051][  0]LoadErrors: Info Failed to load /Game/Vehicles/BP_Vehicle.BP_Vehicle_C Referenced by K2Node_CallFunction_4459
[2015.06.12-03.37.50:052][  0]LogLinker:Warning: Can't find file for asset '/Game/Vehicles/BP_Vehicle' while loading D:/CRX [06-11-15] - Copy/CanadianRacing/Content/Levels/example_map.umap.
[2015.06.12-03.37.50:052][  0]LoadErrors: Info Failed to load /Game/Vehicles/BP_Vehicle.BP_Vehicle_C Referenced by K2Node_CallFunction_4459
[2015.06.12-03.37.50:052][  0]LoadErrors:Error: Error /Game/Levels/example_map : Can't find file for asset. /Game/Vehicles/BP_Vehicle
[2015.06.12-03.37.50:052][  0]LogLinker:Warning: Can't find file '/Game/Vehicles/BP_Vehicle'
[2015.06.12-03.37.50:052][  0]LoadErrors: Info Failed to load /Game/Vehicles/BP_Vehicle.BP_Vehicle_C Referenced by EdGraphPin_41215
[2015.06.12-03.37.50:052][  0]LogLinker:Warning: Can't find file for asset '/Game/Vehicles/BP_Vehicle' while loading D:/CRX [06-11-15] - Copy/CanadianRacing/Content/Levels/example_map.umap.
[2015.06.12-03.37.50:052][  0]LoadErrors: Info Failed to load /Game/Vehicles/BP_Vehicle.BP_Vehicle_C Referenced by EdGraphPin_41215
[2015.06.12-03.37.50:052][  0]LoadErrors:Error: Error /Game/Levels/example_map : Can't find file for asset. /Game/Vehicles/BP_Vehicle
[2015.06.12-03.37.50:091][  0]LogBlueprint:Warning: [compiler] Warning Could not find a function named "IncrementPenguinAmmo" in 'BP_PenguinCDReducPickup'.
Make sure 'BP_PenguinCDReducPickup' has been compiled for  Increment Penguin Ammo 
[2015.06.12-03.37.50:096][  0]LogBlueprint:Error: [compiler] Error ' Target ' must have a connection.
[2015.06.12-03.37.50:104][  0]LogBlueprint:Warning: [compiler] Warning [0014.90] Compile of BP_PenguinCDReducPickup failed. 1 Fatal Issue(s) 1 Warning(s) [in 28 ms]
[2015.06.12-03.37.50:104][  0]LogBlueprint:Warning: [compiler] Warning [0014.90] Compile of BP_PenguinCDReducPickup failed. 1 Fatal Issue(s) 2 Warning(s) [in 0 ms]
[2015.06.12-03.37.50:104][  0]LogBlueprint:Warning: [compiler] Warning [0014.90] Compile of BP_PenguinCDReducPickup failed. 1 Fatal Issue(s) 3 Warning(s) [in 0 ms]
[2015.06.12-03.37.50:104][  0]LogBlueprint:Warning: [compiler] Warning [0014.90] Compile of BP_PenguinCDReducPickup failed. 1 Fatal Issue(s) 4 Warning(s) [in 0 ms]
[2015.06.12-03.37.50:109][  0]LogLinker:Warning: Can't find file '/Game/Vehicles/BP_Vehicle'
[2015.06.12-03.37.50:109][  0]LogLinker:Warning: Can't find file for asset '/Game/Vehicles/BP_Vehicle' while loading D:/CRX [06-11-15] - Copy/CanadianRacing/Content/Blueprints/BP_PenguinSuicidePickup.uasset.
[2015.06.12-03.37.50:109][  0]LoadErrors:Error: Error /Game/Blueprints/BP_PenguinSuicidePickup : Can't find file for asset. /Game/Vehicles/BP_Vehicle
[2015.06.12-03.37.50:117][  0]LogLinker:Warning: Can't find file '/Game/Vehicles/BP_Vehicle'
[2015.06.12-03.37.50:117][  0]LogLinker:Warning: Can't find file for asset '/Game/Vehicles/BP_Vehicle' while loading D:/CRX [06-11-15] - Copy/CanadianRacing/Content/Blueprints/BP_PenguinSuicidePickup.uasset.
[2015.06.12-03.37.50:118][  0]LoadErrors:Error: Error /Game/Blueprints/BP_PenguinSuicidePickup : Can't find file for asset. /Game/Vehicles/BP_Vehicle
[2015.06.12-03.37.50:119][  0]LogLinker:Warning: Can't find file '/Game/Vehicles/BP_Vehicle'
[2015.06.12-03.37.50:119][  0]LogLinker:Warning: Can't find file for asset '/Game/Vehicles/BP_Vehicle' while loading D:/CRX [06-11-15] - Copy/CanadianRacing/Content/Levels/example_map.umap.
[2015.06.12-03.37.50:120][  0]LoadErrors:Error: Error /Game/Levels/example_map : Can't find file for asset. /Game/Vehicles/BP_Vehicle
[2015.06.12-03.37.50:120][  0]LogLinker:Warning: Can't find file '/Game/Vehicles/BP_Vehicle'
[2015.06.12-03.37.50:120][  0]LogLinker:Warning: Can't find file for asset '/Game/Vehicles/BP_Vehicle' while loading D:/CRX [06-11-15] - Copy/CanadianRacing/Content/Levels/example_map.umap.
[2015.06.12-03.37.50:120][  0]LoadErrors:Error: Error /Game/Levels/example_map : Can't find file for asset. /Game/Vehicles/BP_Vehicle
[2015.06.12-03.37.50:120][  0]LogLinker:Warning: Can't find file '/Game/Vehicles/BP_Vehicle'
[2015.06.12-03.37.50:120][  0]LogLinker:Warning: Can't find file for asset '/Game/Vehicles/BP_Vehicle' while loading D:/CRX [06-11-15] - Copy/CanadianRacing/Content/Levels/example_map.umap.
[2015.06.12-03.37.50:120][  0]LoadErrors:Error: Error /Game/Levels/example_map : Can't find file for asset. /Game/Vehicles/BP_Vehicle
[2015.06.12-03.37.50:126][  0]LogLinker:Warning: Can't find file '/Game/Vehicles/BP_Vehicle'
[2015.06.12-03.37.50:126][  0]LoadErrors: Info Failed to load /Game/Vehicles/BP_Vehicle.BP_Vehicle_C Referenced by K2Node_DynamicCast_656
[2015.06.12-03.37.50:126][  0]LogLinker:Warning: Can't find file for asset '/Game/Vehicles/BP_Vehicle' while loading D:/CRX [06-11-15] - Copy/CanadianRacing/Content/Levels/example_map.umap.
[2015.06.12-03.37.50:126][  0]LoadErrors: Info Failed to load /Game/Vehicles/BP_Vehicle.BP_Vehicle_C Referenced by K2Node_DynamicCast_656
[2015.06.12-03.37.50:126][  0]LoadErrors:Error: Error /Game/Levels/example_map : Can't find file for asset. /Game/Vehicles/BP_Vehicle
[2015.06.12-03.37.50:127][  0]LogLinker:Warning: Can't find file '/Game/Vehicles/BP_Vehicle'
[2015.06.12-03.37.50:127][  0]LoadErrors: Info Failed to load /Game/Vehicles/BP_Vehicle.BP_Vehicle_C Referenced by EdGraphPin_41226
[2015.06.12-03.37.50:127][  0]LogLinker:Warning: Can't find file for asset '/Game/Vehicles/BP_Vehicle' while loading D:/CRX [06-11-15] - Copy/CanadianRacing/Content/Levels/example_map.umap.
[2015.06.12-03.37.50:127][  0]LoadErrors: Info Failed to load /Game/Vehicles/BP_Vehicle.BP_Vehicle_C Referenced by EdGraphPin_41226
[2015.06.12-03.37.50:128][  0]LoadErrors:Error: Error /Game/Levels/example_map : Can't find file for asset. /Game/Vehicles/BP_Vehicle
[2015.06.12-03.37.50:128][  0]LogLinker:Warning: Can't find file '/Game/Vehicles/BP_Vehicle'
[2015.06.12-03.37.50:128][  0]LoadErrors: Info Failed to load /Game/Vehicles/BP_Vehicle.BP_Vehicle_C Referenced by K2Node_CallFunction_4459
[2015.06.12-03.37.50:128][  0]LogLinker:Warning: Can't find file for asset '/Game/Vehicles/BP_Vehicle' while loading D:/CRX [06-11-15] - Copy/CanadianRacing/Content/Levels/example_map.umap.
[2015.06.12-03.37.50:128][  0]LoadErrors: Info Failed to load /Game/Vehicles/BP_Vehicle.BP_Vehicle_C Referenced by K2Node_CallFunction_4459
[2015.06.12-03.37.50:128][  0]LoadErrors:Error: Error /Game/Levels/example_map : Can't find file for asset. /Game/Vehicles/BP_Vehicle
[2015.06.12-03.37.50:128][  0]LogLinker:Warning: Can't find file '/Game/Vehicles/BP_Vehicle'
[2015.06.12-03.37.50:129][  0]LoadErrors: Info Failed to load /Game/Vehicles/BP_Vehicle.BP_Vehicle_C Referenced by EdGraphPin_41242
[2015.06.12-03.37.50:129][  0]LogLinker:Warning: Can't find file for asset '/Game/Vehicles/BP_Vehicle' while loading D:/CRX [06-11-15] - Copy/CanadianRacing/Content/Levels/example_map.umap.
[2015.06.12-03.37.50:129][  0]LoadErrors: Info Failed to load /Game/Vehicles/BP_Vehicle.BP_Vehicle_C Referenced by EdGraphPin_41242
[2015.06.12-03.37.50:129][  0]LoadErrors:Error: Error /Game/Levels/example_map : Can't find file for asset. /Game/Vehicles/BP_Vehicle
[2015.06.12-03.37.50:168][  0]LogBlueprint:Warning: [compiler] Warning Could not find a function named "IncrementPenguinAmmo" in 'BP_PenguinSuicidePickup'.
Make sure 'BP_PenguinSuicidePickup' has been compiled for  Increment Penguin Ammo 
[2015.06.12-03.37.50:172][  0]LogBlueprint:Error: [compiler] Error ' Target ' must have a connection.
[2015.06.12-03.37.50:180][  0]LogBlueprint:Warning: [compiler] Warning [0014.98] Compile of BP_PenguinSuicidePickup failed. 1 Fatal Issue(s) 1 Warning(s) [in 27 ms]
[2015.06.12-03.37.50:180][  0]LogBlueprint:Warning: [compiler] Warning [0014.98] Compile of BP_PenguinSuicidePickup failed. 1 Fatal Issue(s) 2 Warning(s) [in 0 ms]
[2015.06.12-03.37.50:180][  0]LogBlueprint:Warning: [compiler] Warning [0014.98] Compile of BP_PenguinSuicidePickup failed. 1 Fatal Issue(s) 3 Warning(s) [in 0 ms]
[2015.06.12-03.37.50:180][  0]LogBlueprint:Warning: [compiler] Warning [0014.98] Compile of BP_PenguinSuicidePickup failed. 1 Fatal Issue(s) 4 Warning(s) [in 0 ms]
[2015.06.12-03.37.51:041][  0]LogEditorServer: Finished looking for orphan Actors (0.000 secs)
[2015.06.12-03.37.51:130][  0]LogAIModule: Creating AISystem for world example_map
[2015.06.12-03.37.51:131][  0]Cmd: MAP CHECKDEP
[2015.06.12-03.37.51:131][  0]MapCheck: New page: example_map - Jun 11, 2015, 1:37:51 PM
[2015.06.12-03.37.51:235][  0]MapCheck: Info Map check complete: 0 Error(s), 0 Warning(s), took 104.723ms to complete.
[2015.06.12-03.37.51:235][  0]LogFileHelpers: Loading map 'example_map' took 4.787
[2015.06.12-03.37.51:365][  0]LogCollectionManager: Loaded 0 collections in 0.001288 seconds
[2015.06.12-03.37.51:379][  0]LogContentBrowser: Native class hierarchy populated in 0.0141 seconds. Added 1698 classes and 263 folders.
[2015.06.12-03.37.51:412][  0]LogContentBrowser: Native class hierarchy updated for 'SceneOutliner' in 0.0021 seconds. Added 1 classes and 2 folders.
[2015.06.12-03.37.51:467][  0]LogCrashTracker: Crashtracker disabled due to settings.
[2015.06.12-03.37.51:468][  0]LogSlate:Warning: Failed to load font data from 'Veranda'
[2015.06.12-03.37.51:474][  0]LogUObjectGlobals:Warning: Failed to find object 'Class None.'
[2015.06.12-03.37.51:499][  0]LogLoad: Full Startup: 16.30 seconds (BP compile: 1.76 seconds)
[2015.06.12-03.37.51:535][  0]LogContentBrowser:Verbose: The content browser source was changed by the sources view to '/Game/Vehicles/CanoeKart'
[2015.06.12-03.37.51:753][  0]LogRenderer:Warning: Reallocating scene render targets to support 1616x808 (Frame:2).
[2015.06.12-03.37.51:851][  1]Cmd: UpdateLandscapeEditorData -warnings
[2015.06.12-03.37.51:852][  1]Cmd: UpdateLandscapeEditorData
[2015.06.12-03.37.52:617][  9]LogAssetRegistry: Asset discovery search completed in 7.6399 seconds
[2015.06.12-03.38.16:211][390]LogContentBrowser:Verbose: The content browser source was changed by the sources view to 'None'
[2015.06.12-03.38.16:211][390]LogContentBrowser:Verbose: The content browser source was changed by the sources view to '/Game/UI/Game'
[2015.06.12-03.38.19:984][419]LogEnum:Warning: Enum name collision: 'Enum_Vehicle::NewEnumerator0' is in both '/Game/Lists/Enum_Vehicle.Enum_Vehicle' and '/Game/UI/Menus/MainMenu/Enum_Vehicle.Enum_Vehicle'
[2015.06.12-03.38.19:984][419]LogEnum:Warning: Enum name collision: 'Enum_Vehicle::NewEnumerator1' is in both '/Game/Lists/Enum_Vehicle.Enum_Vehicle' and '/Game/UI/Menus/MainMenu/Enum_Vehicle.Enum_Vehicle'
[2015.06.12-03.38.19:984][419]LogEnum:Warning: Enum name collision: 'Enum_Vehicle::NewEnumerator2' is in both '/Game/Lists/Enum_Vehicle.Enum_Vehicle' and '/Game/UI/Menus/MainMenu/Enum_Vehicle.Enum_Vehicle'
[2015.06.12-03.38.19:984][419]LogEnum:Warning: Enum name collision: 'Enum_Vehicle::NewEnumerator3' is in both '/Game/Lists/Enum_Vehicle.Enum_Vehicle' and '/Game/UI/Menus/MainMenu/Enum_Vehicle.Enum_Vehicle'
[2015.06.12-03.38.19:984][419]LogEnum:Warning: Enum name collision: 'Enum_Vehicle::Enum_MAX' is in both '/Game/Lists/Enum_Vehicle.Enum_Vehicle' and '/Game/UI/Menus/MainMenu/Enum_Vehicle.Enum_Vehicle'
[2015.06.12-03.38.19:987][419]LogEnum:Warning: Enum name collision: 'Enum_Levels::NewEnumerator0' is in both '/Game/UI/Menus/MainMenu/Enum_Levels.Enum_Levels' and '/Game/Lists/Enum_Levels.Enum_Levels'
[2015.06.12-03.38.19:987][419]LogEnum:Warning: Enum name collision: 'Enum_Levels::NewEnumerator1' is in both '/Game/UI/Menus/MainMenu/Enum_Levels.Enum_Levels' and '/Game/Lists/Enum_Levels.Enum_Levels'
[2015.06.12-03.38.19:987][419]LogEnum:Warning: Enum name collision: 'Enum_Levels::NewEnumerator2' is in both '/Game/UI/Menus/MainMenu/Enum_Levels.Enum_Levels' and '/Game/Lists/Enum_Levels.Enum_Levels'
[2015.06.12-03.38.19:987][419]LogEnum:Warning: Enum name collision: 'Enum_Levels::NewEnumerator3' is in both '/Game/UI/Menus/MainMenu/Enum_Levels.Enum_Levels' and '/Game/Lists/Enum_Levels.Enum_Levels'
[2015.06.12-03.38.19:987][419]LogEnum:Warning: Enum name collision: 'Enum_Levels::NewEnumerator4' is in both '/Game/UI/Menus/MainMenu/Enum_Levels.Enum_Levels' and '/Game/Lists/Enum_Levels.Enum_Levels'
[2015.06.12-03.38.19:987][419]LogEnum:Warning: Enum name collision: 'Enum_Levels::Enum_MAX' is in both '/Game/UI/Menus/MainMenu/Enum_Levels.Enum_Levels' and '/Game/Lists/Enum_Levels.Enum_Levels'
[2015.06.12-03.38.24:101][657]BlueprintLog: New page: Compile UMG_Game
[2015.06.12-03.38.24:215][657]LogActorComponent: UnregisterComponent: (/Engine/Transient.MovementComp) Not registered. Aborting.
[2015.06.12-03.38.24:333][657]BlueprintEditorCompileResults: Info [0049.13] Compile of UMG_Game successful! [in 232 ms]
[2015.06.12-03.38.32:149][172]LogContentBrowser:Verbose: The content browser source was changed by the sources view to 'None'
[2015.06.12-03.38.32:149][172]LogContentBrowser:Verbose: The content browser source was changed by the sources view to '/Game/UI/Menus/PauseMenu'
[2015.06.12-03.38.36:457][401]BlueprintLog: New page: Compile UMG_Pause
[2015.06.12-03.38.36:577][401]BlueprintEditorCompileResults: Info [0061.37] Compile of UMG_Pause successful! [in 120 ms]
[2015.06.12-03.38.41:523][638]LogContentBrowser:Verbose: The content browser source was changed by the sources view to 'None'
[2015.06.12-03.38.41:523][638]LogContentBrowser:Verbose: The content browser source was changed by the sources view to '/Game/Blueprints'
[2015.06.12-03.38.46:873][878]LogContentBrowser:Verbose: The content browser source was changed by the sources view to 'None'
[2015.06.12-03.38.46:873][878]LogContentBrowser:Verbose: The content browser source was changed by the sources view to '/Game/Blueprints'
[2015.06.12-03.39.34:502][868]BlueprintLog: New page: Compile BP_PenguinMissilePickup
[2015.06.12-03.39.34:529][868]LogBlueprint:Warning: [compiler] Warning Could not find a function named "IncrementPenguinAmmo" in 'BP_PenguinMissilePickup'.
Make sure 'BP_PenguinMissilePickup' has been compiled for  Increment Penguin Ammo 
[2015.06.12-03.39.34:533][868]LogBlueprint:Error: [compiler] Error ' Target ' must have a connection.
[2015.06.12-03.39.34:632][868]LogActorComponent: UnregisterComponent: (/Engine/Transient.ProjectileMovementComponent_0) Not registered. Aborting.
[2015.06.12-03.39.34:632][868]LogActorComponent: UnregisterComponent: (/Engine/Transient.MovementComp) Not registered. Aborting.
[2015.06.12-03.39.34:653][868]LogParticles: Destroying 0 GPU particle simulations for FXSystem 0x0000000021431620
[2015.06.12-03.39.34:653][868]LogParticles: Destroying 0 GPU particle simulations for FXSystem 0x0000000021431F80
[2015.06.12-03.39.34:654][868]LogParticles: Destroying 0 GPU particle simulations for FXSystem 0x0000000018A79580
[2015.06.12-03.39.34:685][868]LogParticles: Destroying 0 GPU particle simulations for FXSystem 0x0000000018A79300
[2015.06.12-03.39.34:685][868]LogBlueprint:Warning: [compiler] Warning [0119.48] Compile of BP_PenguinMissilePickup failed. 1 Fatal Issue(s) 1 Warning(s) [in 183 ms]
[2015.06.12-03.39.34:685][868]BlueprintEditorCompileResults:Warning: Warning Could not find a function named "IncrementPenguinAmmo" in 'BP_PenguinMissilePickup'.
Make sure 'BP_PenguinMissilePickup' has been compiled for  Increment Penguin Ammo 
[2015.06.12-03.39.34:685][868]BlueprintEditorCompileResults:Error: Error ' Target ' must have a connection.
[2015.06.12-03.39.34:685][868]BlueprintEditorCompileResults:Warning: Warning [0119.48] Compile of BP_PenguinMissilePickup failed. 1 Fatal Issue(s) 1 Warning(s) [in 183 ms]
[2015.06.12-03.39.49:228][107]BlueprintLog: New page: Compile BP_PenguinMissilePickup
[2015.06.12-03.39.49:359][107]BlueprintEditorCompileResults: Info [0134.15] Compile of BP_PenguinMissilePickup successful! [in 131 ms]
[2015.06.12-03.40.16:230][380]BlueprintLog: New page: Compile BP_PenguinCDReducPickup
[2015.06.12-03.40.16:342][380]BlueprintEditorCompileResults: Info [0161.13] Compile of BP_PenguinCDReducPickup successful! [in 112 ms]
[2015.06.12-03.40.41:944][573]BlueprintLog: New page: Compile BP_PenguinSuicidePickup
[2015.06.12-03.40.42:055][573]BlueprintEditorCompileResults: Info [0186.84] Compile of BP_PenguinSuicidePickup successful! [in 110 ms]
[2015.06.12-03.40.46:392][763]LogActorComponent: UnregisterComponent: (/Engine/Transient.ProjectileMovementComponent_0) Not registered. Aborting.
[2015.06.12-03.40.46:392][763]LogActorComponent: UnregisterComponent: (/Engine/Transient.MovementComp) Not registered. Aborting.
[2015.06.12-03.40.46:594][763]Cmd: OBJ SAVEPACKAGE PACKAGE="/Game/Levels/example_map" FILE="D:/CRX [06-11-15] - Copy/CanadianRacing/Content/Levels/example_map.umap" SILENT=true AUTOSAVING=false KEEPDIRTY=false
[2015.06.12-03.40.47:147][763]LogSavePackage: Save=519.519531ms
[2015.06.12-03.40.47:147][763]LogSavePackage: Moving 'D:/CRX [06-11-15] - Copy/CanadianRacing/Saved/example_mapE6524EE2425DB7CF903D6291EDF95FFC.tmp' to 'D:/CRX [06-11-15] - Copy/CanadianRacing/Content/Levels/example_map.umap'
[2015.06.12-03.40.47:160][763]LogFileHelpers: Saving map 'example_map' took 0.683
[2015.06.12-03.40.47:187][763]Cmd: OBJ SAVEPACKAGE PACKAGE="/Game/Blueprints/BP_PenguinCDReducPickup" FILE="D:/CRX [06-11-15] - Copy/CanadianRacing/Content/Blueprints/BP_PenguinCDReducPickup.uasset" SILENT=true
[2015.06.12-03.40.47:535][763]LogSavePackage: Save=345.926483ms
[2015.06.12-03.40.47:535][763]LogSavePackage: Moving 'D:/CRX [06-11-15] - Copy/CanadianRacing/Saved/BP_PenguinCDReducPickup2FEA24234BF9E8B318ECCF99DE250A69.tmp' to 'D:/CRX [06-11-15] - Copy/CanadianRacing/Content/Blueprints/BP_PenguinCDReducPickup.uasset'
[2015.06.12-03.40.47:561][763]Cmd: OBJ SAVEPACKAGE PACKAGE="/Game/Blueprints/BP_PenguinMissilePickup" FILE="D:/CRX [06-11-15] - Copy/CanadianRacing/Content/Blueprints/BP_PenguinMissilePickup.uasset" SILENT=true
[2015.06.12-03.40.47:910][763]LogSavePackage: Save=347.091827ms
[2015.06.12-03.40.47:910][763]LogSavePackage: Moving 'D:/CRX [06-11-15] - Copy/CanadianRacing/Saved/BP_PenguinMissilePickup017A2BF6422BBA088ED0E6A560580EDA.tmp' to 'D:/CRX [06-11-15] - Copy/CanadianRacing/Content/Blueprints/BP_PenguinMissilePickup.uasset'
[2015.06.12-03.40.47:938][763]Cmd: OBJ SAVEPACKAGE PACKAGE="/Game/Blueprints/BP_PenguinSuicidePickup" FILE="D:/CRX [06-11-15] - Copy/CanadianRacing/Content/Blueprints/BP_PenguinSuicidePickup.uasset" SILENT=true
[2015.06.12-03.40.48:281][763]LogSavePackage: Save=340.771240ms
[2015.06.12-03.40.48:281][763]LogSavePackage: Moving 'D:/CRX [06-11-15] - Copy/CanadianRacing/Saved/BP_PenguinSuicidePickup38FF2DE4401AFD20D3E1F4B50715F192.tmp' to 'D:/CRX [06-11-15] - Copy/CanadianRacing/Content/Blueprints/BP_PenguinSuicidePickup.uasset'
[2015.06.12-03.40.52:212][835]Cmd: QUIT_EDITOR
[2015.06.12-03.40.52:421][835]LogExit: Preparing to exit.
[2015.06.12-03.40.53:079][835]LogExit: Editor shut down
[2015.06.12-03.40.53:080][835]LogExit: Transaction tracking system shut down
[2015.06.12-03.40.53:082][835]LogParticles: Destroying 0 GPU particle simulations for FXSystem 0x000000001C8258A0
[2015.06.12-03.40.53:083][835]LogParticles: Destroying 0 GPU particle simulations for FXSystem 0x000000002189D3A0
[2015.06.12-03.40.53:083][835]LogParticles: Destroying 0 GPU particle simulations for FXSystem 0x00000000259E6700
[2015.06.12-03.40.53:083][835]LogParticles: Destroying 0 GPU particle simulations for FXSystem 0x0000000027266E80
[2015.06.12-03.40.53:084][835]LogParticles: Destroying 0 GPU particle simulations for FXSystem 0x0000000027266980
[2015.06.12-03.40.53:084][835]LogParticles: Destroying 0 GPU particle simulations for FXSystem 0x000000001895B9C0
[2015.06.12-03.40.53:084][835]LogParticles: Destroying 0 GPU particle simulations for FXSystem 0x0000000025DAB7E0
[2015.06.12-03.40.53:084][835]LogParticles: Destroying 0 GPU particle simulations for FXSystem 0x000000002DC4C400
[2015.06.12-03.40.53:159][835]LogExit: Object subsystem successfully closed.
[2015.06.12-03.40.53:214][835]LogModuleManager: Shutting down and abandoning module SequencerWidgets (181)
[2015.06.12-03.40.53:214][835]LogModuleManager: Shutting down and abandoning module CrashTracker (180)
[2015.06.12-03.40.53:214][835]LogModuleManager: Shutting down and abandoning module SuperSearch (179)
[2015.06.12-03.40.53:214][835]LogModuleManager: Shutting down and abandoning module SceneOutliner (178)
[2015.06.12-03.40.53:214][835]LogModuleManager: Shutting down and abandoning module EditorWidgets (177)
[2015.06.12-03.40.53:214][835]LogModuleManager: Shutting down and abandoning module CollectionManager (176)
[2015.06.12-03.40.53:214][835]LogModuleManager: Shutting down and abandoning module StatsViewer (175)
[2015.06.12-03.40.53:214][835]LogModuleManager: Shutting down and abandoning module FoliageEdit (174)
[2015.06.12-03.40.53:214][835]LogModuleManager: Shutting down and abandoning module LandscapeEditor (173)
[2015.06.12-03.40.53:214][835]LogModuleManager: Shutting down and abandoning module MeshPaint (172)
[2015.06.12-03.40.53:214][835]LogModuleManager: Shutting down and abandoning module ActorPickerMode (171)
[2015.06.12-03.40.53:214][835]LogModuleManager: Shutting down and abandoning module GeometryMode (170)
[2015.06.12-03.40.53:214][835]LogModuleManager: Shutting down and abandoning module TextureAlignMode (169)
[2015.06.12-03.40.53:214][835]LogModuleManager: Shutting down and abandoning module BspMode (168)
[2015.06.12-03.40.53:214][835]LogModuleManager: Shutting down and abandoning module PlacementMode (167)
[2015.06.12-03.40.53:215][835]LogModuleManager: Shutting down and abandoning module AutomationWorker (166)
[2015.06.12-03.40.53:215][835]LogModuleManager: Shutting down and abandoning module CharacterAI (165)
[2015.06.12-03.40.53:215][835]LogModuleManager: Shutting down and abandoning module SmartSnapping (164)
[2015.06.12-03.40.53:215][835]LogModuleManager: Shutting down and abandoning module ViewportSnapping (163)
[2015.06.12-03.40.53:215][835]LogModuleManager: Shutting down and abandoning module LogVisualizer (162)
[2015.06.12-03.40.53:215][835]LogModuleManager: Shutting down and abandoning module GameProjectGeneration (161)
[2015.06.12-03.40.53:215][835]LogModuleManager: Shutting down and abandoning module IntroTutorials (160)
[2015.06.12-03.40.53:215][835]LogModuleManager: Shutting down and abandoning module EditorLiveStreaming (159)
[2015.06.12-03.40.53:215][835]LogModuleManager: Shutting down and abandoning module HardwareTargeting (158)
[2015.06.12-03.40.53:215][835]LogModuleManager: Shutting down and abandoning module DeviceProfileEditor (157)
[2015.06.12-03.40.53:215][835]LogModuleManager: Shutting down and abandoning module UndoHistory (156)
[2015.06.12-03.40.53:215][835]LogModuleManager: Shutting down and abandoning module GameplayTagsEditor (155)
[2015.06.12-03.40.53:215][835]LogModuleManager: Shutting down and abandoning module UserFeedback (154)
[2015.06.12-03.40.53:215][835]LogModuleManager: Shutting down and abandoning module XmlParser (153)
[2015.06.12-03.40.53:215][835]LogModuleManager: Shutting down and abandoning module Blutility (152)
[2015.06.12-03.40.53:215][835]LogModuleManager: Shutting down and abandoning module IOSPlatformEditor (151)
[2015.06.12-03.40.53:215][835]LogModuleManager: Shutting down and abandoning module IOSRuntimeSettings (150)
[2015.06.12-03.40.53:215][835]LogModuleManager: Shutting down and abandoning module AndroidDeviceDetection (149)
[2015.06.12-03.40.54:002][835]LogModuleManager: Shutting down and abandoning module AndroidPlatformEditor (148)
[2015.06.12-03.40.54:002][835]LogModuleManager: Shutting down and abandoning module AndroidRuntimeSettings (147)
[2015.06.12-03.40.54:002][835]LogModuleManager: Shutting down and abandoning module ProjectTargetPlatformEditor (146)
[2015.06.12-03.40.54:002][835]LogModuleManager: Shutting down and abandoning module ProjectSettingsViewer (145)
[2015.06.12-03.40.54:002][835]LogModuleManager: Shutting down and abandoning module InputBindingEditor (144)
[2015.06.12-03.40.54:002][835]LogModuleManager: Shutting down and abandoning module EditorSettingsViewer (143)
[2015.06.12-03.40.54:003][835]LogModuleManager: Shutting down and abandoning module SettingsEditor (142)
[2015.06.12-03.40.54:003][835]LogModuleManager: Shutting down and abandoning module ProjectLauncher (141)
[2015.06.12-03.40.54:003][835]LogModuleManager: Shutting down and abandoning module SessionFrontend (140)
[2015.06.12-03.40.54:003][835]LogModuleManager: Shutting down and abandoning module ProfilerClient (139)
[2015.06.12-03.40.54:003][835]LogModuleManager: Shutting down and abandoning module TargetDeviceServices (138)
[2015.06.12-03.40.54:003][835]LogModuleManager: Shutting down and abandoning module DeviceManager (137)
[2015.06.12-03.40.54:003][835]LogModuleManager: Shutting down and abandoning module AutomationController (136)
[2015.06.12-03.40.54:003][835]LogModuleManager: Shutting down and abandoning module AutomationWindow (135)
[2015.06.12-03.40.54:003][835]LogModuleManager: Shutting down and abandoning module Layers (134)
[2015.06.12-03.40.54:003][835]LogModuleManager: Shutting down and abandoning module ComponentVisualizers (133)
[2015.06.12-03.40.54:003][835]LogModuleManager: Shutting down and abandoning module DetailCustomizations (132)
[2015.06.12-03.40.54:003][835]LogModuleManager: Shutting down and abandoning module PackagesDialog (131)
[2015.06.12-03.40.54:003][835]LogModuleManager: Shutting down and abandoning module AssetRegistry (130)
[2015.06.12-03.40.54:088][835]LogModuleManager: Shutting down and abandoning module Persona (129)
[2015.06.12-03.40.54:088][835]LogModuleManager: Shutting down and abandoning module SlateReflector (128)
[2015.06.12-03.40.54:088][835]LogModuleManager: Shutting down and abandoning module LevelEditor (127)
[2015.06.12-03.40.54:088][835]LogModuleManager: Shutting down and abandoning module Kismet (126)
[2015.06.12-03.40.54:089][835]LogModuleManager: Shutting down and abandoning module GraphEditor (125)
[2015.06.12-03.40.54:089][835]LogModuleManager: Shutting down and abandoning module ClassViewer (124)
[2015.06.12-03.40.54:089][835]LogModuleManager: Shutting down and abandoning module Toolbox (123)
[2015.06.12-03.40.54:089][835]LogModuleManager: Shutting down and abandoning module ModuleUI (122)
[2015.06.12-03.40.54:089][835]LogModuleManager: Shutting down and abandoning module MovieSceneTools (121)
[2015.06.12-03.40.54:089][835]LogModuleManager: Shutting down and abandoning module OutputLog (120)
[2015.06.12-03.40.54:089][835]LogModuleManager: Shutting down and abandoning module GammaUI (119)
[2015.06.12-03.40.54:089][835]LogModuleManager: Shutting down and abandoning module Documentation (118)
[2015.06.12-03.40.54:089][835]LogModuleManager: Shutting down and abandoning module GameLiveStreaming (117)
[2015.06.12-03.40.54:089][835]LogModuleManager: Shutting down and abandoning module StreamingPauseRendering (116)
[2015.06.12-03.40.54:089][835]LogModuleManager: Shutting down and abandoning module HTTP (115)
[2015.06.12-03.40.54:089][835]LogModuleManager: Shutting down and abandoning module AnalyticsET (114)
[2015.06.12-03.40.54:089][835]LogModuleManager: Shutting down and abandoning module Analytics (113)
[2015.06.12-03.40.54:089][835]LogModuleManager: Shutting down and abandoning module AITestSuite (112)
[2015.06.12-03.40.54:089][835]LogModuleManager: Shutting down and abandoning module GameplayDebugger (111)
[2015.06.12-03.40.54:089][835]LogModuleManager: Shutting down and abandoning module AIModule (110)
[2015.06.12-03.40.54:089][835]LogModuleManager: Shutting down and abandoning module ProfilerService (109)
[2015.06.12-03.40.54:117][835]LogModuleManager: Shutting down and abandoning module TaskGraph (108)
[2015.06.12-03.40.54:117][835]LogModuleManager: Shutting down and abandoning module SlateRemote (107)
[2015.06.12-03.40.54:117][835]LogModuleManager: Shutting down and abandoning module ScriptEditorPlugin (106)
[2015.06.12-03.40.54:117][835]LogModuleManager: Shutting down and abandoning module CustomMeshComponent (105)
[2015.06.12-03.40.54:117][835]LogModuleManager: Shutting down and abandoning module CableComponent (104)
[2015.06.12-03.40.54:117][835]LogModuleManager: Shutting down and abandoning module MessagingDebugger (103)
[2015.06.12-03.40.54:117][835]LogModuleManager: Shutting down and abandoning module MediaPlayerEditor (102)
[2015.06.12-03.40.54:117][835]LogModuleManager: Shutting down and abandoning module SpeedTreeImporter (101)
[2015.06.12-03.40.54:117][835]LogModuleManager: Shutting down and abandoning module PluginsEditor (100)
[2015.06.12-03.40.54:117][835]LogModuleManager: Shutting down and abandoning module MainFrame (99)
[2015.06.12-03.40.54:117][835]LogModuleManager: Shutting down and abandoning module EpicSurvey (98)
[2015.06.12-03.40.54:117][835]LogModuleManager: Shutting down and abandoning module DesktopPlatform (97)
[2015.06.12-03.40.54:117][835]LogModuleManager: Shutting down and abandoning module DirectoryWatcher (96)
[2015.06.12-03.40.54:117][835]LogModuleManager: Shutting down and abandoning module HotReload (95)
[2015.06.12-03.40.54:117][835]LogModuleManager: Shutting down and abandoning module VisualStudioSourceCodeAccess (94)
[2015.06.12-03.40.54:117][835]LogModuleManager: Shutting down and abandoning module UObjectPlugin (93)
[2015.06.12-03.40.54:117][835]LogModuleManager: Shutting down and abandoning module SubversionSourceControl (92)
[2015.06.12-03.40.54:117][835]LogModuleManager: Shutting down and abandoning module PerforceSourceControl (91)
[2015.06.12-03.40.54:117][835]LogModuleManager: Shutting down and abandoning module SourceControl (90)
[2015.06.12-03.40.54:117][835]LogModuleManager: Shutting down and abandoning module GitSourceControl (89)
[2015.06.12-03.40.54:117][835]LogModuleManager: Shutting down and abandoning module BlankPlugin (88)
[2015.06.12-03.40.54:117][835]LogModuleManager: Shutting down and abandoning module PaperTiledImporter (87)
[2015.06.12-03.40.54:117][835]LogModuleManager: Shutting down and abandoning module PaperJsonImporter (86)
[2015.06.12-03.40.54:117][835]LogModuleManager: Shutting down and abandoning module ContentBrowser (85)
[2015.06.12-03.40.54:118][835]LogModuleManager: Shutting down and abandoning module Paper2DEditor (84)
[2015.06.12-03.40.54:118][835]LogModuleManager: Shutting down and abandoning module ScriptPlugin (83)
[2015.06.12-03.40.54:118][835]LogModuleManager: Shutting down and abandoning module UdpMessaging (82)
[2015.06.12-03.40.54:218][835]LogModuleManager: Shutting down and abandoning module Paper2D (81)
[2015.06.12-03.40.54:218][835]LogModuleManager: Shutting down and abandoning module WindowsMoviePlayer (80)
[2015.06.12-03.40.54:222][835]LogModuleManager: Shutting down and abandoning module Media (79)
[2015.06.12-03.40.54:222][835]LogModuleManager: Shutting down and abandoning module WmfMedia (78)
[2015.06.12-03.40.54:223][835]LogModuleManager: Shutting down and abandoning module OnlineBlueprintSupport (77)
[2015.06.12-03.40.54:223][835]LogModuleManager: Shutting down and abandoning module PropertyEditor (76)
[2015.06.12-03.40.54:223][835]LogModuleManager: Shutting down and abandoning module BehaviorTreeEditor (75)
[2015.06.12-03.40.54:223][835]LogModuleManager: Shutting down and abandoning module FunctionalTesting (74)
[2015.06.12-03.40.54:223][835]LogModuleManager: Shutting down and abandoning module CollisionAnalyzer (73)
[2015.06.12-03.40.54:223][835]LogModuleManager: Shutting down and abandoning module WorkspaceMenuStructure (72)
[2015.06.12-03.40.54:223][835]LogModuleManager: Shutting down and abandoning module MessageLog (71)
[2015.06.12-03.40.54:223][835]LogModuleManager: Shutting down and abandoning module Sequencer (70)
[2015.06.12-03.40.54:223][835]LogModuleManager: Shutting down and abandoning module AssetTools (69)
[2015.06.12-03.40.54:223][835]LogModuleManager: Shutting down and abandoning module UMGEditor (68)
[2015.06.12-03.40.54:223][835]LogModuleManager: Shutting down and abandoning module UMG (67)
[2015.06.12-03.40.54:223][835]LogModuleManager: Shutting down and abandoning module Slate (66)
[2015.06.12-03.40.54:223][835]LogModuleManager: Shutting down and abandoning module EditorStyle (65)
[2015.06.12-03.40.54:231][835]LogModuleManager: Shutting down and abandoning module SessionServices (64)
[2015.06.12-03.40.54:231][835]LogModuleManager: Shutting down and abandoning module SourceCodeAccess (63)
[2015.06.12-03.40.54:231][835]LogModuleManager: Shutting down and abandoning module HeadMountedDisplay (62)
[2015.06.12-03.40.54:231][835]LogModuleManager: Shutting down and abandoning module XAudio2 (61)
[2015.06.12-03.40.54:231][835]LogModuleManager: Shutting down and abandoning module Networking (60)
[2015.06.12-03.40.54:231][835]LogModuleManager: Shutting down and abandoning module Core (59)
[2015.06.12-03.40.54:231][835]LogModuleManager: Shutting down and abandoning module KismetCompiler (58)
[2015.06.12-03.40.54:231][835]LogModuleManager: Shutting down and abandoning module PhysXFormats (57)
[2015.06.12-03.40.54:231][835]LogModuleManager: Shutting down and abandoning module MeshUtilities (56)
[2015.06.12-03.40.54:231][835]LogModuleManager: Shutting down and abandoning module DerivedDataCache (55)
[2015.06.12-03.40.54:326][835]LogDerivedDataCache: Shutdown
[2015.06.12-03.40.54:326][835]LogModuleManager: Shutting down and abandoning module ShaderFormatOpenGL (54)
[2015.06.12-03.40.54:326][835]LogModuleManager: Shutting down and abandoning module ShaderFormatD3D (53)
[2015.06.12-03.40.54:326][835]LogModuleManager: Shutting down and abandoning module MetalShaderFormat (52)
[2015.06.12-03.40.54:326][835]LogModuleManager: Shutting down and abandoning module TextureFormatUncompressed (51)
[2015.06.12-03.40.54:326][835]LogModuleManager: Shutting down and abandoning module TextureFormatPVR (50)
[2015.06.12-03.40.54:326][835]LogModuleManager: Shutting down and abandoning module TextureFormatIntelISPCTexComp (49)
[2015.06.12-03.40.54:326][835]LogModuleManager: Shutting down and abandoning module TextureFormatDXT (48)
[2015.06.12-03.40.54:326][835]LogModuleManager: Shutting down and abandoning module ImageWrapper (47)
[2015.06.12-03.40.54:326][835]LogModuleManager: Shutting down and abandoning module TextureFormatASTC (46)
[2015.06.12-03.40.54:326][835]LogModuleManager: Shutting down and abandoning module TextureFormatAndroid (45)
[2015.06.12-03.40.54:326][835]LogModuleManager: Shutting down and abandoning module AudioFormatOpus (44)
[2015.06.12-03.40.54:326][835]LogModuleManager: Shutting down and abandoning module AudioFormatOgg (43)
[2015.06.12-03.40.54:326][835]LogModuleManager: Shutting down and abandoning module AudioFormatADPCM (42)
[2015.06.12-03.40.54:326][835]LogModuleManager: Shutting down and abandoning module LinuxTargetPlatform (41)
[2015.06.12-03.40.54:326][835]LogModuleManager: Shutting down and abandoning module LinuxServerTargetPlatform (40)
[2015.06.12-03.40.54:326][835]LogModuleManager: Shutting down and abandoning module LinuxNoEditorTargetPlatform (39)
[2015.06.12-03.40.54:326][835]LogModuleManager: Shutting down and abandoning module Messaging (38)
[2015.06.12-03.40.54:326][835]LogModuleManager: Shutting down and abandoning module IOSTargetPlatform (37)
[2015.06.12-03.40.54:326][835]LogModuleManager: Shutting down and abandoning module HTML5TargetPlatform (36)
[2015.06.12-03.40.54:326][835]LogModuleManager: Shutting down and abandoning module Android_PVRTCTargetPlatform (35)
[2015.06.12-03.40.54:326][835]LogModuleManager: Shutting down and abandoning module Android_ETC2TargetPlatform (34)
[2015.06.12-03.40.54:326][835]LogModuleManager: Shutting down and abandoning module Android_ETC1TargetPlatform (33)
[2015.06.12-03.40.54:326][835]LogModuleManager: Shutting down and abandoning module Android_ES31TargetPlatform (32)
[2015.06.12-03.40.54:326][835]LogModuleManager: Shutting down and abandoning module Android_DXTTargetPlatform (31)
[2015.06.12-03.40.54:326][835]LogModuleManager: Shutting down and abandoning module Android_ATCTargetPlatform (30)
[2015.06.12-03.40.54:326][835]LogModuleManager: Shutting down and abandoning module AndroidTargetPlatform (29)
[2015.06.12-03.40.54:326][835]LogModuleManager: Shutting down and abandoning module WindowsTargetPlatform (28)
[2015.06.12-03.40.54:326][835]LogModuleManager: Shutting down and abandoning module WindowsServerTargetPlatform (27)
[2015.06.12-03.40.54:326][835]LogModuleManager: Shutting down and abandoning module WindowsNoEditorTargetPlatform (26)
[2015.06.12-03.40.54:326][835]LogModuleManager: Shutting down and abandoning module WindowsClientTargetPlatform (25)
[2015.06.12-03.40.54:326][835]LogModuleManager: Shutting down and abandoning module TargetPlatform (24)
[2015.06.12-03.40.54:327][835]LogModuleManager: Shutting down and abandoning module InputCore (23)
[2015.06.12-03.40.54:327][835]LogModuleManager: Shutting down and abandoning module Settings (22)
[2015.06.12-03.40.54:327][835]LogModuleManager: Shutting down and abandoning module Voice (20)
[2015.06.12-03.40.54:327][835]LogModuleManager: Shutting down and abandoning module OnlineSubsystem (16)
[2015.06.12-03.40.54:327][835]LogOnline:Display: NULL: FOnlineSubsystemNull::Shutdown()
[2015.06.12-03.40.54:327][835]LogOnline:Display: Unloading online subsystem: STEAM
[2015.06.12-03.40.54:327][835]LogOnline:Display: Unloading online subsystem: Null
[2015.06.12-03.40.54:327][835]LogModuleManager: Shutting down and abandoning module OculusRift (15)
[2015.06.12-03.40.54:327][835]LogModuleManager: Shutting down and abandoning module ExampleDeviceProfileSelector (14)
[2015.06.12-03.40.54:327][835]LogModuleManager: Shutting down and abandoning module TextureCompressor (13)
[2015.06.12-03.40.54:327][835]LogModuleManager: Shutting down and abandoning module ShaderCore (12)
[2015.06.12-03.40.54:327][835]LogModuleManager: Shutting down and abandoning module Landscape (11)
[2015.06.12-03.40.54:327][835]LogModuleManager: Shutting down and abandoning module SlateRHIRenderer (10)
[2015.06.12-03.40.54:331][835]LogModuleManager: Shutting down and abandoning module OpenGLDrv (9)
[2015.06.12-03.40.54:331][835]LogModuleManager: Shutting down and abandoning module D3D11RHI (8)
[2015.06.12-03.40.54:331][835]LogModuleManager: Shutting down and abandoning module Renderer (7)
[2015.06.12-03.40.54:331][835]LogModuleManager: Shutting down and abandoning module Engine (6)
[2015.06.12-03.40.54:331][835]LogModuleManager: Shutting down and abandoning module CoreUObject (5)
[2015.06.12-03.40.54:331][835]LogModuleManager: Shutting down and abandoning module NetworkFile (4)
[2015.06.12-03.40.54:331][835]LogModuleManager: Shutting down and abandoning module StreamingFile (3)
[2015.06.12-03.40.54:331][835]LogModuleManager: Shutting down and abandoning module SandboxFile (2)
[2015.06.12-03.40.54:331][835]LogModuleManager: Shutting down and abandoning module PakFile (1)
[2015.06.12-03.40.54:332][835]LogExit: Exiting.
[2015.06.12-03.40.54:340][835]Log file closed, 06/11/15 20:40:54
