Log file open, 06/11/15 21:18:48
LogInit:Display: Running engine for game: CanadianRacing
LogInit: Version: 4.7.3-2479750+++depot+UE4-Releases+4.7
LogInit: API Version: 2455222
LogInit: Compiled (64-bit): Mar 15 2015 23:20:45
LogInit: Compiled with Visual C++: 18.00.21005.01
LogInit: Build Configuration: Development
LogInit: Branch Name: ++depot+UE4-Releases+4.7
LogInit: Command line: 
LogInit: Base directory: C:/Program Files/Epic Games/4.7/Engine/Binaries/Win64/
LogInit: Rocket: 1
[2015.06.12-04.18.48:341][  0]LogTaskGraph: Started task graph with 3 named threads and 6 total threads.
[2015.06.12-04.18.48:421][  0]LogOnline:Display: STEAM: Loading Steam SDK 1.30
[2015.06.12-04.18.48:421][  0]LogOnline:Warning: STEAM: Steam API disabled!
[2015.06.12-04.18.48:421][  0]LogOnline:Display: STEAM: OnlineSubsystemSteam::Shutdown()
[2015.06.12-04.18.48:421][  0]LogOnline:Warning: Unable to create OnlineSubsystem module Steam
[2015.06.12-04.18.48:421][  0]LogOnline:Warning: Unable to load default OnlineSubsystem module Steam, using NULL interface
[2015.06.12-04.18.48:454][  0]LogInit: WinSock: version 1.1 (2.2), MaxSocks=32767, MaxUdp=65467
[2015.06.12-04.18.48:468][  0]LogVoice:Warning: Failed to initialize voice interface
[2015.06.12-04.18.48:480][  0]LogInit: Presizing for 0 objects not considered by GC, pre-allocating 0 bytes.
[2015.06.12-04.18.48:489][  0]LogInit: Object subsystem initialized
[2015.06.12-04.18.48:491][  0]LogConsoleResponse:Warning: Skipping Unknown console variable: 'TranslucentSortAxis = (X=0.000000,Y=-1.000000,Z=0.000000)'
[2015.06.12-04.18.48:491][  0]LogConsoleResponse:Warning:   Found in ini file 'D:/CRX [06-11-15] - Copy/CanadianRacing/Saved/Config/Windows/Engine.ini', in section '[/Script/Engine.RendererSettings]'
[2015.06.12-04.18.48:491][  0]LogConsoleResponse:Warning: Skipping Unknown console variable: 'UIScaleRule = ShortestSide'
[2015.06.12-04.18.48:491][  0]LogConsoleResponse:Warning:   Found in ini file 'D:/CRX [06-11-15] - Copy/CanadianRacing/Saved/Config/Windows/Engine.ini', in section '[/Script/Engine.RendererSettings]'
[2015.06.12-04.18.48:491][  0]LogConsoleResponse:Warning: Skipping Unknown console variable: 'UIScaleCurve = (EditorCurveData=(Keys=),ExternalCurve=None)'
[2015.06.12-04.18.48:491][  0]LogConsoleResponse:Warning:   Found in ini file 'D:/CRX [06-11-15] - Copy/CanadianRacing/Saved/Config/Windows/Engine.ini', in section '[/Script/Engine.RendererSettings]'
[2015.06.12-04.18.48:492][  0]LogInit: Selected Device Profile: [Windows]
[2015.06.12-04.18.48:492][  0]LogInit: Applying CVar settings loaded from the selected device profile: [Windows]
[2015.06.12-04.18.48:498][  0]LogInit: Computer: AI911LAB296P14
[2015.06.12-04.18.48:498][  0]LogInit: User: 124781
[2015.06.12-04.18.48:498][  0]LogInit: CPU Page size=4096, Cores=4
[2015.06.12-04.18.48:498][  0]LogInit: High frequency timer resolution =3.215371 MHz
[2015.06.12-04.18.48:498][  0]LogMemory: Memory total: Physical=7.9GB (8GB approx) Virtual=8192.0GB
[2015.06.12-04.18.48:499][  0]LogMemory: Platform Memory Stats for Windows
[2015.06.12-04.18.48:499][  0]LogMemory: Process Physical Memory: 50.63 MB used, 50.63 MB peak
[2015.06.12-04.18.48:499][  0]LogMemory: Process Virtual Memory: 31.42 MB used, 31.42 MB peak
[2015.06.12-04.18.48:499][  0]LogMemory: Physical Memory: 3153.57 MB used, 8115.89 MB total
[2015.06.12-04.18.48:499][  0]LogMemory: Virtual Memory: 292.61 MB used, 8388608.00 MB total
[2015.06.12-04.18.48:521][  0]LogD3D11RHI: Found D3D11 adapter 0: NVIDIA Quadro 3000M (Feature Level 11_0)
[2015.06.12-04.18.48:521][  0]LogD3D11RHI: Adapter has 1998MB of dedicated video memory, 0MB of dedicated system memory, and 3801MB of shared system memory, 1 output[s]
[2015.06.12-04.18.48:521][  0]LogD3D11RHI: Chosen D3D11 Adapter Id = 0
[2015.06.12-04.18.48:525][  0]LogRHI: Texture pool is 1361 MB (70% of 1945 MB)
[2015.06.12-04.18.48:531][  0]LogD3D11RHI: Async texture creation enabled
[2015.06.12-04.18.48:584][  0]LogTextLocalizationManager: The requested culture ('en_US') has no localization data; parent culture's ('en') localization data will be used.
[2015.06.12-04.18.48:640][  0]LogTextLocalizationManager:Warning: Loading localization resources contain conflicting entries for (Namespace:UICommands, Key:Save_ToolTip):
Resource: (C:/Program Files/Epic Games/4.7/Engine/Content/Localization/Editor/en/Editor.locres) Hash: (-29098895) String: (Saves the current level to disk)
Resource: (C:/Program Files/Epic Games/4.7/Engine/Content/Localization/Engine/en/Engine.locres) Hash: (-1280300587) String: (Save selected data to vlog file)
[2015.06.12-04.18.48:641][  0]LogTextLocalizationManager:Warning: Loading localization resources contain conflicting entries for (Namespace:ContentBrowser, Key:ImportAssetToolTip):
Resource: (C:/Program Files/Epic Games/4.7/Engine/Content/Localization/Editor/en/Editor.locres) Hash: (-630476809) String: (Import to {0}...)
Resource: (C:/Program Files/Epic Games/4.7/Engine/Content/Localization/Editor/en/Editor.locres) Hash: (1271782899) String: (Imports an asset from file to this folder.)
[2015.06.12-04.18.48:718][  0]LogContentStreaming: Texture pool size is 0.000000MB
[2015.06.12-04.18.51:041][  0]LogTargetPlatformManager:Display: Building Assets For Windows
[2015.06.12-04.18.51:545][  0]LogTargetPlatformManager:Display: Building Assets For Windows
[2015.06.12-04.18.51:609][  0]LogDerivedDataCache:Display: Max Cache Size: 512 MB
[2015.06.12-04.18.51:649][  0]LogDerivedDataCache: Loaded boot cache 0.04s 39MB C:/Users/124781/AppData/Local/UnrealEngine/4.7/DerivedDataCache/Boot.ddc.
[2015.06.12-04.18.51:649][  0]LogDerivedDataCache:Display: Loaded Boot cache: C:/Users/124781/AppData/Local/UnrealEngine/4.7/DerivedDataCache/Boot.ddc
[2015.06.12-04.18.51:649][  0]LogDerivedDataCache: FDerivedDataBackendGraph:  Pak pak cache file D:/CRX [06-11-15] - Copy/CanadianRacing/DerivedDataCache/DDC.ddp not found, will not use a pak cache.
[2015.06.12-04.18.51:649][  0]LogDerivedDataCache: Unable to find inner node Pak for hierarchical cache Hierarchy.
[2015.06.12-04.18.51:772][  0]LogDerivedDataCache:Display: Pak cache opened for reading ../../../Engine/DerivedDataCache/Compressed.ddp.
[2015.06.12-04.18.51:784][  0]LogDerivedDataCache: Using Local data cache path C:/Users/124781/AppData/Local/UnrealEngine/Common/DerivedDataCache: Writable
[2015.06.12-04.18.52:105][  0]LogMeshUtilities: No automatic mesh reduction module available
[2015.06.12-04.18.52:105][  0]LogMeshUtilities: No automatic mesh merging module available
[2015.06.12-04.18.52:506][  0]LogSlate:Warning: Failed to load font data from '../../../Engine/Content/Slate/Fonts/Roboto-Italic.ttf'
[2015.06.12-04.18.53:264][  0]UdpMessaging: Initializing bridge on interface 0.0.0.0:0 to multicast group 230.0.0.1:6666.
[2015.06.12-04.18.53:474][  0]SourceControl: Info Source control is disabled
[2015.06.12-04.18.53:474][  0]SourceControl: Info Source control is disabled
[2015.06.12-04.18.53:474][  0]SourceControl: Info Source control is disabled
[2015.06.12-04.18.53:474][  0]LogSourceControl: RunCommandInternalRaw: 'git version'
[2015.06.12-04.18.53:474][  0]LogSourceControl: RunCommandInternalRaw: ExecProcess ReturnCode=2 OutResults=''
[2015.06.12-04.18.53:483][  0]SourceControl: Info Source control is disabled
[2015.06.12-04.18.53:664][  0]LogObj: 24238 objects as part of root set at end of initial load.
[2015.06.12-04.18.53:664][  0]LogUObjectAllocator: 5352296 out of 0 bytes used by permanent object pool.
[2015.06.12-04.18.53:743][  0]LogEngine: Initializing Engine...
[2015.06.12-04.18.55:921][  0]LogInit: XAudio2 using 'Speakers (High Definition Audio Device)' : 2 channels at 44.1 kHz using 16 bits per sample (channel mask 0x3)
[2015.06.12-04.18.55:938][  0]LogInit: FAudioDevice initialized.
[2015.06.12-04.18.55:975][  0]LogAIModule: Creating AISystem for world NewWorld
[2015.06.12-04.18.55:995][  0]LogDerivedDataCache: Saved boot cache 0.02s 39MB C:/Users/124781/AppData/Local/UnrealEngine/4.7/DerivedDataCache/Boot.ddc.
[2015.06.12-04.18.56:000][  0]LogInit: Texture streaming: Enabled
[2015.06.12-04.18.56:090][  0]LogAnalytics: Creating configured Analytics provider AnalyticsET
[2015.06.12-04.18.56:090][  0]LogAnalytics: ET APIKey = Rocket.Release. APIServer = http://et2.epicgames.com/ET2/. AppVersion = 4.7.3-2479750+++depot+UE4-Releases+4.7
[2015.06.12-04.18.56:090][  0]LogAnalytics: ET APIKey = Rocket.Release. DataRouterUploadURL = https://datarouter-public-service-gamedev.ol.epicgames.net/datarouter/api/v1/public/data. AppVersion = 4.7.3-2479750+++depot+UE4-Releases+4.7
[2015.06.12-04.18.56:090][  0]LogAnalytics: SetUserId 8bd27e534dc3adb20b9806aa8dd98976|a2029361749f45969b968123526efb2c|cc3525af-3e4e-4070-b03f-8efa41501de0
[2015.06.12-04.18.56:090][  0]LogAnalytics: AnalyticsET::StartSession [Rocket.Release]
[2015.06.12-04.18.56:112][  0]LogInit: Transaction tracking system initialized
[2015.06.12-04.18.56:278][  0]BlueprintLog: New page: Editor Load
[2015.06.12-04.18.56:311][  0]LogAssetRegistry: FAssetRegistry took 0.0094 seconds to start up
[2015.06.12-04.18.56:311][  0]LogDirectoryWatcher:Warning: Failed to begin reading directory changes for ../../../Engine/Plugins/Experimental/CharacterAI/Content/. Error: 0
[2015.06.12-04.18.56:845][  0]LogTargetPlatformManager:Display: Building Assets For Windows
[2015.06.12-04.18.57:207][  0]LogTargetPlatformManager:Display: Building Assets For Windows
[2015.06.12-04.18.57:454][  0]LogSlate:Warning: Failed to load font data from '../../../Engine/Content/Editor/Slate/Fonts/Roboto-Regular.ttf'
[2015.06.12-04.18.57:454][  0]LogSlate:Warning: Failed to load font data from '../../../Engine/Content/Editor/Slate/Fonts/Roboto-Bold.ttf'
[2015.06.12-04.18.57:459][  0]LogConsoleResponse:Display: 
[2015.06.12-04.18.57:587][  0]LogCook:Display: Done creating registry. It took  0.00s.
[2015.06.12-04.18.57:729][  0]SourceControl: Info Source control is disabled
[2015.06.12-04.18.57:729][  0]Cmd: MAP LOAD FILE="D:/CRX [06-11-15] - Copy/CanadianRacing/Content/Levels/example_map.umap" TEMPLATE=0 SHOWPROGRESS=1 FEATURELEVEL=3
[2015.06.12-04.18.57:729][  0]LightingResults: New page: Lighting Build
[2015.06.12-04.18.57:741][  0]MapCheck: New page: Map Check
[2015.06.12-04.18.57:741][  0]LightingResults: New page: Lighting Build
[2015.06.12-04.18.57:748][  0]LogParticles: Destroying 0 GPU particle simulations for FXSystem 0x0000000016786520
[2015.06.12-04.18.59:124][  0]LogBlueprint:Warning: [compiler] Warning InputAction Event references unknown Action 'OpenInGameMenu' for  InputAction OpenInGameMenu 
[2015.06.12-04.18.59:130][  0]LogBlueprint:Warning: [compiler] Warning [0012.57] Compile of MyPlayerController successful, but with 1 Warning(s) [in 22 ms]
[2015.06.12-04.18.59:131][  0]LogBlueprint:Warning: [compiler] Warning [0012.57] Compile of MyPlayerController successful, but with 2 Warning(s) [in 0 ms]
[2015.06.12-04.18.59:131][  0]LogBlueprint:Warning: [compiler] Warning [0012.57] Compile of MyPlayerController successful, but with 3 Warning(s) [in 0 ms]
[2015.06.12-04.18.59:131][  0]LogBlueprint:Warning: [compiler] Warning [0012.57] Compile of MyPlayerController successful, but with 4 Warning(s) [in 0 ms]
[2015.06.12-04.19.00:671][  0]LogBlueprint:Warning: [compiler] Warning InputAction Event references unknown Action 'OpenInGameMenu' for  InputAction OpenInGameMenu 
[2015.06.12-04.19.00:677][  0]LogBlueprint:Warning: [compiler] Warning [0014.11] Compile of MyPlayerController successful, but with 1 Warning(s) [in 22 ms]
[2015.06.12-04.19.00:678][  0]LogBlueprint:Warning: [compiler] Warning [0014.11] Compile of MyPlayerController successful, but with 2 Warning(s) [in 0 ms]
[2015.06.12-04.19.02:560][  0]LogEditorServer: Finished looking for orphan Actors (0.000 secs)
[2015.06.12-04.19.02:643][  0]LogAIModule: Creating AISystem for world example_map
[2015.06.12-04.19.02:644][  0]Cmd: MAP CHECKDEP
[2015.06.12-04.19.02:644][  0]MapCheck: New page: example_map - Jun 11, 2015, 2:19:02 PM
[2015.06.12-04.19.02:747][  0]MapCheck: Info Map check complete: 0 Error(s), 0 Warning(s), took 103.135ms to complete.
[2015.06.12-04.19.02:747][  0]LogFileHelpers: Loading map 'example_map' took 5.019
[2015.06.12-04.19.02:897][  0]LogCollectionManager: Loaded 0 collections in 0.001299 seconds
[2015.06.12-04.19.02:910][  0]LogContentBrowser: Native class hierarchy populated in 0.0128 seconds. Added 1698 classes and 263 folders.
[2015.06.12-04.19.02:941][  0]LogContentBrowser: Native class hierarchy updated for 'SceneOutliner' in 0.0022 seconds. Added 1 classes and 2 folders.
[2015.06.12-04.19.02:991][  0]LogCrashTracker: Crashtracker disabled due to settings.
[2015.06.12-04.19.02:992][  0]LogSlate:Warning: Failed to load font data from 'Veranda'
[2015.06.12-04.19.02:998][  0]LogUObjectGlobals:Warning: Failed to find object 'Class None.'
[2015.06.12-04.19.03:022][  0]LogLoad: Full Startup: 16.46 seconds (BP compile: 1.91 seconds)
[2015.06.12-04.19.03:056][  0]LogContentBrowser:Verbose: The content browser source was changed by the sources view to '/Game/Blueprints'
[2015.06.12-04.19.03:251][  0]LogRenderer:Warning: Reallocating scene render targets to support 1616x808 (Frame:2).
[2015.06.12-04.19.03:341][  1]Cmd: UpdateLandscapeEditorData -warnings
[2015.06.12-04.19.03:342][  1]Cmd: UpdateLandscapeEditorData
[2015.06.12-04.19.03:750][  7]LogAssetRegistry: Asset discovery search completed in 7.4490 seconds
[2015.06.12-04.19.13:676][199]LogContentBrowser:Verbose: The content browser source was changed by the sources view to '/Game/UI'
[2015.06.12-04.19.14:226][210]LogContentBrowser:Verbose: The content browser source was changed by the sources view to '/Game/Vehicles'
[2015.06.12-04.19.15:357][231]LogContentBrowser:Verbose: The content browser source was changed by the sources view to '/Game/Vehicles/CanoeKart'
[2015.06.12-04.19.27:110][388]LogContentBrowser: Native class hierarchy updated for 'PhAT' in 0.0067 seconds. Added 1 classes and 2 folders.
[2015.06.12-04.19.27:240][389]LogRenderer:Warning: Reallocating scene render targets to support 2040x1264 (Frame:900).
[2015.06.12-04.20.07:993][407]LogActorComponent: UnregisterComponent: (/Engine/Transient.ProjectileMovementComponent_0) Not registered. Aborting.
[2015.06.12-04.20.07:993][407]LogActorComponent: UnregisterComponent: (/Engine/Transient.MovementComp) Not registered. Aborting.
[2015.06.12-04.20.07:994][407]LogActorComponent: UnregisterComponent: (/Engine/Transient.WheeledVehicleMovementComponent4W_0) Not registered. Aborting.
[2015.06.12-04.20.13:502][568]BlueprintLog: New page: Compile BP_Canoe_test
[2015.06.12-04.20.13:989][568]BlueprintEditorCompileResults: Info [0087.43] Compile of BP_Canoe_test successful! [in 486 ms]
[2015.06.12-04.21.11:318][783]LogSavePackage: Save=8.098288ms
[2015.06.12-04.21.11:318][783]LogSavePackage: Moving 'D:/CRX [06-11-15] - Copy/CanadianRacing/Saved/SkelMesh_CanoeKart_PhysicsAsset4F3EC5AA4A2704FCC4E788BF0EB6AB47.tmp' to 'D:/CRX [06-11-15] - Copy/CanadianRacing/Content/Vehicles/CanoeKart/SkelMesh_CanoeKart_PhysicsAsset.uasset'
[2015.06.12-04.21.47:397][532]LogSavePackage: Save=6.235672ms
[2015.06.12-04.21.47:397][532]LogSavePackage: Moving 'D:/CRX [06-11-15] - Copy/CanadianRacing/Saved/SkelMesh_CanoeKart_PhysicsAssetC49309CF421CA33892A279A8BC15F5AD.tmp' to 'D:/CRX [06-11-15] - Copy/CanadianRacing/Content/Vehicles/CanoeKart/SkelMesh_CanoeKart_PhysicsAsset.uasset'
[2015.06.12-04.21.49:357][565]LogActorComponent: UnregisterComponent: (/Engine/Transient.MovementComp) Not registered. Aborting.
[2015.06.12-04.21.49:358][565]LogActorComponent: UnregisterComponent: (/Engine/Transient.WheeledVehicleMovementComponent4W_1) Not registered. Aborting.
[2015.06.12-04.21.49:609][565]Cmd: OBJ SAVEPACKAGE PACKAGE="/Game/Levels/example_map" FILE="D:/CRX [06-11-15] - Copy/CanadianRacing/Content/Levels/example_map.umap" SILENT=true AUTOSAVING=false KEEPDIRTY=false
[2015.06.12-04.21.50:167][565]LogSavePackage: Save=521.924194ms
[2015.06.12-04.21.50:167][565]LogSavePackage: Moving 'D:/CRX [06-11-15] - Copy/CanadianRacing/Saved/example_map8BA6E31C4FF73650E4D6D3B72604E431.tmp' to 'D:/CRX [06-11-15] - Copy/CanadianRacing/Content/Levels/example_map.umap'
[2015.06.12-04.21.50:183][565]LogFileHelpers: Saving map 'example_map' took 0.698
[2015.06.12-04.21.50:213][565]Cmd: OBJ SAVEPACKAGE PACKAGE="/Game/Vehicles/CanoeKart/BP_Canoe_test" FILE="D:/CRX [06-11-15] - Copy/CanadianRacing/Content/Vehicles/CanoeKart/BP_Canoe_test.uasset" SILENT=true
[2015.06.12-04.21.51:160][565]LogSavePackage: Save=941.628845ms
[2015.06.12-04.21.51:160][565]LogSavePackage: Moving 'D:/CRX [06-11-15] - Copy/CanadianRacing/Saved/BP_Canoe_test645654DE46A5CBCC878051AE53868C56.tmp' to 'D:/CRX [06-11-15] - Copy/CanadianRacing/Content/Vehicles/CanoeKart/BP_Canoe_test.uasset'
[2015.06.12-04.21.53:259][594]LogActorComponent: UnregisterComponent: (/Engine/Transient.MovementComp) Not registered. Aborting.
[2015.06.12-04.21.53:352][594]LogParticles: Destroying 0 GPU particle simulations for FXSystem 0x0000000027CA9620
[2015.06.12-04.21.55:995][720]LogSlate:Warning: Prevented a slow task dialog from being summoned while a context menu was open
[2015.06.12-04.22.13:246][481]BlueprintLog: New page: Pre-PIE auto-recompile
[2015.06.12-04.22.13:251][481]LogPlayLevel: [PIE] Compiling example_map before PIE...
[2015.06.12-04.22.13:337][481]LogPlayLevel: PIE:  Blueprint regeneration took 90 ms (1 blueprints)
[2015.06.12-04.22.13:337][481]PIE: New page: PIE session: example_map (Jun 11, 2015, 2:22:13 PM)
[2015.06.12-04.22.13:377][481]LogPlayLevel: PIE: StaticDuplicateObject took: (0.038750s)
[2015.06.12-04.22.13:377][481]LogPlayLevel: PIE: World Init took: (0.000698s)
[2015.06.12-04.22.13:378][481]LogPlayLevel: PIE: Created PIE world by copying editor world from /Game/Levels/example_map.example_map to /Game/Levels/UEDPIE_0_example_map.example_map (0.039710s)
[2015.06.12-04.22.13:432][481]LogWorld: Game class is 'BP_GameMode_C'
[2015.06.12-04.22.13:437][481]LogAIModule: Creating AISystem for world example_map
[2015.06.12-04.22.13:457][481]LogWorld: Bringing World /Game/Levels/UEDPIE_0_example_map.example_map up for play (max tick rate 0) at 2015.06.11-21.22.13
[2015.06.12-04.22.13:459][481]LogWorld: Bringing up level for play took: 0.021613
[2015.06.12-04.22.13:469][481]LogVoice:Warning: Failed to initialize voice interface
[2015.06.12-04.22.13:471][481]LogBlueprintUserMessages: FLIP CAR: F
[2015.06.12-04.22.13:471][481]LogBlueprintUserMessages: RESTART: R
[2015.06.12-04.22.13:471][481]LogBlueprintUserMessages: CONTROLS: WASD
[2015.06.12-04.22.13:473][481]PIE: Info Play in editor start time for /Game/Levels/UEDPIE_0_example_map -0.341
[2015.06.12-04.22.13:518][481]LogBlueprintUserMessages: 0
[2015.06.12-04.22.13:518][481]LogCrashTracker: 


[2015.06.12-04.22.16:188][481]LogCrashTracker: 


[2015.06.12-04.22.16:189][481]LogWindows: === Critical error: ===
Fatal error!

Unhandled Exception: EXCEPTION_ACCESS_VIOLATION reading address 0xffffffff

UE4Editor-Engine.dll!physx::PxVehicleWheels::computeForwardSpeed() (0x000007fee84b7642) + 35 bytes [d:\buildfarm\buildmachine_++depot+ue4\engine\source\thirdparty\notforlicensees\physx\physx_3.3\source\physxvehicle\src\pxvehiclewheels.cpp:702]
UE4Editor-Engine.dll!UWheeledVehicleMovementComponent::UpdateState() (0x000007fee7cc9b88) + 30 bytes [d:\buildfarm\buildmachine_++depot+ue4-releases+4.7\engine\source\runtime\engine\private\vehicles\wheeledvehiclemovementcomponent.cpp:825]
UE4Editor-Engine.dll!UWheeledVehicleMovementComponent::PreTick() (0x000007fee7ca9e5c) + 0 bytes [d:\buildfarm\buildmachine_++depot+ue4-releases+4.7\engine\source\runtime\engine\private\vehicles\wheeledvehiclemovementcomponent.cpp:773]
UE4Editor-Engine.dll!FPhysXVehicleManager::PreTick() (0x000007fee7ca9dd0) + 304 bytes [d:\buildfarm\buildmachine_++depot+ue4-releases+4.7\engine\source\runtime\engine\private\vehicles\physxvehiclemanager.cpp:301]
UE4Editor-Engine.dll!FPhysScene::TickPhysScene() (0x000007fee7bca6fb) + 0 bytes [d:\buildfarm\buildmachine_++depot+ue4-releases+4.7\engine\source\runtime\engine\private\physicsengine\physscene.cpp:565]
UE4Editor-Engine.dll!FPhysScene::StartFrame() (0x000007fee7bc7939) + 0 bytes [d:\buildfarm\buildmachine_++depot+ue4-releases+4.7\engine\source\runtime\engine\private\physicsengine\physscene.cpp:888]
UE4Editor-Engine.dll!FTickTaskSequencer::FTickFunctionTask::DoTask() (0x000007fee76839d6) + 0 bytes [d:\buildfarm\buildmachine_++depot+ue4-releases+4.7\engine\source\runtime\engine\private\ticktaskmanager.cpp:322]
UE4Editor-Engine.dll!TGraphTask<FTickTaskSequencer::FTickFunctionTask>::ExecuteTask() (0x000007fee768fb7d) + 0 bytes [d:\buildfarm\buildmachine_++depot+ue4-releases+4.7\engine\source\runtime\core\public\async\taskgraphinterfaces.h:671]
UE4Editor-Core.dll!FTaskThread::ProcessTasks() (0x000007feecde4fa5) + 0 bytes [d:\buildfarm\buildmachine_++depot+ue4-releases+4.7\engine\source\runtime\core\private\async\taskgraph.cpp:428]
UE4Editor-Core.dll!FTaskThread::ProcessTasksUntilQuit() (0x000007feecde518d) + 0 bytes [d:\buildfarm\buildmachine_++depot+ue4-releases+4.7\engine\source\runtime\core\private\async\taskgraph.cpp:271]
UE4Editor-Core.dll!FTaskGraphImplementation::WaitUntilTasksComplete() (0x000007feece064ff) + 0 bytes [d:\buildfarm\buildmachine_++depot+ue4-releases+4.7\engine\source\runtime\core\private\async\taskgraph.cpp:984]
UE4Editor-Engine.dll!FTaskGraphInterface::WaitUntilTaskCompletes() (0x000007fee76c6b9f) + 16 bytes [d:\buildfarm\buildmachine_++depot+ue4-releases+4.7\engine\source\runtime\core\public\async\taskgraphinterfaces.h:188]
UE4Editor-Engine.dll!FTickTaskSequencer::ReleaseTickGroup() (0x000007fee76b44d0) + 190 bytes [d:\buildfarm\buildmachine_++depot+ue4-releases+4.7\engine\source\runtime\engine\private\ticktaskmanager.cpp:187]
UE4Editor-Engine.dll!FTickTaskManager::RunTickGroup() (0x000007fee76b6fbe) + 0 bytes [d:\buildfarm\buildmachine_++depot+ue4-releases+4.7\engine\source\runtime\engine\private\ticktaskmanager.cpp:722]
UE4Editor-Engine.dll!UWorld::RunTickGroup() (0x000007fee7343f86) + 0 bytes [d:\buildfarm\buildmachine_++depot+ue4-releases+4.7\engine\source\runtime\engine\private\leveltick.cpp:696]
UE4Editor-Engine.dll!UWorld::Tick() (0x000007fee734afd1) + 0 bytes [d:\buildfarm\buildmachine_++depot+ue4-releases+4.7\engine\source\runtime\engine\private\leveltick.cpp:1118]
UE4Editor-UnrealEd.dll!UEditorEngine::Tick() (0x000007feeab4e502) + 0 bytes [d:\buildfarm\buildmachine_++depot+ue4-releases+4.7\engine\source\editor\unrealed\private\editor.cpp:1329]
UE4Editor-UnrealEd.dll!UUnrealEdEngine::Tick() (0x000007feeb008186) + 0 bytes [d:\buildfarm\buildmachine_++depot+ue4-releases+4.7\engine\source\editor\unrealed\private\unrealedengine.cpp:347]
UE4Editor.exe!FEngineLoop::Tick() (0x000000013f3d0263) + 0 bytes [d:\buildfarm\buildmachine_++depot+ue4-releases+4.7\engine\source\runtime\launch\private\launchengineloop.cpp:2257]
UE4Editor.exe!GuardedMain() (0x000000013f3c267c) + 0 bytes [d:\buildfarm\buildmachine_++depot+ue4-releases+4.7\engine\source\runtime\launch\private\launch.cpp:142]
UE4Editor.exe!GuardedMainWrapper() (0x000000013f3c26ea) + 5 bytes [d:\buildfarm\buildmachine_++depot+ue4-releases+4.7\engine\source\runtime\launch\private\windows\launchwindows.cpp:126]
UE4Editor.exe!WinMain() (0x000000013f3d2219) + 17 bytes [d:\buildfarm\buildmachine_++depot+ue4-releases+4.7\engine\source\runtime\launch\private\windows\launchwindows.cpp:202]
UE4Editor.exe!__tmainCRTStartup() (0x000000013f3d3159) + 21 bytes [f:\dd\vctools\crt\crtw32\dllstuff\crtexe.c:618]
kernel32.dll!UnknownFunction (0x0000000077a459ed) + 0 bytes [UnknownFile:0]
ntdll.dll!UnknownFunction (0x0000000077b7c541) + 0 bytes [UnknownFile:0]
ntdll.dll!UnknownFunction (0x0000000077b7c541) + 0 bytes [UnknownFile:0]


[2015.06.12-04.22.16:286][481]LogExit: Executing StaticShutdownAfterError
[2015.06.12-04.22.16:292][481]LogWindows: FPlatformMisc::RequestExit(1)
[2015.06.12-04.22.16:292][481]Log file closed, 06/11/15 21:22:16
