Log file open, 06/11/15 20:42:27
LogInit:Display: Running engine for game: CanadianRacing
LogInit: Version: 4.7.3-2479750+++depot+UE4-Releases+4.7
LogInit: API Version: 2455222
LogInit: Compiled (64-bit): Mar 15 2015 23:20:45
LogInit: Compiled with Visual C++: 18.00.21005.01
LogInit: Build Configuration: Development
LogInit: Branch Name: ++depot+UE4-Releases+4.7
LogInit: Command line: 
LogInit: Base directory: C:/Program Files/Epic Games/4.7/Engine/Binaries/Win64/
LogInit: Rocket: 1
[2015.06.12-03.42.27:663][  0]LogTaskGraph: Started task graph with 3 named threads and 6 total threads.
[2015.06.12-03.42.27:735][  0]LogOnline:Display: STEAM: Loading Steam SDK 1.30
[2015.06.12-03.42.27:735][  0]LogOnline:Warning: STEAM: Steam API disabled!
[2015.06.12-03.42.27:735][  0]LogOnline:Display: STEAM: OnlineSubsystemSteam::Shutdown()
[2015.06.12-03.42.27:735][  0]LogOnline:Warning: Unable to create OnlineSubsystem module Steam
[2015.06.12-03.42.27:735][  0]LogOnline:Warning: Unable to load default OnlineSubsystem module Steam, using NULL interface
[2015.06.12-03.42.27:771][  0]LogInit: WinSock: version 1.1 (2.2), MaxSocks=32767, MaxUdp=65467
[2015.06.12-03.42.27:786][  0]LogVoice:Warning: Failed to initialize voice interface
[2015.06.12-03.42.27:799][  0]LogInit: Presizing for 0 objects not considered by GC, pre-allocating 0 bytes.
[2015.06.12-03.42.27:809][  0]LogInit: Object subsystem initialized
[2015.06.12-03.42.27:811][  0]LogConsoleResponse:Warning: Skipping Unknown console variable: 'TranslucentSortAxis = (X=0.000000,Y=-1.000000,Z=0.000000)'
[2015.06.12-03.42.27:811][  0]LogConsoleResponse:Warning:   Found in ini file 'D:/CRX [06-11-15] - Copy/CanadianRacing/Saved/Config/Windows/Engine.ini', in section '[/Script/Engine.RendererSettings]'
[2015.06.12-03.42.27:811][  0]LogConsoleResponse:Warning: Skipping Unknown console variable: 'UIScaleRule = ShortestSide'
[2015.06.12-03.42.27:811][  0]LogConsoleResponse:Warning:   Found in ini file 'D:/CRX [06-11-15] - Copy/CanadianRacing/Saved/Config/Windows/Engine.ini', in section '[/Script/Engine.RendererSettings]'
[2015.06.12-03.42.27:811][  0]LogConsoleResponse:Warning: Skipping Unknown console variable: 'UIScaleCurve = (EditorCurveData=(Keys=),ExternalCurve=None)'
[2015.06.12-03.42.27:811][  0]LogConsoleResponse:Warning:   Found in ini file 'D:/CRX [06-11-15] - Copy/CanadianRacing/Saved/Config/Windows/Engine.ini', in section '[/Script/Engine.RendererSettings]'
[2015.06.12-03.42.27:812][  0]LogInit: Selected Device Profile: [Windows]
[2015.06.12-03.42.27:812][  0]LogInit: Applying CVar settings loaded from the selected device profile: [Windows]
[2015.06.12-03.42.27:818][  0]LogInit: Computer: AI911LAB296P14
[2015.06.12-03.42.27:818][  0]LogInit: User: 124781
[2015.06.12-03.42.27:818][  0]LogInit: CPU Page size=4096, Cores=4
[2015.06.12-03.42.27:818][  0]LogInit: High frequency timer resolution =3.215371 MHz
[2015.06.12-03.42.27:819][  0]LogMemory: Memory total: Physical=7.9GB (8GB approx) Virtual=8192.0GB
[2015.06.12-03.42.27:819][  0]LogMemory: Platform Memory Stats for Windows
[2015.06.12-03.42.27:819][  0]LogMemory: Process Physical Memory: 50.55 MB used, 50.55 MB peak
[2015.06.12-03.42.27:819][  0]LogMemory: Process Virtual Memory: 31.39 MB used, 31.39 MB peak
[2015.06.12-03.42.27:819][  0]LogMemory: Physical Memory: 2974.66 MB used, 8115.89 MB total
[2015.06.12-03.42.27:819][  0]LogMemory: Virtual Memory: 292.61 MB used, 8388608.00 MB total
[2015.06.12-03.42.27:843][  0]LogD3D11RHI: Found D3D11 adapter 0: NVIDIA Quadro 3000M (Feature Level 11_0)
[2015.06.12-03.42.27:843][  0]LogD3D11RHI: Adapter has 1998MB of dedicated video memory, 0MB of dedicated system memory, and 3801MB of shared system memory, 1 output[s]
[2015.06.12-03.42.27:843][  0]LogD3D11RHI: Chosen D3D11 Adapter Id = 0
[2015.06.12-03.42.27:847][  0]LogRHI: Texture pool is 1361 MB (70% of 1945 MB)
[2015.06.12-03.42.27:856][  0]LogD3D11RHI: Async texture creation enabled
[2015.06.12-03.42.27:913][  0]LogTextLocalizationManager: The requested culture ('en_US') has no localization data; parent culture's ('en') localization data will be used.
[2015.06.12-03.42.27:972][  0]LogTextLocalizationManager:Warning: Loading localization resources contain conflicting entries for (Namespace:UICommands, Key:Save_ToolTip):
Resource: (C:/Program Files/Epic Games/4.7/Engine/Content/Localization/Editor/en/Editor.locres) Hash: (-29098895) String: (Saves the current level to disk)
Resource: (C:/Program Files/Epic Games/4.7/Engine/Content/Localization/Engine/en/Engine.locres) Hash: (-1280300587) String: (Save selected data to vlog file)
[2015.06.12-03.42.27:972][  0]LogTextLocalizationManager:Warning: Loading localization resources contain conflicting entries for (Namespace:ContentBrowser, Key:ImportAssetToolTip):
Resource: (C:/Program Files/Epic Games/4.7/Engine/Content/Localization/Editor/en/Editor.locres) Hash: (-630476809) String: (Import to {0}...)
Resource: (C:/Program Files/Epic Games/4.7/Engine/Content/Localization/Editor/en/Editor.locres) Hash: (1271782899) String: (Imports an asset from file to this folder.)
[2015.06.12-03.42.28:051][  0]LogContentStreaming: Texture pool size is 0.000000MB
[2015.06.12-03.42.30:373][  0]LogTargetPlatformManager:Display: Building Assets For Windows
[2015.06.12-03.42.30:878][  0]LogTargetPlatformManager:Display: Building Assets For Windows
[2015.06.12-03.42.30:940][  0]LogDerivedDataCache:Display: Max Cache Size: 512 MB
[2015.06.12-03.42.30:978][  0]LogDerivedDataCache: Loaded boot cache 0.04s 39MB C:/Users/124781/AppData/Local/UnrealEngine/4.7/DerivedDataCache/Boot.ddc.
[2015.06.12-03.42.30:978][  0]LogDerivedDataCache:Display: Loaded Boot cache: C:/Users/124781/AppData/Local/UnrealEngine/4.7/DerivedDataCache/Boot.ddc
[2015.06.12-03.42.30:978][  0]LogDerivedDataCache: FDerivedDataBackendGraph:  Pak pak cache file D:/CRX [06-11-15] - Copy/CanadianRacing/DerivedDataCache/DDC.ddp not found, will not use a pak cache.
[2015.06.12-03.42.30:978][  0]LogDerivedDataCache: Unable to find inner node Pak for hierarchical cache Hierarchy.
[2015.06.12-03.42.31:100][  0]LogDerivedDataCache:Display: Pak cache opened for reading ../../../Engine/DerivedDataCache/Compressed.ddp.
[2015.06.12-03.42.31:112][  0]LogDerivedDataCache: Using Local data cache path C:/Users/124781/AppData/Local/UnrealEngine/Common/DerivedDataCache: Writable
[2015.06.12-03.42.31:418][  0]LogMeshUtilities: No automatic mesh reduction module available
[2015.06.12-03.42.31:418][  0]LogMeshUtilities: No automatic mesh merging module available
[2015.06.12-03.42.31:815][  0]LogSlate:Warning: Failed to load font data from '../../../Engine/Content/Slate/Fonts/Roboto-Italic.ttf'
[2015.06.12-03.42.32:578][  0]UdpMessaging: Initializing bridge on interface 0.0.0.0:0 to multicast group 230.0.0.1:6666.
[2015.06.12-03.42.32:786][  0]SourceControl: Info Source control is disabled
[2015.06.12-03.42.32:786][  0]SourceControl: Info Source control is disabled
[2015.06.12-03.42.32:786][  0]SourceControl: Info Source control is disabled
[2015.06.12-03.42.32:786][  0]LogSourceControl: RunCommandInternalRaw: 'git version'
[2015.06.12-03.42.32:787][  0]LogSourceControl: RunCommandInternalRaw: ExecProcess ReturnCode=2 OutResults=''
[2015.06.12-03.42.32:795][  0]SourceControl: Info Source control is disabled
[2015.06.12-03.42.32:979][  0]LogObj: 24238 objects as part of root set at end of initial load.
[2015.06.12-03.42.32:979][  0]LogUObjectAllocator: 5352296 out of 0 bytes used by permanent object pool.
[2015.06.12-03.42.33:059][  0]LogEngine: Initializing Engine...
[2015.06.12-03.42.35:238][  0]LogInit: XAudio2 using 'Speakers (High Definition Audio Device)' : 2 channels at 44.1 kHz using 16 bits per sample (channel mask 0x3)
[2015.06.12-03.42.35:256][  0]LogInit: FAudioDevice initialized.
[2015.06.12-03.42.35:293][  0]LogAIModule: Creating AISystem for world NewWorld
[2015.06.12-03.42.35:312][  0]LogDerivedDataCache: Saved boot cache 0.02s 39MB C:/Users/124781/AppData/Local/UnrealEngine/4.7/DerivedDataCache/Boot.ddc.
[2015.06.12-03.42.35:318][  0]LogInit: Texture streaming: Enabled
[2015.06.12-03.42.35:407][  0]LogAnalytics: Creating configured Analytics provider AnalyticsET
[2015.06.12-03.42.35:407][  0]LogAnalytics: ET APIKey = Rocket.Release. APIServer = http://et2.epicgames.com/ET2/. AppVersion = 4.7.3-2479750+++depot+UE4-Releases+4.7
[2015.06.12-03.42.35:407][  0]LogAnalytics: ET APIKey = Rocket.Release. DataRouterUploadURL = https://datarouter-public-service-gamedev.ol.epicgames.net/datarouter/api/v1/public/data. AppVersion = 4.7.3-2479750+++depot+UE4-Releases+4.7
[2015.06.12-03.42.35:407][  0]LogAnalytics: SetUserId 8bd27e534dc3adb20b9806aa8dd98976|a2029361749f45969b968123526efb2c|cc3525af-3e4e-4070-b03f-8efa41501de0
[2015.06.12-03.42.35:407][  0]LogAnalytics: AnalyticsET::StartSession [Rocket.Release]
[2015.06.12-03.42.35:428][  0]LogInit: Transaction tracking system initialized
[2015.06.12-03.42.35:595][  0]BlueprintLog: New page: Editor Load
[2015.06.12-03.42.35:629][  0]LogAssetRegistry: FAssetRegistry took 0.0103 seconds to start up
[2015.06.12-03.42.35:629][  0]LogDirectoryWatcher:Warning: Failed to begin reading directory changes for ../../../Engine/Plugins/Experimental/CharacterAI/Content/. Error: 0
[2015.06.12-03.42.36:163][  0]LogTargetPlatformManager:Display: Building Assets For Windows
[2015.06.12-03.42.36:529][  0]LogTargetPlatformManager:Display: Building Assets For Windows
[2015.06.12-03.42.36:779][  0]LogSlate:Warning: Failed to load font data from '../../../Engine/Content/Editor/Slate/Fonts/Roboto-Regular.ttf'
[2015.06.12-03.42.36:780][  0]LogSlate:Warning: Failed to load font data from '../../../Engine/Content/Editor/Slate/Fonts/Roboto-Bold.ttf'
[2015.06.12-03.42.36:784][  0]LogConsoleResponse:Display: 
[2015.06.12-03.42.36:913][  0]LogCook:Display: Done creating registry. It took  0.00s.
[2015.06.12-03.42.37:060][  0]SourceControl: Info Source control is disabled
[2015.06.12-03.42.37:060][  0]Cmd: MAP LOAD FILE="D:/CRX [06-11-15] - Copy/CanadianRacing/Content/Levels/example_map.umap" TEMPLATE=0 SHOWPROGRESS=1 FEATURELEVEL=3
[2015.06.12-03.42.37:062][  0]LightingResults: New page: Lighting Build
[2015.06.12-03.42.37:075][  0]MapCheck: New page: Map Check
[2015.06.12-03.42.37:075][  0]LightingResults: New page: Lighting Build
[2015.06.12-03.42.37:081][  0]LogParticles: Destroying 0 GPU particle simulations for FXSystem 0x0000000013CC6520
[2015.06.12-03.42.37:786][  0]LogLinker:Warning: Can't find file '/Game/Vehicles/Lists/Enum_RaceState'
[2015.06.12-03.42.37:786][  0]LogLinker:Warning: Can't find file for asset '/Game/Vehicles/Lists/Enum_RaceState' while loading D:/CRX [06-11-15] - Copy/CanadianRacing/Content/UI/Game/UMG_Game.uasset.
[2015.06.12-03.42.37:786][  0]LoadErrors:Error: Error /Game/UI/Game/UMG_Game : Can't find file for asset. /Game/Vehicles/Lists/Enum_RaceState
[2015.06.12-03.42.37:788][  0]LogLinker:Warning: Can't find file '/Game/Vehicles/Lists/Enum_RaceState'
[2015.06.12-03.42.37:788][  0]LogLinker:Warning: Can't find file for asset '/Game/Vehicles/Lists/Enum_RaceState' while loading D:/CRX [06-11-15] - Copy/CanadianRacing/Content/UI/Game/UMG_Game.uasset.
[2015.06.12-03.42.37:788][  0]LoadErrors:Error: Error /Game/UI/Game/UMG_Game : Can't find file for asset. /Game/Vehicles/Lists/Enum_RaceState
[2015.06.12-03.42.37:854][  0]LogLinker:Warning: Can't find file '/Game/Vehicles/Lists/Enum_RaceState'
[2015.06.12-03.42.37:854][  0]LogLinker:Warning: Can't find file for asset '/Game/Vehicles/Lists/Enum_RaceState' while loading D:/CRX [06-11-15] - Copy/CanadianRacing/Content/UI/Menus/PauseMenu/UMG_Pause.uasset.
[2015.06.12-03.42.37:854][  0]LoadErrors:Error: Error /Game/UI/Menus/PauseMenu/UMG_Pause : Can't find file for asset. /Game/Vehicles/Lists/Enum_RaceState
[2015.06.12-03.42.37:855][  0]LogLinker:Warning: Can't find file '/Game/Vehicles/Lists/Enum_RaceState'
[2015.06.12-03.42.37:855][  0]LogLinker:Warning: Can't find file for asset '/Game/Vehicles/Lists/Enum_RaceState' while loading D:/CRX [06-11-15] - Copy/CanadianRacing/Content/UI/Menus/PauseMenu/UMG_Pause.uasset.
[2015.06.12-03.42.37:855][  0]LoadErrors:Error: Error /Game/UI/Menus/PauseMenu/UMG_Pause : Can't find file for asset. /Game/Vehicles/Lists/Enum_RaceState
[2015.06.12-03.42.37:858][  0]LogLinker:Warning: Can't find file '/Game/Vehicles/Lists/Enum_RaceState'
[2015.06.12-03.42.37:858][  0]LoadErrors: Info Failed to load /Game/Blueprints/BP_CanoeAI.BP_CanoeAI_C Referenced by K2Node_Select_5
[2015.06.12-03.42.37:859][  0]LogLinker:Warning: Can't find file for asset '/Game/Vehicles/Lists/Enum_RaceState' while loading D:/CRX [06-11-15] - Copy/CanadianRacing/Content/UI/Menus/PauseMenu/UMG_Pause.uasset.
[2015.06.12-03.42.37:859][  0]LoadErrors: Info Failed to load /Game/Blueprints/BP_CanoeAI.BP_CanoeAI_C Referenced by K2Node_Select_5
[2015.06.12-03.42.37:859][  0]LoadErrors:Error: Error /Game/UI/Menus/PauseMenu/UMG_Pause : Can't find file for asset. /Game/Vehicles/Lists/Enum_RaceState
[2015.06.12-03.42.37:859][  0]LogLinker:Warning: Can't find file '/Game/Vehicles/Lists/Enum_RaceState'
[2015.06.12-03.42.37:859][  0]LoadErrors: Info Failed to load /Game/Blueprints/BP_CanoeAI.BP_CanoeAI_C Referenced by K2Node_Select_5
[2015.06.12-03.42.37:859][  0]LogLinker:Warning: Can't find file for asset '/Game/Vehicles/Lists/Enum_RaceState' while loading D:/CRX [06-11-15] - Copy/CanadianRacing/Content/UI/Menus/PauseMenu/UMG_Pause.uasset.
[2015.06.12-03.42.37:859][  0]LoadErrors: Info Failed to load /Game/Blueprints/BP_CanoeAI.BP_CanoeAI_C Referenced by K2Node_Select_5
[2015.06.12-03.42.37:859][  0]LoadErrors:Error: Error /Game/UI/Menus/PauseMenu/UMG_Pause : Can't find file for asset. /Game/Vehicles/Lists/Enum_RaceState
[2015.06.12-03.42.37:860][  0]LogLinker:Warning: Can't find file '/Game/Vehicles/Lists/Enum_RaceState'
[2015.06.12-03.42.37:860][  0]LoadErrors: Info Failed to load /Game/Blueprints/BP_CanoeAI.BP_CanoeAI_C Referenced by EdGraphPin_3139
[2015.06.12-03.42.37:860][  0]LogLinker:Warning: Can't find file for asset '/Game/Vehicles/Lists/Enum_RaceState' while loading D:/CRX [06-11-15] - Copy/CanadianRacing/Content/UI/Menus/PauseMenu/UMG_Pause.uasset.
[2015.06.12-03.42.37:860][  0]LoadErrors: Info Failed to load /Game/Blueprints/BP_CanoeAI.BP_CanoeAI_C Referenced by EdGraphPin_3139
[2015.06.12-03.42.37:860][  0]LoadErrors:Error: Error /Game/UI/Menus/PauseMenu/UMG_Pause : Can't find file for asset. /Game/Vehicles/Lists/Enum_RaceState
[2015.06.12-03.42.37:860][  0]LogLinker:Warning: Can't find file '/Game/Vehicles/Lists/Enum_RaceState'
[2015.06.12-03.42.37:860][  0]LoadErrors: Info Failed to load /Game/Blueprints/BP_CanoeAI.BP_CanoeAI_C Referenced by EdGraphPin_54487
[2015.06.12-03.42.37:861][  0]LogLinker:Warning: Can't find file for asset '/Game/Vehicles/Lists/Enum_RaceState' while loading D:/CRX [06-11-15] - Copy/CanadianRacing/Content/UI/Menus/PauseMenu/UMG_Pause.uasset.
[2015.06.12-03.42.37:861][  0]LoadErrors: Info Failed to load /Game/Blueprints/BP_CanoeAI.BP_CanoeAI_C Referenced by EdGraphPin_54487
[2015.06.12-03.42.37:861][  0]LoadErrors:Error: Error /Game/UI/Menus/PauseMenu/UMG_Pause : Can't find file for asset. /Game/Vehicles/Lists/Enum_RaceState
[2015.06.12-03.42.37:861][  0]LogLinker:Warning: Can't find file '/Game/Vehicles/Lists/Enum_RaceState'
[2015.06.12-03.42.37:862][  0]LoadErrors: Info Failed to load /Game/Blueprints/BP_CanoeAI.BP_CanoeAI_C Referenced by EdGraphPin_54517
[2015.06.12-03.42.37:862][  0]LogLinker:Warning: Can't find file for asset '/Game/Vehicles/Lists/Enum_RaceState' while loading D:/CRX [06-11-15] - Copy/CanadianRacing/Content/UI/Menus/PauseMenu/UMG_Pause.uasset.
[2015.06.12-03.42.37:862][  0]LoadErrors: Info Failed to load /Game/Blueprints/BP_CanoeAI.BP_CanoeAI_C Referenced by EdGraphPin_54517
[2015.06.12-03.42.37:862][  0]LoadErrors:Error: Error /Game/UI/Menus/PauseMenu/UMG_Pause : Can't find file for asset. /Game/Vehicles/Lists/Enum_RaceState
[2015.06.12-03.42.37:862][  0]LogLinker:Warning: Can't find file '/Game/Vehicles/Lists/Enum_RaceState'
[2015.06.12-03.42.37:862][  0]LoadErrors: Info Failed to load /Game/Blueprints/BP_CanoeAI.BP_CanoeAI_C Referenced by EdGraphPin_3164
[2015.06.12-03.42.37:862][  0]LogLinker:Warning: Can't find file for asset '/Game/Vehicles/Lists/Enum_RaceState' while loading D:/CRX [06-11-15] - Copy/CanadianRacing/Content/UI/Menus/PauseMenu/UMG_Pause.uasset.
[2015.06.12-03.42.37:863][  0]LoadErrors: Info Failed to load /Game/Blueprints/BP_CanoeAI.BP_CanoeAI_C Referenced by EdGraphPin_3164
[2015.06.12-03.42.37:863][  0]LoadErrors:Error: Error /Game/UI/Menus/PauseMenu/UMG_Pause : Can't find file for asset. /Game/Vehicles/Lists/Enum_RaceState
[2015.06.12-03.42.37:863][  0]LogLinker:Warning: Can't find file '/Game/Vehicles/Lists/Enum_RaceState'
[2015.06.12-03.42.37:863][  0]LoadErrors: Info Failed to load /Game/Blueprints/BP_CanoeAI.BP_CanoeAI_C Referenced by EdGraphPin_3165
[2015.06.12-03.42.37:863][  0]LogLinker:Warning: Can't find file for asset '/Game/Vehicles/Lists/Enum_RaceState' while loading D:/CRX [06-11-15] - Copy/CanadianRacing/Content/UI/Menus/PauseMenu/UMG_Pause.uasset.
[2015.06.12-03.42.37:863][  0]LoadErrors: Info Failed to load /Game/Blueprints/BP_CanoeAI.BP_CanoeAI_C Referenced by EdGraphPin_3165
[2015.06.12-03.42.37:863][  0]LoadErrors:Error: Error /Game/UI/Menus/PauseMenu/UMG_Pause : Can't find file for asset. /Game/Vehicles/Lists/Enum_RaceState
[2015.06.12-03.42.39:028][  0]LogBlueprint:Warning: [compiler] Warning InputAction Event references unknown Action 'OpenInGameMenu' for  InputAction OpenInGameMenu 
[2015.06.12-03.42.39:035][  0]LogBlueprint:Warning: [compiler] Warning [0013.18] Compile of MyPlayerController successful, but with 1 Warning(s) [in 22 ms]
[2015.06.12-03.42.39:035][  0]LogBlueprint:Warning: [compiler] Warning [0013.18] Compile of MyPlayerController successful, but with 2 Warning(s) [in 0 ms]
[2015.06.12-03.42.39:035][  0]LogBlueprint:Warning: [compiler] Warning [0013.18] Compile of MyPlayerController successful, but with 3 Warning(s) [in 0 ms]
[2015.06.12-03.42.39:035][  0]LogBlueprint:Warning: [compiler] Warning [0013.18] Compile of MyPlayerController successful, but with 4 Warning(s) [in 0 ms]
[2015.06.12-03.42.39:627][  0]LogBlueprint:Warning: [compiler] Warning InputAction Event references unknown Action 'OpenInGameMenu' for  InputAction OpenInGameMenu 
[2015.06.12-03.42.39:633][  0]LogBlueprint:Warning: [compiler] Warning [0013.78] Compile of MyPlayerController successful, but with 1 Warning(s) [in 22 ms]
[2015.06.12-03.42.39:633][  0]LogBlueprint:Warning: [compiler] Warning [0013.78] Compile of MyPlayerController successful, but with 2 Warning(s) [in 0 ms]
[2015.06.12-03.42.41:712][  0]LogEditorServer: Finished looking for orphan Actors (0.000 secs)
[2015.06.12-03.42.41:802][  0]LogAIModule: Creating AISystem for world example_map
[2015.06.12-03.42.41:803][  0]Cmd: MAP CHECKDEP
[2015.06.12-03.42.41:803][  0]MapCheck: New page: example_map - Jun 11, 2015, 1:42:41 PM
[2015.06.12-03.42.41:906][  0]MapCheck: Info Map check complete: 0 Error(s), 0 Warning(s), took 102.884ms to complete.
[2015.06.12-03.42.41:906][  0]LogFileHelpers: Loading map 'example_map' took 4.845
[2015.06.12-03.42.42:054][  0]LogCollectionManager: Loaded 0 collections in 0.001310 seconds
[2015.06.12-03.42.42:068][  0]LogContentBrowser: Native class hierarchy populated in 0.0137 seconds. Added 1698 classes and 263 folders.
[2015.06.12-03.42.42:100][  0]LogContentBrowser: Native class hierarchy updated for 'SceneOutliner' in 0.0025 seconds. Added 1 classes and 2 folders.
[2015.06.12-03.42.42:154][  0]LogCrashTracker: Crashtracker disabled due to settings.
[2015.06.12-03.42.42:155][  0]LogSlate:Warning: Failed to load font data from 'Veranda'
[2015.06.12-03.42.42:161][  0]LogUObjectGlobals:Warning: Failed to find object 'Class None.'
[2015.06.12-03.42.42:186][  0]LogLoad: Full Startup: 16.33 seconds (BP compile: 1.81 seconds)
[2015.06.12-03.42.42:220][  0]LogContentBrowser:Verbose: The content browser source was changed by the sources view to '/Game/Blueprints'
[2015.06.12-03.42.42:439][  0]LogRenderer:Warning: Reallocating scene render targets to support 1616x808 (Frame:2).
[2015.06.12-03.42.42:525][  1]Cmd: UpdateLandscapeEditorData -warnings
[2015.06.12-03.42.42:526][  1]Cmd: UpdateLandscapeEditorData
[2015.06.12-03.42.43:111][  8]LogAssetRegistry: Asset discovery search completed in 7.4916 seconds
[2015.06.12-03.42.52:919][210]LogContentBrowser:Verbose: The content browser source was changed by the sources view to 'None'
[2015.06.12-03.42.52:919][210]LogContentBrowser:Verbose: The content browser source was changed by the sources view to '/Game/UI/Game'
[2015.06.12-03.42.55:045][243]LogContentBrowser:Verbose: The content browser source was changed by the sources view to 'None'
[2015.06.12-03.42.55:045][243]LogContentBrowser:Verbose: The content browser source was changed by the sources view to '/Game/Blueprints'
[2015.06.12-03.43.58:525][693]LogLinker:Warning: Can't find file '/Game/Vehicles/Vehicles_PhysMat'
[2015.06.12-03.43.58:525][693]LogLinker:Warning: Can't find file for asset '/Game/Vehicles/Vehicles_PhysMat' while loading D:/CRX [06-11-15] - Copy/CanadianRacing/Content/Blueprints/BP_CanoeAI_old.uasset.
[2015.06.12-03.43.58:525][693]LoadErrors:Error: Error /Game/Blueprints/BP_CanoeAI_old : Can't find file for asset. /Game/Vehicles/Vehicles_PhysMat
[2015.06.12-03.43.58:526][693]LogLinker:Warning: Can't find file '/Game/Vehicles/Vehicles_PhysMat'
[2015.06.12-03.43.58:526][693]LogLinker:Warning: Can't find file for asset '/Game/Vehicles/Vehicles_PhysMat' while loading D:/CRX [06-11-15] - Copy/CanadianRacing/Content/Blueprints/BP_CanoeAI_old.uasset.
[2015.06.12-03.43.58:530][693]LogLinker:Warning: Can't find file '/Game/Vehicles/Vehicles_PhysMat'
[2015.06.12-03.43.58:530][693]LogLinker:Warning: Can't find file for asset '/Game/Vehicles/Vehicles_PhysMat' while loading NULL.
[2015.06.12-03.43.58:530][693]LogLinker:Warning: Can't find file '/Game/Vehicles/Vehicles_PhysMat'
[2015.06.12-03.43.58:530][693]LogLinker:Warning: Can't find file for asset '/Game/Vehicles/Vehicles_PhysMat' while loading NULL.
[2015.06.12-03.43.58:532][693]LogLinker:Warning: Can't find file '/Game/Vehicles/Vehicles_PhysMat'
[2015.06.12-03.43.58:532][693]LoadErrors: Info Failed to load /Game/Vehicles/Vehicles_PhysMat.Vehicles_PhysMat Referenced by Default__BP_CanoeAI_C
[2015.06.12-03.43.58:532][693]LogLinker:Warning: Can't find file for asset '/Game/Vehicles/Vehicles_PhysMat' while loading NULL.
[2015.06.12-03.43.59:045][693]LogActorComponent: UnregisterComponent: (/Engine/Transient.ProjectileMovementComponent_0) Not registered. Aborting.
[2015.06.12-03.43.59:045][693]LogActorComponent: UnregisterComponent: (/Engine/Transient.MovementComp) Not registered. Aborting.
[2015.06.12-03.44.30:472][147]LogActorComponent: UnregisterComponent: (/Engine/Transient.ProjectileMovementComponent_0) Not registered. Aborting.
[2015.06.12-03.44.30:472][147]LogActorComponent: UnregisterComponent: (/Engine/Transient.MovementComp) Not registered. Aborting.
[2015.06.12-03.44.30:657][147]Cmd: OBJ SAVEPACKAGE PACKAGE="/Game/Levels/example_map" FILE="D:/CRX [06-11-15] - Copy/CanadianRacing/Content/Levels/example_map.umap" SILENT=true AUTOSAVING=false KEEPDIRTY=false
[2015.06.12-03.44.31:190][147]LogSavePackage: Save=504.279297ms
[2015.06.12-03.44.31:190][147]LogSavePackage: Moving 'D:/CRX [06-11-15] - Copy/CanadianRacing/Saved/example_mapDD1372964DEE6474757383B13FBAD84B.tmp' to 'D:/CRX [06-11-15] - Copy/CanadianRacing/Content/Levels/example_map.umap'
[2015.06.12-03.44.31:203][147]LogFileHelpers: Saving map 'example_map' took 0.655
[2015.06.12-03.44.31:806][164]BlueprintLog: New page: Pre-PIE auto-recompile
[2015.06.12-03.44.31:806][164]LogPlayLevel: [PIE] Compiling example_map before PIE...
[2015.06.12-03.44.31:866][164]LogPlayLevel: PIE:  Blueprint regeneration took 59 ms (1 blueprints)
[2015.06.12-03.44.31:866][164]PIE: New page: PIE session: example_map (Jun 11, 2015, 1:44:31 PM)
[2015.06.12-03.44.33:735][164]LogPlayLevel: PIE: StaticDuplicateObject took: (0.038349s)
[2015.06.12-03.44.33:736][164]LogPlayLevel: PIE: World Init took: (0.000729s)
[2015.06.12-03.44.33:736][164]LogPlayLevel: PIE: Created PIE world by copying editor world from /Game/Levels/example_map.example_map to /Game/Levels/UEDPIE_0_example_map.example_map (0.039296s)
[2015.06.12-03.44.33:850][164]LogWorld: Game class is 'BP_GameMode_C'
[2015.06.12-03.44.33:855][164]LogAIModule: Creating AISystem for world example_map
[2015.06.12-03.44.33:900][164]LogWorld: Bringing World /Game/Levels/UEDPIE_0_example_map.example_map up for play (max tick rate 0) at 2015.06.11-20.44.33
[2015.06.12-03.44.33:902][164]LogWorld: Bringing up level for play took: 0.046537
[2015.06.12-03.44.33:912][164]LogVoice:Warning: Failed to initialize voice interface
[2015.06.12-03.44.33:914][164]LogBlueprintUserMessages: FLIP CAR: F
[2015.06.12-03.44.33:914][164]LogBlueprintUserMessages: RESTART: R
[2015.06.12-03.44.33:914][164]LogBlueprintUserMessages: CONTROLS: WASD
[2015.06.12-03.44.33:916][164]PIE: Info Play in editor start time for /Game/Levels/UEDPIE_0_example_map 2.025
[2015.06.12-03.44.33:961][164]LogBlueprintUserMessages: 0
[2015.06.12-03.44.34:002][165]LogStats:Warning: MetaData mismatch. Did you assign a stat to two groups? New //STATGROUP_Threads//OnlineAsyncTaskThreadNull///Thread_15a4_0///////STATCAT_Advanced//// old //STATGROUP_Threads//OnlineAsyncTaskThreadNull///Thread_1b30_0///////STATCAT_Advanced////
[2015.06.12-03.44.34:002][165]LogBlueprintUserMessages: 0
[2015.06.12-03.44.34:062][166]LogBlueprintUserMessages: 0
[2015.06.12-03.44.34:096][167]LogBlueprintUserMessages: 0
[2015.06.12-03.44.34:189][168]LogBlueprintUserMessages: 0
[2015.06.12-03.44.34:236][169]LogBlueprintUserMessages: 0
[2015.06.12-03.44.34:284][170]LogBlueprintUserMessages: 0
[2015.06.12-03.44.34:331][171]LogBlueprintUserMessages: 0
[2015.06.12-03.44.34:381][172]LogBlueprintUserMessages: 0
[2015.06.12-03.44.34:439][173]LogBlueprintUserMessages: 0
[2015.06.12-03.44.34:485][174]LogBlueprintUserMessages: 0
[2015.06.12-03.44.34:531][175]LogBlueprintUserMessages: 0
[2015.06.12-03.44.34:576][176]LogBlueprintUserMessages: 0
[2015.06.12-03.44.34:621][177]LogBlueprintUserMessages: 0
[2015.06.12-03.44.34:664][178]LogBlueprintUserMessages: 0
[2015.06.12-03.44.34:709][179]LogBlueprintUserMessages: 0
[2015.06.12-03.44.34:752][180]LogBlueprintUserMessages: 0
[2015.06.12-03.44.34:795][181]LogBlueprintUserMessages: 0
[2015.06.12-03.44.34:839][182]LogBlueprintUserMessages: 0
[2015.06.12-03.44.34:883][183]LogBlueprintUserMessages: 0
[2015.06.12-03.44.34:926][184]LogBlueprintUserMessages: 0
[2015.06.12-03.44.34:970][185]LogBlueprintUserMessages: 0
[2015.06.12-03.44.35:013][186]LogBlueprintUserMessages: 0
[2015.06.12-03.44.35:056][187]LogBlueprintUserMessages: 0
[2015.06.12-03.44.35:101][188]LogBlueprintUserMessages: 0
[2015.06.12-03.44.35:144][189]LogBlueprintUserMessages: 0
[2015.06.12-03.44.35:188][190]LogBlueprintUserMessages: 0
[2015.06.12-03.44.35:231][191]LogBlueprintUserMessages: 0
[2015.06.12-03.44.35:274][192]LogBlueprintUserMessages: 0
[2015.06.12-03.44.35:318][193]LogBlueprintUserMessages: 0
[2015.06.12-03.44.35:361][194]LogBlueprintUserMessages: 0
[2015.06.12-03.44.35:405][195]LogBlueprintUserMessages: 0
[2015.06.12-03.44.35:448][196]LogBlueprintUserMessages: 0
[2015.06.12-03.44.35:491][197]LogBlueprintUserMessages: 0
[2015.06.12-03.44.35:534][198]LogBlueprintUserMessages: 0
[2015.06.12-03.44.35:578][199]LogBlueprintUserMessages: 0
[2015.06.12-03.44.35:620][200]LogBlueprintUserMessages: 0
[2015.06.12-03.44.35:663][201]LogBlueprintUserMessages: 0
[2015.06.12-03.44.35:706][202]LogBlueprintUserMessages: 0
[2015.06.12-03.44.35:749][203]LogBlueprintUserMessages: 0
[2015.06.12-03.44.35:792][204]LogBlueprintUserMessages: 0
[2015.06.12-03.44.35:835][205]LogBlueprintUserMessages: 0
[2015.06.12-03.44.35:878][206]LogBlueprintUserMessages: 0
[2015.06.12-03.44.35:925][207]LogBlueprintUserMessages: 0
[2015.06.12-03.44.35:984][208]LogBlueprintUserMessages: 0
[2015.06.12-03.44.36:027][209]LogBlueprintUserMessages: 0
[2015.06.12-03.44.36:069][210]LogBlueprintUserMessages: 0
[2015.06.12-03.44.36:112][211]LogBlueprintUserMessages: 0
[2015.06.12-03.44.36:155][212]LogBlueprintUserMessages: 0
[2015.06.12-03.44.36:198][213]LogBlueprintUserMessages: 0
[2015.06.12-03.44.36:241][214]LogBlueprintUserMessages: 0
[2015.06.12-03.44.36:284][215]LogBlueprintUserMessages: 0
[2015.06.12-03.44.36:327][216]LogBlueprintUserMessages: 0
[2015.06.12-03.44.36:370][217]LogBlueprintUserMessages: 0
[2015.06.12-03.44.36:412][218]LogBlueprintUserMessages: 0
[2015.06.12-03.44.36:455][219]LogBlueprintUserMessages: 0
[2015.06.12-03.44.36:498][220]LogBlueprintUserMessages: 0
[2015.06.12-03.44.36:541][221]LogBlueprintUserMessages: 0
[2015.06.12-03.44.36:584][222]LogBlueprintUserMessages: 0
[2015.06.12-03.44.36:626][223]LogBlueprintUserMessages: 0
[2015.06.12-03.44.36:669][224]LogBlueprintUserMessages: 0
[2015.06.12-03.44.36:712][225]LogBlueprintUserMessages: 0
[2015.06.12-03.44.36:755][226]LogBlueprintUserMessages: 0
[2015.06.12-03.44.36:797][227]LogBlueprintUserMessages: 0
[2015.06.12-03.44.36:840][228]LogBlueprintUserMessages: 0
[2015.06.12-03.44.36:883][229]LogBlueprintUserMessages: 0
[2015.06.12-03.44.36:926][230]LogBlueprintUserMessages: 0
[2015.06.12-03.44.36:969][231]LogBlueprintUserMessages: 0
[2015.06.12-03.44.37:012][232]LogBlueprintUserMessages: 0
[2015.06.12-03.44.37:054][233]LogBlueprintUserMessages: 0
[2015.06.12-03.44.37:097][234]LogBlueprintUserMessages: 0
[2015.06.12-03.44.37:140][235]LogBlueprintUserMessages: 0
[2015.06.12-03.44.37:183][236]LogBlueprintUserMessages: 0
[2015.06.12-03.44.37:227][237]LogBlueprintUserMessages: 0
[2015.06.12-03.44.37:270][238]LogBlueprintUserMessages: 0
[2015.06.12-03.44.37:313][239]LogBlueprintUserMessages: 0
[2015.06.12-03.44.37:356][240]LogBlueprintUserMessages: 0
[2015.06.12-03.44.37:399][241]LogBlueprintUserMessages: 0
[2015.06.12-03.44.37:443][242]LogBlueprintUserMessages: 0
[2015.06.12-03.44.37:486][243]LogBlueprintUserMessages: 0
[2015.06.12-03.44.37:529][244]LogBlueprintUserMessages: 0
[2015.06.12-03.44.37:572][245]LogBlueprintUserMessages: 0
[2015.06.12-03.44.37:615][246]LogBlueprintUserMessages: 0
[2015.06.12-03.44.37:660][247]LogBlueprintUserMessages: 0
[2015.06.12-03.44.37:703][248]LogBlueprintUserMessages: 0
[2015.06.12-03.44.37:747][249]LogBlueprintUserMessages: 0
[2015.06.12-03.44.37:791][250]LogBlueprintUserMessages: 0
[2015.06.12-03.44.37:834][251]LogBlueprintUserMessages: 0
[2015.06.12-03.44.37:877][252]LogBlueprintUserMessages: 0
[2015.06.12-03.44.37:920][253]LogBlueprintUserMessages: 0
[2015.06.12-03.44.37:964][254]LogBlueprintUserMessages: 0
[2015.06.12-03.44.38:008][255]LogBlueprintUserMessages: 0
[2015.06.12-03.44.38:052][256]LogBlueprintUserMessages: 0
[2015.06.12-03.44.38:096][257]LogBlueprintUserMessages: 0
[2015.06.12-03.44.38:142][258]LogBlueprintUserMessages: 0
[2015.06.12-03.44.38:186][259]LogBlueprintUserMessages: 0
[2015.06.12-03.44.38:232][260]LogBlueprintUserMessages: 0
[2015.06.12-03.44.38:278][261]LogBlueprintUserMessages: 0
[2015.06.12-03.44.38:324][262]LogBlueprintUserMessages: 0
[2015.06.12-03.44.38:371][263]LogBlueprintUserMessages: 0
[2015.06.12-03.44.38:417][264]LogBlueprintUserMessages: 0
[2015.06.12-03.44.38:463][265]LogBlueprintUserMessages: 0
[2015.06.12-03.44.38:509][266]LogBlueprintUserMessages: 0
[2015.06.12-03.44.38:555][267]LogBlueprintUserMessages: 0
[2015.06.12-03.44.38:602][268]LogBlueprintUserMessages: 0
[2015.06.12-03.44.38:648][269]LogBlueprintUserMessages: 0
[2015.06.12-03.44.38:694][270]LogBlueprintUserMessages: 0
[2015.06.12-03.44.38:737][271]LogBlueprintUserMessages: 0
[2015.06.12-03.44.38:780][272]LogBlueprintUserMessages: 0
[2015.06.12-03.44.38:823][273]LogBlueprintUserMessages: 0
[2015.06.12-03.44.38:867][274]LogBlueprintUserMessages: 0
[2015.06.12-03.44.38:910][275]LogBlueprintUserMessages: 0
[2015.06.12-03.44.38:953][276]LogBlueprintUserMessages: 0
[2015.06.12-03.44.38:997][277]LogBlueprintUserMessages: 0
[2015.06.12-03.44.39:040][278]LogBlueprintUserMessages: 0
[2015.06.12-03.44.39:082][279]LogBlueprintUserMessages: 0
[2015.06.12-03.44.39:125][280]LogBlueprintUserMessages: 0
[2015.06.12-03.44.39:168][281]LogBlueprintUserMessages: 0
[2015.06.12-03.44.39:211][282]LogBlueprintUserMessages: 0
[2015.06.12-03.44.39:253][283]LogBlueprintUserMessages: 0
[2015.06.12-03.44.39:296][284]LogBlueprintUserMessages: 0
[2015.06.12-03.44.39:337][285]LogBlueprintUserMessages: 0
[2015.06.12-03.44.39:380][286]LogBlueprintUserMessages: 0
[2015.06.12-03.44.39:422][287]LogBlueprintUserMessages: 0
[2015.06.12-03.44.39:465][288]LogBlueprintUserMessages: 0
[2015.06.12-03.44.39:507][289]LogBlueprintUserMessages: 0
[2015.06.12-03.44.39:550][290]LogBlueprintUserMessages: 0
[2015.06.12-03.44.39:592][291]LogBlueprintUserMessages: 0
[2015.06.12-03.44.39:635][292]LogBlueprintUserMessages: 0
[2015.06.12-03.44.39:677][293]LogBlueprintUserMessages: 0
[2015.06.12-03.44.39:719][294]LogBlueprintUserMessages: 0
[2015.06.12-03.44.39:762][295]LogBlueprintUserMessages: 0
[2015.06.12-03.44.39:805][296]LogBlueprintUserMessages: 0
[2015.06.12-03.44.39:847][297]LogBlueprintUserMessages: 0
[2015.06.12-03.44.39:890][298]LogBlueprintUserMessages: 0
[2015.06.12-03.44.39:933][299]LogBlueprintUserMessages: 0
[2015.06.12-03.44.39:975][300]LogBlueprintUserMessages: 0
[2015.06.12-03.44.40:017][301]LogBlueprintUserMessages: 0
[2015.06.12-03.44.40:060][302]LogBlueprintUserMessages: 0
[2015.06.12-03.44.40:102][303]LogBlueprintUserMessages: 0
[2015.06.12-03.44.40:145][304]LogBlueprintUserMessages: 0
[2015.06.12-03.44.40:187][305]LogBlueprintUserMessages: 0
[2015.06.12-03.44.40:229][306]LogBlueprintUserMessages: 0
[2015.06.12-03.44.40:271][307]LogBlueprintUserMessages: 0
[2015.06.12-03.44.40:313][308]LogBlueprintUserMessages: 0
[2015.06.12-03.44.40:357][309]LogBlueprintUserMessages: 0
[2015.06.12-03.44.40:400][310]LogBlueprintUserMessages: 0
[2015.06.12-03.44.40:443][311]LogBlueprintUserMessages: 0
[2015.06.12-03.44.40:487][312]LogBlueprintUserMessages: 0
[2015.06.12-03.44.40:531][313]LogBlueprintUserMessages: 0
[2015.06.12-03.44.40:574][314]LogBlueprintUserMessages: 0
[2015.06.12-03.44.40:618][315]LogBlueprintUserMessages: 0
[2015.06.12-03.44.40:661][316]LogBlueprintUserMessages: 0
[2015.06.12-03.44.40:704][317]LogBlueprintUserMessages: 0
[2015.06.12-03.44.40:748][318]LogBlueprintUserMessages: 0
[2015.06.12-03.44.40:791][319]LogBlueprintUserMessages: 0
[2015.06.12-03.44.40:835][320]LogBlueprintUserMessages: 0
[2015.06.12-03.44.40:960][321]LogOnline:Display: NULL: FOnlineSubsystemNull::Shutdown()
[2015.06.12-03.44.40:961][321]LogPlayLevel:Display: Shutting down PIE online subsystems
[2015.06.12-03.44.41:033][322]LogParticles: Destroying 0 GPU particle simulations for FXSystem 0x000000000D13E980
[2015.06.12-03.44.41:033][322]LogPlayLevel:Display: Destroying online subsystem :Context_3
[2015.06.12-03.44.41:033][322]LogOnline:Display: NULL: FOnlineSubsystemNull::Shutdown()
[2015.06.12-03.44.42:082][342]BlueprintLog: New page: Pre-PIE auto-recompile
[2015.06.12-03.44.42:082][342]LogPlayLevel: [PIE] Compiling example_map before PIE...
[2015.06.12-03.44.42:198][342]LogPlayLevel: PIE:  Blueprint regeneration took 116 ms (1 blueprints)
[2015.06.12-03.44.42:199][342]PIE: New page: PIE session: example_map (Jun 11, 2015, 1:44:42 PM)
[2015.06.12-03.44.42:237][342]LogPlayLevel: PIE: StaticDuplicateObject took: (0.038076s)
[2015.06.12-03.44.42:238][342]LogPlayLevel: PIE: World Init took: (0.000671s)
[2015.06.12-03.44.42:238][342]LogPlayLevel: PIE: Created PIE world by copying editor world from /Game/Levels/example_map.example_map to /Game/Levels/UEDPIE_0_example_map.example_map (0.038948s)
[2015.06.12-03.44.42:274][342]LogWorld: Game class is 'BP_GameMode_C'
[2015.06.12-03.44.42:279][342]LogAIModule: Creating AISystem for world example_map
[2015.06.12-03.44.42:299][342]LogWorld: Bringing World /Game/Levels/UEDPIE_0_example_map.example_map up for play (max tick rate 0) at 2015.06.11-20.44.42
[2015.06.12-03.44.42:301][342]LogWorld: Bringing up level for play took: 0.021514
[2015.06.12-03.44.42:311][342]LogVoice:Warning: Failed to initialize voice interface
[2015.06.12-03.44.42:332][342]LogBlueprintUserMessages: FLIP CAR: F
[2015.06.12-03.44.42:332][342]LogBlueprintUserMessages: RESTART: R
[2015.06.12-03.44.42:332][342]LogBlueprintUserMessages: CONTROLS: WASD
[2015.06.12-03.44.42:334][342]PIE: Info Play in editor start time for /Game/Levels/UEDPIE_0_example_map 0.442
[2015.06.12-03.44.42:377][342]LogBlueprintUserMessages: 0
[2015.06.12-03.44.42:396][343]LogStats:Warning: MetaData mismatch. Did you assign a stat to two groups? New //STATGROUP_Threads//OnlineAsyncTaskThreadNull///Thread_1a94_0///////STATCAT_Advanced//// old //STATGROUP_Threads//OnlineAsyncTaskThreadNull///Thread_1b30_0///////STATCAT_Advanced////
[2015.06.12-03.44.42:396][343]LogBlueprintUserMessages: 0
[2015.06.12-03.44.42:518][344]LogBlueprintUserMessages: 0
[2015.06.12-03.44.42:534][345]LogBlueprintUserMessages: 0
[2015.06.12-03.44.42:642][346]LogBlueprintUserMessages: 0
[2015.06.12-03.44.42:690][347]LogBlueprintUserMessages: 0
[2015.06.12-03.44.42:742][348]LogBlueprintUserMessages: 0
[2015.06.12-03.44.42:794][349]LogBlueprintUserMessages: 0
[2015.06.12-03.44.42:844][350]LogBlueprintUserMessages: 0
[2015.06.12-03.44.42:894][351]LogBlueprintUserMessages: 0
[2015.06.12-03.44.42:943][352]LogBlueprintUserMessages: 0
[2015.06.12-03.44.42:993][353]LogBlueprintUserMessages: 0
[2015.06.12-03.44.43:012][354]LogBlueprintUserMessages: 0
[2015.06.12-03.44.43:089][355]LogBlueprintUserMessages: 0
[2015.06.12-03.44.43:135][356]LogBlueprintUserMessages: 0
[2015.06.12-03.44.43:186][357]LogBlueprintUserMessages: 0
[2015.06.12-03.44.43:235][358]LogBlueprintUserMessages: 0
[2015.06.12-03.44.43:284][359]LogBlueprintUserMessages: 0
[2015.06.12-03.44.43:334][360]LogBlueprintUserMessages: 0
[2015.06.12-03.44.43:383][361]LogBlueprintUserMessages: 0
[2015.06.12-03.44.43:433][362]LogBlueprintUserMessages: 0
[2015.06.12-03.44.43:483][363]LogBlueprintUserMessages: 0
[2015.06.12-03.44.43:532][364]LogBlueprintUserMessages: 0
[2015.06.12-03.44.43:582][365]LogBlueprintUserMessages: 0
[2015.06.12-03.44.43:631][366]LogBlueprintUserMessages: 0
[2015.06.12-03.44.43:681][367]LogBlueprintUserMessages: 0
[2015.06.12-03.44.43:730][368]LogBlueprintUserMessages: 0
[2015.06.12-03.44.43:780][369]LogBlueprintUserMessages: 0
[2015.06.12-03.44.43:829][370]LogBlueprintUserMessages: 0
[2015.06.12-03.44.43:879][371]LogBlueprintUserMessages: 0
[2015.06.12-03.44.43:928][372]LogBlueprintUserMessages: 0
[2015.06.12-03.44.43:977][373]LogBlueprintUserMessages: 0
[2015.06.12-03.44.44:025][374]LogBlueprintUserMessages: 0
[2015.06.12-03.44.44:074][375]LogBlueprintUserMessages: 0
[2015.06.12-03.44.44:219][381]LogBlueprintUserMessages: 0
[2015.06.12-03.44.44:276][381]LogOnline:Display: NULL: FOnlineSubsystemNull::Shutdown()
[2015.06.12-03.44.44:276][381]LogPlayLevel:Display: Shutting down PIE online subsystems
[2015.06.12-03.44.44:331][382]LogParticles: Destroying 0 GPU particle simulations for FXSystem 0x000000000CFB1E40
[2015.06.12-03.44.44:331][382]LogPlayLevel:Display: Destroying online subsystem :Context_4
[2015.06.12-03.44.44:331][382]LogOnline:Display: NULL: FOnlineSubsystemNull::Shutdown()
[2015.06.12-03.44.52:314][481]LogContentBrowser:Verbose: The content browser source was changed by the sources view to '/Game/UI'
[2015.06.12-03.44.55:990][554]LogContentBrowser:Verbose: The content browser source was changed by the sources view to '/Game/UI/Game'
[2015.06.12-03.44.58:232][592]LogEnum:Warning: Enum name collision: 'Enum_Vehicle::NewEnumerator0' is in both '/Game/Lists/Enum_Vehicle.Enum_Vehicle' and '/Game/UI/Menus/MainMenu/Enum_Vehicle.Enum_Vehicle'
[2015.06.12-03.44.58:232][592]LogEnum:Warning: Enum name collision: 'Enum_Vehicle::NewEnumerator1' is in both '/Game/Lists/Enum_Vehicle.Enum_Vehicle' and '/Game/UI/Menus/MainMenu/Enum_Vehicle.Enum_Vehicle'
[2015.06.12-03.44.58:232][592]LogEnum:Warning: Enum name collision: 'Enum_Vehicle::NewEnumerator2' is in both '/Game/Lists/Enum_Vehicle.Enum_Vehicle' and '/Game/UI/Menus/MainMenu/Enum_Vehicle.Enum_Vehicle'
[2015.06.12-03.44.58:232][592]LogEnum:Warning: Enum name collision: 'Enum_Vehicle::NewEnumerator3' is in both '/Game/Lists/Enum_Vehicle.Enum_Vehicle' and '/Game/UI/Menus/MainMenu/Enum_Vehicle.Enum_Vehicle'
[2015.06.12-03.44.58:232][592]LogEnum:Warning: Enum name collision: 'Enum_Vehicle::Enum_MAX' is in both '/Game/Lists/Enum_Vehicle.Enum_Vehicle' and '/Game/UI/Menus/MainMenu/Enum_Vehicle.Enum_Vehicle'
[2015.06.12-03.44.58:234][592]LogEnum:Warning: Enum name collision: 'Enum_Levels::NewEnumerator0' is in both '/Game/UI/Menus/MainMenu/Enum_Levels.Enum_Levels' and '/Game/Lists/Enum_Levels.Enum_Levels'
[2015.06.12-03.44.58:234][592]LogEnum:Warning: Enum name collision: 'Enum_Levels::NewEnumerator1' is in both '/Game/UI/Menus/MainMenu/Enum_Levels.Enum_Levels' and '/Game/Lists/Enum_Levels.Enum_Levels'
[2015.06.12-03.44.58:234][592]LogEnum:Warning: Enum name collision: 'Enum_Levels::NewEnumerator2' is in both '/Game/UI/Menus/MainMenu/Enum_Levels.Enum_Levels' and '/Game/Lists/Enum_Levels.Enum_Levels'
[2015.06.12-03.44.58:234][592]LogEnum:Warning: Enum name collision: 'Enum_Levels::NewEnumerator3' is in both '/Game/UI/Menus/MainMenu/Enum_Levels.Enum_Levels' and '/Game/Lists/Enum_Levels.Enum_Levels'
[2015.06.12-03.44.58:234][592]LogEnum:Warning: Enum name collision: 'Enum_Levels::NewEnumerator4' is in both '/Game/UI/Menus/MainMenu/Enum_Levels.Enum_Levels' and '/Game/Lists/Enum_Levels.Enum_Levels'
[2015.06.12-03.44.58:234][592]LogEnum:Warning: Enum name collision: 'Enum_Levels::Enum_MAX' is in both '/Game/UI/Menus/MainMenu/Enum_Levels.Enum_Levels' and '/Game/Lists/Enum_Levels.Enum_Levels'
[2015.06.12-03.45.11:306][510]LogSlate:Warning: Prevented a slow task dialog from being summoned while a context menu was open
[2015.06.12-03.45.31:263][ 76]BlueprintLog: New page: Compile UMG_Game
[2015.06.12-03.45.31:349][ 76]LogActorComponent: UnregisterComponent: (/Engine/Transient.ProjectileMovementComponent_0) Not registered. Aborting.
[2015.06.12-03.45.31:349][ 76]LogActorComponent: UnregisterComponent: (/Engine/Transient.MovementComp) Not registered. Aborting.
[2015.06.12-03.45.31:349][ 76]LogActorComponent: UnregisterComponent: (/Engine/Transient.WheeledVehicleMovementComponent4W_0) Not registered. Aborting.
[2015.06.12-03.45.31:370][ 76]LogParticles: Destroying 0 GPU particle simulations for FXSystem 0x00000000210D7380
[2015.06.12-03.45.31:394][ 76]BlueprintEditorCompileResults: Info [0185.53] Compile of UMG_Game successful! [in 131 ms]
[2015.06.12-03.46.09:879][229]BlueprintLog: New page: Compile UMG_Game
[2015.06.12-03.46.10:006][229]BlueprintEditorCompileResults: Info [0224.14] Compile of UMG_Game successful! [in 126 ms]
[2015.06.12-03.46.10:828][288]Cmd: OBJ SAVEPACKAGE PACKAGE="/Game/UI/Game/UMG_Game" FILE="D:/CRX [06-11-15] - Copy/CanadianRacing/Content/UI/Game/UMG_Game.uasset" SILENT=true
[2015.06.12-03.46.10:954][288]LogSavePackage: Save=123.383896ms
[2015.06.12-03.46.10:954][288]LogSavePackage: Moving 'D:/CRX [06-11-15] - Copy/CanadianRacing/Saved/UMG_Game04A542FC4FDF4B40B90BF8971F0E5AB8.tmp' to 'D:/CRX [06-11-15] - Copy/CanadianRacing/Content/UI/Game/UMG_Game.uasset'
[2015.06.12-03.46.12:800][410]LogParticles: Destroying 0 GPU particle simulations for FXSystem 0x00000000115D82C0
[2015.06.12-03.46.12:800][410]LogParticles: Destroying 0 GPU particle simulations for FXSystem 0x00000000115D9E40
[2015.06.12-03.46.13:914][432]BlueprintLog: New page: Pre-PIE auto-recompile
[2015.06.12-03.46.13:917][432]LogPlayLevel: [PIE] Compiling HUD_Game before PIE...
[2015.06.12-03.46.13:975][432]LogPlayLevel: [PIE] Compiling example_map before PIE...
[2015.06.12-03.46.14:057][432]LogPlayLevel: PIE:  Blueprint regeneration took 143 ms (2 blueprints)
[2015.06.12-03.46.14:057][432]PIE: New page: PIE session: example_map (Jun 11, 2015, 1:46:14 PM)
[2015.06.12-03.46.14:096][432]LogPlayLevel: PIE: StaticDuplicateObject took: (0.038337s)
[2015.06.12-03.46.14:097][432]LogPlayLevel: PIE: World Init took: (0.000679s)
[2015.06.12-03.46.14:097][432]LogPlayLevel: PIE: Created PIE world by copying editor world from /Game/Levels/example_map.example_map to /Game/Levels/UEDPIE_0_example_map.example_map (0.039232s)
[2015.06.12-03.46.14:128][432]LogWorld: Game class is 'BP_GameMode_C'
[2015.06.12-03.46.14:133][432]LogAIModule: Creating AISystem for world example_map
[2015.06.12-03.46.14:153][432]LogWorld: Bringing World /Game/Levels/UEDPIE_0_example_map.example_map up for play (max tick rate 0) at 2015.06.11-20.46.14
[2015.06.12-03.46.14:154][432]LogWorld: Bringing up level for play took: 0.021111
[2015.06.12-03.46.14:165][432]LogVoice:Warning: Failed to initialize voice interface
[2015.06.12-03.46.14:167][432]LogBlueprintUserMessages: FLIP CAR: F
[2015.06.12-03.46.14:167][432]LogBlueprintUserMessages: RESTART: R
[2015.06.12-03.46.14:167][432]LogBlueprintUserMessages: CONTROLS: WASD
[2015.06.12-03.46.14:169][432]PIE: Info Play in editor start time for /Game/Levels/UEDPIE_0_example_map 0.272
[2015.06.12-03.46.14:213][432]LogBlueprintUserMessages: 0
[2015.06.12-03.46.14:231][433]LogStats:Warning: MetaData mismatch. Did you assign a stat to two groups? New //STATGROUP_Threads//OnlineAsyncTaskThreadNull///Thread_19cc_0///////STATCAT_Advanced//// old //STATGROUP_Threads//OnlineAsyncTaskThreadNull///Thread_1b30_0///////STATCAT_Advanced////
[2015.06.12-03.46.14:231][433]LogBlueprintUserMessages: 0
[2015.06.12-03.46.14:355][434]LogBlueprintUserMessages: 0
[2015.06.12-03.46.14:368][435]LogBlueprintUserMessages: 0
[2015.06.12-03.46.14:454][436]LogBlueprintUserMessages: 0
[2015.06.12-03.46.14:502][437]LogBlueprintUserMessages: 0
[2015.06.12-03.46.14:548][438]LogBlueprintUserMessages: 0
[2015.06.12-03.46.14:594][439]LogBlueprintUserMessages: 0
[2015.06.12-03.46.14:639][440]LogBlueprintUserMessages: 0
[2015.06.12-03.46.14:682][441]LogBlueprintUserMessages: 0
[2015.06.12-03.46.14:726][442]LogBlueprintUserMessages: 0
[2015.06.12-03.46.14:770][443]LogBlueprintUserMessages: 0
[2015.06.12-03.46.14:813][444]LogBlueprintUserMessages: 0
[2015.06.12-03.46.14:857][445]LogBlueprintUserMessages: 0
[2015.06.12-03.46.14:900][446]LogBlueprintUserMessages: 0
[2015.06.12-03.46.14:944][447]LogBlueprintUserMessages: 0
[2015.06.12-03.46.14:988][448]LogBlueprintUserMessages: 0
[2015.06.12-03.46.15:031][449]LogBlueprintUserMessages: 0
[2015.06.12-03.46.15:075][450]LogBlueprintUserMessages: 0
[2015.06.12-03.46.15:119][451]LogBlueprintUserMessages: 0
[2015.06.12-03.46.15:162][452]LogBlueprintUserMessages: 0
[2015.06.12-03.46.15:206][453]LogBlueprintUserMessages: 0
[2015.06.12-03.46.15:250][454]LogBlueprintUserMessages: 0
[2015.06.12-03.46.15:293][455]LogBlueprintUserMessages: 0
[2015.06.12-03.46.15:337][456]LogBlueprintUserMessages: 0
[2015.06.12-03.46.15:380][457]LogBlueprintUserMessages: 0
[2015.06.12-03.46.15:424][458]LogBlueprintUserMessages: 0
[2015.06.12-03.46.15:468][459]LogBlueprintUserMessages: 0
[2015.06.12-03.46.15:511][460]LogBlueprintUserMessages: 0
[2015.06.12-03.46.15:555][461]LogBlueprintUserMessages: 0
[2015.06.12-03.46.15:598][462]LogBlueprintUserMessages: 0
[2015.06.12-03.46.15:642][463]LogBlueprintUserMessages: 0
[2015.06.12-03.46.15:686][464]LogBlueprintUserMessages: 0
[2015.06.12-03.46.15:729][465]LogBlueprintUserMessages: 0
[2015.06.12-03.46.15:773][466]LogBlueprintUserMessages: 0
[2015.06.12-03.46.15:816][467]LogBlueprintUserMessages: 0
[2015.06.12-03.46.15:859][468]LogBlueprintUserMessages: 0
[2015.06.12-03.46.15:901][469]LogBlueprintUserMessages: 0
[2015.06.12-03.46.15:964][470]LogBlueprintUserMessages: 0
[2015.06.12-03.46.16:007][471]LogBlueprintUserMessages: 0
[2015.06.12-03.46.16:050][472]LogBlueprintUserMessages: 0
[2015.06.12-03.46.16:093][473]LogBlueprintUserMessages: 0
[2015.06.12-03.46.16:137][474]LogBlueprintUserMessages: 0
[2015.06.12-03.46.16:180][475]LogBlueprintUserMessages: 0
[2015.06.12-03.46.16:224][476]LogBlueprintUserMessages: 0
[2015.06.12-03.46.16:267][477]LogBlueprintUserMessages: 0
[2015.06.12-03.46.16:310][478]LogBlueprintUserMessages: 0
[2015.06.12-03.46.16:353][479]LogBlueprintUserMessages: 0
[2015.06.12-03.46.16:396][480]LogBlueprintUserMessages: 0
[2015.06.12-03.46.16:439][481]LogBlueprintUserMessages: 0
[2015.06.12-03.46.16:482][482]LogBlueprintUserMessages: 0
[2015.06.12-03.46.16:525][483]LogBlueprintUserMessages: 0
[2015.06.12-03.46.16:568][484]LogBlueprintUserMessages: 0
[2015.06.12-03.46.16:611][485]LogBlueprintUserMessages: 0
[2015.06.12-03.46.16:654][486]LogBlueprintUserMessages: 0
[2015.06.12-03.46.16:697][487]LogBlueprintUserMessages: 0
[2015.06.12-03.46.16:740][488]LogBlueprintUserMessages: 0
[2015.06.12-03.46.16:783][489]LogBlueprintUserMessages: 0
[2015.06.12-03.46.16:826][490]LogBlueprintUserMessages: 0
[2015.06.12-03.46.16:869][491]LogBlueprintUserMessages: 0
[2015.06.12-03.46.16:912][492]LogBlueprintUserMessages: 0
[2015.06.12-03.46.16:955][493]LogBlueprintUserMessages: 0
[2015.06.12-03.46.16:998][494]LogBlueprintUserMessages: 0
[2015.06.12-03.46.17:041][495]LogBlueprintUserMessages: 0
[2015.06.12-03.46.17:084][496]LogBlueprintUserMessages: 0
[2015.06.12-03.46.17:128][497]LogBlueprintUserMessages: 0
[2015.06.12-03.46.17:171][498]LogBlueprintUserMessages: 0
[2015.06.12-03.46.17:214][499]LogBlueprintUserMessages: 0
[2015.06.12-03.46.17:258][500]LogBlueprintUserMessages: 0
[2015.06.12-03.46.17:301][501]LogBlueprintUserMessages: 0
[2015.06.12-03.46.17:344][502]LogBlueprintUserMessages: 0
[2015.06.12-03.46.17:387][503]LogBlueprintUserMessages: 0
[2015.06.12-03.46.17:430][504]LogBlueprintUserMessages: 0
[2015.06.12-03.46.17:473][505]LogBlueprintUserMessages: 0
[2015.06.12-03.46.17:516][506]LogBlueprintUserMessages: 0
[2015.06.12-03.46.17:559][507]LogBlueprintUserMessages: 0
[2015.06.12-03.46.17:602][508]LogBlueprintUserMessages: 0
[2015.06.12-03.46.17:645][509]LogBlueprintUserMessages: 0
[2015.06.12-03.46.17:688][510]LogBlueprintUserMessages: 0
[2015.06.12-03.46.17:731][511]LogBlueprintUserMessages: 0
[2015.06.12-03.46.17:774][512]LogBlueprintUserMessages: 0
[2015.06.12-03.46.17:817][513]LogBlueprintUserMessages: 0
[2015.06.12-03.46.17:860][514]LogBlueprintUserMessages: 0
[2015.06.12-03.46.17:903][515]LogBlueprintUserMessages: 0
[2015.06.12-03.46.17:946][516]LogBlueprintUserMessages: 0
[2015.06.12-03.46.17:990][517]LogBlueprintUserMessages: 0
[2015.06.12-03.46.18:033][518]LogBlueprintUserMessages: 0
[2015.06.12-03.46.18:076][519]LogBlueprintUserMessages: 0
[2015.06.12-03.46.18:119][520]LogBlueprintUserMessages: 0
[2015.06.12-03.46.18:162][521]LogBlueprintUserMessages: 0
[2015.06.12-03.46.18:204][522]LogBlueprintUserMessages: 0
[2015.06.12-03.46.18:247][523]LogBlueprintUserMessages: 0
[2015.06.12-03.46.18:290][524]LogBlueprintUserMessages: 0
[2015.06.12-03.46.18:333][525]LogBlueprintUserMessages: 0
[2015.06.12-03.46.18:375][526]LogBlueprintUserMessages: 0
[2015.06.12-03.46.18:418][527]LogBlueprintUserMessages: 0
[2015.06.12-03.46.18:462][528]LogBlueprintUserMessages: 0
[2015.06.12-03.46.18:504][529]LogBlueprintUserMessages: 0
[2015.06.12-03.46.18:547][530]LogBlueprintUserMessages: 0
[2015.06.12-03.46.18:590][531]LogBlueprintUserMessages: 0
[2015.06.12-03.46.18:657][532]LogBlueprintUserMessages: 0
[2015.06.12-03.46.18:676][533]LogBlueprintUserMessages: 0
[2015.06.12-03.46.18:719][534]LogBlueprintUserMessages: 0
[2015.06.12-03.46.18:763][535]LogBlueprintUserMessages: 0
[2015.06.12-03.46.18:807][536]LogBlueprintUserMessages: 0
[2015.06.12-03.46.18:849][537]LogBlueprintUserMessages: 0
[2015.06.12-03.46.18:892][538]LogBlueprintUserMessages: 0
[2015.06.12-03.46.18:935][539]LogBlueprintUserMessages: 0
[2015.06.12-03.46.18:978][540]LogBlueprintUserMessages: 0
[2015.06.12-03.46.19:021][541]LogBlueprintUserMessages: 0
[2015.06.12-03.46.19:064][542]LogBlueprintUserMessages: 0
[2015.06.12-03.46.19:107][543]LogBlueprintUserMessages: 0
[2015.06.12-03.46.19:150][544]LogBlueprintUserMessages: 0
[2015.06.12-03.46.19:193][545]LogBlueprintUserMessages: 0
[2015.06.12-03.46.19:236][546]LogBlueprintUserMessages: 0
[2015.06.12-03.46.19:280][547]LogBlueprintUserMessages: 0
[2015.06.12-03.46.19:323][548]LogBlueprintUserMessages: 0
[2015.06.12-03.46.19:366][549]LogBlueprintUserMessages: 0
[2015.06.12-03.46.19:410][550]LogBlueprintUserMessages: 0
[2015.06.12-03.46.19:454][551]LogBlueprintUserMessages: 0
[2015.06.12-03.46.19:498][552]LogBlueprintUserMessages: 0
[2015.06.12-03.46.19:542][553]LogBlueprintUserMessages: 0
[2015.06.12-03.46.19:585][554]LogBlueprintUserMessages: 0
[2015.06.12-03.46.19:629][555]LogBlueprintUserMessages: 0
[2015.06.12-03.46.19:673][556]LogBlueprintUserMessages: 0
[2015.06.12-03.46.19:717][557]LogBlueprintUserMessages: 0
[2015.06.12-03.46.19:760][558]LogBlueprintUserMessages: 0
[2015.06.12-03.46.19:804][559]LogBlueprintUserMessages: 0
[2015.06.12-03.46.19:848][560]LogBlueprintUserMessages: 0
[2015.06.12-03.46.19:892][561]LogBlueprintUserMessages: 0
[2015.06.12-03.46.19:935][562]LogBlueprintUserMessages: 0
[2015.06.12-03.46.19:979][563]LogBlueprintUserMessages: 0
[2015.06.12-03.46.20:023][564]LogBlueprintUserMessages: 0
[2015.06.12-03.46.20:066][565]LogBlueprintUserMessages: 0
[2015.06.12-03.46.20:110][566]LogBlueprintUserMessages: 0
[2015.06.12-03.46.20:154][567]LogBlueprintUserMessages: 0
[2015.06.12-03.46.20:197][568]LogBlueprintUserMessages: 0
[2015.06.12-03.46.20:240][569]LogBlueprintUserMessages: 0
[2015.06.12-03.46.20:283][570]LogBlueprintUserMessages: 0
[2015.06.12-03.46.20:326][571]LogBlueprintUserMessages: 0
[2015.06.12-03.46.20:449][572]LogOnline:Display: NULL: FOnlineSubsystemNull::Shutdown()
[2015.06.12-03.46.20:450][572]LogPlayLevel:Display: Shutting down PIE online subsystems
[2015.06.12-03.46.20:503][573]LogParticles: Destroying 0 GPU particle simulations for FXSystem 0x00000000211D05E0
[2015.06.12-03.46.20:555][573]LogPlayLevel:Display: Destroying online subsystem :Context_8
[2015.06.12-03.46.20:555][573]LogOnline:Display: NULL: FOnlineSubsystemNull::Shutdown()
[2015.06.12-03.46.21:280][587]BlueprintLog: New page: Pre-PIE auto-recompile
[2015.06.12-03.46.21:285][587]LogPlayLevel: [PIE] Compiling example_map before PIE...
[2015.06.12-03.46.21:417][587]LogPlayLevel: PIE:  Blueprint regeneration took 137 ms (1 blueprints)
[2015.06.12-03.46.21:418][587]PIE: New page: PIE session: example_map (Jun 11, 2015, 1:46:21 PM)
[2015.06.12-03.46.21:456][587]LogPlayLevel: PIE: StaticDuplicateObject took: (0.037154s)
[2015.06.12-03.46.21:456][587]LogPlayLevel: PIE: World Init took: (0.000675s)
[2015.06.12-03.46.21:456][587]LogPlayLevel: PIE: Created PIE world by copying editor world from /Game/Levels/example_map.example_map to /Game/Levels/UEDPIE_0_example_map.example_map (0.038046s)
[2015.06.12-03.46.21:489][587]LogWorld: Game class is 'BP_GameMode_C'
[2015.06.12-03.46.21:493][587]LogAIModule: Creating AISystem for world example_map
[2015.06.12-03.46.21:514][587]LogWorld: Bringing World /Game/Levels/UEDPIE_0_example_map.example_map up for play (max tick rate 0) at 2015.06.11-20.46.21
[2015.06.12-03.46.21:515][587]LogWorld: Bringing up level for play took: 0.021150
[2015.06.12-03.46.21:525][587]LogVoice:Warning: Failed to initialize voice interface
[2015.06.12-03.46.21:527][587]LogBlueprintUserMessages: FLIP CAR: F
[2015.06.12-03.46.21:527][587]LogBlueprintUserMessages: RESTART: R
[2015.06.12-03.46.21:527][587]LogBlueprintUserMessages: CONTROLS: WASD
[2015.06.12-03.46.21:529][587]PIE: Info Play in editor start time for /Game/Levels/UEDPIE_0_example_map -0.368
[2015.06.12-03.46.21:572][587]LogBlueprintUserMessages: 0
[2015.06.12-03.46.21:591][588]LogStats:Warning: MetaData mismatch. Did you assign a stat to two groups? New //STATGROUP_Threads//OnlineAsyncTaskThreadNull///Thread_f00_0///////STATCAT_Advanced//// old //STATGROUP_Threads//OnlineAsyncTaskThreadNull///Thread_1b30_0///////STATCAT_Advanced////
[2015.06.12-03.46.21:591][588]LogBlueprintUserMessages: 0
[2015.06.12-03.46.21:615][589]LogBlueprintUserMessages: 0
[2015.06.12-03.46.21:710][590]LogBlueprintUserMessages: 0
[2015.06.12-03.46.21:802][591]LogBlueprintUserMessages: 0
[2015.06.12-03.46.21:846][592]LogBlueprintUserMessages: 0
[2015.06.12-03.46.21:891][593]LogBlueprintUserMessages: 0
[2015.06.12-03.46.21:935][594]LogBlueprintUserMessages: 0
[2015.06.12-03.46.21:978][595]LogBlueprintUserMessages: 0
[2015.06.12-03.46.22:022][596]LogBlueprintUserMessages: 0
[2015.06.12-03.46.22:065][597]LogBlueprintUserMessages: 0
[2015.06.12-03.46.22:109][598]LogBlueprintUserMessages: 0
[2015.06.12-03.46.22:155][599]LogBlueprintUserMessages: 0
[2015.06.12-03.46.22:196][600]LogBlueprintUserMessages: 0
[2015.06.12-03.46.22:239][601]LogBlueprintUserMessages: 0
[2015.06.12-03.46.22:283][602]LogBlueprintUserMessages: 0
[2015.06.12-03.46.22:326][603]LogBlueprintUserMessages: 0
[2015.06.12-03.46.22:370][604]LogBlueprintUserMessages: 0
[2015.06.12-03.46.22:413][605]LogBlueprintUserMessages: 0
[2015.06.12-03.46.22:457][606]LogBlueprintUserMessages: 0
[2015.06.12-03.46.22:500][607]LogBlueprintUserMessages: 0
[2015.06.12-03.46.22:544][608]LogBlueprintUserMessages: 0
[2015.06.12-03.46.22:588][609]LogBlueprintUserMessages: 0
[2015.06.12-03.46.22:631][610]LogBlueprintUserMessages: 0
[2015.06.12-03.46.22:675][611]LogBlueprintUserMessages: 0
[2015.06.12-03.46.22:719][612]LogBlueprintUserMessages: 0
[2015.06.12-03.46.22:762][613]LogBlueprintUserMessages: 0
[2015.06.12-03.46.22:806][614]LogBlueprintUserMessages: 0
[2015.06.12-03.46.22:850][615]LogBlueprintUserMessages: 0
[2015.06.12-03.46.22:893][616]LogBlueprintUserMessages: 0
[2015.06.12-03.46.22:937][617]LogBlueprintUserMessages: 0
[2015.06.12-03.46.22:980][618]LogBlueprintUserMessages: 0
[2015.06.12-03.46.23:024][619]LogBlueprintUserMessages: 0
[2015.06.12-03.46.23:067][620]LogBlueprintUserMessages: 0
[2015.06.12-03.46.23:111][621]LogBlueprintUserMessages: 0
[2015.06.12-03.46.23:154][622]LogBlueprintUserMessages: 0
[2015.06.12-03.46.23:198][623]LogBlueprintUserMessages: 0
[2015.06.12-03.46.23:241][624]LogBlueprintUserMessages: 0
[2015.06.12-03.46.23:284][625]LogBlueprintUserMessages: 0
[2015.06.12-03.46.23:327][626]LogBlueprintUserMessages: 0
[2015.06.12-03.46.23:370][627]LogBlueprintUserMessages: 0
[2015.06.12-03.46.23:413][628]LogBlueprintUserMessages: 0
[2015.06.12-03.46.23:456][629]LogBlueprintUserMessages: 0
[2015.06.12-03.46.23:499][630]LogBlueprintUserMessages: 0
[2015.06.12-03.46.23:542][631]LogBlueprintUserMessages: 0
[2015.06.12-03.46.23:585][632]LogBlueprintUserMessages: 0
[2015.06.12-03.46.23:629][633]LogBlueprintUserMessages: 0
[2015.06.12-03.46.23:672][634]LogBlueprintUserMessages: 0
[2015.06.12-03.46.23:715][635]LogBlueprintUserMessages: 0
[2015.06.12-03.46.23:758][636]LogBlueprintUserMessages: 0
[2015.06.12-03.46.23:801][637]LogBlueprintUserMessages: 0
[2015.06.12-03.46.23:845][638]LogBlueprintUserMessages: 0
[2015.06.12-03.46.23:888][639]LogBlueprintUserMessages: 0
[2015.06.12-03.46.23:931][640]LogBlueprintUserMessages: 0
[2015.06.12-03.46.23:974][641]LogBlueprintUserMessages: 0
[2015.06.12-03.46.24:017][642]LogBlueprintUserMessages: 0
[2015.06.12-03.46.24:060][643]LogBlueprintUserMessages: 0
[2015.06.12-03.46.24:103][644]LogBlueprintUserMessages: 0
[2015.06.12-03.46.24:146][645]LogBlueprintUserMessages: 0
[2015.06.12-03.46.24:189][646]LogBlueprintUserMessages: 0
[2015.06.12-03.46.24:232][647]LogBlueprintUserMessages: 0
[2015.06.12-03.46.24:275][648]LogBlueprintUserMessages: 0
[2015.06.12-03.46.24:318][649]LogBlueprintUserMessages: 0
[2015.06.12-03.46.24:361][650]LogBlueprintUserMessages: 0
[2015.06.12-03.46.24:404][651]LogBlueprintUserMessages: 0
[2015.06.12-03.46.24:448][652]LogBlueprintUserMessages: 0
[2015.06.12-03.46.24:492][653]LogBlueprintUserMessages: 0
[2015.06.12-03.46.24:535][654]LogBlueprintUserMessages: 0
[2015.06.12-03.46.24:578][655]LogBlueprintUserMessages: 0
[2015.06.12-03.46.24:621][656]LogBlueprintUserMessages: 0
[2015.06.12-03.46.24:666][657]LogBlueprintUserMessages: 0
[2015.06.12-03.46.24:709][658]LogBlueprintUserMessages: 0
[2015.06.12-03.46.24:752][659]LogBlueprintUserMessages: 0
[2015.06.12-03.46.24:795][660]LogBlueprintUserMessages: 0
[2015.06.12-03.46.24:839][661]LogBlueprintUserMessages: 0
[2015.06.12-03.46.24:884][662]LogBlueprintUserMessages: 0
[2015.06.12-03.46.24:928][663]LogBlueprintUserMessages: 0
[2015.06.12-03.46.24:972][664]LogBlueprintUserMessages: 0
[2015.06.12-03.46.25:017][665]LogBlueprintUserMessages: 0
[2015.06.12-03.46.25:062][666]LogBlueprintUserMessages: 0
[2015.06.12-03.46.25:106][667]LogBlueprintUserMessages: 0
[2015.06.12-03.46.25:149][668]LogBlueprintUserMessages: 0
[2015.06.12-03.46.25:193][669]LogBlueprintUserMessages: 0
[2015.06.12-03.46.25:237][670]LogBlueprintUserMessages: 0
[2015.06.12-03.46.25:285][671]LogBlueprintUserMessages: 0
[2015.06.12-03.46.25:329][672]LogBlueprintUserMessages: 0
[2015.06.12-03.46.25:373][673]LogBlueprintUserMessages: 0
[2015.06.12-03.46.25:417][674]LogBlueprintUserMessages: 0
[2015.06.12-03.46.25:461][675]LogBlueprintUserMessages: 0
[2015.06.12-03.46.25:504][676]LogBlueprintUserMessages: 0
[2015.06.12-03.46.25:548][677]LogBlueprintUserMessages: 0
[2015.06.12-03.46.25:591][678]LogBlueprintUserMessages: 0
[2015.06.12-03.46.25:635][679]LogBlueprintUserMessages: 0
[2015.06.12-03.46.25:679][680]LogBlueprintUserMessages: 0
[2015.06.12-03.46.25:724][681]LogBlueprintUserMessages: 0
[2015.06.12-03.46.25:769][682]LogBlueprintUserMessages: 0
[2015.06.12-03.46.25:814][683]LogBlueprintUserMessages: 0
[2015.06.12-03.46.25:860][684]LogBlueprintUserMessages: 0
[2015.06.12-03.46.25:910][685]LogBlueprintUserMessages: 0
[2015.06.12-03.46.25:969][686]LogBlueprintUserMessages: 0
[2015.06.12-03.46.26:016][687]LogBlueprintUserMessages: 0
[2015.06.12-03.46.26:152][688]LogOnline:Display: NULL: FOnlineSubsystemNull::Shutdown()
[2015.06.12-03.46.26:152][688]LogPlayLevel:Display: Shutting down PIE online subsystems
[2015.06.12-03.46.26:204][689]LogParticles: Destroying 0 GPU particle simulations for FXSystem 0x000000002458B240
[2015.06.12-03.46.26:205][689]LogPlayLevel:Display: Destroying online subsystem :Context_9
[2015.06.12-03.46.26:205][689]LogOnline:Display: NULL: FOnlineSubsystemNull::Shutdown()
[2015.06.12-03.46.59:819][880]LogContentBrowser:Verbose: The content browser source was changed by the sources view to '/Game/UI/HUD'
[2015.06.12-03.47.01:219][908]LogContentBrowser:Verbose: The content browser source was changed by the sources view to '/Game/UI/Menus'
[2015.06.12-03.47.02:626][934]LogContentBrowser:Verbose: The content browser source was changed by the sources view to '/Game/UI/Menus/MenuMP'
[2015.06.12-03.47.08:194][ 32]LogContentBrowser:Verbose: The content browser source was changed by the sources view to '/Game/UI/Menus'
[2015.06.12-03.47.08:798][ 42]LogContentBrowser:Verbose: The content browser source was changed by the sources view to '/Game/UI/Menus/MainMenu'
[2015.06.12-03.47.21:727][ 91]Cmd: OBJ SAVEPACKAGE PACKAGE="/Game/UI/Menus/MainMenu/Enum_Vehicle" FILE="D:/CRX [06-11-15] - Copy/CanadianRacing/Content/UI/Menus/MainMenu/Enum_Vehicle.uasset" SILENT=true
[2015.06.12-03.47.21:731][ 91]LogSavePackage: Save=1.185866ms
[2015.06.12-03.47.21:731][ 91]LogSavePackage: Moving 'D:/CRX [06-11-15] - Copy/CanadianRacing/Saved/Enum_Vehicle58BF80D441862D1F5E9919A2F44A7029.tmp' to 'D:/CRX [06-11-15] - Copy/CanadianRacing/Content/UI/Menus/MainMenu/Enum_Vehicle.uasset'
[2015.06.12-03.47.33:343][173]LogContentBrowser:Verbose: The content browser source was changed by the sources view to '/Game/UI/Menus'
[2015.06.12-03.47.35:291][212]LogContentBrowser:Verbose: The content browser source was changed by the sources view to '/Game/Textures'
[2015.06.12-03.47.35:826][222]LogContentBrowser:Verbose: The content browser source was changed by the sources view to '/Game/UI'
[2015.06.12-03.47.37:206][244]Cmd: OBJ SAVEPACKAGE PACKAGE="/Game/Levels/example_map" FILE="D:/CRX [06-11-15] - Copy/CanadianRacing/Content/Levels/example_map.umap" SILENT=true AUTOSAVING=false KEEPDIRTY=false
[2015.06.12-03.47.37:759][244]LogSavePackage: Save=521.123352ms
[2015.06.12-03.47.37:759][244]LogSavePackage: Moving 'D:/CRX [06-11-15] - Copy/CanadianRacing/Saved/example_mapA5504D1048BFD265B53A248CC7753FC1.tmp' to 'D:/CRX [06-11-15] - Copy/CanadianRacing/Content/Levels/example_map.umap'
[2015.06.12-03.47.37:772][244]LogFileHelpers: Saving map 'example_map' took 0.689
[2015.06.12-03.47.38:895][260]Cmd: QUIT_EDITOR
[2015.06.12-03.47.39:119][260]LogExit: Preparing to exit.
[2015.06.12-03.47.39:670][260]LogExit: Editor shut down
[2015.06.12-03.47.39:671][260]LogExit: Transaction tracking system shut down
[2015.06.12-03.47.39:675][260]LogParticles: Destroying 0 GPU particle simulations for FXSystem 0x000000001C5C0E00
[2015.06.12-03.47.39:676][260]LogParticles: Destroying 0 GPU particle simulations for FXSystem 0x00000000214547C0
[2015.06.12-03.47.39:676][260]LogParticles: Destroying 0 GPU particle simulations for FXSystem 0x00000000210D6A20
[2015.06.12-03.47.39:751][260]LogExit: Object subsystem successfully closed.
[2015.06.12-03.47.39:802][260]LogModuleManager: Shutting down and abandoning module SequencerWidgets (181)
[2015.06.12-03.47.39:802][260]LogModuleManager: Shutting down and abandoning module CrashTracker (180)
[2015.06.12-03.47.39:802][260]LogModuleManager: Shutting down and abandoning module SuperSearch (179)
[2015.06.12-03.47.39:802][260]LogModuleManager: Shutting down and abandoning module SceneOutliner (178)
[2015.06.12-03.47.39:802][260]LogModuleManager: Shutting down and abandoning module EditorWidgets (177)
[2015.06.12-03.47.39:802][260]LogModuleManager: Shutting down and abandoning module CollectionManager (176)
[2015.06.12-03.47.39:802][260]LogModuleManager: Shutting down and abandoning module StatsViewer (175)
[2015.06.12-03.47.39:803][260]LogModuleManager: Shutting down and abandoning module FoliageEdit (174)
[2015.06.12-03.47.39:803][260]LogModuleManager: Shutting down and abandoning module LandscapeEditor (173)
[2015.06.12-03.47.39:803][260]LogModuleManager: Shutting down and abandoning module MeshPaint (172)
[2015.06.12-03.47.39:803][260]LogModuleManager: Shutting down and abandoning module ActorPickerMode (171)
[2015.06.12-03.47.39:803][260]LogModuleManager: Shutting down and abandoning module GeometryMode (170)
[2015.06.12-03.47.39:803][260]LogModuleManager: Shutting down and abandoning module TextureAlignMode (169)
[2015.06.12-03.47.39:803][260]LogModuleManager: Shutting down and abandoning module BspMode (168)
[2015.06.12-03.47.39:803][260]LogModuleManager: Shutting down and abandoning module PlacementMode (167)
[2015.06.12-03.47.39:803][260]LogModuleManager: Shutting down and abandoning module AutomationWorker (166)
[2015.06.12-03.47.39:803][260]LogModuleManager: Shutting down and abandoning module CharacterAI (165)
[2015.06.12-03.47.39:803][260]LogModuleManager: Shutting down and abandoning module SmartSnapping (164)
[2015.06.12-03.47.39:803][260]LogModuleManager: Shutting down and abandoning module ViewportSnapping (163)
[2015.06.12-03.47.39:803][260]LogModuleManager: Shutting down and abandoning module LogVisualizer (162)
[2015.06.12-03.47.39:803][260]LogModuleManager: Shutting down and abandoning module GameProjectGeneration (161)
[2015.06.12-03.47.39:803][260]LogModuleManager: Shutting down and abandoning module IntroTutorials (160)
[2015.06.12-03.47.39:803][260]LogModuleManager: Shutting down and abandoning module EditorLiveStreaming (159)
[2015.06.12-03.47.39:803][260]LogModuleManager: Shutting down and abandoning module HardwareTargeting (158)
[2015.06.12-03.47.39:803][260]LogModuleManager: Shutting down and abandoning module DeviceProfileEditor (157)
[2015.06.12-03.47.39:803][260]LogModuleManager: Shutting down and abandoning module UndoHistory (156)
[2015.06.12-03.47.39:803][260]LogModuleManager: Shutting down and abandoning module GameplayTagsEditor (155)
[2015.06.12-03.47.39:803][260]LogModuleManager: Shutting down and abandoning module UserFeedback (154)
[2015.06.12-03.47.39:803][260]LogModuleManager: Shutting down and abandoning module XmlParser (153)
[2015.06.12-03.47.39:803][260]LogModuleManager: Shutting down and abandoning module Blutility (152)
[2015.06.12-03.47.39:803][260]LogModuleManager: Shutting down and abandoning module IOSPlatformEditor (151)
[2015.06.12-03.47.39:803][260]LogModuleManager: Shutting down and abandoning module IOSRuntimeSettings (150)
[2015.06.12-03.47.39:803][260]LogModuleManager: Shutting down and abandoning module AndroidDeviceDetection (149)
[2015.06.12-03.47.40:638][260]LogModuleManager: Shutting down and abandoning module AndroidPlatformEditor (148)
[2015.06.12-03.47.40:638][260]LogModuleManager: Shutting down and abandoning module AndroidRuntimeSettings (147)
[2015.06.12-03.47.40:638][260]LogModuleManager: Shutting down and abandoning module ProjectTargetPlatformEditor (146)
[2015.06.12-03.47.40:638][260]LogModuleManager: Shutting down and abandoning module ProjectSettingsViewer (145)
[2015.06.12-03.47.40:638][260]LogModuleManager: Shutting down and abandoning module InputBindingEditor (144)
[2015.06.12-03.47.40:639][260]LogModuleManager: Shutting down and abandoning module EditorSettingsViewer (143)
[2015.06.12-03.47.40:639][260]LogModuleManager: Shutting down and abandoning module SettingsEditor (142)
[2015.06.12-03.47.40:639][260]LogModuleManager: Shutting down and abandoning module ProjectLauncher (141)
[2015.06.12-03.47.40:639][260]LogModuleManager: Shutting down and abandoning module SessionFrontend (140)
[2015.06.12-03.47.40:639][260]LogModuleManager: Shutting down and abandoning module ProfilerClient (139)
[2015.06.12-03.47.40:639][260]LogModuleManager: Shutting down and abandoning module TargetDeviceServices (138)
[2015.06.12-03.47.40:639][260]LogModuleManager: Shutting down and abandoning module DeviceManager (137)
[2015.06.12-03.47.40:639][260]LogModuleManager: Shutting down and abandoning module AutomationController (136)
[2015.06.12-03.47.40:639][260]LogModuleManager: Shutting down and abandoning module AutomationWindow (135)
[2015.06.12-03.47.40:639][260]LogModuleManager: Shutting down and abandoning module Layers (134)
[2015.06.12-03.47.40:639][260]LogModuleManager: Shutting down and abandoning module ComponentVisualizers (133)
[2015.06.12-03.47.40:639][260]LogModuleManager: Shutting down and abandoning module DetailCustomizations (132)
[2015.06.12-03.47.40:639][260]LogModuleManager: Shutting down and abandoning module PackagesDialog (131)
[2015.06.12-03.47.40:640][260]LogModuleManager: Shutting down and abandoning module AssetRegistry (130)
[2015.06.12-03.47.40:714][260]LogModuleManager: Shutting down and abandoning module Persona (129)
[2015.06.12-03.47.40:714][260]LogModuleManager: Shutting down and abandoning module SlateReflector (128)
[2015.06.12-03.47.40:714][260]LogModuleManager: Shutting down and abandoning module LevelEditor (127)
[2015.06.12-03.47.40:714][260]LogModuleManager: Shutting down and abandoning module Kismet (126)
[2015.06.12-03.47.40:714][260]LogModuleManager: Shutting down and abandoning module GraphEditor (125)
[2015.06.12-03.47.40:715][260]LogModuleManager: Shutting down and abandoning module ClassViewer (124)
[2015.06.12-03.47.40:715][260]LogModuleManager: Shutting down and abandoning module Toolbox (123)
[2015.06.12-03.47.40:715][260]LogModuleManager: Shutting down and abandoning module ModuleUI (122)
[2015.06.12-03.47.40:715][260]LogModuleManager: Shutting down and abandoning module MovieSceneTools (121)
[2015.06.12-03.47.40:715][260]LogModuleManager: Shutting down and abandoning module OutputLog (120)
[2015.06.12-03.47.40:715][260]LogModuleManager: Shutting down and abandoning module GammaUI (119)
[2015.06.12-03.47.40:715][260]LogModuleManager: Shutting down and abandoning module Documentation (118)
[2015.06.12-03.47.40:715][260]LogModuleManager: Shutting down and abandoning module GameLiveStreaming (117)
[2015.06.12-03.47.40:715][260]LogModuleManager: Shutting down and abandoning module StreamingPauseRendering (116)
[2015.06.12-03.47.40:715][260]LogModuleManager: Shutting down and abandoning module HTTP (115)
[2015.06.12-03.47.40:715][260]LogModuleManager: Shutting down and abandoning module AnalyticsET (114)
[2015.06.12-03.47.40:715][260]LogModuleManager: Shutting down and abandoning module Analytics (113)
[2015.06.12-03.47.40:715][260]LogModuleManager: Shutting down and abandoning module AITestSuite (112)
[2015.06.12-03.47.40:715][260]LogModuleManager: Shutting down and abandoning module GameplayDebugger (111)
[2015.06.12-03.47.40:715][260]LogModuleManager: Shutting down and abandoning module AIModule (110)
[2015.06.12-03.47.40:715][260]LogModuleManager: Shutting down and abandoning module ProfilerService (109)
[2015.06.12-03.47.40:789][260]LogModuleManager: Shutting down and abandoning module TaskGraph (108)
[2015.06.12-03.47.40:789][260]LogModuleManager: Shutting down and abandoning module SlateRemote (107)
[2015.06.12-03.47.40:789][260]LogModuleManager: Shutting down and abandoning module ScriptEditorPlugin (106)
[2015.06.12-03.47.40:789][260]LogModuleManager: Shutting down and abandoning module CustomMeshComponent (105)
[2015.06.12-03.47.40:789][260]LogModuleManager: Shutting down and abandoning module CableComponent (104)
[2015.06.12-03.47.40:789][260]LogModuleManager: Shutting down and abandoning module MessagingDebugger (103)
[2015.06.12-03.47.40:789][260]LogModuleManager: Shutting down and abandoning module MediaPlayerEditor (102)
[2015.06.12-03.47.40:789][260]LogModuleManager: Shutting down and abandoning module SpeedTreeImporter (101)
[2015.06.12-03.47.40:789][260]LogModuleManager: Shutting down and abandoning module PluginsEditor (100)
[2015.06.12-03.47.40:789][260]LogModuleManager: Shutting down and abandoning module MainFrame (99)
[2015.06.12-03.47.40:789][260]LogModuleManager: Shutting down and abandoning module EpicSurvey (98)
[2015.06.12-03.47.40:789][260]LogModuleManager: Shutting down and abandoning module DesktopPlatform (97)
[2015.06.12-03.47.40:789][260]LogModuleManager: Shutting down and abandoning module DirectoryWatcher (96)
[2015.06.12-03.47.40:790][260]LogModuleManager: Shutting down and abandoning module HotReload (95)
[2015.06.12-03.47.40:790][260]LogModuleManager: Shutting down and abandoning module VisualStudioSourceCodeAccess (94)
[2015.06.12-03.47.40:790][260]LogModuleManager: Shutting down and abandoning module UObjectPlugin (93)
[2015.06.12-03.47.40:790][260]LogModuleManager: Shutting down and abandoning module SubversionSourceControl (92)
[2015.06.12-03.47.40:790][260]LogModuleManager: Shutting down and abandoning module PerforceSourceControl (91)
[2015.06.12-03.47.40:790][260]LogModuleManager: Shutting down and abandoning module SourceControl (90)
[2015.06.12-03.47.40:790][260]LogModuleManager: Shutting down and abandoning module GitSourceControl (89)
[2015.06.12-03.47.40:790][260]LogModuleManager: Shutting down and abandoning module BlankPlugin (88)
[2015.06.12-03.47.40:790][260]LogModuleManager: Shutting down and abandoning module PaperTiledImporter (87)
[2015.06.12-03.47.40:790][260]LogModuleManager: Shutting down and abandoning module PaperJsonImporter (86)
[2015.06.12-03.47.40:790][260]LogModuleManager: Shutting down and abandoning module ContentBrowser (85)
[2015.06.12-03.47.40:791][260]LogModuleManager: Shutting down and abandoning module Paper2DEditor (84)
[2015.06.12-03.47.40:791][260]LogModuleManager: Shutting down and abandoning module ScriptPlugin (83)
[2015.06.12-03.47.40:791][260]LogModuleManager: Shutting down and abandoning module UdpMessaging (82)
[2015.06.12-03.47.40:891][260]LogModuleManager: Shutting down and abandoning module Paper2D (81)
[2015.06.12-03.47.40:891][260]LogModuleManager: Shutting down and abandoning module WindowsMoviePlayer (80)
[2015.06.12-03.47.40:893][260]LogModuleManager: Shutting down and abandoning module Media (79)
[2015.06.12-03.47.40:893][260]LogModuleManager: Shutting down and abandoning module WmfMedia (78)
[2015.06.12-03.47.40:893][260]LogModuleManager: Shutting down and abandoning module OnlineBlueprintSupport (77)
[2015.06.12-03.47.40:893][260]LogModuleManager: Shutting down and abandoning module PropertyEditor (76)
[2015.06.12-03.47.40:893][260]LogModuleManager: Shutting down and abandoning module BehaviorTreeEditor (75)
[2015.06.12-03.47.40:893][260]LogModuleManager: Shutting down and abandoning module FunctionalTesting (74)
[2015.06.12-03.47.40:893][260]LogModuleManager: Shutting down and abandoning module CollisionAnalyzer (73)
[2015.06.12-03.47.40:893][260]LogModuleManager: Shutting down and abandoning module WorkspaceMenuStructure (72)
[2015.06.12-03.47.40:893][260]LogModuleManager: Shutting down and abandoning module MessageLog (71)
[2015.06.12-03.47.40:893][260]LogModuleManager: Shutting down and abandoning module Sequencer (70)
[2015.06.12-03.47.40:893][260]LogModuleManager: Shutting down and abandoning module AssetTools (69)
[2015.06.12-03.47.40:894][260]LogModuleManager: Shutting down and abandoning module UMGEditor (68)
[2015.06.12-03.47.40:894][260]LogModuleManager: Shutting down and abandoning module UMG (67)
[2015.06.12-03.47.40:894][260]LogModuleManager: Shutting down and abandoning module Slate (66)
[2015.06.12-03.47.40:894][260]LogModuleManager: Shutting down and abandoning module EditorStyle (65)
[2015.06.12-03.47.40:898][260]LogModuleManager: Shutting down and abandoning module SessionServices (64)
[2015.06.12-03.47.40:898][260]LogModuleManager: Shutting down and abandoning module SourceCodeAccess (63)
[2015.06.12-03.47.40:898][260]LogModuleManager: Shutting down and abandoning module HeadMountedDisplay (62)
[2015.06.12-03.47.40:898][260]LogModuleManager: Shutting down and abandoning module XAudio2 (61)
[2015.06.12-03.47.40:898][260]LogModuleManager: Shutting down and abandoning module Networking (60)
[2015.06.12-03.47.40:898][260]LogModuleManager: Shutting down and abandoning module Core (59)
[2015.06.12-03.47.40:898][260]LogModuleManager: Shutting down and abandoning module KismetCompiler (58)
[2015.06.12-03.47.40:898][260]LogModuleManager: Shutting down and abandoning module PhysXFormats (57)
[2015.06.12-03.47.40:898][260]LogModuleManager: Shutting down and abandoning module MeshUtilities (56)
[2015.06.12-03.47.40:898][260]LogModuleManager: Shutting down and abandoning module DerivedDataCache (55)
[2015.06.12-03.47.40:946][260]LogDerivedDataCache: Shutdown
[2015.06.12-03.47.40:946][260]LogModuleManager: Shutting down and abandoning module ShaderFormatOpenGL (54)
[2015.06.12-03.47.40:946][260]LogModuleManager: Shutting down and abandoning module ShaderFormatD3D (53)
[2015.06.12-03.47.40:946][260]LogModuleManager: Shutting down and abandoning module MetalShaderFormat (52)
[2015.06.12-03.47.40:946][260]LogModuleManager: Shutting down and abandoning module TextureFormatUncompressed (51)
[2015.06.12-03.47.40:946][260]LogModuleManager: Shutting down and abandoning module TextureFormatPVR (50)
[2015.06.12-03.47.40:946][260]LogModuleManager: Shutting down and abandoning module TextureFormatIntelISPCTexComp (49)
[2015.06.12-03.47.40:946][260]LogModuleManager: Shutting down and abandoning module TextureFormatDXT (48)
[2015.06.12-03.47.40:946][260]LogModuleManager: Shutting down and abandoning module ImageWrapper (47)
[2015.06.12-03.47.40:946][260]LogModuleManager: Shutting down and abandoning module TextureFormatASTC (46)
[2015.06.12-03.47.40:946][260]LogModuleManager: Shutting down and abandoning module TextureFormatAndroid (45)
[2015.06.12-03.47.40:946][260]LogModuleManager: Shutting down and abandoning module AudioFormatOpus (44)
[2015.06.12-03.47.40:946][260]LogModuleManager: Shutting down and abandoning module AudioFormatOgg (43)
[2015.06.12-03.47.40:946][260]LogModuleManager: Shutting down and abandoning module AudioFormatADPCM (42)
[2015.06.12-03.47.40:946][260]LogModuleManager: Shutting down and abandoning module LinuxTargetPlatform (41)
[2015.06.12-03.47.40:946][260]LogModuleManager: Shutting down and abandoning module LinuxServerTargetPlatform (40)
[2015.06.12-03.47.40:946][260]LogModuleManager: Shutting down and abandoning module LinuxNoEditorTargetPlatform (39)
[2015.06.12-03.47.40:946][260]LogModuleManager: Shutting down and abandoning module Messaging (38)
[2015.06.12-03.47.40:946][260]LogModuleManager: Shutting down and abandoning module IOSTargetPlatform (37)
[2015.06.12-03.47.40:946][260]LogModuleManager: Shutting down and abandoning module HTML5TargetPlatform (36)
[2015.06.12-03.47.40:946][260]LogModuleManager: Shutting down and abandoning module Android_PVRTCTargetPlatform (35)
[2015.06.12-03.47.40:946][260]LogModuleManager: Shutting down and abandoning module Android_ETC2TargetPlatform (34)
[2015.06.12-03.47.40:946][260]LogModuleManager: Shutting down and abandoning module Android_ETC1TargetPlatform (33)
[2015.06.12-03.47.40:946][260]LogModuleManager: Shutting down and abandoning module Android_ES31TargetPlatform (32)
[2015.06.12-03.47.40:946][260]LogModuleManager: Shutting down and abandoning module Android_DXTTargetPlatform (31)
[2015.06.12-03.47.40:946][260]LogModuleManager: Shutting down and abandoning module Android_ATCTargetPlatform (30)
[2015.06.12-03.47.40:946][260]LogModuleManager: Shutting down and abandoning module AndroidTargetPlatform (29)
[2015.06.12-03.47.40:946][260]LogModuleManager: Shutting down and abandoning module WindowsTargetPlatform (28)
[2015.06.12-03.47.40:946][260]LogModuleManager: Shutting down and abandoning module WindowsServerTargetPlatform (27)
[2015.06.12-03.47.40:946][260]LogModuleManager: Shutting down and abandoning module WindowsNoEditorTargetPlatform (26)
[2015.06.12-03.47.40:946][260]LogModuleManager: Shutting down and abandoning module WindowsClientTargetPlatform (25)
[2015.06.12-03.47.40:946][260]LogModuleManager: Shutting down and abandoning module TargetPlatform (24)
[2015.06.12-03.47.40:946][260]LogModuleManager: Shutting down and abandoning module InputCore (23)
[2015.06.12-03.47.40:946][260]LogModuleManager: Shutting down and abandoning module Settings (22)
[2015.06.12-03.47.40:946][260]LogModuleManager: Shutting down and abandoning module Voice (20)
[2015.06.12-03.47.40:946][260]LogModuleManager: Shutting down and abandoning module OnlineSubsystem (16)
[2015.06.12-03.47.40:946][260]LogOnline:Display: NULL: FOnlineSubsystemNull::Shutdown()
[2015.06.12-03.47.40:946][260]LogOnline:Display: Unloading online subsystem: STEAM
[2015.06.12-03.47.40:946][260]LogOnline:Display: Unloading online subsystem: Null
[2015.06.12-03.47.40:946][260]LogModuleManager: Shutting down and abandoning module OculusRift (15)
[2015.06.12-03.47.40:947][260]LogModuleManager: Shutting down and abandoning module ExampleDeviceProfileSelector (14)
[2015.06.12-03.47.40:947][260]LogModuleManager: Shutting down and abandoning module TextureCompressor (13)
[2015.06.12-03.47.40:947][260]LogModuleManager: Shutting down and abandoning module ShaderCore (12)
[2015.06.12-03.47.40:947][260]LogModuleManager: Shutting down and abandoning module Landscape (11)
[2015.06.12-03.47.40:947][260]LogModuleManager: Shutting down and abandoning module SlateRHIRenderer (10)
[2015.06.12-03.47.40:949][260]LogModuleManager: Shutting down and abandoning module OpenGLDrv (9)
[2015.06.12-03.47.40:949][260]LogModuleManager: Shutting down and abandoning module D3D11RHI (8)
[2015.06.12-03.47.40:949][260]LogModuleManager: Shutting down and abandoning module Renderer (7)
[2015.06.12-03.47.40:949][260]LogModuleManager: Shutting down and abandoning module Engine (6)
[2015.06.12-03.47.40:949][260]LogModuleManager: Shutting down and abandoning module CoreUObject (5)
[2015.06.12-03.47.40:949][260]LogModuleManager: Shutting down and abandoning module NetworkFile (4)
[2015.06.12-03.47.40:949][260]LogModuleManager: Shutting down and abandoning module StreamingFile (3)
[2015.06.12-03.47.40:949][260]LogModuleManager: Shutting down and abandoning module SandboxFile (2)
[2015.06.12-03.47.40:949][260]LogModuleManager: Shutting down and abandoning module PakFile (1)
[2015.06.12-03.47.40:950][260]LogExit: Exiting.
[2015.06.12-03.47.40:954][260]Log file closed, 06/11/15 20:47:40
