Log file open, 06/12/15 06:41:24
LogInit:Display: Running engine for game: CanadianRacing
LogInit: Version: 4.7.3-2479750+++depot+UE4-Releases+4.7
LogInit: API Version: 2455222
LogInit: Compiled (64-bit): Mar 15 2015 23:20:45
LogInit: Compiled with Visual C++: 18.00.21005.01
LogInit: Build Configuration: Development
LogInit: Branch Name: ++depot+UE4-Releases+4.7
LogInit: Command line: 
LogInit: Base directory: C:/Program Files/Epic Games/4.7/Engine/Binaries/Win64/
LogInit: Rocket: 1
[2015.06.12-13.41.24:571][  0]LogTaskGraph: Started task graph with 3 named threads and 6 total threads.
[2015.06.12-13.41.24:661][  0]LogOnline:Display: STEAM: Loading Steam SDK 1.30
[2015.06.12-13.41.24:669][  0]LogOnline:Warning: STEAM: Steam API disabled!
[2015.06.12-13.41.24:669][  0]LogOnline:Display: STEAM: OnlineSubsystemSteam::Shutdown()
[2015.06.12-13.41.24:669][  0]LogOnline:Warning: Unable to create OnlineSubsystem module Steam
[2015.06.12-13.41.24:669][  0]LogOnline:Warning: Unable to load default OnlineSubsystem module Steam, using NULL interface
[2015.06.12-13.41.24:702][  0]LogInit: WinSock: version 1.1 (2.2), MaxSocks=32767, MaxUdp=65467
[2015.06.12-13.41.24:717][  0]LogVoice:Warning: Failed to initialize voice interface
[2015.06.12-13.41.24:729][  0]LogInit: Presizing for 0 objects not considered by GC, pre-allocating 0 bytes.
[2015.06.12-13.41.24:738][  0]LogInit: Object subsystem initialized
[2015.06.12-13.41.24:740][  0]LogConsoleResponse:Warning: Skipping Unknown console variable: 'TranslucentSortAxis = (X=0.000000,Y=-1.000000,Z=0.000000)'
[2015.06.12-13.41.24:740][  0]LogConsoleResponse:Warning:   Found in ini file 'D:/CRX [06-12-15] MASTER/CanadianRacing/Saved/Config/Windows/Engine.ini', in section '[/Script/Engine.RendererSettings]'
[2015.06.12-13.41.24:740][  0]LogConsoleResponse:Warning: Skipping Unknown console variable: 'UIScaleRule = ShortestSide'
[2015.06.12-13.41.24:740][  0]LogConsoleResponse:Warning:   Found in ini file 'D:/CRX [06-12-15] MASTER/CanadianRacing/Saved/Config/Windows/Engine.ini', in section '[/Script/Engine.RendererSettings]'
[2015.06.12-13.41.24:740][  0]LogConsoleResponse:Warning: Skipping Unknown console variable: 'UIScaleCurve = (EditorCurveData=(Keys=),ExternalCurve=None)'
[2015.06.12-13.41.24:740][  0]LogConsoleResponse:Warning:   Found in ini file 'D:/CRX [06-12-15] MASTER/CanadianRacing/Saved/Config/Windows/Engine.ini', in section '[/Script/Engine.RendererSettings]'
[2015.06.12-13.41.24:741][  0]LogInit: Selected Device Profile: [Windows]
[2015.06.12-13.41.24:741][  0]LogInit: Applying CVar settings loaded from the selected device profile: [Windows]
[2015.06.12-13.41.24:745][  0]LogInit: Computer: AI911LAB296P14
[2015.06.12-13.41.24:745][  0]LogInit: User: 124781
[2015.06.12-13.41.24:745][  0]LogInit: CPU Page size=4096, Cores=4
[2015.06.12-13.41.24:745][  0]LogInit: High frequency timer resolution =3.215371 MHz
[2015.06.12-13.41.24:745][  0]LogMemory: Memory total: Physical=7.9GB (8GB approx) Virtual=8192.0GB
[2015.06.12-13.41.24:745][  0]LogMemory: Platform Memory Stats for Windows
[2015.06.12-13.41.24:745][  0]LogMemory: Process Physical Memory: 50.70 MB used, 50.70 MB peak
[2015.06.12-13.41.24:745][  0]LogMemory: Process Virtual Memory: 29.29 MB used, 29.29 MB peak
[2015.06.12-13.41.24:745][  0]LogMemory: Physical Memory: 2731.80 MB used, 8115.89 MB total
[2015.06.12-13.41.24:745][  0]LogMemory: Virtual Memory: 290.54 MB used, 8388608.00 MB total
[2015.06.12-13.41.24:767][  0]LogD3D11RHI: Found D3D11 adapter 0: NVIDIA Quadro 3000M (Feature Level 11_0)
[2015.06.12-13.41.24:767][  0]LogD3D11RHI: Adapter has 1998MB of dedicated video memory, 0MB of dedicated system memory, and 3801MB of shared system memory, 1 output[s]
[2015.06.12-13.41.24:767][  0]LogD3D11RHI: Chosen D3D11 Adapter Id = 0
[2015.06.12-13.41.24:771][  0]LogRHI: Texture pool is 1361 MB (70% of 1945 MB)
[2015.06.12-13.41.24:777][  0]LogD3D11RHI: Async texture creation enabled
[2015.06.12-13.41.24:845][  0]LogTextLocalizationManager: The requested culture ('en_US') has no localization data; parent culture's ('en') localization data will be used.
[2015.06.12-13.41.24:907][  0]LogTextLocalizationManager:Warning: Loading localization resources contain conflicting entries for (Namespace:UICommands, Key:Save_ToolTip):
Resource: (C:/Program Files/Epic Games/4.7/Engine/Content/Localization/Editor/en/Editor.locres) Hash: (-29098895) String: (Saves the current level to disk)
Resource: (C:/Program Files/Epic Games/4.7/Engine/Content/Localization/Engine/en/Engine.locres) Hash: (-1280300587) String: (Save selected data to vlog file)
[2015.06.12-13.41.24:907][  0]LogTextLocalizationManager:Warning: Loading localization resources contain conflicting entries for (Namespace:ContentBrowser, Key:ImportAssetToolTip):
Resource: (C:/Program Files/Epic Games/4.7/Engine/Content/Localization/Editor/en/Editor.locres) Hash: (-630476809) String: (Import to {0}...)
Resource: (C:/Program Files/Epic Games/4.7/Engine/Content/Localization/Editor/en/Editor.locres) Hash: (1271782899) String: (Imports an asset from file to this folder.)
[2015.06.12-13.41.24:997][  0]LogContentStreaming: Texture pool size is 0.000000MB
[2015.06.12-13.41.27:320][  0]LogTargetPlatformManager:Display: Building Assets For Windows
[2015.06.12-13.41.27:824][  0]LogTargetPlatformManager:Display: Building Assets For Windows
[2015.06.12-13.41.27:886][  0]LogDerivedDataCache:Display: Max Cache Size: 512 MB
[2015.06.12-13.41.27:923][  0]LogDerivedDataCache: Loaded boot cache 0.04s 39MB C:/Users/124781/AppData/Local/UnrealEngine/4.7/DerivedDataCache/Boot.ddc.
[2015.06.12-13.41.27:923][  0]LogDerivedDataCache:Display: Loaded Boot cache: C:/Users/124781/AppData/Local/UnrealEngine/4.7/DerivedDataCache/Boot.ddc
[2015.06.12-13.41.27:924][  0]LogDerivedDataCache: FDerivedDataBackendGraph:  Pak pak cache file D:/CRX [06-12-15] MASTER/CanadianRacing/DerivedDataCache/DDC.ddp not found, will not use a pak cache.
[2015.06.12-13.41.27:924][  0]LogDerivedDataCache: Unable to find inner node Pak for hierarchical cache Hierarchy.
[2015.06.12-13.41.28:045][  0]LogDerivedDataCache:Display: Pak cache opened for reading ../../../Engine/DerivedDataCache/Compressed.ddp.
[2015.06.12-13.41.28:056][  0]LogDerivedDataCache: Using Local data cache path C:/Users/124781/AppData/Local/UnrealEngine/Common/DerivedDataCache: Writable
[2015.06.12-13.41.28:365][  0]LogMeshUtilities: No automatic mesh reduction module available
[2015.06.12-13.41.28:365][  0]LogMeshUtilities: No automatic mesh merging module available
[2015.06.12-13.41.28:766][  0]LogSlate:Warning: Failed to load font data from '../../../Engine/Content/Slate/Fonts/Roboto-Italic.ttf'
[2015.06.12-13.41.29:526][  0]UdpMessaging: Initializing bridge on interface 0.0.0.0:0 to multicast group 230.0.0.1:6666.
[2015.06.12-13.41.29:736][  0]SourceControl: Info Source control is disabled
[2015.06.12-13.41.29:736][  0]SourceControl: Info Source control is disabled
[2015.06.12-13.41.29:736][  0]SourceControl: Info Source control is disabled
[2015.06.12-13.41.29:736][  0]LogSourceControl: RunCommandInternalRaw: 'git version'
[2015.06.12-13.41.29:736][  0]LogSourceControl: RunCommandInternalRaw: ExecProcess ReturnCode=2 OutResults=''
[2015.06.12-13.41.29:745][  0]SourceControl: Info Source control is disabled
[2015.06.12-13.41.29:925][  0]LogObj: 24238 objects as part of root set at end of initial load.
[2015.06.12-13.41.29:925][  0]LogUObjectAllocator: 5352296 out of 0 bytes used by permanent object pool.
[2015.06.12-13.41.30:005][  0]LogEngine: Initializing Engine...
[2015.06.12-13.41.32:179][  0]LogInit: XAudio2 using 'Speakers (High Definition Audio Device)' : 2 channels at 44.1 kHz using 16 bits per sample (channel mask 0x3)
[2015.06.12-13.41.32:197][  0]LogInit: FAudioDevice initialized.
[2015.06.12-13.41.32:234][  0]LogAIModule: Creating AISystem for world NewWorld
[2015.06.12-13.41.32:254][  0]LogDerivedDataCache: Saved boot cache 0.02s 39MB C:/Users/124781/AppData/Local/UnrealEngine/4.7/DerivedDataCache/Boot.ddc.
[2015.06.12-13.41.32:259][  0]LogInit: Texture streaming: Enabled
[2015.06.12-13.41.32:350][  0]LogAnalytics: Creating configured Analytics provider AnalyticsET
[2015.06.12-13.41.32:350][  0]LogAnalytics: ET APIKey = Rocket.Release. APIServer = http://et2.epicgames.com/ET2/. AppVersion = 4.7.3-2479750+++depot+UE4-Releases+4.7
[2015.06.12-13.41.32:350][  0]LogAnalytics: ET APIKey = Rocket.Release. DataRouterUploadURL = https://datarouter-public-service-gamedev.ol.epicgames.net/datarouter/api/v1/public/data. AppVersion = 4.7.3-2479750+++depot+UE4-Releases+4.7
[2015.06.12-13.41.32:350][  0]LogAnalytics: SetUserId 8bd27e534dc3adb20b9806aa8dd98976|a2029361749f45969b968123526efb2c|cc3525af-3e4e-4070-b03f-8efa41501de0
[2015.06.12-13.41.32:350][  0]LogAnalytics: AnalyticsET::StartSession [Rocket.Release]
[2015.06.12-13.41.32:371][  0]LogInit: Transaction tracking system initialized
[2015.06.12-13.41.32:538][  0]BlueprintLog: New page: Editor Load
[2015.06.12-13.41.32:572][  0]LogAssetRegistry: FAssetRegistry took 0.0098 seconds to start up
[2015.06.12-13.41.32:572][  0]LogDirectoryWatcher:Warning: Failed to begin reading directory changes for ../../../Engine/Plugins/Experimental/CharacterAI/Content/. Error: 0
[2015.06.12-13.41.33:092][  0]LogTargetPlatformManager:Display: Building Assets For Windows
[2015.06.12-13.41.33:466][  0]LogTargetPlatformManager:Display: Building Assets For Windows
[2015.06.12-13.41.33:713][  0]LogSlate:Warning: Failed to load font data from '../../../Engine/Content/Editor/Slate/Fonts/Roboto-Regular.ttf'
[2015.06.12-13.41.33:714][  0]LogSlate:Warning: Failed to load font data from '../../../Engine/Content/Editor/Slate/Fonts/Roboto-Bold.ttf'
[2015.06.12-13.41.33:758][  0]LogConsoleResponse:Display: 
[2015.06.12-13.41.33:885][  0]LogCook:Display: Done creating registry. It took  0.00s.
[2015.06.12-13.41.34:024][  0]SourceControl: Info Source control is disabled
[2015.06.12-13.41.34:024][  0]Cmd: MAP LOAD FILE="D:/CRX [06-12-15] MASTER/CanadianRacing/Content/Levels/example_map.umap" TEMPLATE=0 SHOWPROGRESS=1 FEATURELEVEL=3
[2015.06.12-13.41.34:025][  0]LightingResults: New page: Lighting Build
[2015.06.12-13.41.34:037][  0]MapCheck: New page: Map Check
[2015.06.12-13.41.34:037][  0]LightingResults: New page: Lighting Build
[2015.06.12-13.41.34:044][  0]LogParticles: Destroying 0 GPU particle simulations for FXSystem 0x0000000013A4A520
[2015.06.12-13.41.35:459][  0]LogBlueprint:Warning: [compiler] Warning InputAction Event references unknown Action 'OpenInGameMenu' for  InputAction OpenInGameMenu 
[2015.06.12-13.41.35:465][  0]LogBlueprint:Warning: [compiler] Warning [0012.72] Compile of MyPlayerController successful, but with 1 Warning(s) [in 22 ms]
[2015.06.12-13.41.35:465][  0]LogBlueprint:Warning: [compiler] Warning [0012.72] Compile of MyPlayerController successful, but with 2 Warning(s) [in 0 ms]
[2015.06.12-13.41.35:465][  0]LogBlueprint:Warning: [compiler] Warning [0012.72] Compile of MyPlayerController successful, but with 3 Warning(s) [in 0 ms]
[2015.06.12-13.41.35:465][  0]LogBlueprint:Warning: [compiler] Warning [0012.72] Compile of MyPlayerController successful, but with 4 Warning(s) [in 0 ms]
[2015.06.12-13.41.37:455][  0]LogBlueprint:Warning: [compiler] Warning InputAction Event references unknown Action 'OpenInGameMenu' for  InputAction OpenInGameMenu 
[2015.06.12-13.41.37:461][  0]LogBlueprint:Warning: [compiler] Warning [0014.72] Compile of MyPlayerController successful, but with 1 Warning(s) [in 22 ms]
[2015.06.12-13.41.37:462][  0]LogBlueprint:Warning: [compiler] Warning [0014.72] Compile of MyPlayerController successful, but with 2 Warning(s) [in 0 ms]
[2015.06.12-13.41.39:543][  0]LogEditorServer: Finished looking for orphan Actors (0.000 secs)
[2015.06.12-13.41.39:791][  0]LogAIModule: Creating AISystem for world example_map
[2015.06.12-13.41.39:792][  0]Cmd: MAP CHECKDEP
[2015.06.12-13.41.39:792][  0]MapCheck: New page: example_map - Jun 11, 2015, 11:41:39 PM
[2015.06.12-13.41.39:896][  0]MapCheck: Info Map check complete: 0 Error(s), 0 Warning(s), took 103.382ms to complete.
[2015.06.12-13.41.39:896][  0]LogFileHelpers: Loading map 'example_map' took 5.871
[2015.06.12-13.41.40:045][  0]LogCollectionManager: Loaded 0 collections in 0.001308 seconds
[2015.06.12-13.41.40:058][  0]LogContentBrowser: Native class hierarchy populated in 0.0129 seconds. Added 1698 classes and 263 folders.
[2015.06.12-13.41.40:089][  0]LogContentBrowser: Native class hierarchy updated for 'SceneOutliner' in 0.0022 seconds. Added 1 classes and 2 folders.
[2015.06.12-13.41.40:141][  0]LogCrashTracker: Crashtracker disabled due to settings.
[2015.06.12-13.41.40:142][  0]LogSlate:Warning: Failed to load font data from 'Veranda'
[2015.06.12-13.41.40:148][  0]LogUObjectGlobals:Warning: Failed to find object 'Class None.'
[2015.06.12-13.41.40:173][  0]LogLoad: Full Startup: 17.43 seconds (BP compile: 2.08 seconds)
[2015.06.12-13.41.40:203][  0]LogContentBrowser:Verbose: The content browser source was changed by the sources view to '/Game/Blueprints'
[2015.06.12-13.41.40:353][  0]LogRenderer:Warning: Reallocating scene render targets to support 32x32 (Frame:2).
[2015.06.12-13.41.40:511][  0]LogRenderer:Warning: Reallocating scene render targets to support 1616x808 (Frame:5).
[2015.06.12-13.41.40:579][  1]Cmd: UpdateLandscapeEditorData -warnings
[2015.06.12-13.41.40:580][  1]Cmd: UpdateLandscapeEditorData
[2015.06.12-13.41.40:884][  7]LogAssetRegistry: Asset discovery search completed in 8.3212 seconds
[2015.06.12-13.42.28:427][729]LogContentBrowser:Verbose: The content browser source was changed by the sources view to '/Game/Lists'
[2015.06.12-13.42.32:152][872]LogContentBrowser:Verbose: The content browser source was changed by the sources view to '/Game/Textures'
[2015.06.12-13.42.33:049][897]LogContentBrowser:Verbose: The content browser source was changed by the sources view to '/Game/UI'
[2015.06.12-13.43.06:966][151]LogContentBrowser:Verbose: The content browser source was changed by the sources view to '/Game/Vehicles'
[2015.06.12-13.43.11:655][314]LogContentBrowser:Verbose: The content browser source was changed by the sources view to '/Game/Vehicles/CanoeKart'
[2015.06.12-13.44.22:575][622]LogActorComponent: UnregisterComponent: (/Engine/Transient.MovementComp) Not registered. Aborting.
[2015.06.12-13.44.22:576][622]LogActorComponent: UnregisterComponent: (/Engine/Transient.ProjectileMovementComponent_0) Not registered. Aborting.
[2015.06.12-13.44.22:576][622]LogActorComponent: UnregisterComponent: (/Engine/Transient.WheeledVehicleMovementComponent4W_0) Not registered. Aborting.
[2015.06.12-13.44.22:672][622]LogParticles: Destroying 0 GPU particle simulations for FXSystem 0x0000000021CD5F80
[2015.06.12-13.44.24:674][623]Cmd: QUIT_EDITOR
[2015.06.12-13.44.24:889][623]LogExit: Preparing to exit.
[2015.06.12-13.44.25:641][623]LogExit: Editor shut down
[2015.06.12-13.44.25:641][623]LogExit: Transaction tracking system shut down
[2015.06.12-13.44.25:643][623]LogParticles: Destroying 0 GPU particle simulations for FXSystem 0x000000001CDF8CC0
[2015.06.12-13.44.25:644][623]LogParticles: Destroying 0 GPU particle simulations for FXSystem 0x000000001BCD5D00
[2015.06.12-13.44.25:644][623]LogParticles: Destroying 0 GPU particle simulations for FXSystem 0x00000000260925C0
[2015.06.12-13.44.25:644][623]LogParticles: Destroying 0 GPU particle simulations for FXSystem 0x00000000260913A0
[2015.06.12-13.44.25:644][623]LogParticles: Destroying 0 GPU particle simulations for FXSystem 0x000000002B41DD00
[2015.06.12-13.44.25:645][623]LogParticles: Destroying 0 GPU particle simulations for FXSystem 0x0000000021CD51C0
[2015.06.12-13.44.25:721][623]LogExit: Object subsystem successfully closed.
[2015.06.12-13.44.25:772][623]LogModuleManager: Shutting down and abandoning module CrashTracker (180)
[2015.06.12-13.44.25:772][623]LogModuleManager: Shutting down and abandoning module SuperSearch (179)
[2015.06.12-13.44.25:772][623]LogModuleManager: Shutting down and abandoning module SceneOutliner (178)
[2015.06.12-13.44.25:772][623]LogModuleManager: Shutting down and abandoning module EditorWidgets (177)
[2015.06.12-13.44.25:772][623]LogModuleManager: Shutting down and abandoning module CollectionManager (176)
[2015.06.12-13.44.25:772][623]LogModuleManager: Shutting down and abandoning module StatsViewer (175)
[2015.06.12-13.44.25:772][623]LogModuleManager: Shutting down and abandoning module FoliageEdit (174)
[2015.06.12-13.44.25:772][623]LogModuleManager: Shutting down and abandoning module LandscapeEditor (173)
[2015.06.12-13.44.25:773][623]LogModuleManager: Shutting down and abandoning module MeshPaint (172)
[2015.06.12-13.44.25:773][623]LogModuleManager: Shutting down and abandoning module ActorPickerMode (171)
[2015.06.12-13.44.25:773][623]LogModuleManager: Shutting down and abandoning module GeometryMode (170)
[2015.06.12-13.44.25:773][623]LogModuleManager: Shutting down and abandoning module TextureAlignMode (169)
[2015.06.12-13.44.25:773][623]LogModuleManager: Shutting down and abandoning module BspMode (168)
[2015.06.12-13.44.25:773][623]LogModuleManager: Shutting down and abandoning module PlacementMode (167)
[2015.06.12-13.44.25:773][623]LogModuleManager: Shutting down and abandoning module AutomationWorker (166)
[2015.06.12-13.44.25:773][623]LogModuleManager: Shutting down and abandoning module CharacterAI (165)
[2015.06.12-13.44.25:773][623]LogModuleManager: Shutting down and abandoning module SmartSnapping (164)
[2015.06.12-13.44.25:773][623]LogModuleManager: Shutting down and abandoning module ViewportSnapping (163)
[2015.06.12-13.44.25:773][623]LogModuleManager: Shutting down and abandoning module LogVisualizer (162)
[2015.06.12-13.44.25:773][623]LogModuleManager: Shutting down and abandoning module GameProjectGeneration (161)
[2015.06.12-13.44.25:773][623]LogModuleManager: Shutting down and abandoning module IntroTutorials (160)
[2015.06.12-13.44.25:773][623]LogModuleManager: Shutting down and abandoning module EditorLiveStreaming (159)
[2015.06.12-13.44.25:773][623]LogModuleManager: Shutting down and abandoning module HardwareTargeting (158)
[2015.06.12-13.44.25:773][623]LogModuleManager: Shutting down and abandoning module DeviceProfileEditor (157)
[2015.06.12-13.44.25:773][623]LogModuleManager: Shutting down and abandoning module UndoHistory (156)
[2015.06.12-13.44.25:773][623]LogModuleManager: Shutting down and abandoning module GameplayTagsEditor (155)
[2015.06.12-13.44.25:773][623]LogModuleManager: Shutting down and abandoning module UserFeedback (154)
[2015.06.12-13.44.25:773][623]LogModuleManager: Shutting down and abandoning module XmlParser (153)
[2015.06.12-13.44.25:773][623]LogModuleManager: Shutting down and abandoning module Blutility (152)
[2015.06.12-13.44.25:773][623]LogModuleManager: Shutting down and abandoning module IOSPlatformEditor (151)
[2015.06.12-13.44.25:773][623]LogModuleManager: Shutting down and abandoning module IOSRuntimeSettings (150)
[2015.06.12-13.44.25:773][623]LogModuleManager: Shutting down and abandoning module AndroidDeviceDetection (149)
[2015.06.12-13.44.26:559][623]LogModuleManager: Shutting down and abandoning module AndroidPlatformEditor (148)
[2015.06.12-13.44.26:559][623]LogModuleManager: Shutting down and abandoning module AndroidRuntimeSettings (147)
[2015.06.12-13.44.26:559][623]LogModuleManager: Shutting down and abandoning module ProjectTargetPlatformEditor (146)
[2015.06.12-13.44.26:559][623]LogModuleManager: Shutting down and abandoning module ProjectSettingsViewer (145)
[2015.06.12-13.44.26:559][623]LogModuleManager: Shutting down and abandoning module InputBindingEditor (144)
[2015.06.12-13.44.26:559][623]LogModuleManager: Shutting down and abandoning module EditorSettingsViewer (143)
[2015.06.12-13.44.26:560][623]LogModuleManager: Shutting down and abandoning module SettingsEditor (142)
[2015.06.12-13.44.26:560][623]LogModuleManager: Shutting down and abandoning module ProjectLauncher (141)
[2015.06.12-13.44.26:560][623]LogModuleManager: Shutting down and abandoning module SessionFrontend (140)
[2015.06.12-13.44.26:560][623]LogModuleManager: Shutting down and abandoning module ProfilerClient (139)
[2015.06.12-13.44.26:560][623]LogModuleManager: Shutting down and abandoning module TargetDeviceServices (138)
[2015.06.12-13.44.26:560][623]LogModuleManager: Shutting down and abandoning module DeviceManager (137)
[2015.06.12-13.44.26:560][623]LogModuleManager: Shutting down and abandoning module AutomationController (136)
[2015.06.12-13.44.26:560][623]LogModuleManager: Shutting down and abandoning module AutomationWindow (135)
[2015.06.12-13.44.26:560][623]LogModuleManager: Shutting down and abandoning module Layers (134)
[2015.06.12-13.44.26:560][623]LogModuleManager: Shutting down and abandoning module ComponentVisualizers (133)
[2015.06.12-13.44.26:560][623]LogModuleManager: Shutting down and abandoning module DetailCustomizations (132)
[2015.06.12-13.44.26:560][623]LogModuleManager: Shutting down and abandoning module PackagesDialog (131)
[2015.06.12-13.44.26:561][623]LogModuleManager: Shutting down and abandoning module AssetRegistry (130)
[2015.06.12-13.44.26:678][623]LogModuleManager: Shutting down and abandoning module Persona (129)
[2015.06.12-13.44.26:678][623]LogModuleManager: Shutting down and abandoning module SlateReflector (128)
[2015.06.12-13.44.26:678][623]LogModuleManager: Shutting down and abandoning module LevelEditor (127)
[2015.06.12-13.44.26:679][623]LogModuleManager: Shutting down and abandoning module Kismet (126)
[2015.06.12-13.44.26:679][623]LogModuleManager: Shutting down and abandoning module GraphEditor (125)
[2015.06.12-13.44.26:679][623]LogModuleManager: Shutting down and abandoning module ClassViewer (124)
[2015.06.12-13.44.26:679][623]LogModuleManager: Shutting down and abandoning module Toolbox (123)
[2015.06.12-13.44.26:679][623]LogModuleManager: Shutting down and abandoning module ModuleUI (122)
[2015.06.12-13.44.26:679][623]LogModuleManager: Shutting down and abandoning module MovieSceneTools (121)
[2015.06.12-13.44.26:679][623]LogModuleManager: Shutting down and abandoning module OutputLog (120)
[2015.06.12-13.44.26:679][623]LogModuleManager: Shutting down and abandoning module GammaUI (119)
[2015.06.12-13.44.26:679][623]LogModuleManager: Shutting down and abandoning module Documentation (118)
[2015.06.12-13.44.26:679][623]LogModuleManager: Shutting down and abandoning module GameLiveStreaming (117)
[2015.06.12-13.44.26:679][623]LogModuleManager: Shutting down and abandoning module StreamingPauseRendering (116)
[2015.06.12-13.44.26:679][623]LogModuleManager: Shutting down and abandoning module HTTP (115)
[2015.06.12-13.44.26:680][623]LogModuleManager: Shutting down and abandoning module AnalyticsET (114)
[2015.06.12-13.44.26:680][623]LogModuleManager: Shutting down and abandoning module Analytics (113)
[2015.06.12-13.44.26:680][623]LogModuleManager: Shutting down and abandoning module AITestSuite (112)
[2015.06.12-13.44.26:680][623]LogModuleManager: Shutting down and abandoning module GameplayDebugger (111)
[2015.06.12-13.44.26:680][623]LogModuleManager: Shutting down and abandoning module AIModule (110)
[2015.06.12-13.44.26:680][623]LogModuleManager: Shutting down and abandoning module ProfilerService (109)
[2015.06.12-13.44.26:718][623]LogModuleManager: Shutting down and abandoning module TaskGraph (108)
[2015.06.12-13.44.26:718][623]LogModuleManager: Shutting down and abandoning module SlateRemote (107)
[2015.06.12-13.44.26:718][623]LogModuleManager: Shutting down and abandoning module ScriptEditorPlugin (106)
[2015.06.12-13.44.26:718][623]LogModuleManager: Shutting down and abandoning module CustomMeshComponent (105)
[2015.06.12-13.44.26:718][623]LogModuleManager: Shutting down and abandoning module CableComponent (104)
[2015.06.12-13.44.26:718][623]LogModuleManager: Shutting down and abandoning module MessagingDebugger (103)
[2015.06.12-13.44.26:718][623]LogModuleManager: Shutting down and abandoning module MediaPlayerEditor (102)
[2015.06.12-13.44.26:718][623]LogModuleManager: Shutting down and abandoning module SpeedTreeImporter (101)
[2015.06.12-13.44.26:718][623]LogModuleManager: Shutting down and abandoning module PluginsEditor (100)
[2015.06.12-13.44.26:718][623]LogModuleManager: Shutting down and abandoning module MainFrame (99)
[2015.06.12-13.44.26:718][623]LogModuleManager: Shutting down and abandoning module EpicSurvey (98)
[2015.06.12-13.44.26:718][623]LogModuleManager: Shutting down and abandoning module DesktopPlatform (97)
[2015.06.12-13.44.26:718][623]LogModuleManager: Shutting down and abandoning module DirectoryWatcher (96)
[2015.06.12-13.44.26:718][623]LogModuleManager: Shutting down and abandoning module HotReload (95)
[2015.06.12-13.44.26:718][623]LogModuleManager: Shutting down and abandoning module VisualStudioSourceCodeAccess (94)
[2015.06.12-13.44.26:718][623]LogModuleManager: Shutting down and abandoning module UObjectPlugin (93)
[2015.06.12-13.44.26:718][623]LogModuleManager: Shutting down and abandoning module SubversionSourceControl (92)
[2015.06.12-13.44.26:718][623]LogModuleManager: Shutting down and abandoning module PerforceSourceControl (91)
[2015.06.12-13.44.26:718][623]LogModuleManager: Shutting down and abandoning module SourceControl (90)
[2015.06.12-13.44.26:718][623]LogModuleManager: Shutting down and abandoning module GitSourceControl (89)
[2015.06.12-13.44.26:718][623]LogModuleManager: Shutting down and abandoning module BlankPlugin (88)
[2015.06.12-13.44.26:718][623]LogModuleManager: Shutting down and abandoning module PaperTiledImporter (87)
[2015.06.12-13.44.26:718][623]LogModuleManager: Shutting down and abandoning module PaperJsonImporter (86)
[2015.06.12-13.44.26:719][623]LogModuleManager: Shutting down and abandoning module ContentBrowser (85)
[2015.06.12-13.44.26:719][623]LogModuleManager: Shutting down and abandoning module Paper2DEditor (84)
[2015.06.12-13.44.26:719][623]LogModuleManager: Shutting down and abandoning module ScriptPlugin (83)
[2015.06.12-13.44.26:719][623]LogModuleManager: Shutting down and abandoning module UdpMessaging (82)
[2015.06.12-13.44.26:819][623]LogModuleManager: Shutting down and abandoning module Paper2D (81)
[2015.06.12-13.44.26:819][623]LogModuleManager: Shutting down and abandoning module WindowsMoviePlayer (80)
[2015.06.12-13.44.26:823][623]LogModuleManager: Shutting down and abandoning module Media (79)
[2015.06.12-13.44.26:823][623]LogModuleManager: Shutting down and abandoning module WmfMedia (78)
[2015.06.12-13.44.26:824][623]LogModuleManager: Shutting down and abandoning module OnlineBlueprintSupport (77)
[2015.06.12-13.44.26:824][623]LogModuleManager: Shutting down and abandoning module PropertyEditor (76)
[2015.06.12-13.44.26:824][623]LogModuleManager: Shutting down and abandoning module BehaviorTreeEditor (75)
[2015.06.12-13.44.26:824][623]LogModuleManager: Shutting down and abandoning module FunctionalTesting (74)
[2015.06.12-13.44.26:824][623]LogModuleManager: Shutting down and abandoning module CollisionAnalyzer (73)
[2015.06.12-13.44.26:824][623]LogModuleManager: Shutting down and abandoning module WorkspaceMenuStructure (72)
[2015.06.12-13.44.26:824][623]LogModuleManager: Shutting down and abandoning module MessageLog (71)
[2015.06.12-13.44.26:824][623]LogModuleManager: Shutting down and abandoning module Sequencer (70)
[2015.06.12-13.44.26:824][623]LogModuleManager: Shutting down and abandoning module AssetTools (69)
[2015.06.12-13.44.26:824][623]LogModuleManager: Shutting down and abandoning module UMGEditor (68)
[2015.06.12-13.44.26:824][623]LogModuleManager: Shutting down and abandoning module UMG (67)
[2015.06.12-13.44.26:824][623]LogModuleManager: Shutting down and abandoning module Slate (66)
[2015.06.12-13.44.26:824][623]LogModuleManager: Shutting down and abandoning module EditorStyle (65)
[2015.06.12-13.44.26:832][623]LogModuleManager: Shutting down and abandoning module SessionServices (64)
[2015.06.12-13.44.26:832][623]LogModuleManager: Shutting down and abandoning module SourceCodeAccess (63)
[2015.06.12-13.44.26:832][623]LogModuleManager: Shutting down and abandoning module HeadMountedDisplay (62)
[2015.06.12-13.44.26:832][623]LogModuleManager: Shutting down and abandoning module XAudio2 (61)
[2015.06.12-13.44.26:832][623]LogModuleManager: Shutting down and abandoning module Networking (60)
[2015.06.12-13.44.26:832][623]LogModuleManager: Shutting down and abandoning module Core (59)
[2015.06.12-13.44.26:832][623]LogModuleManager: Shutting down and abandoning module KismetCompiler (58)
[2015.06.12-13.44.26:832][623]LogModuleManager: Shutting down and abandoning module PhysXFormats (57)
[2015.06.12-13.44.26:833][623]LogModuleManager: Shutting down and abandoning module MeshUtilities (56)
[2015.06.12-13.44.26:833][623]LogModuleManager: Shutting down and abandoning module DerivedDataCache (55)
[2015.06.12-13.44.26:933][623]LogDerivedDataCache: Shutdown
[2015.06.12-13.44.26:933][623]LogModuleManager: Shutting down and abandoning module ShaderFormatOpenGL (54)
[2015.06.12-13.44.26:933][623]LogModuleManager: Shutting down and abandoning module ShaderFormatD3D (53)
[2015.06.12-13.44.26:933][623]LogModuleManager: Shutting down and abandoning module MetalShaderFormat (52)
[2015.06.12-13.44.26:933][623]LogModuleManager: Shutting down and abandoning module TextureFormatUncompressed (51)
[2015.06.12-13.44.26:933][623]LogModuleManager: Shutting down and abandoning module TextureFormatPVR (50)
[2015.06.12-13.44.26:933][623]LogModuleManager: Shutting down and abandoning module TextureFormatIntelISPCTexComp (49)
[2015.06.12-13.44.26:933][623]LogModuleManager: Shutting down and abandoning module TextureFormatDXT (48)
[2015.06.12-13.44.26:933][623]LogModuleManager: Shutting down and abandoning module ImageWrapper (47)
[2015.06.12-13.44.26:933][623]LogModuleManager: Shutting down and abandoning module TextureFormatASTC (46)
[2015.06.12-13.44.26:933][623]LogModuleManager: Shutting down and abandoning module TextureFormatAndroid (45)
[2015.06.12-13.44.26:933][623]LogModuleManager: Shutting down and abandoning module AudioFormatOpus (44)
[2015.06.12-13.44.26:933][623]LogModuleManager: Shutting down and abandoning module AudioFormatOgg (43)
[2015.06.12-13.44.26:933][623]LogModuleManager: Shutting down and abandoning module AudioFormatADPCM (42)
[2015.06.12-13.44.26:933][623]LogModuleManager: Shutting down and abandoning module LinuxTargetPlatform (41)
[2015.06.12-13.44.26:933][623]LogModuleManager: Shutting down and abandoning module LinuxServerTargetPlatform (40)
[2015.06.12-13.44.26:933][623]LogModuleManager: Shutting down and abandoning module LinuxNoEditorTargetPlatform (39)
[2015.06.12-13.44.26:933][623]LogModuleManager: Shutting down and abandoning module Messaging (38)
[2015.06.12-13.44.26:933][623]LogModuleManager: Shutting down and abandoning module IOSTargetPlatform (37)
[2015.06.12-13.44.26:933][623]LogModuleManager: Shutting down and abandoning module HTML5TargetPlatform (36)
[2015.06.12-13.44.26:933][623]LogModuleManager: Shutting down and abandoning module Android_PVRTCTargetPlatform (35)
[2015.06.12-13.44.26:933][623]LogModuleManager: Shutting down and abandoning module Android_ETC2TargetPlatform (34)
[2015.06.12-13.44.26:933][623]LogModuleManager: Shutting down and abandoning module Android_ETC1TargetPlatform (33)
[2015.06.12-13.44.26:933][623]LogModuleManager: Shutting down and abandoning module Android_ES31TargetPlatform (32)
[2015.06.12-13.44.26:933][623]LogModuleManager: Shutting down and abandoning module Android_DXTTargetPlatform (31)
[2015.06.12-13.44.26:933][623]LogModuleManager: Shutting down and abandoning module Android_ATCTargetPlatform (30)
[2015.06.12-13.44.26:933][623]LogModuleManager: Shutting down and abandoning module AndroidTargetPlatform (29)
[2015.06.12-13.44.26:933][623]LogModuleManager: Shutting down and abandoning module WindowsTargetPlatform (28)
[2015.06.12-13.44.26:933][623]LogModuleManager: Shutting down and abandoning module WindowsServerTargetPlatform (27)
[2015.06.12-13.44.26:933][623]LogModuleManager: Shutting down and abandoning module WindowsNoEditorTargetPlatform (26)
[2015.06.12-13.44.26:934][623]LogModuleManager: Shutting down and abandoning module WindowsClientTargetPlatform (25)
[2015.06.12-13.44.26:934][623]LogModuleManager: Shutting down and abandoning module TargetPlatform (24)
[2015.06.12-13.44.26:934][623]LogModuleManager: Shutting down and abandoning module InputCore (23)
[2015.06.12-13.44.26:934][623]LogModuleManager: Shutting down and abandoning module Settings (22)
[2015.06.12-13.44.26:934][623]LogModuleManager: Shutting down and abandoning module Voice (20)
[2015.06.12-13.44.26:934][623]LogModuleManager: Shutting down and abandoning module OnlineSubsystem (16)
[2015.06.12-13.44.26:934][623]LogOnline:Display: NULL: FOnlineSubsystemNull::Shutdown()
[2015.06.12-13.44.26:934][623]LogOnline:Display: Unloading online subsystem: STEAM
[2015.06.12-13.44.26:934][623]LogOnline:Display: Unloading online subsystem: Null
[2015.06.12-13.44.26:934][623]LogModuleManager: Shutting down and abandoning module OculusRift (15)
[2015.06.12-13.44.26:934][623]LogModuleManager: Shutting down and abandoning module ExampleDeviceProfileSelector (14)
[2015.06.12-13.44.26:934][623]LogModuleManager: Shutting down and abandoning module TextureCompressor (13)
[2015.06.12-13.44.26:934][623]LogModuleManager: Shutting down and abandoning module ShaderCore (12)
[2015.06.12-13.44.26:934][623]LogModuleManager: Shutting down and abandoning module Landscape (11)
[2015.06.12-13.44.26:934][623]LogModuleManager: Shutting down and abandoning module SlateRHIRenderer (10)
[2015.06.12-13.44.26:937][623]LogModuleManager: Shutting down and abandoning module OpenGLDrv (9)
[2015.06.12-13.44.26:937][623]LogModuleManager: Shutting down and abandoning module D3D11RHI (8)
[2015.06.12-13.44.26:937][623]LogModuleManager: Shutting down and abandoning module Renderer (7)
[2015.06.12-13.44.26:937][623]LogModuleManager: Shutting down and abandoning module Engine (6)
[2015.06.12-13.44.26:937][623]LogModuleManager: Shutting down and abandoning module CoreUObject (5)
[2015.06.12-13.44.26:937][623]LogModuleManager: Shutting down and abandoning module NetworkFile (4)
[2015.06.12-13.44.26:937][623]LogModuleManager: Shutting down and abandoning module StreamingFile (3)
[2015.06.12-13.44.26:937][623]LogModuleManager: Shutting down and abandoning module SandboxFile (2)
[2015.06.12-13.44.26:937][623]LogModuleManager: Shutting down and abandoning module PakFile (1)
[2015.06.12-13.44.26:938][623]LogExit: Exiting.
[2015.06.12-13.44.26:946][623]Log file closed, 06/12/15 06:44:26
