Log file open, 06/12/15 03:12:55
LogInit:Display: Running engine for game: CanadianRacing
LogInit: Version: 4.7.3-2479750+++depot+UE4-Releases+4.7
LogInit: API Version: 2455222
LogInit: Compiled (64-bit): Mar 15 2015 23:20:45
LogInit: Compiled with Visual C++: 18.00.21005.01
LogInit: Build Configuration: Development
LogInit: Branch Name: ++depot+UE4-Releases+4.7
LogInit: Command line: 
LogInit: Base directory: C:/Program Files/Epic Games/4.7/Engine/Binaries/Win64/
LogInit: Rocket: 1
[2015.06.12-10.12.55:533][  0]LogTaskGraph: Started task graph with 3 named threads and 6 total threads.
[2015.06.12-10.12.55:606][  0]LogOnline:Display: STEAM: Loading Steam SDK 1.30
[2015.06.12-10.12.55:606][  0]LogOnline:Warning: STEAM: Steam API disabled!
[2015.06.12-10.12.55:606][  0]LogOnline:Display: STEAM: OnlineSubsystemSteam::Shutdown()
[2015.06.12-10.12.55:607][  0]LogOnline:Warning: Unable to create OnlineSubsystem module Steam
[2015.06.12-10.12.55:607][  0]LogOnline:Warning: Unable to load default OnlineSubsystem module Steam, using NULL interface
[2015.06.12-10.12.55:640][  0]LogInit: WinSock: version 1.1 (2.2), MaxSocks=32767, MaxUdp=65467
[2015.06.12-10.12.55:655][  0]LogVoice:Warning: Failed to initialize voice interface
[2015.06.12-10.12.55:667][  0]LogInit: Presizing for 0 objects not considered by GC, pre-allocating 0 bytes.
[2015.06.12-10.12.55:677][  0]LogInit: Object subsystem initialized
[2015.06.12-10.12.55:678][  0]LogConsoleResponse:Warning: Skipping Unknown console variable: 'TranslucentSortAxis = (X=0.000000,Y=-1.000000,Z=0.000000)'
[2015.06.12-10.12.55:678][  0]LogConsoleResponse:Warning:   Found in ini file 'D:/CRX [06-11-15] - Copy/CanadianRacing/Saved/Config/Windows/Engine.ini', in section '[/Script/Engine.RendererSettings]'
[2015.06.12-10.12.55:678][  0]LogConsoleResponse:Warning: Skipping Unknown console variable: 'UIScaleRule = ShortestSide'
[2015.06.12-10.12.55:678][  0]LogConsoleResponse:Warning:   Found in ini file 'D:/CRX [06-11-15] - Copy/CanadianRacing/Saved/Config/Windows/Engine.ini', in section '[/Script/Engine.RendererSettings]'
[2015.06.12-10.12.55:678][  0]LogConsoleResponse:Warning: Skipping Unknown console variable: 'UIScaleCurve = (EditorCurveData=(Keys=),ExternalCurve=None)'
[2015.06.12-10.12.55:678][  0]LogConsoleResponse:Warning:   Found in ini file 'D:/CRX [06-11-15] - Copy/CanadianRacing/Saved/Config/Windows/Engine.ini', in section '[/Script/Engine.RendererSettings]'
[2015.06.12-10.12.55:679][  0]LogInit: Selected Device Profile: [Windows]
[2015.06.12-10.12.55:679][  0]LogInit: Applying CVar settings loaded from the selected device profile: [Windows]
[2015.06.12-10.12.55:686][  0]LogInit: Computer: AI911LAB296P14
[2015.06.12-10.12.55:686][  0]LogInit: User: 124781
[2015.06.12-10.12.55:686][  0]LogInit: CPU Page size=4096, Cores=4
[2015.06.12-10.12.55:686][  0]LogInit: High frequency timer resolution =3.215371 MHz
[2015.06.12-10.12.55:686][  0]LogMemory: Memory total: Physical=7.9GB (8GB approx) Virtual=8192.0GB
[2015.06.12-10.12.55:686][  0]LogMemory: Platform Memory Stats for Windows
[2015.06.12-10.12.55:686][  0]LogMemory: Process Physical Memory: 50.76 MB used, 50.76 MB peak
[2015.06.12-10.12.55:686][  0]LogMemory: Process Virtual Memory: 29.32 MB used, 29.32 MB peak
[2015.06.12-10.12.55:686][  0]LogMemory: Physical Memory: 3065.79 MB used, 8115.89 MB total
[2015.06.12-10.12.55:686][  0]LogMemory: Virtual Memory: 290.54 MB used, 8388608.00 MB total
[2015.06.12-10.12.55:710][  0]LogD3D11RHI: Found D3D11 adapter 0: NVIDIA Quadro 3000M (Feature Level 11_0)
[2015.06.12-10.12.55:710][  0]LogD3D11RHI: Adapter has 1998MB of dedicated video memory, 0MB of dedicated system memory, and 3801MB of shared system memory, 1 output[s]
[2015.06.12-10.12.55:710][  0]LogD3D11RHI: Chosen D3D11 Adapter Id = 0
[2015.06.12-10.12.55:714][  0]LogRHI: Texture pool is 1361 MB (70% of 1945 MB)
[2015.06.12-10.12.55:720][  0]LogD3D11RHI: Async texture creation enabled
[2015.06.12-10.12.55:788][  0]LogTextLocalizationManager: The requested culture ('en_US') has no localization data; parent culture's ('en') localization data will be used.
[2015.06.12-10.12.55:853][  0]LogTextLocalizationManager:Warning: Loading localization resources contain conflicting entries for (Namespace:UICommands, Key:Save_ToolTip):
Resource: (C:/Program Files/Epic Games/4.7/Engine/Content/Localization/Editor/en/Editor.locres) Hash: (-29098895) String: (Saves the current level to disk)
Resource: (C:/Program Files/Epic Games/4.7/Engine/Content/Localization/Engine/en/Engine.locres) Hash: (-1280300587) String: (Save selected data to vlog file)
[2015.06.12-10.12.55:853][  0]LogTextLocalizationManager:Warning: Loading localization resources contain conflicting entries for (Namespace:ContentBrowser, Key:ImportAssetToolTip):
Resource: (C:/Program Files/Epic Games/4.7/Engine/Content/Localization/Editor/en/Editor.locres) Hash: (-630476809) String: (Import to {0}...)
Resource: (C:/Program Files/Epic Games/4.7/Engine/Content/Localization/Editor/en/Editor.locres) Hash: (1271782899) String: (Imports an asset from file to this folder.)
[2015.06.12-10.12.55:935][  0]LogContentStreaming: Texture pool size is 0.000000MB
[2015.06.12-10.12.58:281][  0]LogTargetPlatformManager:Display: Building Assets For Windows
[2015.06.12-10.12.58:801][  0]LogTargetPlatformManager:Display: Building Assets For Windows
[2015.06.12-10.12.58:864][  0]LogDerivedDataCache:Display: Max Cache Size: 512 MB
[2015.06.12-10.12.58:909][  0]LogDerivedDataCache: Loaded boot cache 0.04s 39MB C:/Users/124781/AppData/Local/UnrealEngine/4.7/DerivedDataCache/Boot.ddc.
[2015.06.12-10.12.58:909][  0]LogDerivedDataCache:Display: Loaded Boot cache: C:/Users/124781/AppData/Local/UnrealEngine/4.7/DerivedDataCache/Boot.ddc
[2015.06.12-10.12.58:909][  0]LogDerivedDataCache: FDerivedDataBackendGraph:  Pak pak cache file D:/CRX [06-11-15] - Copy/CanadianRacing/DerivedDataCache/DDC.ddp not found, will not use a pak cache.
[2015.06.12-10.12.58:909][  0]LogDerivedDataCache: Unable to find inner node Pak for hierarchical cache Hierarchy.
[2015.06.12-10.12.59:031][  0]LogDerivedDataCache:Display: Pak cache opened for reading ../../../Engine/DerivedDataCache/Compressed.ddp.
[2015.06.12-10.12.59:043][  0]LogDerivedDataCache: Using Local data cache path C:/Users/124781/AppData/Local/UnrealEngine/Common/DerivedDataCache: Writable
[2015.06.12-10.12.59:357][  0]LogMeshUtilities: No automatic mesh reduction module available
[2015.06.12-10.12.59:357][  0]LogMeshUtilities: No automatic mesh merging module available
[2015.06.12-10.12.59:760][  0]LogSlate:Warning: Failed to load font data from '../../../Engine/Content/Slate/Fonts/Roboto-Italic.ttf'
[2015.06.12-10.13.00:524][  0]UdpMessaging: Initializing bridge on interface 0.0.0.0:0 to multicast group 230.0.0.1:6666.
[2015.06.12-10.13.00:737][  0]SourceControl: Info Source control is disabled
[2015.06.12-10.13.00:737][  0]SourceControl: Info Source control is disabled
[2015.06.12-10.13.00:737][  0]SourceControl: Info Source control is disabled
[2015.06.12-10.13.00:737][  0]LogSourceControl: RunCommandInternalRaw: 'git version'
[2015.06.12-10.13.00:737][  0]LogSourceControl: RunCommandInternalRaw: ExecProcess ReturnCode=2 OutResults=''
[2015.06.12-10.13.00:746][  0]SourceControl: Info Source control is disabled
[2015.06.12-10.13.00:933][  0]LogObj: 24238 objects as part of root set at end of initial load.
[2015.06.12-10.13.00:933][  0]LogUObjectAllocator: 5352288 out of 0 bytes used by permanent object pool.
[2015.06.12-10.13.01:017][  0]LogEngine: Initializing Engine...
[2015.06.12-10.13.04:188][  0]LogInit: XAudio2 using 'Speakers (High Definition Audio Device)' : 2 channels at 44.1 kHz using 16 bits per sample (channel mask 0x3)
[2015.06.12-10.13.04:206][  0]LogInit: FAudioDevice initialized.
[2015.06.12-10.13.04:243][  0]LogAIModule: Creating AISystem for world NewWorld
[2015.06.12-10.13.04:263][  0]LogDerivedDataCache: Saved boot cache 0.02s 39MB C:/Users/124781/AppData/Local/UnrealEngine/4.7/DerivedDataCache/Boot.ddc.
[2015.06.12-10.13.04:268][  0]LogInit: Texture streaming: Enabled
[2015.06.12-10.13.04:358][  0]LogAnalytics: Creating configured Analytics provider AnalyticsET
[2015.06.12-10.13.04:358][  0]LogAnalytics: ET APIKey = Rocket.Release. APIServer = http://et2.epicgames.com/ET2/. AppVersion = 4.7.3-2479750+++depot+UE4-Releases+4.7
[2015.06.12-10.13.04:358][  0]LogAnalytics: ET APIKey = Rocket.Release. DataRouterUploadURL = https://datarouter-public-service-gamedev.ol.epicgames.net/datarouter/api/v1/public/data. AppVersion = 4.7.3-2479750+++depot+UE4-Releases+4.7
[2015.06.12-10.13.04:358][  0]LogAnalytics: SetUserId 8bd27e534dc3adb20b9806aa8dd98976|a2029361749f45969b968123526efb2c|cc3525af-3e4e-4070-b03f-8efa41501de0
[2015.06.12-10.13.04:358][  0]LogAnalytics: AnalyticsET::StartSession [Rocket.Release]
[2015.06.12-10.13.04:380][  0]LogInit: Transaction tracking system initialized
[2015.06.12-10.13.04:547][  0]BlueprintLog: New page: Editor Load
[2015.06.12-10.13.04:582][  0]LogAssetRegistry: FAssetRegistry took 0.0098 seconds to start up
[2015.06.12-10.13.04:582][  0]LogDirectoryWatcher:Warning: Failed to begin reading directory changes for ../../../Engine/Plugins/Experimental/CharacterAI/Content/. Error: 0
[2015.06.12-10.13.05:141][  0]LogTargetPlatformManager:Display: Building Assets For Windows
[2015.06.12-10.13.05:506][  0]LogTargetPlatformManager:Display: Building Assets For Windows
[2015.06.12-10.13.05:758][  0]LogSlate:Warning: Failed to load font data from '../../../Engine/Content/Editor/Slate/Fonts/Roboto-Regular.ttf'
[2015.06.12-10.13.05:758][  0]LogSlate:Warning: Failed to load font data from '../../../Engine/Content/Editor/Slate/Fonts/Roboto-Bold.ttf'
[2015.06.12-10.13.05:803][  0]LogConsoleResponse:Display: 
[2015.06.12-10.13.05:932][  0]LogCook:Display: Done creating registry. It took  0.00s.
[2015.06.12-10.13.06:074][  0]SourceControl: Info Source control is disabled
[2015.06.12-10.13.06:074][  0]Cmd: MAP LOAD FILE="D:/CRX [06-11-15] - Copy/CanadianRacing/Content/Levels/example_map.umap" TEMPLATE=0 SHOWPROGRESS=1 FEATURELEVEL=3
[2015.06.12-10.13.06:075][  0]LightingResults: New page: Lighting Build
[2015.06.12-10.13.06:087][  0]MapCheck: New page: Map Check
[2015.06.12-10.13.06:087][  0]LightingResults: New page: Lighting Build
[2015.06.12-10.13.06:094][  0]LogParticles: Destroying 0 GPU particle simulations for FXSystem 0x0000000013ECA520
[2015.06.12-10.13.07:400][  0]LogBlueprint:Warning: [compiler] Warning InputAction Event references unknown Action 'OpenInGameMenu' for  InputAction OpenInGameMenu 
[2015.06.12-10.13.07:407][  0]LogBlueprint:Warning: [compiler] Warning [0013.66] Compile of MyPlayerController successful, but with 1 Warning(s) [in 22 ms]
[2015.06.12-10.13.07:407][  0]LogBlueprint:Warning: [compiler] Warning [0013.66] Compile of MyPlayerController successful, but with 2 Warning(s) [in 0 ms]
[2015.06.12-10.13.07:407][  0]LogBlueprint:Warning: [compiler] Warning [0013.66] Compile of MyPlayerController successful, but with 3 Warning(s) [in 0 ms]
[2015.06.12-10.13.07:407][  0]LogBlueprint:Warning: [compiler] Warning [0013.66] Compile of MyPlayerController successful, but with 4 Warning(s) [in 0 ms]
[2015.06.12-10.13.09:400][  0]LogBlueprint:Warning: [compiler] Warning InputAction Event references unknown Action 'OpenInGameMenu' for  InputAction OpenInGameMenu 
[2015.06.12-10.13.09:406][  0]LogBlueprint:Warning: [compiler] Warning [0015.66] Compile of MyPlayerController successful, but with 1 Warning(s) [in 22 ms]
[2015.06.12-10.13.09:407][  0]LogBlueprint:Warning: [compiler] Warning [0015.66] Compile of MyPlayerController successful, but with 2 Warning(s) [in 0 ms]
[2015.06.12-10.13.11:302][  0]LogEditorServer: Finished looking for orphan Actors (0.000 secs)
[2015.06.12-10.13.11:386][  0]LogAIModule: Creating AISystem for world example_map
[2015.06.12-10.13.11:387][  0]Cmd: MAP CHECKDEP
[2015.06.12-10.13.11:387][  0]MapCheck: New page: example_map - Jun 11, 2015, 8:13:11 PM
[2015.06.12-10.13.11:493][  0]MapCheck: Info Map check complete: 0 Error(s), 0 Warning(s), took 105.942ms to complete.
[2015.06.12-10.13.11:493][  0]LogFileHelpers: Loading map 'example_map' took 5.418
[2015.06.12-10.13.11:624][  0]LogCollectionManager: Loaded 0 collections in 0.001308 seconds
[2015.06.12-10.13.11:637][  0]LogContentBrowser: Native class hierarchy populated in 0.0129 seconds. Added 1698 classes and 263 folders.
[2015.06.12-10.13.11:669][  0]LogContentBrowser: Native class hierarchy updated for 'SceneOutliner' in 0.0022 seconds. Added 1 classes and 2 folders.
[2015.06.12-10.13.11:717][  0]LogCrashTracker: Crashtracker disabled due to settings.
[2015.06.12-10.13.11:718][  0]LogSlate:Warning: Failed to load font data from 'Veranda'
[2015.06.12-10.13.11:724][  0]LogUObjectGlobals:Warning: Failed to find object 'Class None.'
[2015.06.12-10.13.11:748][  0]LogLoad: Full Startup: 18.00 seconds (BP compile: 2.09 seconds)
[2015.06.12-10.13.11:778][  0]LogContentBrowser:Verbose: The content browser source was changed by the sources view to '/Game/Blueprints'
[2015.06.12-10.13.11:900][  0]LogRenderer:Warning: Reallocating scene render targets to support 32x32 (Frame:2).
[2015.06.12-10.13.12:038][  0]LogRenderer:Warning: Reallocating scene render targets to support 1616x808 (Frame:5).
[2015.06.12-10.13.12:096][  1]Cmd: UpdateLandscapeEditorData -warnings
[2015.06.12-10.13.12:096][  1]Cmd: UpdateLandscapeEditorData
[2015.06.12-10.13.14:925][ 10]LogAssetRegistry: Asset discovery search completed in 10.3523 seconds
[2015.06.12-10.13.32:667][292]LogActorComponent: UnregisterComponent: (/Engine/Transient.MovementComp) Not registered. Aborting.
[2015.06.12-10.13.32:667][292]LogActorComponent: UnregisterComponent: (/Engine/Transient.ProjectileMovementComponent_0) Not registered. Aborting.
[2015.06.12-10.13.34:368][292]Cmd: MAP LOAD FILE="D:/CRX [06-11-15] - Copy/CanadianRacing/Content/Levels/Level_Trent.umap" TEMPLATE=0 SHOWPROGRESS=1 FEATURELEVEL=3
[2015.06.12-10.13.34:415][292]LightingResults: New page: Lighting Build
[2015.06.12-10.13.34:468][292]LoadErrors: New page: Loading map: Level_Trent.umap
[2015.06.12-10.13.34:470][292]MapCheck: New page: Map Check
[2015.06.12-10.13.34:470][292]LightingResults: New page: Lighting Build
[2015.06.12-10.13.34:483][292]LogParticles: Destroying 0 GPU particle simulations for FXSystem 0x000000001D098EA0
[2015.06.12-10.13.37:327][292]LogLinker:Warning: Can't find file '/Game/MobileStarterContent/Particles/Materials/M_Dust_Particle'
[2015.06.12-10.13.37:327][292]LogLinker:Warning: Can't find file for asset '/Game/MobileStarterContent/Particles/Materials/M_Dust_Particle' while loading D:/CRX [06-11-15] - Copy/CanadianRacing/Content/DownloadedAssets/MobileStarterContent/Particles/P_Ambient_Dust.uasset.
[2015.06.12-10.13.37:327][292]LoadErrors:Error: Error /Game/DownloadedAssets/MobileStarterContent/Particles/P_Ambient_Dust : Can't find file for asset. /Game/MobileStarterContent/Particles/Materials/M_Dust_Particle
[2015.06.12-10.13.37:327][292]LogLinker:Warning: Can't find file '/Game/MobileStarterContent/Particles/Materials/M_Dust_Particle'
[2015.06.12-10.13.37:328][292]LogLinker:Warning: Can't find file for asset '/Game/MobileStarterContent/Particles/Materials/M_Dust_Particle' while loading D:/CRX [06-11-15] - Copy/CanadianRacing/Content/DownloadedAssets/MobileStarterContent/Particles/P_Ambient_Dust.uasset.
[2015.06.12-10.13.37:336][292]LogLinker:Warning: Can't find file '/Game/StaticMeshes/SM_Dead_Tree'
[2015.06.12-10.13.37:336][292]LogLinker:Warning: Can't find file for asset '/Game/StaticMeshes/SM_Dead_Tree' while loading D:/CRX [06-11-15] - Copy/CanadianRacing/Content/StaticMeshes/DM_SM_DeadTree.uasset.
[2015.06.12-10.13.37:336][292]LoadErrors:Error: Error /Game/StaticMeshes/DM_SM_DeadTree : Can't find file for asset. /Game/StaticMeshes/SM_Dead_Tree
[2015.06.12-10.13.37:336][292]LogLinker:Warning: Can't find file '/Game/StaticMeshes/SM_Dead_Tree'
[2015.06.12-10.13.37:337][292]LogLinker:Warning: Can't find file for asset '/Game/StaticMeshes/SM_Dead_Tree' while loading D:/CRX [06-11-15] - Copy/CanadianRacing/Content/StaticMeshes/DM_SM_DeadTree.uasset.
[2015.06.12-10.13.37:405][292]LogLinker:Warning: Can't find file '/Game/DownloadedAssets/MobileStarterContent/Materials/black'
[2015.06.12-10.13.37:405][292]LogLinker:Warning: Can't find file for asset '/Game/DownloadedAssets/MobileStarterContent/Materials/black' while loading D:/CRX [06-11-15] - Copy/CanadianRacing/Content/StaticMeshes/SM_ForkLift_Final.uasset.
[2015.06.12-10.13.37:405][292]LoadErrors:Error: Error /Game/StaticMeshes/SM_ForkLift_Final : Can't find file for asset. /Game/DownloadedAssets/MobileStarterContent/Materials/black
[2015.06.12-10.13.37:406][292]LogLinker:Warning: Can't find file '/Game/DownloadedAssets/MobileStarterContent/Materials/blinn2'
[2015.06.12-10.13.37:406][292]LogLinker:Warning: Can't find file for asset '/Game/DownloadedAssets/MobileStarterContent/Materials/blinn2' while loading D:/CRX [06-11-15] - Copy/CanadianRacing/Content/StaticMeshes/SM_ForkLift_Final.uasset.
[2015.06.12-10.13.37:406][292]LoadErrors:Error: Error /Game/StaticMeshes/SM_ForkLift_Final : Can't find file for asset. /Game/DownloadedAssets/MobileStarterContent/Materials/blinn2
[2015.06.12-10.13.37:406][292]LogLinker:Warning: Can't find file '/Game/DownloadedAssets/MobileStarterContent/Materials/blinn3'
[2015.06.12-10.13.37:406][292]LogLinker:Warning: Can't find file for asset '/Game/DownloadedAssets/MobileStarterContent/Materials/blinn3' while loading D:/CRX [06-11-15] - Copy/CanadianRacing/Content/StaticMeshes/SM_ForkLift_Final.uasset.
[2015.06.12-10.13.37:406][292]LoadErrors:Error: Error /Game/StaticMeshes/SM_ForkLift_Final : Can't find file for asset. /Game/DownloadedAssets/MobileStarterContent/Materials/blinn3
[2015.06.12-10.13.37:407][292]LogLinker:Warning: Can't find file '/Game/DownloadedAssets/MobileStarterContent/Materials/lambert3'
[2015.06.12-10.13.37:407][292]LogLinker:Warning: Can't find file for asset '/Game/DownloadedAssets/MobileStarterContent/Materials/lambert3' while loading D:/CRX [06-11-15] - Copy/CanadianRacing/Content/StaticMeshes/SM_ForkLift_Final.uasset.
[2015.06.12-10.13.37:407][292]LoadErrors:Error: Error /Game/StaticMeshes/SM_ForkLift_Final : Can't find file for asset. /Game/DownloadedAssets/MobileStarterContent/Materials/lambert3
[2015.06.12-10.13.37:407][292]LogLinker:Warning: Can't find file '/Game/DownloadedAssets/MobileStarterContent/Materials/mat_black'
[2015.06.12-10.13.37:407][292]LogLinker:Warning: Can't find file for asset '/Game/DownloadedAssets/MobileStarterContent/Materials/mat_black' while loading D:/CRX [06-11-15] - Copy/CanadianRacing/Content/StaticMeshes/SM_ForkLift_Final.uasset.
[2015.06.12-10.13.37:407][292]LoadErrors:Error: Error /Game/StaticMeshes/SM_ForkLift_Final : Can't find file for asset. /Game/DownloadedAssets/MobileStarterContent/Materials/mat_black
[2015.06.12-10.13.37:408][292]LogLinker:Warning: Can't find file '/Game/DownloadedAssets/MobileStarterContent/Materials/yellow'
[2015.06.12-10.13.37:408][292]LogLinker:Warning: Can't find file for asset '/Game/DownloadedAssets/MobileStarterContent/Materials/yellow' while loading D:/CRX [06-11-15] - Copy/CanadianRacing/Content/StaticMeshes/SM_ForkLift_Final.uasset.
[2015.06.12-10.13.37:408][292]LoadErrors:Error: Error /Game/StaticMeshes/SM_ForkLift_Final : Can't find file for asset. /Game/DownloadedAssets/MobileStarterContent/Materials/yellow
[2015.06.12-10.13.37:408][292]LogLinker:Warning: Can't find file '/Game/DownloadedAssets/MobileStarterContent/Materials/black'
[2015.06.12-10.13.37:408][292]LogLinker:Warning: Can't find file for asset '/Game/DownloadedAssets/MobileStarterContent/Materials/black' while loading D:/CRX [06-11-15] - Copy/CanadianRacing/Content/StaticMeshes/SM_ForkLift_Final.uasset.
[2015.06.12-10.13.37:408][292]LogLinker:Warning: Can't find file '/Game/DownloadedAssets/MobileStarterContent/Materials/blinn2'
[2015.06.12-10.13.37:409][292]LogLinker:Warning: Can't find file for asset '/Game/DownloadedAssets/MobileStarterContent/Materials/blinn2' while loading D:/CRX [06-11-15] - Copy/CanadianRacing/Content/StaticMeshes/SM_ForkLift_Final.uasset.
[2015.06.12-10.13.37:409][292]LogLinker:Warning: Can't find file '/Game/DownloadedAssets/MobileStarterContent/Materials/blinn3'
[2015.06.12-10.13.37:409][292]LogLinker:Warning: Can't find file for asset '/Game/DownloadedAssets/MobileStarterContent/Materials/blinn3' while loading D:/CRX [06-11-15] - Copy/CanadianRacing/Content/StaticMeshes/SM_ForkLift_Final.uasset.
[2015.06.12-10.13.37:409][292]LogLinker:Warning: Can't find file '/Game/DownloadedAssets/MobileStarterContent/Materials/lambert3'
[2015.06.12-10.13.37:409][292]LogLinker:Warning: Can't find file for asset '/Game/DownloadedAssets/MobileStarterContent/Materials/lambert3' while loading D:/CRX [06-11-15] - Copy/CanadianRacing/Content/StaticMeshes/SM_ForkLift_Final.uasset.
[2015.06.12-10.13.37:410][292]LogLinker:Warning: Can't find file '/Game/DownloadedAssets/MobileStarterContent/Materials/mat_black'
[2015.06.12-10.13.37:410][292]LogLinker:Warning: Can't find file for asset '/Game/DownloadedAssets/MobileStarterContent/Materials/mat_black' while loading D:/CRX [06-11-15] - Copy/CanadianRacing/Content/StaticMeshes/SM_ForkLift_Final.uasset.
[2015.06.12-10.13.37:410][292]LogLinker:Warning: Can't find file '/Game/DownloadedAssets/MobileStarterContent/Materials/yellow'
[2015.06.12-10.13.37:410][292]LogLinker:Warning: Can't find file for asset '/Game/DownloadedAssets/MobileStarterContent/Materials/yellow' while loading D:/CRX [06-11-15] - Copy/CanadianRacing/Content/StaticMeshes/SM_ForkLift_Final.uasset.
[2015.06.12-10.13.37:412][292]LogLinker:Warning: Can't find file '/Game/Assets/Materials/M_Tiles_Wall_Mesh_Paint'
[2015.06.12-10.13.37:412][292]LogLinker:Warning: Can't find file for asset '/Game/Assets/Materials/M_Tiles_Wall_Mesh_Paint' while loading D:/CRX [06-11-15] - Copy/CanadianRacing/Content/StaticMeshes/SM_Hallway_Pillar02.uasset.
[2015.06.12-10.13.37:412][292]LoadErrors:Error: Error /Game/StaticMeshes/SM_Hallway_Pillar02 : Can't find file for asset. /Game/Assets/Materials/M_Tiles_Wall_Mesh_Paint
[2015.06.12-10.13.37:412][292]LogLinker:Warning: Can't find file '/Game/Assets/Materials/M_Tiles_Wall_Mesh_Paint'
[2015.06.12-10.13.37:413][292]LogLinker:Warning: Can't find file for asset '/Game/Assets/Materials/M_Tiles_Wall_Mesh_Paint' while loading D:/CRX [06-11-15] - Copy/CanadianRacing/Content/StaticMeshes/SM_Hallway_Pillar02.uasset.
[2015.06.12-10.13.37:414][292]LogLinker:Warning: Can't find file '/Game/Assets/Materials/M_Base_Pipe'
[2015.06.12-10.13.37:414][292]LogLinker:Warning: Can't find file for asset '/Game/Assets/Materials/M_Base_Pipe' while loading D:/CRX [06-11-15] - Copy/CanadianRacing/Content/StaticMeshes/SM_Hallway_Pipe01_100.uasset.
[2015.06.12-10.13.37:415][292]LoadErrors:Error: Error /Game/StaticMeshes/SM_Hallway_Pipe01_100 : Can't find file for asset. /Game/Assets/Materials/M_Base_Pipe
[2015.06.12-10.13.37:415][292]LogLinker:Warning: Can't find file '/Game/Assets/Materials/M_Base_Pipe'
[2015.06.12-10.13.37:415][292]LogLinker:Warning: Can't find file for asset '/Game/Assets/Materials/M_Base_Pipe' while loading D:/CRX [06-11-15] - Copy/CanadianRacing/Content/StaticMeshes/SM_Hallway_Pipe01_100.uasset.
[2015.06.12-10.13.37:417][292]LogLinker:Warning: Can't find file '/Game/Assets/Materials/M_Base_Pipe'
[2015.06.12-10.13.37:417][292]LogLinker:Warning: Can't find file for asset '/Game/Assets/Materials/M_Base_Pipe' while loading D:/CRX [06-11-15] - Copy/CanadianRacing/Content/StaticMeshes/SM_Hallway_Pipe01_100_Bent_90Tight.uasset.
[2015.06.12-10.13.37:417][292]LoadErrors:Error: Error /Game/StaticMeshes/SM_Hallway_Pipe01_100_Bent_90Tight : Can't find file for asset. /Game/Assets/Materials/M_Base_Pipe
[2015.06.12-10.13.37:417][292]LogLinker:Warning: Can't find file '/Game/Assets/Materials/M_Base_Pipe'
[2015.06.12-10.13.37:417][292]LogLinker:Warning: Can't find file for asset '/Game/Assets/Materials/M_Base_Pipe' while loading D:/CRX [06-11-15] - Copy/CanadianRacing/Content/StaticMeshes/SM_Hallway_Pipe01_100_Bent_90Tight.uasset.
[2015.06.12-10.13.37:419][292]LogLinker:Warning: Can't find file '/Game/Assets/Materials/M_Pipe_Clamps'
[2015.06.12-10.13.37:419][292]LogLinker:Warning: Can't find file for asset '/Game/Assets/Materials/M_Pipe_Clamps' while loading D:/CRX [06-11-15] - Copy/CanadianRacing/Content/StaticMeshes/SM_Hallway_Pipe_Clamp01.uasset.
[2015.06.12-10.13.37:419][292]LoadErrors:Error: Error /Game/StaticMeshes/SM_Hallway_Pipe_Clamp01 : Can't find file for asset. /Game/Assets/Materials/M_Pipe_Clamps
[2015.06.12-10.13.37:419][292]LogLinker:Warning: Can't find file '/Game/Assets/Materials/M_Pipe_Clamps'
[2015.06.12-10.13.37:420][292]LogLinker:Warning: Can't find file for asset '/Game/Assets/Materials/M_Pipe_Clamps' while loading D:/CRX [06-11-15] - Copy/CanadianRacing/Content/StaticMeshes/SM_Hallway_Pipe_Clamp01.uasset.
[2015.06.12-10.13.37:421][292]LogLinker:Warning: Can't find file '/Game/Assets/Materials/M_Pipes_Small'
[2015.06.12-10.13.37:421][292]LogLinker:Warning: Can't find file for asset '/Game/Assets/Materials/M_Pipes_Small' while loading D:/CRX [06-11-15] - Copy/CanadianRacing/Content/StaticMeshes/SM_Hallway_Pipe_Small_90.uasset.
[2015.06.12-10.13.37:422][292]LoadErrors:Error: Error /Game/StaticMeshes/SM_Hallway_Pipe_Small_90 : Can't find file for asset. /Game/Assets/Materials/M_Pipes_Small
[2015.06.12-10.13.37:422][292]LogLinker:Warning: Can't find file '/Game/Assets/Materials/M_Pipes_Small'
[2015.06.12-10.13.37:422][292]LogLinker:Warning: Can't find file for asset '/Game/Assets/Materials/M_Pipes_Small' while loading D:/CRX [06-11-15] - Copy/CanadianRacing/Content/StaticMeshes/SM_Hallway_Pipe_Small_90.uasset.
[2015.06.12-10.13.37:424][292]LogLinker:Warning: Can't find file '/Game/Assets/Materials/M_Base_Pipe'
[2015.06.12-10.13.37:424][292]LogLinker:Warning: Can't find file for asset '/Game/Assets/Materials/M_Base_Pipe' while loading D:/CRX [06-11-15] - Copy/CanadianRacing/Content/StaticMeshes/SM_Hallway_Pipe_TJunction.uasset.
[2015.06.12-10.13.37:424][292]LoadErrors:Error: Error /Game/StaticMeshes/SM_Hallway_Pipe_TJunction : Can't find file for asset. /Game/Assets/Materials/M_Base_Pipe
[2015.06.12-10.13.37:425][292]LogLinker:Warning: Can't find file '/Game/Assets/Materials/M_Base_Pipe'
[2015.06.12-10.13.37:425][292]LogLinker:Warning: Can't find file for asset '/Game/Assets/Materials/M_Base_Pipe' while loading D:/CRX [06-11-15] - Copy/CanadianRacing/Content/StaticMeshes/SM_Hallway_Pipe_TJunction.uasset.
[2015.06.12-10.13.37:841][292]LogLinker:Warning: Can't find file '/Game/MobileStarterContent/Particles/Materials/M_Dust_Particle'
[2015.06.12-10.13.37:841][292]LoadErrors: Info Failed to load /Game/MobileStarterContent/Particles/Materials/M_Dust_Particle.M_Dust_Particle Referenced by ParticleModuleRequired_0
[2015.06.12-10.13.37:842][292]LogLinker:Warning: Can't find file for asset '/Game/MobileStarterContent/Particles/Materials/M_Dust_Particle' while loading NULL.
[2015.06.12-10.13.37:842][292]LogLinker:Warning: Can't find file '/Game/MobileStarterContent/Particles/Materials/M_Dust_Particle'
[2015.06.12-10.13.37:842][292]LoadErrors: Info Failed to load /Game/MobileStarterContent/Particles/Materials/M_Dust_Particle.M_Dust_Particle Referenced by ParticleModuleRequired_1
[2015.06.12-10.13.37:842][292]LogLinker:Warning: Can't find file for asset '/Game/MobileStarterContent/Particles/Materials/M_Dust_Particle' while loading NULL.
[2015.06.12-10.13.37:842][292]LogLinker:Warning: Can't find file '/Game/MobileStarterContent/Particles/Materials/M_Dust_Particle'
[2015.06.12-10.13.37:842][292]LoadErrors: Info Failed to load /Game/MobileStarterContent/Particles/Materials/M_Dust_Particle.M_Dust_Particle Referenced by ParticleModuleRequired_2
[2015.06.12-10.13.37:843][292]LogLinker:Warning: Can't find file for asset '/Game/MobileStarterContent/Particles/Materials/M_Dust_Particle' while loading NULL.
[2015.06.12-10.13.37:843][292]LogLinker:Warning: Can't find file '/Game/MobileStarterContent/Particles/Materials/M_Dust_Particle'
[2015.06.12-10.13.37:843][292]LoadErrors: Info Failed to load /Game/MobileStarterContent/Particles/Materials/M_Dust_Particle.M_Dust_Particle Referenced by ParticleModuleRequired_3
[2015.06.12-10.13.37:843][292]LogLinker:Warning: Can't find file for asset '/Game/MobileStarterContent/Particles/Materials/M_Dust_Particle' while loading NULL.
[2015.06.12-10.13.37:844][292]LogLinker:Warning: Can't find file '/Game/StaticMeshes/SM_Dead_Tree'
[2015.06.12-10.13.37:844][292]LoadErrors: Info Failed to load /Game/StaticMeshes/SM_Dead_Tree.SM_Dead_Tree Referenced by DM_SM_DeadTree
[2015.06.12-10.13.37:844][292]LogLinker:Warning: Can't find file for asset '/Game/StaticMeshes/SM_Dead_Tree' while loading NULL.
[2015.06.12-10.13.37:850][292]LogLinker:Warning: Can't find file '/Game/DownloadedAssets/MobileStarterContent/Materials/mat_black'
[2015.06.12-10.13.37:850][292]LoadErrors: Info Failed to load /Game/DownloadedAssets/MobileStarterContent/Materials/mat_black.mat_black Referenced by SM_ForkLift_Final
[2015.06.12-10.13.37:850][292]LogLinker:Warning: Can't find file for asset '/Game/DownloadedAssets/MobileStarterContent/Materials/mat_black' while loading NULL.
[2015.06.12-10.13.37:850][292]LogLinker:Warning: Can't find file '/Game/DownloadedAssets/MobileStarterContent/Materials/yellow'
[2015.06.12-10.13.37:850][292]LoadErrors: Info Failed to load /Game/DownloadedAssets/MobileStarterContent/Materials/yellow.yellow Referenced by SM_ForkLift_Final
[2015.06.12-10.13.37:850][292]LogLinker:Warning: Can't find file for asset '/Game/DownloadedAssets/MobileStarterContent/Materials/yellow' while loading NULL.
[2015.06.12-10.13.37:851][292]LogLinker:Warning: Can't find file '/Game/DownloadedAssets/MobileStarterContent/Materials/black'
[2015.06.12-10.13.37:851][292]LoadErrors: Info Failed to load /Game/DownloadedAssets/MobileStarterContent/Materials/black.black Referenced by SM_ForkLift_Final
[2015.06.12-10.13.37:851][292]LogLinker:Warning: Can't find file for asset '/Game/DownloadedAssets/MobileStarterContent/Materials/black' while loading NULL.
[2015.06.12-10.13.37:851][292]LogLinker:Warning: Can't find file '/Game/DownloadedAssets/MobileStarterContent/Materials/blinn2'
[2015.06.12-10.13.37:851][292]LoadErrors: Info Failed to load /Game/DownloadedAssets/MobileStarterContent/Materials/blinn2.blinn2 Referenced by SM_ForkLift_Final
[2015.06.12-10.13.37:851][292]LogLinker:Warning: Can't find file for asset '/Game/DownloadedAssets/MobileStarterContent/Materials/blinn2' while loading NULL.
[2015.06.12-10.13.37:852][292]LogLinker:Warning: Can't find file '/Game/DownloadedAssets/MobileStarterContent/Materials/blinn3'
[2015.06.12-10.13.37:852][292]LoadErrors: Info Failed to load /Game/DownloadedAssets/MobileStarterContent/Materials/blinn3.blinn3 Referenced by SM_ForkLift_Final
[2015.06.12-10.13.37:852][292]LogLinker:Warning: Can't find file for asset '/Game/DownloadedAssets/MobileStarterContent/Materials/blinn3' while loading NULL.
[2015.06.12-10.13.37:852][292]LogLinker:Warning: Can't find file '/Game/DownloadedAssets/MobileStarterContent/Materials/lambert3'
[2015.06.12-10.13.37:852][292]LoadErrors: Info Failed to load /Game/DownloadedAssets/MobileStarterContent/Materials/lambert3.lambert3 Referenced by SM_ForkLift_Final
[2015.06.12-10.13.37:852][292]LogLinker:Warning: Can't find file for asset '/Game/DownloadedAssets/MobileStarterContent/Materials/lambert3' while loading NULL.
[2015.06.12-10.13.37:853][292]LogLinker:Warning: Can't find file '/Game/Assets/Materials/M_Tiles_Wall_Mesh_Paint'
[2015.06.12-10.13.37:853][292]LoadErrors: Info Failed to load /Game/Assets/Materials/M_Tiles_Wall_Mesh_Paint.M_Tiles_Wall_Mesh_Paint Referenced by SM_Hallway_Pillar02
[2015.06.12-10.13.37:853][292]LogLinker:Warning: Can't find file for asset '/Game/Assets/Materials/M_Tiles_Wall_Mesh_Paint' while loading NULL.
[2015.06.12-10.13.37:853][292]LogLinker:Warning: Can't find file '/Game/Assets/Materials/M_Base_Pipe'
[2015.06.12-10.13.37:853][292]LoadErrors: Info Failed to load /Game/Assets/Materials/M_Base_Pipe.M_Base_Pipe Referenced by SM_Hallway_Pipe01_100
[2015.06.12-10.13.37:854][292]LogLinker:Warning: Can't find file for asset '/Game/Assets/Materials/M_Base_Pipe' while loading NULL.
[2015.06.12-10.13.37:854][292]LogLinker:Warning: Can't find file '/Game/Assets/Materials/M_Pipe_Clamps'
[2015.06.12-10.13.37:854][292]LoadErrors: Info Failed to load /Game/Assets/Materials/M_Pipe_Clamps.M_Pipe_Clamps Referenced by SM_Hallway_Pipe_Clamp01
[2015.06.12-10.13.37:854][292]LogLinker:Warning: Can't find file for asset '/Game/Assets/Materials/M_Pipe_Clamps' while loading NULL.
[2015.06.12-10.13.37:854][292]LogLinker:Warning: Can't find file '/Game/Assets/Materials/M_Base_Pipe'
[2015.06.12-10.13.37:855][292]LoadErrors: Info Failed to load /Game/Assets/Materials/M_Base_Pipe.M_Base_Pipe Referenced by SM_Hallway_Pipe01_100_Bent_90Tight
[2015.06.12-10.13.37:855][292]LogLinker:Warning: Can't find file for asset '/Game/Assets/Materials/M_Base_Pipe' while loading NULL.
[2015.06.12-10.13.37:855][292]LogLinker:Warning: Can't find file '/Game/Assets/Materials/M_Pipes_Small'
[2015.06.12-10.13.37:855][292]LoadErrors: Info Failed to load /Game/Assets/Materials/M_Pipes_Small.M_Pipes_Small Referenced by SM_Hallway_Pipe_Small_90
[2015.06.12-10.13.37:855][292]LogLinker:Warning: Can't find file for asset '/Game/Assets/Materials/M_Pipes_Small' while loading NULL.
[2015.06.12-10.13.37:856][292]LogLinker:Warning: Can't find file '/Game/Assets/Materials/M_Base_Pipe'
[2015.06.12-10.13.37:856][292]LoadErrors: Info Failed to load /Game/Assets/Materials/M_Base_Pipe.M_Base_Pipe Referenced by SM_Hallway_Pipe_TJunction
[2015.06.12-10.13.37:856][292]LogLinker:Warning: Can't find file for asset '/Game/Assets/Materials/M_Base_Pipe' while loading NULL.
[2015.06.12-10.13.38:539][292]LogMaterial:Warning: Material /Game/Materials/M_Smelter.M_Smelter needed to have new flag set bUsedWithStaticLighting !
[2015.06.12-10.13.38:540][292]LogMaterial: Missing cached shader map for material M_Smelter, compiling. 
[2015.06.12-10.13.38:582][292]LogMaterial: 0.000127 seconds spent updating 1 materials, 1 interfaces, 0 instances, 0 with static permutations.
[2015.06.12-10.13.38:587][292]LogMaterial:Warning: Material /Game/Materials/M_Brown.M_Brown needed to have new flag set bUsedWithStaticLighting !
[2015.06.12-10.13.38:589][292]LogMaterial: Missing cached shader map for material M_Brown, compiling. 
[2015.06.12-10.13.38:598][292]LogMaterial: 0.000120 seconds spent updating 1 materials, 1 interfaces, 0 instances, 0 with static permutations.
[2015.06.12-10.13.38:598][292]LogMaterial:Warning: Material /Game/Materials/M_LeafGreen.M_LeafGreen needed to have new flag set bUsedWithStaticLighting !
[2015.06.12-10.13.38:600][292]LogMaterial: Missing cached shader map for material M_LeafGreen, compiling. 
[2015.06.12-10.13.38:610][292]LogMaterial: 0.000095 seconds spent updating 1 materials, 1 interfaces, 0 instances, 0 with static permutations.
[2015.06.12-10.13.38:611][292]LogMaterial:Warning: Material /Game/Materials/M_Bear.M_Bear needed to have new flag set bUsedWithSkeletalMesh !
[2015.06.12-10.13.38:613][292]LogMaterial: Missing cached shader map for material M_Bear, compiling. 
[2015.06.12-10.13.38:643][292]LogMaterial: 0.000135 seconds spent updating 1 materials, 1 interfaces, 0 instances, 0 with static permutations.
[2015.06.12-10.13.38:834][292]LogMaterial:Warning: Material /Game/Materials/M_Brown.M_Brown needed to have new flag set bUsedWithInstancedStaticMeshes !
[2015.06.12-10.13.38:837][292]LogMaterial: Missing cached shader map for material M_Brown, compiling. 
[2015.06.12-10.13.38:864][292]LogMaterial: 0.000078 seconds spent updating 1 materials, 1 interfaces, 0 instances, 0 with static permutations.
[2015.06.12-10.13.38:864][292]LogMaterial:Warning: Material /Game/Materials/M_LeafGreen.M_LeafGreen needed to have new flag set bUsedWithInstancedStaticMeshes !
[2015.06.12-10.13.38:868][292]LogMaterial: Missing cached shader map for material M_LeafGreen, compiling. 
[2015.06.12-10.13.38:894][292]LogMaterial: 0.000073 seconds spent updating 1 materials, 1 interfaces, 0 instances, 0 with static permutations.
[2015.06.12-10.13.38:999][292]LogEditorServer: Finished looking for orphan Actors (0.000 secs)
[2015.06.12-10.13.39:869][292]LogAIModule: Creating AISystem for world Level_Trent
[2015.06.12-10.13.39:910][292]Cmd: MAP CHECKDEP
[2015.06.12-10.13.39:910][292]MapCheck: New page: Level_Trent - Jun 11, 2015, 8:13:39 PM
[2015.06.12-10.13.40:066][292]MapCheck: Info Map check complete: 0 Error(s), 0 Warning(s), took 155.78ms to complete.
[2015.06.12-10.13.40:066][292]LogFileHelpers: Loading map 'Level_Trent' took 5.700
[2015.06.12-10.13.40:165][293]Cmd: UpdateLandscapeEditorData
[2015.06.12-10.13.40:166][293]Cmd: UpdateLandscapeEditorData -warnings
[2015.06.12-10.13.56:330][511]BlueprintLog: New page: Pre-PIE auto-recompile
[2015.06.12-10.13.56:330][511]LogPlayLevel: [PIE] Compiling Level_Trent before PIE...
[2015.06.12-10.13.56:420][511]LogActorComponent: UnregisterComponent: (/Engine/Transient.MovementComp) Not registered. Aborting.
[2015.06.12-10.13.56:420][511]LogActorComponent: UnregisterComponent: (/Engine/Transient.ProjectileMovementComponent_0) Not registered. Aborting.
[2015.06.12-10.13.56:483][511]LogPlayLevel: PIE:  Blueprint regeneration took 152 ms (1 blueprints)
[2015.06.12-10.13.56:483][511]PIE: New page: PIE session: Level_Trent (Jun 11, 2015, 8:13:56 PM)
[2015.06.12-10.13.56:650][511]LogBlueprint:Warning: FMemberReference::ResolveMember (K2_GetActorLocation) bSelfContext == true, but no scope supplied!
[2015.06.12-10.13.56:650][511]LogBlueprint:Warning: FMemberReference::ResolveMember (K2_GetActorLocation) bSelfContext == true, but no scope supplied!
[2015.06.12-10.13.56:668][511]LogPlayLevel: PIE: StaticDuplicateObject took: (0.184419s)
[2015.06.12-10.13.56:669][511]LogPlayLevel: PIE: World Init took: (0.000661s)
[2015.06.12-10.13.56:669][511]LogPlayLevel: PIE: Created PIE world by copying editor world from /Game/Levels/Level_Trent.Level_Trent to /Game/Levels/UEDPIE_0_Level_Trent.Level_Trent (0.185511s)
[2015.06.12-10.13.56:786][511]LogWorld: Game class is 'BP_GameMode_C'
[2015.06.12-10.13.56:791][511]LogAIModule: Creating AISystem for world Level_Trent
[2015.06.12-10.13.57:251][511]LogWorld: Bringing World /Game/Levels/UEDPIE_0_Level_Trent.Level_Trent up for play (max tick rate 0) at 2015.06.12-03.13.57
[2015.06.12-10.13.57:256][511]LogWorld: Bringing up level for play took: 0.464863
[2015.06.12-10.13.57:266][511]LogVoice:Warning: Failed to initialize voice interface
[2015.06.12-10.13.57:268][511]LogBlueprintUserMessages: FLIP CAR: F
[2015.06.12-10.13.57:268][511]LogBlueprintUserMessages: RESTART: R
[2015.06.12-10.13.57:268][511]LogBlueprintUserMessages: CONTROLS: WASD
[2015.06.12-10.13.57:271][511]PIE: Info Play in editor start time for /Game/Levels/UEDPIE_0_Level_Trent 1.07
[2015.06.12-10.13.57:272][511]LogArray:Warning: Attempted to get an item from array All Vehicles out of bounds [-1/1]!
[2015.06.12-10.13.57:272][511]LogArray:Warning: Attempted to get an item from array All Vehicles out of bounds [-1/1]!
[2015.06.12-10.13.57:312][512]LogArray:Warning: Attempted to get an item from array All Vehicles out of bounds [-1/1]!
[2015.06.12-10.13.57:313][512]LogArray:Warning: Attempted to get an item from array All Vehicles out of bounds [-1/1]!
[2015.06.12-10.13.57:319][512]LogStats:Warning: MetaData mismatch. Did you assign a stat to two groups? New //STATGROUP_Threads//OnlineAsyncTaskThreadNull///Thread_2c04_0///////STATCAT_Advanced//// old //STATGROUP_Threads//OnlineAsyncTaskThreadNull///Thread_2b2c_0///////STATCAT_Advanced////
[2015.06.12-10.13.57:347][513]LogArray:Warning: Attempted to get an item from array All Vehicles out of bounds [-1/1]!
[2015.06.12-10.13.57:347][513]LogArray:Warning: Attempted to get an item from array All Vehicles out of bounds [-1/1]!
[2015.06.12-10.13.57:357][514]LogArray:Warning: Attempted to get an item from array All Vehicles out of bounds [-1/1]!
[2015.06.12-10.13.57:357][514]LogArray:Warning: Attempted to get an item from array All Vehicles out of bounds [-1/1]!
[2015.06.12-10.13.57:414][515]LogArray:Warning: Attempted to get an item from array All Vehicles out of bounds [-1/1]!
[2015.06.12-10.13.57:414][515]LogArray:Warning: Attempted to get an item from array All Vehicles out of bounds [-1/1]!
[2015.06.12-10.13.57:455][516]LogArray:Warning: Attempted to get an item from array All Vehicles out of bounds [-1/1]!
[2015.06.12-10.13.57:455][516]LogArray:Warning: Attempted to get an item from array All Vehicles out of bounds [-1/1]!
[2015.06.12-10.13.57:495][517]LogArray:Warning: Attempted to get an item from array All Vehicles out of bounds [-1/1]!
[2015.06.12-10.13.57:495][517]LogArray:Warning: Attempted to get an item from array All Vehicles out of bounds [-1/1]!
[2015.06.12-10.13.57:534][518]LogArray:Warning: Attempted to get an item from array All Vehicles out of bounds [-1/1]!
[2015.06.12-10.13.57:534][518]LogArray:Warning: Attempted to get an item from array All Vehicles out of bounds [-1/1]!
[2015.06.12-10.13.57:571][519]LogArray:Warning: Attempted to get an item from array All Vehicles out of bounds [-1/1]!
[2015.06.12-10.13.57:571][519]LogArray:Warning: Attempted to get an item from array All Vehicles out of bounds [-1/1]!
[2015.06.12-10.13.57:608][520]LogArray:Warning: Attempted to get an item from array All Vehicles out of bounds [-1/1]!
[2015.06.12-10.13.57:608][520]LogArray:Warning: Attempted to get an item from array All Vehicles out of bounds [-1/1]!
[2015.06.12-10.13.57:647][521]LogArray:Warning: Attempted to get an item from array All Vehicles out of bounds [-1/1]!
[2015.06.12-10.13.57:647][521]LogArray:Warning: Attempted to get an item from array All Vehicles out of bounds [-1/1]!
[2015.06.12-10.13.57:686][522]LogArray:Warning: Attempted to get an item from array All Vehicles out of bounds [-1/1]!
[2015.06.12-10.13.57:686][522]LogArray:Warning: Attempted to get an item from array All Vehicles out of bounds [-1/1]!
[2015.06.12-10.13.57:724][523]LogArray:Warning: Attempted to get an item from array All Vehicles out of bounds [-1/1]!
[2015.06.12-10.13.57:724][523]LogArray:Warning: Attempted to get an item from array All Vehicles out of bounds [-1/1]!
[2015.06.12-10.13.57:761][524]LogArray:Warning: Attempted to get an item from array All Vehicles out of bounds [-1/1]!
[2015.06.12-10.13.57:761][524]LogArray:Warning: Attempted to get an item from array All Vehicles out of bounds [-1/1]!
[2015.06.12-10.13.57:800][525]LogArray:Warning: Attempted to get an item from array All Vehicles out of bounds [-1/1]!
[2015.06.12-10.13.57:800][525]LogArray:Warning: Attempted to get an item from array All Vehicles out of bounds [-1/1]!
[2015.06.12-10.13.57:836][526]LogArray:Warning: Attempted to get an item from array All Vehicles out of bounds [-1/1]!
[2015.06.12-10.13.57:837][526]LogArray:Warning: Attempted to get an item from array All Vehicles out of bounds [-1/1]!
[2015.06.12-10.13.57:875][527]LogArray:Warning: Attempted to get an item from array All Vehicles out of bounds [-1/1]!
[2015.06.12-10.13.57:875][527]LogArray:Warning: Attempted to get an item from array All Vehicles out of bounds [-1/1]!
[2015.06.12-10.13.57:913][528]LogArray:Warning: Attempted to get an item from array All Vehicles out of bounds [-1/1]!
[2015.06.12-10.13.57:913][528]LogArray:Warning: Attempted to get an item from array All Vehicles out of bounds [-1/1]!
[2015.06.12-10.13.57:952][529]LogArray:Warning: Attempted to get an item from array All Vehicles out of bounds [-1/1]!
[2015.06.12-10.13.57:952][529]LogArray:Warning: Attempted to get an item from array All Vehicles out of bounds [-1/1]!
[2015.06.12-10.13.57:990][530]LogArray:Warning: Attempted to get an item from array All Vehicles out of bounds [-1/1]!
[2015.06.12-10.13.57:990][530]LogArray:Warning: Attempted to get an item from array All Vehicles out of bounds [-1/1]!
[2015.06.12-10.13.58:028][531]LogArray:Warning: Attempted to get an item from array All Vehicles out of bounds [-1/1]!
[2015.06.12-10.13.58:028][531]LogArray:Warning: Attempted to get an item from array All Vehicles out of bounds [-1/1]!
[2015.06.12-10.13.58:066][532]LogArray:Warning: Attempted to get an item from array All Vehicles out of bounds [-1/1]!
[2015.06.12-10.13.58:066][532]LogArray:Warning: Attempted to get an item from array All Vehicles out of bounds [-1/1]!
[2015.06.12-10.13.58:104][533]LogArray:Warning: Attempted to get an item from array All Vehicles out of bounds [-1/1]!
[2015.06.12-10.13.58:104][533]LogArray:Warning: Attempted to get an item from array All Vehicles out of bounds [-1/1]!
[2015.06.12-10.13.58:141][534]LogArray:Warning: Attempted to get an item from array All Vehicles out of bounds [-1/1]!
[2015.06.12-10.13.58:141][534]LogArray:Warning: Attempted to get an item from array All Vehicles out of bounds [-1/1]!
[2015.06.12-10.13.58:179][535]LogArray:Warning: Attempted to get an item from array All Vehicles out of bounds [-1/1]!
[2015.06.12-10.13.58:179][535]LogArray:Warning: Attempted to get an item from array All Vehicles out of bounds [-1/1]!
[2015.06.12-10.13.58:218][536]LogArray:Warning: Attempted to get an item from array All Vehicles out of bounds [-1/1]!
[2015.06.12-10.13.58:218][536]LogArray:Warning: Attempted to get an item from array All Vehicles out of bounds [-1/1]!
[2015.06.12-10.13.58:256][537]LogArray:Warning: Attempted to get an item from array All Vehicles out of bounds [-1/1]!
[2015.06.12-10.13.58:256][537]LogArray:Warning: Attempted to get an item from array All Vehicles out of bounds [-1/1]!
[2015.06.12-10.13.58:294][538]LogArray:Warning: Attempted to get an item from array All Vehicles out of bounds [-1/1]!
[2015.06.12-10.13.58:294][538]LogArray:Warning: Attempted to get an item from array All Vehicles out of bounds [-1/1]!
[2015.06.12-10.13.58:333][539]LogArray:Warning: Attempted to get an item from array All Vehicles out of bounds [-1/1]!
[2015.06.12-10.13.58:333][539]LogArray:Warning: Attempted to get an item from array All Vehicles out of bounds [-1/1]!
[2015.06.12-10.13.58:371][540]LogArray:Warning: Attempted to get an item from array All Vehicles out of bounds [-1/1]!
[2015.06.12-10.13.58:371][540]LogArray:Warning: Attempted to get an item from array All Vehicles out of bounds [-1/1]!
[2015.06.12-10.13.58:407][541]LogArray:Warning: Attempted to get an item from array All Vehicles out of bounds [-1/1]!
[2015.06.12-10.13.58:408][541]LogArray:Warning: Attempted to get an item from array All Vehicles out of bounds [-1/1]!
[2015.06.12-10.13.58:445][542]LogArray:Warning: Attempted to get an item from array All Vehicles out of bounds [-1/1]!
[2015.06.12-10.13.58:445][542]LogArray:Warning: Attempted to get an item from array All Vehicles out of bounds [-1/1]!
[2015.06.12-10.13.58:483][543]LogArray:Warning: Attempted to get an item from array All Vehicles out of bounds [-1/1]!
[2015.06.12-10.13.58:483][543]LogArray:Warning: Attempted to get an item from array All Vehicles out of bounds [-1/1]!
[2015.06.12-10.13.58:522][544]LogArray:Warning: Attempted to get an item from array All Vehicles out of bounds [-1/1]!
[2015.06.12-10.13.58:522][544]LogArray:Warning: Attempted to get an item from array All Vehicles out of bounds [-1/1]!
[2015.06.12-10.13.58:560][545]LogArray:Warning: Attempted to get an item from array All Vehicles out of bounds [-1/1]!
[2015.06.12-10.13.58:560][545]LogArray:Warning: Attempted to get an item from array All Vehicles out of bounds [-1/1]!
[2015.06.12-10.13.58:598][546]LogArray:Warning: Attempted to get an item from array All Vehicles out of bounds [-1/1]!
[2015.06.12-10.13.58:598][546]LogArray:Warning: Attempted to get an item from array All Vehicles out of bounds [-1/1]!
[2015.06.12-10.13.58:635][547]LogArray:Warning: Attempted to get an item from array All Vehicles out of bounds [-1/1]!
[2015.06.12-10.13.58:635][547]LogArray:Warning: Attempted to get an item from array All Vehicles out of bounds [-1/1]!
[2015.06.12-10.13.58:672][548]LogArray:Warning: Attempted to get an item from array All Vehicles out of bounds [-1/1]!
[2015.06.12-10.13.58:672][548]LogArray:Warning: Attempted to get an item from array All Vehicles out of bounds [-1/1]!
[2015.06.12-10.13.58:710][549]LogArray:Warning: Attempted to get an item from array All Vehicles out of bounds [-1/1]!
[2015.06.12-10.13.58:710][549]LogArray:Warning: Attempted to get an item from array All Vehicles out of bounds [-1/1]!
[2015.06.12-10.13.58:748][550]LogArray:Warning: Attempted to get an item from array All Vehicles out of bounds [-1/1]!
[2015.06.12-10.13.58:748][550]LogArray:Warning: Attempted to get an item from array All Vehicles out of bounds [-1/1]!
[2015.06.12-10.13.58:786][551]LogArray:Warning: Attempted to get an item from array All Vehicles out of bounds [-1/1]!
[2015.06.12-10.13.58:786][551]LogArray:Warning: Attempted to get an item from array All Vehicles out of bounds [-1/1]!
[2015.06.12-10.13.58:824][552]LogArray:Warning: Attempted to get an item from array All Vehicles out of bounds [-1/1]!
[2015.06.12-10.13.58:824][552]LogArray:Warning: Attempted to get an item from array All Vehicles out of bounds [-1/1]!
[2015.06.12-10.13.58:862][553]LogArray:Warning: Attempted to get an item from array All Vehicles out of bounds [-1/1]!
[2015.06.12-10.13.58:862][553]LogArray:Warning: Attempted to get an item from array All Vehicles out of bounds [-1/1]!
[2015.06.12-10.13.58:899][554]LogArray:Warning: Attempted to get an item from array All Vehicles out of bounds [-1/1]!
[2015.06.12-10.13.58:899][554]LogArray:Warning: Attempted to get an item from array All Vehicles out of bounds [-1/1]!
[2015.06.12-10.13.58:937][555]LogArray:Warning: Attempted to get an item from array All Vehicles out of bounds [-1/1]!
[2015.06.12-10.13.58:937][555]LogArray:Warning: Attempted to get an item from array All Vehicles out of bounds [-1/1]!
[2015.06.12-10.13.58:973][556]LogArray:Warning: Attempted to get an item from array All Vehicles out of bounds [-1/1]!
[2015.06.12-10.13.58:973][556]LogArray:Warning: Attempted to get an item from array All Vehicles out of bounds [-1/1]!
[2015.06.12-10.13.59:010][557]LogArray:Warning: Attempted to get an item from array All Vehicles out of bounds [-1/1]!
[2015.06.12-10.13.59:010][557]LogArray:Warning: Attempted to get an item from array All Vehicles out of bounds [-1/1]!
[2015.06.12-10.13.59:048][558]LogArray:Warning: Attempted to get an item from array All Vehicles out of bounds [-1/1]!
[2015.06.12-10.13.59:048][558]LogArray:Warning: Attempted to get an item from array All Vehicles out of bounds [-1/1]!
[2015.06.12-10.13.59:086][559]LogArray:Warning: Attempted to get an item from array All Vehicles out of bounds [-1/1]!
[2015.06.12-10.13.59:086][559]LogArray:Warning: Attempted to get an item from array All Vehicles out of bounds [-1/1]!
[2015.06.12-10.13.59:123][560]LogArray:Warning: Attempted to get an item from array All Vehicles out of bounds [-1/1]!
[2015.06.12-10.13.59:123][560]LogArray:Warning: Attempted to get an item from array All Vehicles out of bounds [-1/1]!
[2015.06.12-10.13.59:164][561]LogArray:Warning: Attempted to get an item from array All Vehicles out of bounds [-1/1]!
[2015.06.12-10.13.59:164][561]LogArray:Warning: Attempted to get an item from array All Vehicles out of bounds [-1/1]!
[2015.06.12-10.13.59:200][562]LogArray:Warning: Attempted to get an item from array All Vehicles out of bounds [-1/1]!
[2015.06.12-10.13.59:200][562]LogArray:Warning: Attempted to get an item from array All Vehicles out of bounds [-1/1]!
[2015.06.12-10.13.59:238][563]LogArray:Warning: Attempted to get an item from array All Vehicles out of bounds [-1/1]!
[2015.06.12-10.13.59:238][563]LogArray:Warning: Attempted to get an item from array All Vehicles out of bounds [-1/1]!
[2015.06.12-10.13.59:274][564]LogArray:Warning: Attempted to get an item from array All Vehicles out of bounds [-1/1]!
[2015.06.12-10.13.59:274][564]LogArray:Warning: Attempted to get an item from array All Vehicles out of bounds [-1/1]!
[2015.06.12-10.13.59:311][565]LogArray:Warning: Attempted to get an item from array All Vehicles out of bounds [-1/1]!
[2015.06.12-10.13.59:311][565]LogArray:Warning: Attempted to get an item from array All Vehicles out of bounds [-1/1]!
[2015.06.12-10.13.59:349][566]LogArray:Warning: Attempted to get an item from array All Vehicles out of bounds [-1/1]!
[2015.06.12-10.13.59:349][566]LogArray:Warning: Attempted to get an item from array All Vehicles out of bounds [-1/1]!
[2015.06.12-10.13.59:387][567]LogArray:Warning: Attempted to get an item from array All Vehicles out of bounds [-1/1]!
[2015.06.12-10.13.59:387][567]LogArray:Warning: Attempted to get an item from array All Vehicles out of bounds [-1/1]!
[2015.06.12-10.13.59:424][568]LogArray:Warning: Attempted to get an item from array All Vehicles out of bounds [-1/1]!
[2015.06.12-10.13.59:425][568]LogArray:Warning: Attempted to get an item from array All Vehicles out of bounds [-1/1]!
[2015.06.12-10.13.59:462][569]LogArray:Warning: Attempted to get an item from array All Vehicles out of bounds [-1/1]!
[2015.06.12-10.13.59:462][569]LogArray:Warning: Attempted to get an item from array All Vehicles out of bounds [-1/1]!
[2015.06.12-10.13.59:499][570]LogArray:Warning: Attempted to get an item from array All Vehicles out of bounds [-1/1]!
[2015.06.12-10.13.59:499][570]LogArray:Warning: Attempted to get an item from array All Vehicles out of bounds [-1/1]!
[2015.06.12-10.13.59:536][571]LogArray:Warning: Attempted to get an item from array All Vehicles out of bounds [-1/1]!
[2015.06.12-10.13.59:537][571]LogArray:Warning: Attempted to get an item from array All Vehicles out of bounds [-1/1]!
[2015.06.12-10.13.59:573][572]LogArray:Warning: Attempted to get an item from array All Vehicles out of bounds [-1/1]!
[2015.06.12-10.13.59:573][572]LogArray:Warning: Attempted to get an item from array All Vehicles out of bounds [-1/1]!
[2015.06.12-10.13.59:610][573]LogArray:Warning: Attempted to get an item from array All Vehicles out of bounds [-1/1]!
[2015.06.12-10.13.59:610][573]LogArray:Warning: Attempted to get an item from array All Vehicles out of bounds [-1/1]!
[2015.06.12-10.13.59:648][574]LogArray:Warning: Attempted to get an item from array All Vehicles out of bounds [-1/1]!
[2015.06.12-10.13.59:648][574]LogArray:Warning: Attempted to get an item from array All Vehicles out of bounds [-1/1]!
[2015.06.12-10.13.59:685][575]LogArray:Warning: Attempted to get an item from array All Vehicles out of bounds [-1/1]!
[2015.06.12-10.13.59:685][575]LogArray:Warning: Attempted to get an item from array All Vehicles out of bounds [-1/1]!
[2015.06.12-10.13.59:723][576]LogArray:Warning: Attempted to get an item from array All Vehicles out of bounds [-1/1]!
[2015.06.12-10.13.59:723][576]LogArray:Warning: Attempted to get an item from array All Vehicles out of bounds [-1/1]!
[2015.06.12-10.13.59:761][577]LogArray:Warning: Attempted to get an item from array All Vehicles out of bounds [-1/1]!
[2015.06.12-10.13.59:761][577]LogArray:Warning: Attempted to get an item from array All Vehicles out of bounds [-1/1]!
[2015.06.12-10.13.59:798][578]LogArray:Warning: Attempted to get an item from array All Vehicles out of bounds [-1/1]!
[2015.06.12-10.13.59:798][578]LogArray:Warning: Attempted to get an item from array All Vehicles out of bounds [-1/1]!
[2015.06.12-10.13.59:835][579]LogArray:Warning: Attempted to get an item from array All Vehicles out of bounds [-1/1]!
[2015.06.12-10.13.59:835][579]LogArray:Warning: Attempted to get an item from array All Vehicles out of bounds [-1/1]!
[2015.06.12-10.13.59:873][580]LogArray:Warning: Attempted to get an item from array All Vehicles out of bounds [-1/1]!
[2015.06.12-10.13.59:873][580]LogArray:Warning: Attempted to get an item from array All Vehicles out of bounds [-1/1]!
[2015.06.12-10.13.59:909][581]LogArray:Warning: Attempted to get an item from array All Vehicles out of bounds [-1/1]!
[2015.06.12-10.13.59:909][581]LogArray:Warning: Attempted to get an item from array All Vehicles out of bounds [-1/1]!
[2015.06.12-10.13.59:946][582]LogArray:Warning: Attempted to get an item from array All Vehicles out of bounds [-1/1]!
[2015.06.12-10.13.59:946][582]LogArray:Warning: Attempted to get an item from array All Vehicles out of bounds [-1/1]!
[2015.06.12-10.13.59:984][583]LogArray:Warning: Attempted to get an item from array All Vehicles out of bounds [-1/1]!
[2015.06.12-10.13.59:984][583]LogArray:Warning: Attempted to get an item from array All Vehicles out of bounds [-1/1]!
[2015.06.12-10.14.00:022][584]LogArray:Warning: Attempted to get an item from array All Vehicles out of bounds [-1/1]!
[2015.06.12-10.14.00:022][584]LogArray:Warning: Attempted to get an item from array All Vehicles out of bounds [-1/1]!
[2015.06.12-10.14.00:059][585]LogArray:Warning: Attempted to get an item from array All Vehicles out of bounds [-1/1]!
[2015.06.12-10.14.00:059][585]LogArray:Warning: Attempted to get an item from array All Vehicles out of bounds [-1/1]!
[2015.06.12-10.14.00:097][586]LogArray:Warning: Attempted to get an item from array All Vehicles out of bounds [-1/1]!
[2015.06.12-10.14.00:097][586]LogArray:Warning: Attempted to get an item from array All Vehicles out of bounds [-1/1]!
[2015.06.12-10.14.00:135][587]LogArray:Warning: Attempted to get an item from array All Vehicles out of bounds [-1/1]!
[2015.06.12-10.14.00:135][587]LogArray:Warning: Attempted to get an item from array All Vehicles out of bounds [-1/1]!
[2015.06.12-10.14.00:172][588]LogArray:Warning: Attempted to get an item from array All Vehicles out of bounds [-1/1]!
[2015.06.12-10.14.00:172][588]LogArray:Warning: Attempted to get an item from array All Vehicles out of bounds [-1/1]!
[2015.06.12-10.14.00:208][589]LogArray:Warning: Attempted to get an item from array All Vehicles out of bounds [-1/1]!
[2015.06.12-10.14.00:208][589]LogArray:Warning: Attempted to get an item from array All Vehicles out of bounds [-1/1]!
[2015.06.12-10.14.00:246][590]LogArray:Warning: Attempted to get an item from array All Vehicles out of bounds [-1/1]!
[2015.06.12-10.14.00:246][590]LogArray:Warning: Attempted to get an item from array All Vehicles out of bounds [-1/1]!
[2015.06.12-10.14.00:284][591]LogArray:Warning: Attempted to get an item from array All Vehicles out of bounds [-1/1]!
[2015.06.12-10.14.00:284][591]LogArray:Warning: Attempted to get an item from array All Vehicles out of bounds [-1/1]!
[2015.06.12-10.14.00:322][592]LogArray:Warning: Attempted to get an item from array All Vehicles out of bounds [-1/1]!
[2015.06.12-10.14.00:322][592]LogArray:Warning: Attempted to get an item from array All Vehicles out of bounds [-1/1]!
[2015.06.12-10.14.00:359][593]LogArray:Warning: Attempted to get an item from array All Vehicles out of bounds [-1/1]!
[2015.06.12-10.14.00:359][593]LogArray:Warning: Attempted to get an item from array All Vehicles out of bounds [-1/1]!
[2015.06.12-10.14.00:397][594]LogArray:Warning: Attempted to get an item from array All Vehicles out of bounds [-1/1]!
[2015.06.12-10.14.00:397][594]LogArray:Warning: Attempted to get an item from array All Vehicles out of bounds [-1/1]!
[2015.06.12-10.14.00:434][595]LogArray:Warning: Attempted to get an item from array All Vehicles out of bounds [-1/1]!
[2015.06.12-10.14.00:434][595]LogArray:Warning: Attempted to get an item from array All Vehicles out of bounds [-1/1]!
[2015.06.12-10.14.00:471][596]LogArray:Warning: Attempted to get an item from array All Vehicles out of bounds [-1/1]!
[2015.06.12-10.14.00:471][596]LogArray:Warning: Attempted to get an item from array All Vehicles out of bounds [-1/1]!
[2015.06.12-10.14.00:508][597]LogArray:Warning: Attempted to get an item from array All Vehicles out of bounds [-1/1]!
[2015.06.12-10.14.00:508][597]LogArray:Warning: Attempted to get an item from array All Vehicles out of bounds [-1/1]!
[2015.06.12-10.14.00:545][598]LogArray:Warning: Attempted to get an item from array All Vehicles out of bounds [-1/1]!
[2015.06.12-10.14.00:545][598]LogArray:Warning: Attempted to get an item from array All Vehicles out of bounds [-1/1]!
[2015.06.12-10.14.00:582][599]LogArray:Warning: Attempted to get an item from array All Vehicles out of bounds [-1/1]!
[2015.06.12-10.14.00:583][599]LogArray:Warning: Attempted to get an item from array All Vehicles out of bounds [-1/1]!
[2015.06.12-10.14.00:621][600]LogArray:Warning: Attempted to get an item from array All Vehicles out of bounds [-1/1]!
[2015.06.12-10.14.00:621][600]LogArray:Warning: Attempted to get an item from array All Vehicles out of bounds [-1/1]!
[2015.06.12-10.14.00:658][601]LogArray:Warning: Attempted to get an item from array All Vehicles out of bounds [-1/1]!
[2015.06.12-10.14.00:658][601]LogArray:Warning: Attempted to get an item from array All Vehicles out of bounds [-1/1]!
[2015.06.12-10.14.00:696][602]LogArray:Warning: Attempted to get an item from array All Vehicles out of bounds [-1/1]!
[2015.06.12-10.14.00:696][602]LogArray:Warning: Attempted to get an item from array All Vehicles out of bounds [-1/1]!
[2015.06.12-10.14.00:733][603]LogArray:Warning: Attempted to get an item from array All Vehicles out of bounds [-1/1]!
[2015.06.12-10.14.00:733][603]LogArray:Warning: Attempted to get an item from array All Vehicles out of bounds [-1/1]!
[2015.06.12-10.14.00:770][604]LogArray:Warning: Attempted to get an item from array All Vehicles out of bounds [-1/1]!
[2015.06.12-10.14.00:770][604]LogArray:Warning: Attempted to get an item from array All Vehicles out of bounds [-1/1]!
[2015.06.12-10.14.00:806][605]LogArray:Warning: Attempted to get an item from array All Vehicles out of bounds [-1/1]!
[2015.06.12-10.14.00:806][605]LogArray:Warning: Attempted to get an item from array All Vehicles out of bounds [-1/1]!
[2015.06.12-10.14.00:844][606]LogArray:Warning: Attempted to get an item from array All Vehicles out of bounds [-1/1]!
[2015.06.12-10.14.00:844][606]LogArray:Warning: Attempted to get an item from array All Vehicles out of bounds [-1/1]!
[2015.06.12-10.14.00:881][607]LogArray:Warning: Attempted to get an item from array All Vehicles out of bounds [-1/1]!
[2015.06.12-10.14.00:881][607]LogArray:Warning: Attempted to get an item from array All Vehicles out of bounds [-1/1]!
[2015.06.12-10.14.00:918][608]LogArray:Warning: Attempted to get an item from array All Vehicles out of bounds [-1/1]!
[2015.06.12-10.14.00:918][608]LogArray:Warning: Attempted to get an item from array All Vehicles out of bounds [-1/1]!
[2015.06.12-10.14.00:957][609]LogArray:Warning: Attempted to get an item from array All Vehicles out of bounds [-1/1]!
[2015.06.12-10.14.00:957][609]LogArray:Warning: Attempted to get an item from array All Vehicles out of bounds [-1/1]!
[2015.06.12-10.14.00:994][610]LogArray:Warning: Attempted to get an item from array All Vehicles out of bounds [-1/1]!
[2015.06.12-10.14.00:994][610]LogArray:Warning: Attempted to get an item from array All Vehicles out of bounds [-1/1]!
[2015.06.12-10.14.01:032][611]LogArray:Warning: Attempted to get an item from array All Vehicles out of bounds [-1/1]!
[2015.06.12-10.14.01:032][611]LogArray:Warning: Attempted to get an item from array All Vehicles out of bounds [-1/1]!
[2015.06.12-10.14.01:069][612]LogArray:Warning: Attempted to get an item from array All Vehicles out of bounds [-1/1]!
[2015.06.12-10.14.01:069][612]LogArray:Warning: Attempted to get an item from array All Vehicles out of bounds [-1/1]!
[2015.06.12-10.14.01:106][613]LogArray:Warning: Attempted to get an item from array All Vehicles out of bounds [-1/1]!
[2015.06.12-10.14.01:106][613]LogArray:Warning: Attempted to get an item from array All Vehicles out of bounds [-1/1]!
[2015.06.12-10.14.01:143][614]LogArray:Warning: Attempted to get an item from array All Vehicles out of bounds [-1/1]!
[2015.06.12-10.14.01:143][614]LogArray:Warning: Attempted to get an item from array All Vehicles out of bounds [-1/1]!
[2015.06.12-10.14.01:180][615]LogArray:Warning: Attempted to get an item from array All Vehicles out of bounds [-1/1]!
[2015.06.12-10.14.01:180][615]LogArray:Warning: Attempted to get an item from array All Vehicles out of bounds [-1/1]!
[2015.06.12-10.14.01:217][616]LogArray:Warning: Attempted to get an item from array All Vehicles out of bounds [-1/1]!
[2015.06.12-10.14.01:217][616]LogArray:Warning: Attempted to get an item from array All Vehicles out of bounds [-1/1]!
[2015.06.12-10.14.01:256][617]LogArray:Warning: Attempted to get an item from array All Vehicles out of bounds [-1/1]!
[2015.06.12-10.14.01:256][617]LogArray:Warning: Attempted to get an item from array All Vehicles out of bounds [-1/1]!
[2015.06.12-10.14.01:293][618]LogArray:Warning: Attempted to get an item from array All Vehicles out of bounds [-1/1]!
[2015.06.12-10.14.01:293][618]LogArray:Warning: Attempted to get an item from array All Vehicles out of bounds [-1/1]!
[2015.06.12-10.14.01:330][619]LogArray:Warning: Attempted to get an item from array All Vehicles out of bounds [-1/1]!
[2015.06.12-10.14.01:330][619]LogArray:Warning: Attempted to get an item from array All Vehicles out of bounds [-1/1]!
[2015.06.12-10.14.01:368][620]LogArray:Warning: Attempted to get an item from array All Vehicles out of bounds [-1/1]!
[2015.06.12-10.14.01:368][620]LogArray:Warning: Attempted to get an item from array All Vehicles out of bounds [-1/1]!
[2015.06.12-10.14.01:405][621]LogArray:Warning: Attempted to get an item from array All Vehicles out of bounds [-1/1]!
[2015.06.12-10.14.01:405][621]LogArray:Warning: Attempted to get an item from array All Vehicles out of bounds [-1/1]!
[2015.06.12-10.14.01:443][622]LogArray:Warning: Attempted to get an item from array All Vehicles out of bounds [-1/1]!
[2015.06.12-10.14.01:443][622]LogArray:Warning: Attempted to get an item from array All Vehicles out of bounds [-1/1]!
[2015.06.12-10.14.01:478][623]LogArray:Warning: Attempted to get an item from array All Vehicles out of bounds [-1/1]!
[2015.06.12-10.14.01:479][623]LogArray:Warning: Attempted to get an item from array All Vehicles out of bounds [-1/1]!
[2015.06.12-10.14.01:516][624]LogArray:Warning: Attempted to get an item from array All Vehicles out of bounds [-1/1]!
[2015.06.12-10.14.01:516][624]LogArray:Warning: Attempted to get an item from array All Vehicles out of bounds [-1/1]!
[2015.06.12-10.14.01:553][625]LogArray:Warning: Attempted to get an item from array All Vehicles out of bounds [-1/1]!
[2015.06.12-10.14.01:553][625]LogArray:Warning: Attempted to get an item from array All Vehicles out of bounds [-1/1]!
[2015.06.12-10.14.01:592][626]LogArray:Warning: Attempted to get an item from array All Vehicles out of bounds [-1/1]!
[2015.06.12-10.14.01:592][626]LogArray:Warning: Attempted to get an item from array All Vehicles out of bounds [-1/1]!
[2015.06.12-10.14.01:629][627]LogArray:Warning: Attempted to get an item from array All Vehicles out of bounds [-1/1]!
[2015.06.12-10.14.01:629][627]LogArray:Warning: Attempted to get an item from array All Vehicles out of bounds [-1/1]!
[2015.06.12-10.14.01:666][628]LogArray:Warning: Attempted to get an item from array All Vehicles out of bounds [-1/1]!
[2015.06.12-10.14.01:666][628]LogArray:Warning: Attempted to get an item from array All Vehicles out of bounds [-1/1]!
[2015.06.12-10.14.01:704][629]LogArray:Warning: Attempted to get an item from array All Vehicles out of bounds [-1/1]!
[2015.06.12-10.14.01:704][629]LogArray:Warning: Attempted to get an item from array All Vehicles out of bounds [-1/1]!
[2015.06.12-10.14.01:740][630]LogArray:Warning: Attempted to get an item from array All Vehicles out of bounds [-1/1]!
[2015.06.12-10.14.01:740][630]LogArray:Warning: Attempted to get an item from array All Vehicles out of bounds [-1/1]!
[2015.06.12-10.14.01:777][631]LogArray:Warning: Attempted to get an item from array All Vehicles out of bounds [-1/1]!
[2015.06.12-10.14.01:777][631]LogArray:Warning: Attempted to get an item from array All Vehicles out of bounds [-1/1]!
[2015.06.12-10.14.01:814][632]LogArray:Warning: Attempted to get an item from array All Vehicles out of bounds [-1/1]!
[2015.06.12-10.14.01:814][632]LogArray:Warning: Attempted to get an item from array All Vehicles out of bounds [-1/1]!
[2015.06.12-10.14.01:852][633]LogArray:Warning: Attempted to get an item from array All Vehicles out of bounds [-1/1]!
[2015.06.12-10.14.01:852][633]LogArray:Warning: Attempted to get an item from array All Vehicles out of bounds [-1/1]!
[2015.06.12-10.14.01:890][634]LogArray:Warning: Attempted to get an item from array All Vehicles out of bounds [-1/1]!
[2015.06.12-10.14.01:890][634]LogArray:Warning: Attempted to get an item from array All Vehicles out of bounds [-1/1]!
[2015.06.12-10.14.01:928][635]LogArray:Warning: Attempted to get an item from array All Vehicles out of bounds [-1/1]!
[2015.06.12-10.14.01:928][635]LogArray:Warning: Attempted to get an item from array All Vehicles out of bounds [-1/1]!
[2015.06.12-10.14.01:965][636]LogArray:Warning: Attempted to get an item from array All Vehicles out of bounds [-1/1]!
[2015.06.12-10.14.01:965][636]LogArray:Warning: Attempted to get an item from array All Vehicles out of bounds [-1/1]!
[2015.06.12-10.14.02:002][637]LogArray:Warning: Attempted to get an item from array All Vehicles out of bounds [-1/1]!
[2015.06.12-10.14.02:002][637]LogArray:Warning: Attempted to get an item from array All Vehicles out of bounds [-1/1]!
[2015.06.12-10.14.02:040][638]LogArray:Warning: Attempted to get an item from array All Vehicles out of bounds [-1/1]!
[2015.06.12-10.14.02:040][638]LogArray:Warning: Attempted to get an item from array All Vehicles out of bounds [-1/1]!
[2015.06.12-10.14.02:076][639]LogArray:Warning: Attempted to get an item from array All Vehicles out of bounds [-1/1]!
[2015.06.12-10.14.02:076][639]LogArray:Warning: Attempted to get an item from array All Vehicles out of bounds [-1/1]!
[2015.06.12-10.14.02:113][640]LogArray:Warning: Attempted to get an item from array All Vehicles out of bounds [-1/1]!
[2015.06.12-10.14.02:113][640]LogArray:Warning: Attempted to get an item from array All Vehicles out of bounds [-1/1]!
[2015.06.12-10.14.02:151][641]LogArray:Warning: Attempted to get an item from array All Vehicles out of bounds [-1/1]!
[2015.06.12-10.14.02:151][641]LogArray:Warning: Attempted to get an item from array All Vehicles out of bounds [-1/1]!
[2015.06.12-10.14.02:189][642]LogArray:Warning: Attempted to get an item from array All Vehicles out of bounds [-1/1]!
[2015.06.12-10.14.02:189][642]LogArray:Warning: Attempted to get an item from array All Vehicles out of bounds [-1/1]!
[2015.06.12-10.14.02:226][643]LogArray:Warning: Attempted to get an item from array All Vehicles out of bounds [-1/1]!
[2015.06.12-10.14.02:226][643]LogArray:Warning: Attempted to get an item from array All Vehicles out of bounds [-1/1]!
[2015.06.12-10.14.02:263][644]LogArray:Warning: Attempted to get an item from array All Vehicles out of bounds [-1/1]!
[2015.06.12-10.14.02:263][644]LogArray:Warning: Attempted to get an item from array All Vehicles out of bounds [-1/1]!
[2015.06.12-10.14.02:301][645]LogArray:Warning: Attempted to get an item from array All Vehicles out of bounds [-1/1]!
[2015.06.12-10.14.02:301][645]LogArray:Warning: Attempted to get an item from array All Vehicles out of bounds [-1/1]!
[2015.06.12-10.14.02:338][646]LogArray:Warning: Attempted to get an item from array All Vehicles out of bounds [-1/1]!
[2015.06.12-10.14.02:338][646]LogArray:Warning: Attempted to get an item from array All Vehicles out of bounds [-1/1]!
[2015.06.12-10.14.02:374][647]LogArray:Warning: Attempted to get an item from array All Vehicles out of bounds [-1/1]!
[2015.06.12-10.14.02:374][647]LogArray:Warning: Attempted to get an item from array All Vehicles out of bounds [-1/1]!
[2015.06.12-10.14.02:412][648]LogArray:Warning: Attempted to get an item from array All Vehicles out of bounds [-1/1]!
[2015.06.12-10.14.02:412][648]LogArray:Warning: Attempted to get an item from array All Vehicles out of bounds [-1/1]!
[2015.06.12-10.14.02:449][649]LogArray:Warning: Attempted to get an item from array All Vehicles out of bounds [-1/1]!
[2015.06.12-10.14.02:449][649]LogArray:Warning: Attempted to get an item from array All Vehicles out of bounds [-1/1]!
[2015.06.12-10.14.02:486][650]LogArray:Warning: Attempted to get an item from array All Vehicles out of bounds [-1/1]!
[2015.06.12-10.14.02:486][650]LogArray:Warning: Attempted to get an item from array All Vehicles out of bounds [-1/1]!
[2015.06.12-10.14.02:525][651]LogArray:Warning: Attempted to get an item from array All Vehicles out of bounds [-1/1]!
[2015.06.12-10.14.02:525][651]LogArray:Warning: Attempted to get an item from array All Vehicles out of bounds [-1/1]!
[2015.06.12-10.14.02:562][652]LogArray:Warning: Attempted to get an item from array All Vehicles out of bounds [-1/1]!
[2015.06.12-10.14.02:562][652]LogArray:Warning: Attempted to get an item from array All Vehicles out of bounds [-1/1]!
[2015.06.12-10.14.02:599][653]LogArray:Warning: Attempted to get an item from array All Vehicles out of bounds [-1/1]!
[2015.06.12-10.14.02:599][653]LogArray:Warning: Attempted to get an item from array All Vehicles out of bounds [-1/1]!
[2015.06.12-10.14.02:637][654]LogArray:Warning: Attempted to get an item from array All Vehicles out of bounds [-1/1]!
[2015.06.12-10.14.02:637][654]LogArray:Warning: Attempted to get an item from array All Vehicles out of bounds [-1/1]!
[2015.06.12-10.14.02:674][655]LogArray:Warning: Attempted to get an item from array All Vehicles out of bounds [-1/1]!
[2015.06.12-10.14.02:674][655]LogArray:Warning: Attempted to get an item from array All Vehicles out of bounds [-1/1]!
[2015.06.12-10.14.02:710][656]LogArray:Warning: Attempted to get an item from array All Vehicles out of bounds [-1/1]!
[2015.06.12-10.14.02:710][656]LogArray:Warning: Attempted to get an item from array All Vehicles out of bounds [-1/1]!
[2015.06.12-10.14.02:748][657]LogArray:Warning: Attempted to get an item from array All Vehicles out of bounds [-1/1]!
[2015.06.12-10.14.02:748][657]LogArray:Warning: Attempted to get an item from array All Vehicles out of bounds [-1/1]!
[2015.06.12-10.14.02:785][658]LogArray:Warning: Attempted to get an item from array All Vehicles out of bounds [-1/1]!
[2015.06.12-10.14.02:785][658]LogArray:Warning: Attempted to get an item from array All Vehicles out of bounds [-1/1]!
[2015.06.12-10.14.02:823][659]LogArray:Warning: Attempted to get an item from array All Vehicles out of bounds [-1/1]!
[2015.06.12-10.14.02:823][659]LogArray:Warning: Attempted to get an item from array All Vehicles out of bounds [-1/1]!
[2015.06.12-10.14.02:861][660]LogArray:Warning: Attempted to get an item from array All Vehicles out of bounds [-1/1]!
[2015.06.12-10.14.02:861][660]LogArray:Warning: Attempted to get an item from array All Vehicles out of bounds [-1/1]!
[2015.06.12-10.14.02:898][661]LogArray:Warning: Attempted to get an item from array All Vehicles out of bounds [-1/1]!
[2015.06.12-10.14.02:898][661]LogArray:Warning: Attempted to get an item from array All Vehicles out of bounds [-1/1]!
[2015.06.12-10.14.02:935][662]LogArray:Warning: Attempted to get an item from array All Vehicles out of bounds [-1/1]!
[2015.06.12-10.14.02:935][662]LogArray:Warning: Attempted to get an item from array All Vehicles out of bounds [-1/1]!
[2015.06.12-10.14.02:973][663]LogArray:Warning: Attempted to get an item from array All Vehicles out of bounds [-1/1]!
[2015.06.12-10.14.02:973][663]LogArray:Warning: Attempted to get an item from array All Vehicles out of bounds [-1/1]!
[2015.06.12-10.14.03:009][664]LogArray:Warning: Attempted to get an item from array All Vehicles out of bounds [-1/1]!
[2015.06.12-10.14.03:009][664]LogArray:Warning: Attempted to get an item from array All Vehicles out of bounds [-1/1]!
[2015.06.12-10.14.03:046][665]LogArray:Warning: Attempted to get an item from array All Vehicles out of bounds [-1/1]!
[2015.06.12-10.14.03:046][665]LogArray:Warning: Attempted to get an item from array All Vehicles out of bounds [-1/1]!
[2015.06.12-10.14.03:084][666]LogArray:Warning: Attempted to get an item from array All Vehicles out of bounds [-1/1]!
[2015.06.12-10.14.03:084][666]LogArray:Warning: Attempted to get an item from array All Vehicles out of bounds [-1/1]!
[2015.06.12-10.14.03:121][667]LogArray:Warning: Attempted to get an item from array All Vehicles out of bounds [-1/1]!
[2015.06.12-10.14.03:121][667]LogArray:Warning: Attempted to get an item from array All Vehicles out of bounds [-1/1]!
[2015.06.12-10.14.03:159][668]LogArray:Warning: Attempted to get an item from array All Vehicles out of bounds [-1/1]!
[2015.06.12-10.14.03:159][668]LogArray:Warning: Attempted to get an item from array All Vehicles out of bounds [-1/1]!
[2015.06.12-10.14.03:197][669]LogArray:Warning: Attempted to get an item from array All Vehicles out of bounds [-1/1]!
[2015.06.12-10.14.03:197][669]LogArray:Warning: Attempted to get an item from array All Vehicles out of bounds [-1/1]!
[2015.06.12-10.14.03:234][670]LogArray:Warning: Attempted to get an item from array All Vehicles out of bounds [-1/1]!
[2015.06.12-10.14.03:234][670]LogArray:Warning: Attempted to get an item from array All Vehicles out of bounds [-1/1]!
[2015.06.12-10.14.03:383][671]LogOnline:Display: NULL: FOnlineSubsystemNull::Shutdown()
[2015.06.12-10.14.03:383][671]LogPlayLevel:Display: Shutting down PIE online subsystems
[2015.06.12-10.14.03:461][672]LogParticles: Destroying 0 GPU particle simulations for FXSystem 0x000000001B5931A0
[2015.06.12-10.14.03:512][672]LogPlayLevel:Display: Destroying online subsystem :Context_4
[2015.06.12-10.14.03:512][672]LogOnline:Display: NULL: FOnlineSubsystemNull::Shutdown()
[2015.06.12-10.14.05:813][714]Cmd: QUIT_EDITOR
[2015.06.12-10.14.06:032][714]LogExit: Preparing to exit.
[2015.06.12-10.14.06:678][714]LogExit: Editor shut down
[2015.06.12-10.14.06:679][714]LogExit: Transaction tracking system shut down
[2015.06.12-10.14.06:684][714]LogParticles: Destroying 0 GPU particle simulations for FXSystem 0x000000001D312840
[2015.06.12-10.14.06:686][714]LogParticles: Destroying 0 GPU particle simulations for FXSystem 0x0000000022559D00
[2015.06.12-10.14.06:686][714]LogParticles: Destroying 0 GPU particle simulations for FXSystem 0x000000002606E5C0
[2015.06.12-10.14.06:686][714]LogParticles: Destroying 0 GPU particle simulations for FXSystem 0x000000002606D3A0
[2015.06.12-10.14.06:768][714]LogExit: Object subsystem successfully closed.
[2015.06.12-10.14.06:822][714]LogModuleManager: Shutting down and abandoning module CrashTracker (180)
[2015.06.12-10.14.06:822][714]LogModuleManager: Shutting down and abandoning module SuperSearch (179)
[2015.06.12-10.14.06:822][714]LogModuleManager: Shutting down and abandoning module SceneOutliner (178)
[2015.06.12-10.14.06:822][714]LogModuleManager: Shutting down and abandoning module EditorWidgets (177)
[2015.06.12-10.14.06:822][714]LogModuleManager: Shutting down and abandoning module CollectionManager (176)
[2015.06.12-10.14.06:822][714]LogModuleManager: Shutting down and abandoning module StatsViewer (175)
[2015.06.12-10.14.06:822][714]LogModuleManager: Shutting down and abandoning module FoliageEdit (174)
[2015.06.12-10.14.06:822][714]LogModuleManager: Shutting down and abandoning module LandscapeEditor (173)
[2015.06.12-10.14.06:823][714]LogModuleManager: Shutting down and abandoning module MeshPaint (172)
[2015.06.12-10.14.06:823][714]LogModuleManager: Shutting down and abandoning module ActorPickerMode (171)
[2015.06.12-10.14.06:823][714]LogModuleManager: Shutting down and abandoning module GeometryMode (170)
[2015.06.12-10.14.06:823][714]LogModuleManager: Shutting down and abandoning module TextureAlignMode (169)
[2015.06.12-10.14.06:823][714]LogModuleManager: Shutting down and abandoning module BspMode (168)
[2015.06.12-10.14.06:823][714]LogModuleManager: Shutting down and abandoning module PlacementMode (167)
[2015.06.12-10.14.06:823][714]LogModuleManager: Shutting down and abandoning module AutomationWorker (166)
[2015.06.12-10.14.06:823][714]LogModuleManager: Shutting down and abandoning module CharacterAI (165)
[2015.06.12-10.14.06:823][714]LogModuleManager: Shutting down and abandoning module SmartSnapping (164)
[2015.06.12-10.14.06:823][714]LogModuleManager: Shutting down and abandoning module ViewportSnapping (163)
[2015.06.12-10.14.06:823][714]LogModuleManager: Shutting down and abandoning module LogVisualizer (162)
[2015.06.12-10.14.06:823][714]LogModuleManager: Shutting down and abandoning module GameProjectGeneration (161)
[2015.06.12-10.14.06:823][714]LogModuleManager: Shutting down and abandoning module IntroTutorials (160)
[2015.06.12-10.14.06:823][714]LogModuleManager: Shutting down and abandoning module EditorLiveStreaming (159)
[2015.06.12-10.14.06:823][714]LogModuleManager: Shutting down and abandoning module HardwareTargeting (158)
[2015.06.12-10.14.06:823][714]LogModuleManager: Shutting down and abandoning module DeviceProfileEditor (157)
[2015.06.12-10.14.06:823][714]LogModuleManager: Shutting down and abandoning module UndoHistory (156)
[2015.06.12-10.14.06:823][714]LogModuleManager: Shutting down and abandoning module GameplayTagsEditor (155)
[2015.06.12-10.14.06:823][714]LogModuleManager: Shutting down and abandoning module UserFeedback (154)
[2015.06.12-10.14.06:823][714]LogModuleManager: Shutting down and abandoning module XmlParser (153)
[2015.06.12-10.14.06:823][714]LogModuleManager: Shutting down and abandoning module Blutility (152)
[2015.06.12-10.14.06:823][714]LogModuleManager: Shutting down and abandoning module IOSPlatformEditor (151)
[2015.06.12-10.14.06:823][714]LogModuleManager: Shutting down and abandoning module IOSRuntimeSettings (150)
[2015.06.12-10.14.06:823][714]LogModuleManager: Shutting down and abandoning module AndroidDeviceDetection (149)
[2015.06.12-10.14.07:589][714]LogModuleManager: Shutting down and abandoning module AndroidPlatformEditor (148)
[2015.06.12-10.14.07:589][714]LogModuleManager: Shutting down and abandoning module AndroidRuntimeSettings (147)
[2015.06.12-10.14.07:589][714]LogModuleManager: Shutting down and abandoning module ProjectTargetPlatformEditor (146)
[2015.06.12-10.14.07:589][714]LogModuleManager: Shutting down and abandoning module ProjectSettingsViewer (145)
[2015.06.12-10.14.07:589][714]LogModuleManager: Shutting down and abandoning module InputBindingEditor (144)
[2015.06.12-10.14.07:589][714]LogModuleManager: Shutting down and abandoning module EditorSettingsViewer (143)
[2015.06.12-10.14.07:590][714]LogModuleManager: Shutting down and abandoning module SettingsEditor (142)
[2015.06.12-10.14.07:590][714]LogModuleManager: Shutting down and abandoning module ProjectLauncher (141)
[2015.06.12-10.14.07:590][714]LogModuleManager: Shutting down and abandoning module SessionFrontend (140)
[2015.06.12-10.14.07:590][714]LogModuleManager: Shutting down and abandoning module ProfilerClient (139)
[2015.06.12-10.14.07:590][714]LogModuleManager: Shutting down and abandoning module TargetDeviceServices (138)
[2015.06.12-10.14.07:590][714]LogModuleManager: Shutting down and abandoning module DeviceManager (137)
[2015.06.12-10.14.07:590][714]LogModuleManager: Shutting down and abandoning module AutomationController (136)
[2015.06.12-10.14.07:590][714]LogModuleManager: Shutting down and abandoning module AutomationWindow (135)
[2015.06.12-10.14.07:590][714]LogModuleManager: Shutting down and abandoning module Layers (134)
[2015.06.12-10.14.07:590][714]LogModuleManager: Shutting down and abandoning module ComponentVisualizers (133)
[2015.06.12-10.14.07:590][714]LogModuleManager: Shutting down and abandoning module DetailCustomizations (132)
[2015.06.12-10.14.07:590][714]LogModuleManager: Shutting down and abandoning module PackagesDialog (131)
[2015.06.12-10.14.07:591][714]LogModuleManager: Shutting down and abandoning module AssetRegistry (130)
[2015.06.12-10.14.07:720][714]LogModuleManager: Shutting down and abandoning module Persona (129)
[2015.06.12-10.14.07:720][714]LogModuleManager: Shutting down and abandoning module SlateReflector (128)
[2015.06.12-10.14.07:720][714]LogModuleManager: Shutting down and abandoning module LevelEditor (127)
[2015.06.12-10.14.07:721][714]LogModuleManager: Shutting down and abandoning module Kismet (126)
[2015.06.12-10.14.07:721][714]LogModuleManager: Shutting down and abandoning module GraphEditor (125)
[2015.06.12-10.14.07:721][714]LogModuleManager: Shutting down and abandoning module ClassViewer (124)
[2015.06.12-10.14.07:721][714]LogModuleManager: Shutting down and abandoning module Toolbox (123)
[2015.06.12-10.14.07:721][714]LogModuleManager: Shutting down and abandoning module ModuleUI (122)
[2015.06.12-10.14.07:721][714]LogModuleManager: Shutting down and abandoning module MovieSceneTools (121)
[2015.06.12-10.14.07:721][714]LogModuleManager: Shutting down and abandoning module OutputLog (120)
[2015.06.12-10.14.07:721][714]LogModuleManager: Shutting down and abandoning module GammaUI (119)
[2015.06.12-10.14.07:721][714]LogModuleManager: Shutting down and abandoning module Documentation (118)
[2015.06.12-10.14.07:721][714]LogModuleManager: Shutting down and abandoning module GameLiveStreaming (117)
[2015.06.12-10.14.07:721][714]LogModuleManager: Shutting down and abandoning module StreamingPauseRendering (116)
[2015.06.12-10.14.07:721][714]LogModuleManager: Shutting down and abandoning module HTTP (115)
[2015.06.12-10.14.07:721][714]LogModuleManager: Shutting down and abandoning module AnalyticsET (114)
[2015.06.12-10.14.07:721][714]LogModuleManager: Shutting down and abandoning module Analytics (113)
[2015.06.12-10.14.07:721][714]LogModuleManager: Shutting down and abandoning module AITestSuite (112)
[2015.06.12-10.14.07:721][714]LogModuleManager: Shutting down and abandoning module GameplayDebugger (111)
[2015.06.12-10.14.07:721][714]LogModuleManager: Shutting down and abandoning module AIModule (110)
[2015.06.12-10.14.07:721][714]LogModuleManager: Shutting down and abandoning module ProfilerService (109)
[2015.06.12-10.14.07:966][714]LogModuleManager: Shutting down and abandoning module TaskGraph (108)
[2015.06.12-10.14.07:966][714]LogModuleManager: Shutting down and abandoning module SlateRemote (107)
[2015.06.12-10.14.07:966][714]LogModuleManager: Shutting down and abandoning module ScriptEditorPlugin (106)
[2015.06.12-10.14.07:966][714]LogModuleManager: Shutting down and abandoning module CustomMeshComponent (105)
[2015.06.12-10.14.07:966][714]LogModuleManager: Shutting down and abandoning module CableComponent (104)
[2015.06.12-10.14.07:966][714]LogModuleManager: Shutting down and abandoning module MessagingDebugger (103)
[2015.06.12-10.14.07:966][714]LogModuleManager: Shutting down and abandoning module MediaPlayerEditor (102)
[2015.06.12-10.14.07:966][714]LogModuleManager: Shutting down and abandoning module SpeedTreeImporter (101)
[2015.06.12-10.14.07:966][714]LogModuleManager: Shutting down and abandoning module PluginsEditor (100)
[2015.06.12-10.14.07:966][714]LogModuleManager: Shutting down and abandoning module MainFrame (99)
[2015.06.12-10.14.07:966][714]LogModuleManager: Shutting down and abandoning module EpicSurvey (98)
[2015.06.12-10.14.07:966][714]LogModuleManager: Shutting down and abandoning module DesktopPlatform (97)
[2015.06.12-10.14.07:966][714]LogModuleManager: Shutting down and abandoning module DirectoryWatcher (96)
[2015.06.12-10.14.07:967][714]LogModuleManager: Shutting down and abandoning module HotReload (95)
[2015.06.12-10.14.07:967][714]LogModuleManager: Shutting down and abandoning module VisualStudioSourceCodeAccess (94)
[2015.06.12-10.14.07:967][714]LogModuleManager: Shutting down and abandoning module UObjectPlugin (93)
[2015.06.12-10.14.07:967][714]LogModuleManager: Shutting down and abandoning module SubversionSourceControl (92)
[2015.06.12-10.14.07:967][714]LogModuleManager: Shutting down and abandoning module PerforceSourceControl (91)
[2015.06.12-10.14.07:967][714]LogModuleManager: Shutting down and abandoning module SourceControl (90)
[2015.06.12-10.14.07:967][714]LogModuleManager: Shutting down and abandoning module GitSourceControl (89)
[2015.06.12-10.14.07:967][714]LogModuleManager: Shutting down and abandoning module BlankPlugin (88)
[2015.06.12-10.14.07:967][714]LogModuleManager: Shutting down and abandoning module PaperTiledImporter (87)
[2015.06.12-10.14.07:967][714]LogModuleManager: Shutting down and abandoning module PaperJsonImporter (86)
[2015.06.12-10.14.07:967][714]LogModuleManager: Shutting down and abandoning module ContentBrowser (85)
[2015.06.12-10.14.07:968][714]LogModuleManager: Shutting down and abandoning module Paper2DEditor (84)
[2015.06.12-10.14.07:968][714]LogModuleManager: Shutting down and abandoning module ScriptPlugin (83)
[2015.06.12-10.14.07:968][714]LogModuleManager: Shutting down and abandoning module UdpMessaging (82)
[2015.06.12-10.14.08:068][714]LogModuleManager: Shutting down and abandoning module Paper2D (81)
[2015.06.12-10.14.08:068][714]LogModuleManager: Shutting down and abandoning module WindowsMoviePlayer (80)
[2015.06.12-10.14.08:073][714]LogModuleManager: Shutting down and abandoning module Media (79)
[2015.06.12-10.14.08:073][714]LogModuleManager: Shutting down and abandoning module WmfMedia (78)
[2015.06.12-10.14.08:074][714]LogModuleManager: Shutting down and abandoning module OnlineBlueprintSupport (77)
[2015.06.12-10.14.08:074][714]LogModuleManager: Shutting down and abandoning module PropertyEditor (76)
[2015.06.12-10.14.08:074][714]LogModuleManager: Shutting down and abandoning module BehaviorTreeEditor (75)
[2015.06.12-10.14.08:074][714]LogModuleManager: Shutting down and abandoning module FunctionalTesting (74)
[2015.06.12-10.14.08:074][714]LogModuleManager: Shutting down and abandoning module CollisionAnalyzer (73)
[2015.06.12-10.14.08:074][714]LogModuleManager: Shutting down and abandoning module WorkspaceMenuStructure (72)
[2015.06.12-10.14.08:074][714]LogModuleManager: Shutting down and abandoning module MessageLog (71)
[2015.06.12-10.14.08:074][714]LogModuleManager: Shutting down and abandoning module Sequencer (70)
[2015.06.12-10.14.08:074][714]LogModuleManager: Shutting down and abandoning module AssetTools (69)
[2015.06.12-10.14.08:074][714]LogModuleManager: Shutting down and abandoning module UMGEditor (68)
[2015.06.12-10.14.08:074][714]LogModuleManager: Shutting down and abandoning module UMG (67)
[2015.06.12-10.14.08:074][714]LogModuleManager: Shutting down and abandoning module Slate (66)
[2015.06.12-10.14.08:074][714]LogModuleManager: Shutting down and abandoning module EditorStyle (65)
[2015.06.12-10.14.08:083][714]LogModuleManager: Shutting down and abandoning module SessionServices (64)
[2015.06.12-10.14.08:083][714]LogModuleManager: Shutting down and abandoning module SourceCodeAccess (63)
[2015.06.12-10.14.08:083][714]LogModuleManager: Shutting down and abandoning module HeadMountedDisplay (62)
[2015.06.12-10.14.08:083][714]LogModuleManager: Shutting down and abandoning module XAudio2 (61)
[2015.06.12-10.14.08:083][714]LogModuleManager: Shutting down and abandoning module Networking (60)
[2015.06.12-10.14.08:083][714]LogModuleManager: Shutting down and abandoning module Core (59)
[2015.06.12-10.14.08:083][714]LogModuleManager: Shutting down and abandoning module KismetCompiler (58)
[2015.06.12-10.14.08:083][714]LogModuleManager: Shutting down and abandoning module PhysXFormats (57)
[2015.06.12-10.14.08:083][714]LogModuleManager: Shutting down and abandoning module MeshUtilities (56)
[2015.06.12-10.14.08:083][714]LogModuleManager: Shutting down and abandoning module DerivedDataCache (55)
[2015.06.12-10.14.08:542][714]LogDerivedDataCache: Shutdown
[2015.06.12-10.14.08:542][714]LogModuleManager: Shutting down and abandoning module ShaderFormatOpenGL (54)
[2015.06.12-10.14.08:542][714]LogModuleManager: Shutting down and abandoning module ShaderFormatD3D (53)
[2015.06.12-10.14.08:542][714]LogModuleManager: Shutting down and abandoning module MetalShaderFormat (52)
[2015.06.12-10.14.08:542][714]LogModuleManager: Shutting down and abandoning module TextureFormatUncompressed (51)
[2015.06.12-10.14.08:542][714]LogModuleManager: Shutting down and abandoning module TextureFormatPVR (50)
[2015.06.12-10.14.08:543][714]LogModuleManager: Shutting down and abandoning module TextureFormatIntelISPCTexComp (49)
[2015.06.12-10.14.08:543][714]LogModuleManager: Shutting down and abandoning module TextureFormatDXT (48)
[2015.06.12-10.14.08:543][714]LogModuleManager: Shutting down and abandoning module ImageWrapper (47)
[2015.06.12-10.14.08:543][714]LogModuleManager: Shutting down and abandoning module TextureFormatASTC (46)
[2015.06.12-10.14.08:543][714]LogModuleManager: Shutting down and abandoning module TextureFormatAndroid (45)
[2015.06.12-10.14.08:543][714]LogModuleManager: Shutting down and abandoning module AudioFormatOpus (44)
[2015.06.12-10.14.08:543][714]LogModuleManager: Shutting down and abandoning module AudioFormatOgg (43)
[2015.06.12-10.14.08:543][714]LogModuleManager: Shutting down and abandoning module AudioFormatADPCM (42)
[2015.06.12-10.14.08:543][714]LogModuleManager: Shutting down and abandoning module LinuxTargetPlatform (41)
[2015.06.12-10.14.08:543][714]LogModuleManager: Shutting down and abandoning module LinuxServerTargetPlatform (40)
[2015.06.12-10.14.08:543][714]LogModuleManager: Shutting down and abandoning module LinuxNoEditorTargetPlatform (39)
[2015.06.12-10.14.08:543][714]LogModuleManager: Shutting down and abandoning module Messaging (38)
[2015.06.12-10.14.08:543][714]LogModuleManager: Shutting down and abandoning module IOSTargetPlatform (37)
[2015.06.12-10.14.08:543][714]LogModuleManager: Shutting down and abandoning module HTML5TargetPlatform (36)
[2015.06.12-10.14.08:543][714]LogModuleManager: Shutting down and abandoning module Android_PVRTCTargetPlatform (35)
[2015.06.12-10.14.08:543][714]LogModuleManager: Shutting down and abandoning module Android_ETC2TargetPlatform (34)
[2015.06.12-10.14.08:543][714]LogModuleManager: Shutting down and abandoning module Android_ETC1TargetPlatform (33)
[2015.06.12-10.14.08:543][714]LogModuleManager: Shutting down and abandoning module Android_ES31TargetPlatform (32)
[2015.06.12-10.14.08:543][714]LogModuleManager: Shutting down and abandoning module Android_DXTTargetPlatform (31)
[2015.06.12-10.14.08:543][714]LogModuleManager: Shutting down and abandoning module Android_ATCTargetPlatform (30)
[2015.06.12-10.14.08:543][714]LogModuleManager: Shutting down and abandoning module AndroidTargetPlatform (29)
[2015.06.12-10.14.08:543][714]LogModuleManager: Shutting down and abandoning module WindowsTargetPlatform (28)
[2015.06.12-10.14.08:543][714]LogModuleManager: Shutting down and abandoning module WindowsServerTargetPlatform (27)
[2015.06.12-10.14.08:543][714]LogModuleManager: Shutting down and abandoning module WindowsNoEditorTargetPlatform (26)
[2015.06.12-10.14.08:544][714]LogModuleManager: Shutting down and abandoning module WindowsClientTargetPlatform (25)
[2015.06.12-10.14.08:544][714]LogModuleManager: Shutting down and abandoning module TargetPlatform (24)
[2015.06.12-10.14.08:544][714]LogModuleManager: Shutting down and abandoning module InputCore (23)
[2015.06.12-10.14.08:544][714]LogModuleManager: Shutting down and abandoning module Settings (22)
[2015.06.12-10.14.08:544][714]LogModuleManager: Shutting down and abandoning module Voice (20)
[2015.06.12-10.14.08:544][714]LogModuleManager: Shutting down and abandoning module OnlineSubsystem (16)
[2015.06.12-10.14.08:544][714]LogOnline:Display: NULL: FOnlineSubsystemNull::Shutdown()
[2015.06.12-10.14.08:544][714]LogOnline:Display: Unloading online subsystem: STEAM
[2015.06.12-10.14.08:545][714]LogOnline:Display: Unloading online subsystem: Null
[2015.06.12-10.14.08:545][714]LogModuleManager: Shutting down and abandoning module OculusRift (15)
[2015.06.12-10.14.08:545][714]LogModuleManager: Shutting down and abandoning module ExampleDeviceProfileSelector (14)
[2015.06.12-10.14.08:545][714]LogModuleManager: Shutting down and abandoning module TextureCompressor (13)
[2015.06.12-10.14.08:545][714]LogModuleManager: Shutting down and abandoning module ShaderCore (12)
[2015.06.12-10.14.08:545][714]LogModuleManager: Shutting down and abandoning module Landscape (11)
[2015.06.12-10.14.08:545][714]LogModuleManager: Shutting down and abandoning module SlateRHIRenderer (10)
[2015.06.12-10.14.08:547][714]LogModuleManager: Shutting down and abandoning module OpenGLDrv (9)
[2015.06.12-10.14.08:548][714]LogModuleManager: Shutting down and abandoning module D3D11RHI (8)
[2015.06.12-10.14.08:548][714]LogModuleManager: Shutting down and abandoning module Renderer (7)
[2015.06.12-10.14.08:548][714]LogModuleManager: Shutting down and abandoning module Engine (6)
[2015.06.12-10.14.08:548][714]LogModuleManager: Shutting down and abandoning module CoreUObject (5)
[2015.06.12-10.14.08:548][714]LogModuleManager: Shutting down and abandoning module NetworkFile (4)
[2015.06.12-10.14.08:548][714]LogModuleManager: Shutting down and abandoning module StreamingFile (3)
[2015.06.12-10.14.08:548][714]LogModuleManager: Shutting down and abandoning module SandboxFile (2)
[2015.06.12-10.14.08:548][714]LogModuleManager: Shutting down and abandoning module PakFile (1)
[2015.06.12-10.14.08:551][714]LogExit: Exiting.
[2015.06.12-10.14.08:558][714]Log file closed, 06/12/15 03:14:08
